<?xml version="1.0" encoding="UTF-8"?>
<testsuites name="Gated Public 10.11 - EU1" time="2563" tests="3" failures="1" errors="0">
   <testsuite name="Gated Public 10.11 - EU1" tests="3" failures="1" errors="0" time="2563" timestamp="2019-05-28 15:53:47" hostname="alahley - 172.16.168.129" id="Test Suites/Gated Public 10.11 - EU1">
      <properties>
         <property name="deviceName" value=""/>
         <property name="devicePlatform" value=""/>
         <property name="logFolder" value="/Users/alahley/Katalon Studio/Analytics/Reports/Gated Public 10.11 - EU1/20190528_155346"/>
         <property name="logFiles" value="/Users/alahley/Katalon Studio/Analytics/Reports/Gated Public 10.11 - EU1/20190528_155346/execution0.log"/>
         <property name="attachments" value="/Users/alahley/Katalon Studio/Analytics/Reports/Gated Public 10.11 - EU1/20190528_155346/1559084451312.png, /Users/alahley/Katalon Studio/Analytics/Reports/Gated Public 10.11 - EU1/20190528_155346/1559084451604.png, /Users/alahley/Katalon Studio/Analytics/Reports/Gated Public 10.11 - EU1/20190528_155346/1559084451846.png, /Users/alahley/Katalon Studio/Analytics/Reports/Gated Public 10.11 - EU1/20190528_155346/1559084452062.png, /Users/alahley/Katalon Studio/Analytics/Reports/Gated Public 10.11 - EU1/20190528_155346/1559084452294.png, /Users/alahley/Katalon Studio/Analytics/Reports/Gated Public 10.11 - EU1/20190528_155346/1559084500827.png, /Users/alahley/Katalon Studio/Analytics/Reports/Gated Public 10.11 - EU1/20190528_155346/1559084541698.png, /Users/alahley/Katalon Studio/Analytics/Reports/Gated Public 10.11 - EU1/20190528_155346/1559084541923.png, /Users/alahley/Katalon Studio/Analytics/Reports/Gated Public 10.11 - EU1/20190528_155346/1559084542117.png, /Users/alahley/Katalon Studio/Analytics/Reports/Gated Public 10.11 - EU1/20190528_155346/1559084588577.png, /Users/alahley/Katalon Studio/Analytics/Reports/Gated Public 10.11 - EU1/20190528_155346/1559084635072.png, /Users/alahley/Katalon Studio/Analytics/Reports/Gated Public 10.11 - EU1/20190528_155346/1559084682730.png, /Users/alahley/Katalon Studio/Analytics/Reports/Gated Public 10.11 - EU1/20190528_155346/1559084729258.png, /Users/alahley/Katalon Studio/Analytics/Reports/Gated Public 10.11 - EU1/20190528_155346/1559084770009.png, /Users/alahley/Katalon Studio/Analytics/Reports/Gated Public 10.11 - EU1/20190528_155346/1559084863311.png, /Users/alahley/Katalon Studio/Analytics/Reports/Gated Public 10.11 - EU1/20190528_155346/1559084903843.png, /Users/alahley/Katalon Studio/Analytics/Reports/Gated Public 10.11 - EU1/20190528_155346/1559084944851.png, /Users/alahley/Katalon Studio/Analytics/Reports/Gated Public 10.11 - EU1/20190528_155346/1559084985639.png, /Users/alahley/Katalon Studio/Analytics/Reports/Gated Public 10.11 - EU1/20190528_155346/1559085026337.png, /Users/alahley/Katalon Studio/Analytics/Reports/Gated Public 10.11 - EU1/20190528_155346/1559085063148.png, /Users/alahley/Katalon Studio/Analytics/Reports/Gated Public 10.11 - EU1/20190528_155346/1559086590027.png"/>
         <property name="hostName" value="alahley - 172.16.168.129"/>
         <property name="os" value="Mac OS X 64bit"/>
         <property name="katalonVersion" value="4.1.0.2"/>
         <property name="browser" value="Firefox 67.0"/>
         <property name="hostAddress" value="172.16.168.129"/>
         <property name="sessionId" value="2c14d049-d517-f843-b0ce-a3e56da5a546"/>
         <property name="seleniumVersion" value="3.7.1"/>
         <property name="proxyInformation" value="ProxyInformation{proxyOption=NO_PROXY, proxyServerType=HTTP, password=, proxyServerAddress=, proxyServerPort=0}"/>
         <property name="platform" value="Mac OS X"/>
      </properties>
      <testcase name="Test Cases/EU1/EU 1 - 10.11 - Summary and Detail pages " classname="Test Cases/EU1/EU 1 - 10.11 - Summary and Detail pages " status="PASSED">
         <system-out><![CDATA[2019-05-28 15:53:47 - [TEST_CASE][PASSED] - Test Cases/EU1/EU 1 - 10.11 - Summary and Detail pages : Test Cases/EU1/EU 1 - 10.11 - Summary and Detail pages 

2019-05-28 15:53:48 - [TEST_STEP][PASSED] - openBrowser: Browser is opened with url: 'https://stats.eu1.kontiki.com/login/email'

2019-05-28 15:54:14 - [MESSAGE][PASSED] - Browser is opened with url: 'https://stats.eu1.kontiki.com/login/email'

2019-05-28 15:54:14 - [TEST_STEP][PASSED] - setText: Text 'alahley@kollective.com' is set on object 'Object Repository/Page_Log in/input_email (2)'

2019-05-28 15:54:14 - [MESSAGE][PASSED] - Text 'alahley@kollective.com' is set on object 'Object Repository/Page_Log in/input_email (2)'

2019-05-28 15:54:14 - [TEST_STEP][PASSED] - setEncryptedText: Text ****** has been set on object 'Object Repository/Page_Log in/input_password (2)'

2019-05-28 15:54:14 - [MESSAGE][PASSED] - Text ****** has been set on object 'Object Repository/Page_Log in/input_password (2)'

2019-05-28 15:54:14 - [TEST_STEP][PASSED] - click: Object: 'Object Repository/Page_Log in/input_remember (2)' is clicked on

2019-05-28 15:54:15 - [MESSAGE][PASSED] - Object: 'Object Repository/Page_Log in/input_remember (2)' is clicked on

2019-05-28 15:54:15 - [TEST_STEP][PASSED] - click: Object: 'Object Repository/Page_Log in/input_login-submit (2)' is clicked on

2019-05-28 15:54:20 - [MESSAGE][PASSED] - Object: 'Object Repository/Page_Log in/input_login-submit (2)' is clicked on

2019-05-28 15:54:20 - [TEST_STEP][PASSED] - waitForAngularLoad: Angular is ready.

2019-05-28 15:54:28 - [MESSAGE][PASSED] - Angular is ready.

2019-05-28 15:54:28 - [TEST_STEP][PASSED] - waitForPageLoad: Wait for page load successfully

2019-05-28 15:54:28 - [MESSAGE][WARNING] - Timeout '0' is invalid. Using default page load timeout: '30'

2019-05-28 15:54:28 - [MESSAGE][PASSED] - Wait for page load successfully

2019-05-28 15:54:28 - [TEST_STEP][PASSED] - navigateToUrl: Navigate to 'https://stats.eu1.kontiki.com/dashboards/analytics_external::network_summary?time_filter=6%20months&filter_config=%7B%22time_filter%22:%5B%7B%22type%22:%22past%22,%22values%22:%5B%7B%22constant%22:%226%22,%22unit%22:%22mo%22%7D,%7B%7D%5D,%22id%22:2%7D%5D%7D' successfully

2019-05-28 15:54:32 - [MESSAGE][PASSED] - Navigate to 'https://stats.eu1.kontiki.com/dashboards/analytics_external::network_summary?time_filter=6%20months&filter_config=%7B%22time_filter%22:%5B%7B%22type%22:%22past%22,%22values%22:%5B%7B%22constant%22:%226%22,%22unit%22:%22mo%22%7D,%7B%7D%5D,%22id%22:2%7D%5D%7D' successfully

2019-05-28 15:54:32 - [TEST_STEP][PASSED] - waitForAngularLoad: Angular is ready.

2019-05-28 15:54:49 - [MESSAGE][PASSED] - Angular is ready.

2019-05-28 15:54:49 - [TEST_STEP][PASSED] - waitForPageLoad: Wait for page load successfully

2019-05-28 15:54:49 - [MESSAGE][WARNING] - Timeout '0' is invalid. Using default page load timeout: '30'

2019-05-28 15:54:50 - [MESSAGE][PASSED] - Wait for page load successfully

2019-05-28 15:54:50 - [TEST_STEP][PASSED] - navigateToUrl: Navigate to 'https://stats.eu1.kontiki.com/dashboards/analytics_external::network_content?content_moid_filter=4f7e3ae4-d72d-462b-b4ec-634b49ef9179&format_moid_filter=&time_filter=&filter_config=%7B%22content_moid_filter%22:%5B%7B%22type%22:%22%3D%22,%22values%22:%5B%7B%22constant%22:%224f7e3ae4-d72d-462b-b4ec-634b49ef9179%22%7D,%7B%7D%5D,%22id%22:0%7D%5D,%22format_moid_filter%22:%5B%7B%22type%22:%22%3D%22,%22values%22:%5B%7B%22constant%22:%22%22%7D,%7B%7D%5D,%22id%22:1%7D%5D,%22time_filter%22:%5B%7B%22type%22:%22advanced%22,%22values%22:%5B%7B%22constant%22:null%7D,%7B%7D%5D,%22id%22:2%7D%5D%7D' successfully

2019-05-28 15:54:57 - [MESSAGE][PASSED] - Navigate to 'https://stats.eu1.kontiki.com/dashboards/analytics_external::network_content?content_moid_filter=4f7e3ae4-d72d-462b-b4ec-634b49ef9179&format_moid_filter=&time_filter=&filter_config=%7B%22content_moid_filter%22:%5B%7B%22type%22:%22%3D%22,%22values%22:%5B%7B%22constant%22:%224f7e3ae4-d72d-462b-b4ec-634b49ef9179%22%7D,%7B%7D%5D,%22id%22:0%7D%5D,%22format_moid_filter%22:%5B%7B%22type%22:%22%3D%22,%22values%22:%5B%7B%22constant%22:%22%22%7D,%7B%7D%5D,%22id%22:1%7D%5D,%22time_filter%22:%5B%7B%22type%22:%22advanced%22,%22values%22:%5B%7B%22constant%22:null%7D,%7B%7D%5D,%22id%22:2%7D%5D%7D' successfully

2019-05-28 15:54:57 - [TEST_STEP][PASSED] - waitForAngularLoad: Angular is ready.

2019-05-28 15:55:02 - [MESSAGE][PASSED] - Angular is ready.

2019-05-28 15:55:02 - [TEST_STEP][PASSED] - waitForPageLoad: Wait for page load successfully

2019-05-28 15:55:02 - [MESSAGE][WARNING] - Timeout '0' is invalid. Using default page load timeout: '30'

2019-05-28 15:55:02 - [MESSAGE][PASSED] - Wait for page load successfully

2019-05-28 15:55:02 - [TEST_STEP][PASSED] - navigateToUrl: Navigate to 'https://stats.eu1.kontiki.com/dashboards/analytics_external::network_locality?Locality=%22Acworth,%20GA%22&Last%20Delivery%20Time=6%20months&Last%20Report%20Time=&External%20IP=&filter_config=%7B%22Last%20Delivery%20Time%22:%5B%7B%22type%22:%22past%22,%22values%22:%5B%7B%22constant%22:%226%22,%22unit%22:%22mo%22%7D,%7B%7D%5D,%22id%22:0%7D%5D,%22Last%20Report%20Time%22:%5B%7B%22type%22:%22anytime%22,%22values%22:%5B%7B%7D,%7B%7D%5D,%22id%22:1%7D%5D,%22Locality%22:%5B%7B%22type%22:%22advanced%22,%22values%22:%5B%7B%22constant%22:%22%5C%22Acworth,%20GA%5C%22%22%7D,%7B%7D%5D,%22id%22:2%7D%5D,%22External%20IP%22:%5B%7B%22type%22:%22%3D%22,%22values%22:%5B%7B%22constant%22:%22%22%7D,%7B%7D%5D,%22id%22:3%7D%5D%7D' successfully

2019-05-28 15:55:05 - [MESSAGE][PASSED] - Navigate to 'https://stats.eu1.kontiki.com/dashboards/analytics_external::network_locality?Locality=%22Acworth,%20GA%22&Last%20Delivery%20Time=6%20months&Last%20Report%20Time=&External%20IP=&filter_config=%7B%22Last%20Delivery%20Time%22:%5B%7B%22type%22:%22past%22,%22values%22:%5B%7B%22constant%22:%226%22,%22unit%22:%22mo%22%7D,%7B%7D%5D,%22id%22:0%7D%5D,%22Last%20Report%20Time%22:%5B%7B%22type%22:%22anytime%22,%22values%22:%5B%7B%7D,%7B%7D%5D,%22id%22:1%7D%5D,%22Locality%22:%5B%7B%22type%22:%22advanced%22,%22values%22:%5B%7B%22constant%22:%22%5C%22Acworth,%20GA%5C%22%22%7D,%7B%7D%5D,%22id%22:2%7D%5D,%22External%20IP%22:%5B%7B%22type%22:%22%3D%22,%22values%22:%5B%7B%22constant%22:%22%22%7D,%7B%7D%5D,%22id%22:3%7D%5D%7D' successfully

2019-05-28 15:55:05 - [TEST_STEP][PASSED] - waitForAngularLoad: Angular is ready.

2019-05-28 15:55:17 - [MESSAGE][PASSED] - Angular is ready.

2019-05-28 15:55:17 - [TEST_STEP][PASSED] - waitForPageLoad: Wait for page load successfully

2019-05-28 15:55:17 - [MESSAGE][WARNING] - Timeout '0' is invalid. Using default page load timeout: '30'

2019-05-28 15:55:17 - [MESSAGE][PASSED] - Wait for page load successfully

2019-05-28 15:55:17 - [TEST_STEP][PASSED] - navigateToUrl: Navigate to 'https://stats.eu1.kontiki.com/dashboards/analytics_external::live_event_summary?time_filter=6%20months&title_filter=&filter_config=%7B%22time_filter%22:%5B%7B%22type%22:%22past%22,%22values%22:%5B%7B%22constant%22:%226%22,%22unit%22:%22mo%22%7D,%7B%7D%5D,%22id%22:4%7D%5D,%22title_filter%22:%5B%7B%22type%22:%22%3D%22,%22values%22:%5B%7B%22constant%22:%22%22%7D,%7B%7D%5D,%22id%22:5%7D%5D%7D' successfully

2019-05-28 15:55:21 - [MESSAGE][PASSED] - Navigate to 'https://stats.eu1.kontiki.com/dashboards/analytics_external::live_event_summary?time_filter=6%20months&title_filter=&filter_config=%7B%22time_filter%22:%5B%7B%22type%22:%22past%22,%22values%22:%5B%7B%22constant%22:%226%22,%22unit%22:%22mo%22%7D,%7B%7D%5D,%22id%22:4%7D%5D,%22title_filter%22:%5B%7B%22type%22:%22%3D%22,%22values%22:%5B%7B%22constant%22:%22%22%7D,%7B%7D%5D,%22id%22:5%7D%5D%7D' successfully

2019-05-28 15:55:21 - [TEST_STEP][PASSED] - waitForAngularLoad: Angular is ready.

2019-05-28 15:55:24 - [MESSAGE][PASSED] - Angular is ready.

2019-05-28 15:55:24 - [TEST_STEP][PASSED] - waitForPageLoad: Wait for page load successfully

2019-05-28 15:55:24 - [MESSAGE][WARNING] - Timeout '0' is invalid. Using default page load timeout: '30'

2019-05-28 15:55:25 - [MESSAGE][PASSED] - Wait for page load successfully

2019-05-28 15:55:25 - [TEST_STEP][PASSED] - navigateToUrl: Navigate to 'https://stats.eu1.kontiki.com/dashboards/analytics_external::live_event?content_moid_filter=61654fb3-41b8-406e-b774-1bf4bf257ceb&time_filter=&filter_config=%7B%22content_moid_filter%22:%5B%7B%22type%22:%22%3D%22,%22values%22:%5B%7B%22constant%22:%2261654fb3-41b8-406e-b774-1bf4bf257ceb%22%7D,%7B%7D%5D,%22id%22:0%7D%5D,%22time_filter%22:%5B%7B%22type%22:%22advanced%22,%22values%22:%5B%7B%22constant%22:null%7D,%7B%7D%5D,%22id%22:1%7D%5D%7D' successfully

2019-05-28 15:55:31 - [MESSAGE][PASSED] - Navigate to 'https://stats.eu1.kontiki.com/dashboards/analytics_external::live_event?content_moid_filter=61654fb3-41b8-406e-b774-1bf4bf257ceb&time_filter=&filter_config=%7B%22content_moid_filter%22:%5B%7B%22type%22:%22%3D%22,%22values%22:%5B%7B%22constant%22:%2261654fb3-41b8-406e-b774-1bf4bf257ceb%22%7D,%7B%7D%5D,%22id%22:0%7D%5D,%22time_filter%22:%5B%7B%22type%22:%22advanced%22,%22values%22:%5B%7B%22constant%22:null%7D,%7B%7D%5D,%22id%22:1%7D%5D%7D' successfully

2019-05-28 15:55:31 - [TEST_STEP][PASSED] - waitForAngularLoad: Angular is ready.

2019-05-28 15:56:00 - [MESSAGE][PASSED] - Angular is ready.

2019-05-28 15:56:00 - [TEST_STEP][PASSED] - waitForPageLoad: Wait for page load successfully

2019-05-28 15:56:00 - [MESSAGE][WARNING] - Timeout '0' is invalid. Using default page load timeout: '30'

2019-05-28 15:56:00 - [MESSAGE][PASSED] - Wait for page load successfully

2019-05-28 15:56:00 - [TEST_STEP][PASSED] - navigateToUrl: Navigate to 'https://stats.kontiki.com/dashboards/analytics_external::live_event_in_progress?content_moid_filter=&time_filter=2%20weeks&filter_config=%7B%22content_moid_filter%22:%5B%7B%22type%22:%22%3D%22,%22values%22:%5B%7B%22constant%22:%22%22%7D,%7B%7D%5D,%22id%22:4%7D%5D,%22time_filter%22:%5B%7B%22type%22:%22past%22,%22values%22:%5B%7B%22constant%22:%222%22,%22unit%22:%22wk%22%7D%5D,%22id%22:5%7D%5D%7D' successfully

2019-05-28 15:56:02 - [MESSAGE][PASSED] - Navigate to 'https://stats.kontiki.com/dashboards/analytics_external::live_event_in_progress?content_moid_filter=&time_filter=2%20weeks&filter_config=%7B%22content_moid_filter%22:%5B%7B%22type%22:%22%3D%22,%22values%22:%5B%7B%22constant%22:%22%22%7D,%7B%7D%5D,%22id%22:4%7D%5D,%22time_filter%22:%5B%7B%22type%22:%22past%22,%22values%22:%5B%7B%22constant%22:%222%22,%22unit%22:%22wk%22%7D%5D,%22id%22:5%7D%5D%7D' successfully

2019-05-28 15:56:02 - [TEST_STEP][PASSED] - waitForAngularLoad: Angular is ready.

2019-05-28 15:56:02 - [MESSAGE][PASSED] - Angular is ready.

2019-05-28 15:56:02 - [TEST_STEP][PASSED] - waitForPageLoad: Wait for page load successfully

2019-05-28 15:56:02 - [MESSAGE][WARNING] - Timeout '0' is invalid. Using default page load timeout: '30'

2019-05-28 15:56:02 - [MESSAGE][PASSED] - Wait for page load successfully

2019-05-28 15:56:02 - [TEST_STEP][PASSED] - navigateToUrl: Navigate to 'https://stats.kontiki.com/dashboards/analytics_external::vod_summary?time_filter=6%20months&event_filter=&filter_config=%7B%22time_filter%22:%5B%7B%22type%22:%22past%22,%22values%22:%5B%7B%22constant%22:%226%22,%22unit%22:%22mo%22%7D,%7B%7D%5D,%22id%22:4%7D%5D,%22event_filter%22:%5B%7B%22type%22:%22%3D%22,%22values%22:%5B%7B%22constant%22:%22%22%7D,%7B%7D%5D,%22id%22:5%7D%5D%7D' successfully

2019-05-28 15:56:03 - [MESSAGE][PASSED] - Navigate to 'https://stats.kontiki.com/dashboards/analytics_external::vod_summary?time_filter=6%20months&event_filter=&filter_config=%7B%22time_filter%22:%5B%7B%22type%22:%22past%22,%22values%22:%5B%7B%22constant%22:%226%22,%22unit%22:%22mo%22%7D,%7B%7D%5D,%22id%22:4%7D%5D,%22event_filter%22:%5B%7B%22type%22:%22%3D%22,%22values%22:%5B%7B%22constant%22:%22%22%7D,%7B%7D%5D,%22id%22:5%7D%5D%7D' successfully

2019-05-28 15:56:03 - [TEST_STEP][PASSED] - waitForAngularLoad: Angular is ready.

2019-05-28 15:56:03 - [MESSAGE][PASSED] - Angular is ready.

2019-05-28 15:56:03 - [TEST_STEP][PASSED] - waitForPageLoad: Wait for page load successfully

2019-05-28 15:56:03 - [MESSAGE][WARNING] - Timeout '0' is invalid. Using default page load timeout: '30'

2019-05-28 15:56:03 - [MESSAGE][PASSED] - Wait for page load successfully

2019-05-28 15:56:03 - [TEST_STEP][PASSED] - navigateToUrl: Navigate to 'https://stats.kontiki.com/dashboards/analytics_external::vod_performance?content_moid_filter=28338714-dd3f-43b1-9272-9eb3df6b4145&time_filter=&filter_config=%7B%22content_moid_filter%22:%5B%7B%22type%22:%22%3D%22,%22values%22:%5B%7B%22constant%22:%2228338714-dd3f-43b1-9272-9eb3df6b4145%22%7D,%7B%7D%5D,%22id%22:0%7D%5D,%22time_filter%22:%5B%7B%22type%22:%22advanced%22,%22values%22:%5B%7B%22constant%22:null%7D,%7B%7D%5D,%22id%22:1%7D%5D%7D' successfully

2019-05-28 15:56:04 - [MESSAGE][PASSED] - Navigate to 'https://stats.kontiki.com/dashboards/analytics_external::vod_performance?content_moid_filter=28338714-dd3f-43b1-9272-9eb3df6b4145&time_filter=&filter_config=%7B%22content_moid_filter%22:%5B%7B%22type%22:%22%3D%22,%22values%22:%5B%7B%22constant%22:%2228338714-dd3f-43b1-9272-9eb3df6b4145%22%7D,%7B%7D%5D,%22id%22:0%7D%5D,%22time_filter%22:%5B%7B%22type%22:%22advanced%22,%22values%22:%5B%7B%22constant%22:null%7D,%7B%7D%5D,%22id%22:1%7D%5D%7D' successfully

2019-05-28 15:56:04 - [TEST_STEP][PASSED] - waitForAngularLoad: Angular is ready.

2019-05-28 15:56:04 - [MESSAGE][PASSED] - Angular is ready.

2019-05-28 15:56:04 - [TEST_STEP][PASSED] - waitForPageLoad: Wait for page load successfully

2019-05-28 15:56:04 - [MESSAGE][WARNING] - Timeout '0' is invalid. Using default page load timeout: '30'

2019-05-28 15:56:04 - [MESSAGE][PASSED] - Wait for page load successfully

2019-05-28 15:56:04 - [TEST_STEP][PASSED] - navigateToUrl: Navigate to 'https://stats.kontiki.com/dashboards/sccm_users::sccm_summary?time_filter=6%20months&filter_config=%7B%22time_filter%22:%5B%7B%22type%22:%22past%22,%22values%22:%5B%7B%22constant%22:%226%22,%22unit%22:%22mo%22%7D,%7B%7D%5D,%22id%22:2%7D%5D%7D' successfully

2019-05-28 15:56:05 - [MESSAGE][PASSED] - Navigate to 'https://stats.kontiki.com/dashboards/sccm_users::sccm_summary?time_filter=6%20months&filter_config=%7B%22time_filter%22:%5B%7B%22type%22:%22past%22,%22values%22:%5B%7B%22constant%22:%226%22,%22unit%22:%22mo%22%7D,%7B%7D%5D,%22id%22:2%7D%5D%7D' successfully

2019-05-28 15:56:05 - [TEST_STEP][PASSED] - waitForAngularLoad: Angular is ready.

2019-05-28 15:56:05 - [MESSAGE][PASSED] - Angular is ready.

2019-05-28 15:56:05 - [TEST_STEP][PASSED] - waitForPageLoad: Wait for page load successfully

2019-05-28 15:56:05 - [MESSAGE][WARNING] - Timeout '0' is invalid. Using default page load timeout: '30'

2019-05-28 15:56:05 - [MESSAGE][PASSED] - Wait for page load successfully

2019-05-28 15:56:05 - [TEST_STEP][PASSED] - navigateToUrl: Navigate to 'https://stats.eu1.kontiki.com/dashboards/analytics_external::agent_summary?Last%20Report%20Time=6%20months&Last%20Delivery%20Time=&Internal%20IP=&CIDR%20Prefix%20Length=&External%20IP=&Locality=&Policy%20Profile=&Agent%20Version=&filter_config=%7B%22Last%20Report%20Time%22:%5B%7B%22type%22:%22past%22,%22values%22:%5B%7B%22constant%22:%226%22,%22unit%22:%22mo%22%7D,%7B%7D%5D,%22id%22:16%7D%5D,%22Last%20Delivery%20Time%22:%5B%7B%22type%22:%22anytime%22,%22values%22:%5B%7B%7D,%7B%7D%5D,%22id%22:17%7D%5D,%22Internal%20IP%22:%5B%7B%22type%22:%22%3D%22,%22values%22:%5B%7B%22constant%22:%22%22%7D,%7B%7D%5D,%22id%22:18%7D%5D,%22CIDR%20Prefix%20Length%22:%5B%7B%22type%22:%22%3D%22,%22values%22:%5B%7B%22constant%22:%22%22%7D,%7B%7D%5D,%22id%22:19%7D%5D,%22External%20IP%22:%5B%7B%22type%22:%22%3D%22,%22values%22:%5B%7B%22constant%22:%22%22%7D,%7B%7D%5D,%22id%22:20%7D%5D,%22Locality%22:%5B%7B%22type%22:%22%3D%22,%22values%22:%5B%7B%22constant%22:%22%22%7D,%7B%7D%5D,%22id%22:21%7D%5D,%22Policy%20Profile%22:%5B%7B%22type%22:%22%3D%22,%22values%22:%5B%7B%22constant%22:%22%22%7D,%7B%7D%5D,%22id%22:22%7D%5D,%22Agent%20Version%22:%5B%7B%22type%22:%22%3D%22,%22values%22:%5B%7B%22constant%22:%22%22%7D,%7B%7D%5D,%22id%22:23%7D%5D%7D' successfully

2019-05-28 15:56:09 - [MESSAGE][PASSED] - Navigate to 'https://stats.eu1.kontiki.com/dashboards/analytics_external::agent_summary?Last%20Report%20Time=6%20months&Last%20Delivery%20Time=&Internal%20IP=&CIDR%20Prefix%20Length=&External%20IP=&Locality=&Policy%20Profile=&Agent%20Version=&filter_config=%7B%22Last%20Report%20Time%22:%5B%7B%22type%22:%22past%22,%22values%22:%5B%7B%22constant%22:%226%22,%22unit%22:%22mo%22%7D,%7B%7D%5D,%22id%22:16%7D%5D,%22Last%20Delivery%20Time%22:%5B%7B%22type%22:%22anytime%22,%22values%22:%5B%7B%7D,%7B%7D%5D,%22id%22:17%7D%5D,%22Internal%20IP%22:%5B%7B%22type%22:%22%3D%22,%22values%22:%5B%7B%22constant%22:%22%22%7D,%7B%7D%5D,%22id%22:18%7D%5D,%22CIDR%20Prefix%20Length%22:%5B%7B%22type%22:%22%3D%22,%22values%22:%5B%7B%22constant%22:%22%22%7D,%7B%7D%5D,%22id%22:19%7D%5D,%22External%20IP%22:%5B%7B%22type%22:%22%3D%22,%22values%22:%5B%7B%22constant%22:%22%22%7D,%7B%7D%5D,%22id%22:20%7D%5D,%22Locality%22:%5B%7B%22type%22:%22%3D%22,%22values%22:%5B%7B%22constant%22:%22%22%7D,%7B%7D%5D,%22id%22:21%7D%5D,%22Policy%20Profile%22:%5B%7B%22type%22:%22%3D%22,%22values%22:%5B%7B%22constant%22:%22%22%7D,%7B%7D%5D,%22id%22:22%7D%5D,%22Agent%20Version%22:%5B%7B%22type%22:%22%3D%22,%22values%22:%5B%7B%22constant%22:%22%22%7D,%7B%7D%5D,%22id%22:23%7D%5D%7D' successfully

2019-05-28 15:56:09 - [TEST_STEP][PASSED] - waitForAngularLoad: Angular is ready.

2019-05-28 15:56:17 - [MESSAGE][PASSED] - Angular is ready.

2019-05-28 15:56:17 - [TEST_STEP][PASSED] - waitForPageLoad: Wait for page load successfully

2019-05-28 15:56:17 - [MESSAGE][WARNING] - Timeout '0' is invalid. Using default page load timeout: '30'

2019-05-28 15:56:17 - [MESSAGE][PASSED] - Wait for page load successfully

2019-05-28 15:56:17 - [TEST_STEP][PASSED] - navigateToUrl: Navigate to 'https://stats.eu1.kontiki.com/dashboards/analytics_external::agent?Agent%20ID=qCr9xJfDY0UWxEuP&Delivery%20Time=&Delivery%20Type=&filter_config=%7B%22Agent%20ID%22:%5B%7B%22type%22:%22%3D%22,%22values%22:%5B%7B%22constant%22:%22qCr9xJfDY0UWxEuP%22%7D,%7B%7D%5D,%22id%22:0%7D%5D,%22Delivery%20Time%22:%5B%7B%22type%22:%22advanced%22,%22values%22:%5B%7B%22constant%22:null%7D,%7B%7D%5D,%22id%22:1%7D%5D,%22Delivery%20Type%22:%5B%7B%22type%22:%22%3D%22,%22values%22:%5B%7B%22constant%22:%22%22%7D,%7B%7D%5D,%22id%22:2%7D%5D%7D' successfully

2019-05-28 15:56:21 - [MESSAGE][PASSED] - Navigate to 'https://stats.eu1.kontiki.com/dashboards/analytics_external::agent?Agent%20ID=qCr9xJfDY0UWxEuP&Delivery%20Time=&Delivery%20Type=&filter_config=%7B%22Agent%20ID%22:%5B%7B%22type%22:%22%3D%22,%22values%22:%5B%7B%22constant%22:%22qCr9xJfDY0UWxEuP%22%7D,%7B%7D%5D,%22id%22:0%7D%5D,%22Delivery%20Time%22:%5B%7B%22type%22:%22advanced%22,%22values%22:%5B%7B%22constant%22:null%7D,%7B%7D%5D,%22id%22:1%7D%5D,%22Delivery%20Type%22:%5B%7B%22type%22:%22%3D%22,%22values%22:%5B%7B%22constant%22:%22%22%7D,%7B%7D%5D,%22id%22:2%7D%5D%7D' successfully

2019-05-28 15:56:21 - [TEST_STEP][PASSED] - waitForAngularLoad: Angular is ready.

2019-05-28 15:56:24 - [MESSAGE][PASSED] - Angular is ready.

2019-05-28 15:56:24 - [TEST_STEP][PASSED] - waitForPageLoad: Wait for page load successfully

2019-05-28 15:56:24 - [MESSAGE][WARNING] - Timeout '0' is invalid. Using default page load timeout: '30'

2019-05-28 15:56:24 - [MESSAGE][PASSED] - Wait for page load successfully

2019-05-28 15:56:24 - [TEST_STEP][PASSED] - navigateToUrl: Navigate to 'https://stats.eu1.kontiki.com/dashboards/analytics_external::event_analyzer?content_moid=85fc3267-3e70-4f95-a8bd-adb7fb7eb0d7&format_moid=&start_time=6%20months&internal_ip=&external_ip=&subnet_mask=&locality=&filter_config=%7B%22content_moid%22:%5B%7B%22type%22:%22%3D%22,%22values%22:%5B%7B%22constant%22:%2285fc3267-3e70-4f95-a8bd-adb7fb7eb0d7%22%7D,%7B%7D%5D,%22id%22:14%7D%5D,%22format_moid%22:%5B%7B%22type%22:%22%3D%22,%22values%22:%5B%7B%22constant%22:%22%22%7D,%7B%7D%5D,%22id%22:15%7D%5D,%22start_time%22:%5B%7B%22type%22:%22past%22,%22values%22:%5B%7B%22constant%22:%226%22,%22unit%22:%22mo%22%7D,%7B%7D%5D,%22id%22:16%7D%5D,%22internal_ip%22:%5B%7B%22type%22:%22%3D%22,%22values%22:%5B%7B%22constant%22:%22%22%7D,%7B%7D%5D,%22id%22:17%7D%5D,%22external_ip%22:%5B%7B%22type%22:%22%3D%22,%22values%22:%5B%7B%22constant%22:%22%22%7D,%7B%7D%5D,%22id%22:18%7D%5D,%22subnet_mask%22:%5B%7B%22type%22:%22%3D%22,%22values%22:%5B%7B%22constant%22:%22%22%7D,%7B%7D%5D,%22id%22:19%7D%5D,%22locality%22:%5B%7B%22type%22:%22%3D%22,%22values%22:%5B%7B%22constant%22:%22%22%7D,%7B%7D%5D,%22id%22:20%7D%5D%7D' successfully

2019-05-28 15:56:28 - [MESSAGE][PASSED] - Navigate to 'https://stats.eu1.kontiki.com/dashboards/analytics_external::event_analyzer?content_moid=85fc3267-3e70-4f95-a8bd-adb7fb7eb0d7&format_moid=&start_time=6%20months&internal_ip=&external_ip=&subnet_mask=&locality=&filter_config=%7B%22content_moid%22:%5B%7B%22type%22:%22%3D%22,%22values%22:%5B%7B%22constant%22:%2285fc3267-3e70-4f95-a8bd-adb7fb7eb0d7%22%7D,%7B%7D%5D,%22id%22:14%7D%5D,%22format_moid%22:%5B%7B%22type%22:%22%3D%22,%22values%22:%5B%7B%22constant%22:%22%22%7D,%7B%7D%5D,%22id%22:15%7D%5D,%22start_time%22:%5B%7B%22type%22:%22past%22,%22values%22:%5B%7B%22constant%22:%226%22,%22unit%22:%22mo%22%7D,%7B%7D%5D,%22id%22:16%7D%5D,%22internal_ip%22:%5B%7B%22type%22:%22%3D%22,%22values%22:%5B%7B%22constant%22:%22%22%7D,%7B%7D%5D,%22id%22:17%7D%5D,%22external_ip%22:%5B%7B%22type%22:%22%3D%22,%22values%22:%5B%7B%22constant%22:%22%22%7D,%7B%7D%5D,%22id%22:18%7D%5D,%22subnet_mask%22:%5B%7B%22type%22:%22%3D%22,%22values%22:%5B%7B%22constant%22:%22%22%7D,%7B%7D%5D,%22id%22:19%7D%5D,%22locality%22:%5B%7B%22type%22:%22%3D%22,%22values%22:%5B%7B%22constant%22:%22%22%7D,%7B%7D%5D,%22id%22:20%7D%5D%7D' successfully

2019-05-28 15:56:28 - [TEST_STEP][PASSED] - waitForAngularLoad: Angular is ready.

2019-05-28 15:56:31 - [MESSAGE][PASSED] - Angular is ready.

2019-05-28 15:56:31 - [TEST_STEP][PASSED] - waitForPageLoad: Wait for page load successfully

2019-05-28 15:56:31 - [MESSAGE][WARNING] - Timeout '0' is invalid. Using default page load timeout: '30'

2019-05-28 15:56:31 - [MESSAGE][PASSED] - Wait for page load successfully

2019-05-28 15:56:31 - [TEST_STEP][PASSED] - closeBrowser: Browser is closed

2019-05-28 15:56:32 - [MESSAGE][PASSED] - Browser is closed]]></system-out>
         <system-err><![CDATA[]]></system-err>
      </testcase>
      <testcase name="Test Cases/EU1/EU 1 - 10.11 - Navigation and CTAs" classname="Test Cases/EU1/EU 1 - 10.11 - Navigation and CTAs" status="PASSED">
         <system-out><![CDATA[2019-05-28 15:56:32 - [TEST_CASE][PASSED] - Test Cases/EU1/EU 1 - 10.11 - Navigation and CTAs: Test Cases/EU1/EU 1 - 10.11 - Navigation and CTAs

2019-05-28 15:56:32 - [TEST_STEP][PASSED] - openBrowser: Browser is opened with url: 'https://stats.eu1.kontiki.com/login/email'

2019-05-28 15:56:47 - [MESSAGE][PASSED] - Browser is opened with url: 'https://stats.eu1.kontiki.com/login/email'

2019-05-28 15:56:47 - [TEST_STEP][PASSED] - setText: Text 'alahley@kollective.com' is set on object 'Object Repository/Page_Log in/input_email (2)'

2019-05-28 15:56:47 - [MESSAGE][PASSED] - Text 'alahley@kollective.com' is set on object 'Object Repository/Page_Log in/input_email (2)'

2019-05-28 15:56:47 - [TEST_STEP][PASSED] - setEncryptedText: Text ****** has been set on object 'Object Repository/Page_Log in/input_password (2)'

2019-05-28 15:56:47 - [MESSAGE][PASSED] - Text ****** has been set on object 'Object Repository/Page_Log in/input_password (2)'

2019-05-28 15:56:47 - [TEST_STEP][PASSED] - click: Object: 'Object Repository/Page_Log in/input_remember (2)' is clicked on

2019-05-28 15:56:47 - [MESSAGE][PASSED] - Object: 'Object Repository/Page_Log in/input_remember (2)' is clicked on

2019-05-28 15:56:47 - [TEST_STEP][PASSED] - click: Object: 'Object Repository/Page_Log in/input_login-submit (2)' is clicked on

2019-05-28 15:56:52 - [MESSAGE][PASSED] - Object: 'Object Repository/Page_Log in/input_login-submit (2)' is clicked on

2019-05-28 15:56:52 - [TEST_STEP][PASSED] - waitForAngularLoad: Angular is ready.

2019-05-28 15:56:55 - [MESSAGE][PASSED] - Angular is ready.

2019-05-28 15:56:55 - [TEST_STEP][PASSED] - waitForPageLoad: Wait for page load successfully

2019-05-28 15:56:55 - [MESSAGE][WARNING] - Timeout '0' is invalid. Using default page load timeout: '30'

2019-05-28 15:56:55 - [MESSAGE][PASSED] - Wait for page load successfully

2019-05-28 15:56:55 - [TEST_STEP][PASSED] - verifyElementVisible: Object 'Object Repository/Page_Network Summary/a_Overview' is visible

2019-05-28 15:56:56 - [MESSAGE][PASSED] - Object 'Object Repository/Page_Network Summary/a_Overview' is visible

2019-05-28 15:56:56 - [TEST_STEP][PASSED] - verifyElementVisible: Object 'Object Repository/Page_Overview/a_Go to Live Event Summary' is visible

2019-05-28 15:56:56 - [MESSAGE][PASSED] - Object 'Object Repository/Page_Overview/a_Go to Live Event Summary' is visible

2019-05-28 15:56:56 - [TEST_STEP][PASSED] - click: Object: 'Object Repository/Page_Overview/a_Go to Live Event Summary' is clicked on

2019-05-28 15:57:00 - [MESSAGE][PASSED] - Object: 'Object Repository/Page_Overview/a_Go to Live Event Summary' is clicked on

2019-05-28 15:57:00 - [TEST_STEP][PASSED] - waitForAngularLoad: Angular is ready.

2019-05-28 15:57:05 - [MESSAGE][PASSED] - Angular is ready.

2019-05-28 15:57:05 - [TEST_STEP][PASSED] - verifyElementText: Actual text and expected text of test object 'Object Repository/Page_Live Event Summary/div_Live Event Summary' are matched.

2019-05-28 15:57:06 - [MESSAGE][PASSED] - Actual text and expected text of test object 'Object Repository/Page_Live Event Summary/div_Live Event Summary' are matched.

2019-05-28 15:57:06 - [TEST_STEP][PASSED] - click: Object: 'Object Repository/Page_Network Summary/a_Overview' is clicked on

2019-05-28 15:57:08 - [MESSAGE][PASSED] - Object: 'Object Repository/Page_Network Summary/a_Overview' is clicked on

2019-05-28 15:57:08 - [TEST_STEP][PASSED] - waitForAngularLoad: Angular is ready.

2019-05-28 15:57:12 - [MESSAGE][PASSED] - Angular is ready.

2019-05-28 15:57:12 - [TEST_STEP][PASSED] - verifyElementVisible: Object 'Object Repository/Page_Overview/a_Go to VoD Summary' is visible

2019-05-28 15:57:12 - [MESSAGE][PASSED] - Object 'Object Repository/Page_Overview/a_Go to VoD Summary' is visible

2019-05-28 15:57:12 - [TEST_STEP][PASSED] - click: Object: 'Object Repository/Page_Overview/a_Go to VoD Summary' is clicked on

2019-05-28 15:57:16 - [MESSAGE][PASSED] - Object: 'Object Repository/Page_Overview/a_Go to VoD Summary' is clicked on

2019-05-28 15:57:16 - [TEST_STEP][PASSED] - waitForAngularLoad: Angular is ready.

2019-05-28 15:57:24 - [MESSAGE][PASSED] - Angular is ready.

2019-05-28 15:57:24 - [TEST_STEP][PASSED] - verifyElementText: Actual text and expected text of test object 'Object Repository/Page_Video on Demand Summary/div_Video on Demand Summary' are matched.

2019-05-28 15:57:24 - [MESSAGE][PASSED] - Actual text and expected text of test object 'Object Repository/Page_Video on Demand Summary/div_Video on Demand Summary' are matched.

2019-05-28 15:57:24 - [TEST_STEP][PASSED] - click: Object: 'Object Repository/Page_Network Summary/a_Overview' is clicked on

2019-05-28 15:57:28 - [MESSAGE][PASSED] - Object: 'Object Repository/Page_Network Summary/a_Overview' is clicked on

2019-05-28 15:57:28 - [TEST_STEP][PASSED] - waitForAngularLoad: Angular is ready.

2019-05-28 15:57:30 - [MESSAGE][PASSED] - Angular is ready.

2019-05-28 15:57:30 - [TEST_STEP][PASSED] - verifyElementVisible: Object 'Object Repository/Page_Overview/a_Go to Network Summary' is visible

2019-05-28 15:57:31 - [MESSAGE][PASSED] - Object 'Object Repository/Page_Overview/a_Go to Network Summary' is visible

2019-05-28 15:57:31 - [TEST_STEP][PASSED] - click: Object: 'Object Repository/Page_Overview/a_Go to Network Summary' is clicked on

2019-05-28 15:57:36 - [MESSAGE][PASSED] - Object: 'Object Repository/Page_Overview/a_Go to Network Summary' is clicked on

2019-05-28 15:57:36 - [TEST_STEP][PASSED] - waitForPageLoad: Wait for page load successfully

2019-05-28 15:57:36 - [MESSAGE][WARNING] - Timeout '0' is invalid. Using default page load timeout: '30'

2019-05-28 15:57:36 - [MESSAGE][PASSED] - Wait for page load successfully

2019-05-28 15:57:36 - [TEST_STEP][PASSED] - waitForAngularLoad: Angular is ready.

2019-05-28 15:57:43 - [MESSAGE][PASSED] - Angular is ready.

2019-05-28 15:57:43 - [TEST_STEP][PASSED] - verifyElementText: Actual text and expected text of test object 'Object Repository/Page_Network Summary/div_Network Summary' are matched.

2019-05-28 15:57:44 - [MESSAGE][PASSED] - Actual text and expected text of test object 'Object Repository/Page_Network Summary/div_Network Summary' are matched.

2019-05-28 15:57:44 - [TEST_STEP][PASSED] - click: Object: 'Object Repository/Page_Network Summary/a_Overview' is clicked on

2019-05-28 15:57:49 - [MESSAGE][PASSED] - Object: 'Object Repository/Page_Network Summary/a_Overview' is clicked on

2019-05-28 15:57:49 - [TEST_STEP][PASSED] - waitForAngularLoad: Angular is ready.

2019-05-28 15:57:53 - [MESSAGE][PASSED] - Angular is ready.

2019-05-28 15:57:53 - [TEST_STEP][PASSED] - click: Object: 'Object Repository/Page_Overview/a_Network' is clicked on

2019-05-28 15:57:54 - [MESSAGE][PASSED] - Object: 'Object Repository/Page_Overview/a_Network' is clicked on

2019-05-28 15:57:54 - [TEST_STEP][PASSED] - verifyElementPresent: Object 'Object Repository/Page_Overview/a_Network Summary' is present

2019-05-28 15:57:54 - [MESSAGE][WARNING] - Timeout '0' is invalid. Using default page load timeout: '30'

2019-05-28 15:57:54 - [MESSAGE][PASSED] - Object 'Object Repository/Page_Overview/a_Network Summary' is present

2019-05-28 15:57:54 - [TEST_STEP][PASSED] - verifyElementClickable: Object 'Object Repository/Page_Overview/a_Network Summary' is clickable

2019-05-28 15:57:55 - [MESSAGE][PASSED] - Object 'Object Repository/Page_Overview/a_Network Summary' is clickable

2019-05-28 15:57:55 - [TEST_STEP][PASSED] - click: Object: 'Object Repository/Page_Overview/a_Network Summary' is clicked on

2019-05-28 15:57:58 - [MESSAGE][PASSED] - Object: 'Object Repository/Page_Overview/a_Network Summary' is clicked on

2019-05-28 15:57:58 - [TEST_STEP][PASSED] - waitForAngularLoad: Angular is ready.

2019-05-28 15:58:09 - [MESSAGE][PASSED] - Angular is ready.

2019-05-28 15:58:09 - [TEST_STEP][PASSED] - click: Object: 'Object Repository/Page_Overview/a_Network' is clicked on

2019-05-28 15:58:09 - [MESSAGE][PASSED] - Object: 'Object Repository/Page_Overview/a_Network' is clicked on

2019-05-28 15:58:09 - [TEST_STEP][PASSED] - verifyElementPresent: Object 'Object Repository/Page_Network Summary/a_Network Content' is present

2019-05-28 15:58:09 - [MESSAGE][WARNING] - Timeout '0' is invalid. Using default page load timeout: '30'

2019-05-28 15:58:11 - [MESSAGE][PASSED] - Object 'Object Repository/Page_Network Summary/a_Network Content' is present

2019-05-28 15:58:11 - [TEST_STEP][PASSED] - verifyElementClickable: Object 'Object Repository/Page_Network Summary/a_Network Content' is clickable

2019-05-28 15:58:12 - [MESSAGE][PASSED] - Object 'Object Repository/Page_Network Summary/a_Network Content' is clickable

2019-05-28 15:58:12 - [TEST_STEP][PASSED] - verifyElementPresent: Object 'Object Repository/Page_Network Content/a_Network Locality' is present

2019-05-28 15:58:12 - [MESSAGE][WARNING] - Timeout '0' is invalid. Using default page load timeout: '30'

2019-05-28 15:58:12 - [MESSAGE][PASSED] - Object 'Object Repository/Page_Network Content/a_Network Locality' is present

2019-05-28 15:58:12 - [TEST_STEP][PASSED] - verifyElementClickable: Object 'Object Repository/Page_Network Content/a_Network Locality' is clickable

2019-05-28 15:58:12 - [MESSAGE][PASSED] - Object 'Object Repository/Page_Network Content/a_Network Locality' is clickable

2019-05-28 15:58:12 - [TEST_STEP][PASSED] - verifyElementPresent: Object 'Object Repository/Page_Overview/a_Agent Summary' is present

2019-05-28 15:58:12 - [MESSAGE][WARNING] - Timeout '0' is invalid. Using default page load timeout: '30'

2019-05-28 15:58:12 - [MESSAGE][PASSED] - Object 'Object Repository/Page_Overview/a_Agent Summary' is present

2019-05-28 15:58:12 - [TEST_STEP][PASSED] - verifyElementClickable: Object 'Object Repository/Page_Overview/a_Agent Summary' is clickable

2019-05-28 15:58:12 - [MESSAGE][PASSED] - Object 'Object Repository/Page_Overview/a_Agent Summary' is clickable

2019-05-28 15:58:12 - [TEST_STEP][PASSED] - verifyElementPresent: Object 'Object Repository/Page_Overview/a_Agent Details' is present

2019-05-28 15:58:12 - [MESSAGE][WARNING] - Timeout '0' is invalid. Using default page load timeout: '30'

2019-05-28 15:58:12 - [MESSAGE][PASSED] - Object 'Object Repository/Page_Overview/a_Agent Details' is present

2019-05-28 15:58:12 - [TEST_STEP][PASSED] - verifyElementClickable: Object 'Object Repository/Page_Overview/a_Agent Details' is clickable

2019-05-28 15:58:12 - [MESSAGE][PASSED] - Object 'Object Repository/Page_Overview/a_Agent Details' is clickable

2019-05-28 15:58:12 - [TEST_STEP][PASSED] - verifyElementPresent: Object 'Object Repository/Page_Overview/a_Event Analyzer' is present

2019-05-28 15:58:12 - [MESSAGE][WARNING] - Timeout '0' is invalid. Using default page load timeout: '30'

2019-05-28 15:58:12 - [MESSAGE][PASSED] - Object 'Object Repository/Page_Overview/a_Event Analyzer' is present

2019-05-28 15:58:12 - [TEST_STEP][PASSED] - verifyElementClickable: Object 'Object Repository/Page_Overview/a_Event Analyzer' is clickable

2019-05-28 15:58:12 - [MESSAGE][PASSED] - Object 'Object Repository/Page_Overview/a_Event Analyzer' is clickable

2019-05-28 15:58:12 - [TEST_STEP][PASSED] - click: Object: 'Object Repository/Page_Network Content/a_Network Locality' is clicked on

2019-05-28 15:58:16 - [MESSAGE][PASSED] - Object: 'Object Repository/Page_Network Content/a_Network Locality' is clicked on

2019-05-28 15:58:16 - [TEST_STEP][PASSED] - waitForAngularLoad: Angular is ready.

2019-05-28 15:58:26 - [MESSAGE][PASSED] - Angular is ready.

2019-05-28 15:58:26 - [TEST_STEP][PASSED] - click: Object: 'Object Repository/Page_Network Locality/a_Live Events' is clicked on

2019-05-28 15:58:26 - [MESSAGE][PASSED] - Object: 'Object Repository/Page_Network Locality/a_Live Events' is clicked on

2019-05-28 15:58:26 - [TEST_STEP][PASSED] - verifyElementPresent: Object 'Object Repository/Page_Network Locality/a_Live Event Summary' is present

2019-05-28 15:58:26 - [MESSAGE][WARNING] - Timeout '0' is invalid. Using default page load timeout: '30'

2019-05-28 15:58:26 - [MESSAGE][PASSED] - Object 'Object Repository/Page_Network Locality/a_Live Event Summary' is present

2019-05-28 15:58:26 - [TEST_STEP][PASSED] - verifyElementClickable: Object 'Object Repository/Page_Network Locality/a_Live Event Summary' is clickable

2019-05-28 15:58:26 - [MESSAGE][PASSED] - Object 'Object Repository/Page_Network Locality/a_Live Event Summary' is clickable

2019-05-28 15:58:26 - [TEST_STEP][PASSED] - verifyElementPresent: Object 'Object Repository/Page_Live Event Summary/a_Live Event' is present

2019-05-28 15:58:26 - [MESSAGE][WARNING] - Timeout '0' is invalid. Using default page load timeout: '30'

2019-05-28 15:58:26 - [MESSAGE][PASSED] - Object 'Object Repository/Page_Live Event Summary/a_Live Event' is present

2019-05-28 15:58:26 - [TEST_STEP][PASSED] - verifyElementClickable: Object 'Object Repository/Page_Live Event Summary/a_Live Event' is clickable

2019-05-28 15:58:26 - [MESSAGE][PASSED] - Object 'Object Repository/Page_Live Event Summary/a_Live Event' is clickable

2019-05-28 15:58:26 - [TEST_STEP][PASSED] - verifyElementPresent: Object 'Object Repository/Page_Live Event/a_Live (In Progress) Event' is present

2019-05-28 15:58:26 - [MESSAGE][WARNING] - Timeout '0' is invalid. Using default page load timeout: '30'

2019-05-28 15:58:26 - [MESSAGE][PASSED] - Object 'Object Repository/Page_Live Event/a_Live (In Progress) Event' is present

2019-05-28 15:58:26 - [TEST_STEP][PASSED] - verifyElementClickable: Object 'Object Repository/Page_Live Event/a_Live (In Progress) Event' is clickable

2019-05-28 15:58:26 - [MESSAGE][PASSED] - Object 'Object Repository/Page_Live Event/a_Live (In Progress) Event' is clickable

2019-05-28 15:58:26 - [TEST_STEP][PASSED] - click: Object: 'Object Repository/Page_Live (In Progress) Event/a_Video on Demand' is clicked on

2019-05-28 15:58:27 - [MESSAGE][PASSED] - Object: 'Object Repository/Page_Live (In Progress) Event/a_Video on Demand' is clicked on

2019-05-28 15:58:27 - [TEST_STEP][PASSED] - verifyElementPresent: Object 'Object Repository/Page_Live (In Progress) Event/a_Video on Demand Summary' is present

2019-05-28 15:58:27 - [MESSAGE][WARNING] - Timeout '0' is invalid. Using default page load timeout: '30'

2019-05-28 15:58:27 - [MESSAGE][PASSED] - Object 'Object Repository/Page_Live (In Progress) Event/a_Video on Demand Summary' is present

2019-05-28 15:58:27 - [TEST_STEP][PASSED] - verifyElementClickable: Object 'Object Repository/Page_Live (In Progress) Event/a_Video on Demand Summary' is clickable

2019-05-28 15:58:27 - [MESSAGE][PASSED] - Object 'Object Repository/Page_Live (In Progress) Event/a_Video on Demand Summary' is clickable

2019-05-28 15:58:27 - [TEST_STEP][PASSED] - verifyElementPresent: Object 'Object Repository/Page_Video on Demand Summary/a_Video on Demand_1' is present

2019-05-28 15:58:27 - [MESSAGE][WARNING] - Timeout '0' is invalid. Using default page load timeout: '30'

2019-05-28 15:58:27 - [MESSAGE][PASSED] - Object 'Object Repository/Page_Video on Demand Summary/a_Video on Demand_1' is present

2019-05-28 15:58:27 - [TEST_STEP][PASSED] - verifyElementClickable: Object 'Object Repository/Page_Video on Demand Summary/a_Video on Demand_1' is clickable

2019-05-28 15:58:27 - [MESSAGE][PASSED] - Object 'Object Repository/Page_Video on Demand Summary/a_Video on Demand_1' is clickable

2019-05-28 15:58:27 - [TEST_STEP][PASSED] - navigateToUrl: Navigate to 'https://stats.eu1.kontiki.com/dashboards/analytics_external::live_event?content_moid_filter=70ec1679-4494-492d-a492-bd4440e0ee3d&time_filter=&filter_config=%7B%22content_moid_filter%22:%5B%7B%22type%22:%22%3D%22,%22values%22:%5B%7B%22constant%22:%2270ec1679-4494-492d-a492-bd4440e0ee3d%22%7D,%7B%7D%5D,%22id%22:0%7D%5D,%22time_filter%22:%5B%7B%22type%22:%22advanced%22,%22values%22:%5B%7B%22constant%22:null%7D,%7B%7D%5D,%22id%22:1%7D%5D%7D' successfully

2019-05-28 15:58:29 - [MESSAGE][PASSED] - Navigate to 'https://stats.eu1.kontiki.com/dashboards/analytics_external::live_event?content_moid_filter=70ec1679-4494-492d-a492-bd4440e0ee3d&time_filter=&filter_config=%7B%22content_moid_filter%22:%5B%7B%22type%22:%22%3D%22,%22values%22:%5B%7B%22constant%22:%2270ec1679-4494-492d-a492-bd4440e0ee3d%22%7D,%7B%7D%5D,%22id%22:0%7D%5D,%22time_filter%22:%5B%7B%22type%22:%22advanced%22,%22values%22:%5B%7B%22constant%22:null%7D,%7B%7D%5D,%22id%22:1%7D%5D%7D' successfully

2019-05-28 15:58:29 - [TEST_STEP][PASSED] - waitForPageLoad: Wait for page load successfully

2019-05-28 15:58:30 - [MESSAGE][PASSED] - Wait for page load successfully

2019-05-28 15:58:30 - [TEST_STEP][PASSED] - waitForAngularLoad: Angular is ready.

2019-05-28 15:59:01 - [MESSAGE][PASSED] - Angular is ready.

2019-05-28 15:59:01 - [TEST_STEP][PASSED] - verifyElementPresent: Object 'Object Repository/Page_Live Event/a_Go to Geo Explorer' is present

2019-05-28 15:59:01 - [MESSAGE][WARNING] - Timeout '0' is invalid. Using default page load timeout: '30'

2019-05-28 15:59:01 - [MESSAGE][PASSED] - Object 'Object Repository/Page_Live Event/a_Go to Geo Explorer' is present

2019-05-28 15:59:01 - [TEST_STEP][PASSED] - verifyElementPresent: Object 'Object Repository/Page_Live Event/a_Go to Event Analyzer' is present

2019-05-28 15:59:01 - [MESSAGE][WARNING] - Timeout '0' is invalid. Using default page load timeout: '30'

2019-05-28 15:59:01 - [MESSAGE][PASSED] - Object 'Object Repository/Page_Live Event/a_Go to Event Analyzer' is present

2019-05-28 15:59:01 - [TEST_STEP][PASSED] - verifyElementPresent: Object 'Object Repository/Page_Video on Demand/a_SCCM' is present

2019-05-28 15:59:01 - [MESSAGE][WARNING] - Timeout '0' is invalid. Using default page load timeout: '30'

2019-05-28 15:59:01 - [MESSAGE][PASSED] - Object 'Object Repository/Page_Video on Demand/a_SCCM' is present

2019-05-28 15:59:01 - [TEST_STEP][PASSED] - verifyElementClickable: Object 'Object Repository/Page_Video on Demand/a_SCCM' is clickable

2019-05-28 15:59:01 - [MESSAGE][PASSED] - Object 'Object Repository/Page_Video on Demand/a_SCCM' is clickable

2019-05-28 15:59:01 - [TEST_STEP][PASSED] - click: Object: 'Object Repository/Page_Video on Demand/a_SCCM' is clicked on

2019-05-28 15:59:05 - [MESSAGE][PASSED] - Object: 'Object Repository/Page_Video on Demand/a_SCCM' is clicked on

2019-05-28 15:59:05 - [TEST_STEP][PASSED] - waitForAngularLoad: Angular is ready.

2019-05-28 15:59:14 - [MESSAGE][PASSED] - Angular is ready.

2019-05-28 15:59:14 - [TEST_STEP][PASSED] - click: Object: 'Object Repository/Page_Network Summary/a_Overview' is clicked on

2019-05-28 15:59:19 - [MESSAGE][PASSED] - Object: 'Object Repository/Page_Network Summary/a_Overview' is clicked on

2019-05-28 15:59:19 - [TEST_STEP][PASSED] - waitForAngularLoad: Angular is ready.

2019-05-28 15:59:21 - [MESSAGE][PASSED] - Angular is ready.

2019-05-28 15:59:21 - [TEST_STEP][PASSED] - click: Object: 'Object Repository/Page_SCCM Summary/a' is clicked on

2019-05-28 15:59:22 - [MESSAGE][PASSED] - Object: 'Object Repository/Page_SCCM Summary/a' is clicked on

2019-05-28 15:59:22 - [TEST_STEP][PASSED] - verifyElementPresent: Object 'Object Repository/Page_SCCM Summary/a_Log Out' is present

2019-05-28 15:59:22 - [MESSAGE][WARNING] - Timeout '0' is invalid. Using default page load timeout: '30'

2019-05-28 15:59:22 - [MESSAGE][PASSED] - Object 'Object Repository/Page_SCCM Summary/a_Log Out' is present

2019-05-28 15:59:22 - [TEST_STEP][PASSED] - click: Object: 'Object Repository/Page_SCCM Summary/a_Log Out' is clicked on

2019-05-28 15:59:23 - [MESSAGE][PASSED] - Object: 'Object Repository/Page_SCCM Summary/a_Log Out' is clicked on

2019-05-28 15:59:23 - [TEST_STEP][PASSED] - verifyElementPresent: Object 'Object Repository/Page_Log in/div_Logout Successful.' is present

2019-05-28 15:59:23 - [MESSAGE][WARNING] - Timeout '0' is invalid. Using default page load timeout: '30'

2019-05-28 15:59:23 - [MESSAGE][PASSED] - Object 'Object Repository/Page_Log in/div_Logout Successful.' is present

2019-05-28 15:59:23 - [TEST_STEP][PASSED] - verifyTextPresent: Text 'Logout Successful.' is present on page 

2019-05-28 15:59:23 - [MESSAGE][PASSED] - Text 'Logout Successful.' is present on page 

2019-05-28 15:59:23 - [TEST_STEP][PASSED] - closeBrowser: Browser is closed

2019-05-28 15:59:24 - [MESSAGE][PASSED] - Browser is closed]]></system-out>
         <system-err><![CDATA[]]></system-err>
      </testcase>
      <testcase name="Test Cases/EU1/EU 1 - 10.11 - Logging In and Out" classname="Test Cases/EU1/EU 1 - 10.11 - Logging In and Out" status="PASSED">
         <system-out><![CDATA[2019-05-28 15:59:24 - [TEST_CASE][PASSED] - Test Cases/EU1/EU 1 - 10.11 - Logging In and Out: Test Cases/EU1/EU 1 - 10.11 - Logging In and Out

2019-05-28 15:59:24 - [TEST_STEP][PASSED] - openBrowser: Browser is opened with url: 'https://stats.eu1.kontiki.com/login/email'

2019-05-28 15:59:35 - [MESSAGE][PASSED] - Browser is opened with url: 'https://stats.eu1.kontiki.com/login/email'

2019-05-28 15:59:35 - [TEST_STEP][PASSED] - setText: Text 'alahley@kollective.com' is set on object 'Object Repository/Page_Log in/input_email (2)'

2019-05-28 15:59:35 - [MESSAGE][PASSED] - Text 'alahley@kollective.com' is set on object 'Object Repository/Page_Log in/input_email (2)'

2019-05-28 15:59:35 - [TEST_STEP][PASSED] - setEncryptedText: Text ****** has been set on object 'Object Repository/Page_Log in/input_password (2)'

2019-05-28 15:59:35 - [MESSAGE][PASSED] - Text ****** has been set on object 'Object Repository/Page_Log in/input_password (2)'

2019-05-28 15:59:35 - [TEST_STEP][PASSED] - click: Object: 'Object Repository/Page_Log in/input_remember (2)' is clicked on

2019-05-28 15:59:35 - [MESSAGE][PASSED] - Object: 'Object Repository/Page_Log in/input_remember (2)' is clicked on

2019-05-28 15:59:35 - [TEST_STEP][PASSED] - click: Object: 'Object Repository/Page_Log in/input_login-submit (2)' is clicked on

2019-05-28 15:59:40 - [MESSAGE][PASSED] - Object: 'Object Repository/Page_Log in/input_login-submit (2)' is clicked on

2019-05-28 15:59:40 - [TEST_STEP][PASSED] - waitForAngularLoad: Angular is ready.

2019-05-28 15:59:43 - [MESSAGE][PASSED] - Angular is ready.

2019-05-28 15:59:43 - [TEST_STEP][PASSED] - verifyElementPresent: Object 'Object Repository/Page_Overview/a' is present

2019-05-28 15:59:43 - [MESSAGE][WARNING] - Timeout '0' is invalid. Using default page load timeout: '30'

2019-05-28 15:59:43 - [MESSAGE][PASSED] - Object 'Object Repository/Page_Overview/a' is present

2019-05-28 15:59:43 - [TEST_STEP][PASSED] - verifyElementPresent: Object 'Object Repository/Page_Overview/div_Release Notes_flyout-backg (1)' is present

2019-05-28 15:59:43 - [MESSAGE][WARNING] - Timeout '0' is invalid. Using default page load timeout: '30'

2019-05-28 15:59:43 - [MESSAGE][PASSED] - Object 'Object Repository/Page_Overview/div_Release Notes_flyout-backg (1)' is present

2019-05-28 15:59:43 - [TEST_STEP][PASSED] - verifyElementPresent: Object 'Object Repository/Page_Overview/div_Admin_real-image' is present

2019-05-28 15:59:43 - [MESSAGE][WARNING] - Timeout '0' is invalid. Using default page load timeout: '30'

2019-05-28 15:59:43 - [MESSAGE][PASSED] - Object 'Object Repository/Page_Overview/div_Admin_real-image' is present

2019-05-28 15:59:43 - [TEST_STEP][PASSED] - verifyElementPresent: Object 'Object Repository/Page_Overview/div_Release Notes_flyout-backg (1)' is present

2019-05-28 15:59:43 - [MESSAGE][WARNING] - Timeout '0' is invalid. Using default page load timeout: '30'

2019-05-28 15:59:43 - [MESSAGE][PASSED] - Object 'Object Repository/Page_Overview/div_Release Notes_flyout-backg (1)' is present

2019-05-28 15:59:43 - [TEST_STEP][PASSED] - verifyElementPresent: Object 'Object Repository/Page_Overview/i_Admin_lk-icon-arrow-down-car' is present

2019-05-28 15:59:43 - [MESSAGE][WARNING] - Timeout '0' is invalid. Using default page load timeout: '30'

2019-05-28 15:59:43 - [MESSAGE][PASSED] - Object 'Object Repository/Page_Overview/i_Admin_lk-icon-arrow-down-car' is present

2019-05-28 15:59:43 - [TEST_STEP][PASSED] - verifyElementPresent: Object 'Object Repository/Page_Overview/div_Live EventsOverview' is present

2019-05-28 15:59:43 - [MESSAGE][WARNING] - Timeout '0' is invalid. Using default page load timeout: '30'

2019-05-28 15:59:43 - [MESSAGE][PASSED] - Object 'Object Repository/Page_Overview/div_Live EventsOverview' is present

2019-05-28 15:59:43 - [TEST_STEP][PASSED] - verifyElementPresent: Object 'Object Repository/Page_Overview/div_View your detailed Network (1)' is present

2019-05-28 15:59:43 - [MESSAGE][WARNING] - Timeout '0' is invalid. Using default page load timeout: '30'

2019-05-28 15:59:43 - [MESSAGE][PASSED] - Object 'Object Repository/Page_Overview/div_View your detailed Network (1)' is present

2019-05-28 15:59:43 - [TEST_STEP][PASSED] - verifyElementPresent: Object 'Object Repository/Page_Overview/div_NetworkOverview' is present

2019-05-28 15:59:43 - [MESSAGE][WARNING] - Timeout '0' is invalid. Using default page load timeout: '30'

2019-05-28 15:59:43 - [MESSAGE][PASSED] - Object 'Object Repository/Page_Overview/div_NetworkOverview' is present

2019-05-28 15:59:43 - [TEST_STEP][PASSED] - verifyElementPresent: Object 'Object Repository/Page_Overview/div_Filters Time Filter is in' is present

2019-05-28 15:59:43 - [MESSAGE][WARNING] - Timeout '0' is invalid. Using default page load timeout: '30'

2019-05-28 15:59:43 - [MESSAGE][PASSED] - Object 'Object Repository/Page_Overview/div_Filters Time Filter is in' is present

2019-05-28 15:59:43 - [TEST_STEP][PASSED] - click: Object: 'Object Repository/Page_Overview/a' is clicked on

2019-05-28 15:59:44 - [MESSAGE][PASSED] - Object: 'Object Repository/Page_Overview/a' is clicked on

2019-05-28 15:59:44 - [TEST_STEP][PASSED] - click: Object: 'Object Repository/Page_Overview/a_Log Out' is clicked on

2019-05-28 15:59:45 - [MESSAGE][PASSED] - Object: 'Object Repository/Page_Overview/a_Log Out' is clicked on

2019-05-28 15:59:45 - [TEST_STEP][PASSED] - verifyElementPresent: Object 'Object Repository/Page_Log in/div_Logout Successful.' is present

2019-05-28 15:59:45 - [MESSAGE][WARNING] - Timeout '0' is invalid. Using default page load timeout: '30'

2019-05-28 15:59:45 - [MESSAGE][PASSED] - Object 'Object Repository/Page_Log in/div_Logout Successful.' is present

2019-05-28 15:59:45 - [TEST_STEP][PASSED] - verifyTextPresent: Text 'Logout Successful.' is present on page 

2019-05-28 15:59:45 - [MESSAGE][PASSED] - Text 'Logout Successful.' is present on page 

2019-05-28 15:59:45 - [TEST_STEP][PASSED] - closeBrowser: Browser is closed

2019-05-28 15:59:46 - [MESSAGE][PASSED] - Browser is closed]]></system-out>
         <system-err><![CDATA[]]></system-err>
      </testcase>
      <testcase name="Test Cases/EU1/EU 1 - 10.11 - Overview, or Landing Page" classname="Test Cases/EU1/EU 1 - 10.11 - Overview, or Landing Page" status="FAILED">
         <failure type="FAILED" message="(Stack trace: com.kms.katalon.core.exception.StepFailedException: Actual text 'Events' and expected text 'Total Live Events' of test object 'Object Repository/Page_Overview/div_Total Live Events' are NOT matched.
	at com.kms.katalon.core.keyword.internal.KeywordMain.stepFailed(KeywordMain.groovy:32)
	at com.kms.katalon.core.webui.keyword.internal.WebUIKeywordMain.stepFailed(WebUIKeywordMain.groovy:65)
	at com.kms.katalon.core.webui.keyword.builtin.VerifyElementTextKeyword$_verifyElementText_closure1.doCall(VerifyElementTextKeyword.groovy:57)
	at com.kms.katalon.core.webui.keyword.builtin.VerifyElementTextKeyword$_verifyElementText_closure1.call(VerifyElementTextKeyword.groovy)
	at com.kms.katalon.core.webui.keyword.internal.WebUIKeywordMain.runKeyword(WebUIKeywordMain.groovy:21)
	at com.kms.katalon.core.webui.keyword.builtin.VerifyElementTextKeyword.verifyElementText(VerifyElementTextKeyword.groovy:72)
	at com.kms.katalon.core.webui.keyword.builtin.VerifyElementTextKeyword.execute(VerifyElementTextKeyword.groovy:40)
	at com.kms.katalon.core.keyword.internal.KeywordExecutor.executeKeywordForPlatform(KeywordExecutor.groovy:53)
	at com.kms.katalon.core.webui.keyword.WebUiBuiltInKeywords.verifyElementText(WebUiBuiltInKeywords.groovy:3663)
	at com.kms.katalon.core.webui.keyword.WebUiBuiltInKeywords$verifyElementText$8.call(Unknown Source)
	at org.codehaus.groovy.runtime.callsite.CallSiteArray.defaultCall(CallSiteArray.java:48)
	at org.codehaus.groovy.runtime.callsite.AbstractCallSite.call(AbstractCallSite.java:113)
	at org.codehaus.groovy.runtime.callsite.AbstractCallSite.call(AbstractCallSite.java:133)
	at Script1558567198115.run(Script1558567198115.groovy:64)
	at com.kms.katalon.core.main.ScriptEngine.run(ScriptEngine.java:183)
	at com.kms.katalon.core.main.ScriptEngine.runScriptAsRawText(ScriptEngine.java:108)
	at com.kms.katalon.core.main.TestCaseExecutor.runScript(TestCaseExecutor.java:294)
	at com.kms.katalon.core.main.TestCaseExecutor.doExecute(TestCaseExecutor.java:285)
	at com.kms.katalon.core.main.TestCaseExecutor.processExecutionPhase(TestCaseExecutor.java:264)
	at com.kms.katalon.core.main.TestCaseExecutor.accessMainPhase(TestCaseExecutor.java:256)
	at com.kms.katalon.core.main.TestCaseExecutor.execute(TestCaseExecutor.java:200)
	at com.kms.katalon.core.main.TestSuiteExecutor.accessTestCaseMainPhase(TestSuiteExecutor.java:129)
	at com.kms.katalon.core.main.TestSuiteExecutor.accessTestSuiteMainPhase(TestSuiteExecutor.java:112)
	at com.kms.katalon.core.main.TestSuiteExecutor.execute(TestSuiteExecutor.java:81)
	at com.kms.katalon.core.main.TestCaseMain.startTestSuite(TestCaseMain.java:142)
	at com.kms.katalon.core.main.TestCaseMain$startTestSuite$0.call(Unknown Source)
	at org.codehaus.groovy.runtime.callsite.CallSiteArray.defaultCall(CallSiteArray.java:48)
	at org.codehaus.groovy.runtime.callsite.AbstractCallSite.call(AbstractCallSite.java:113)
	at org.codehaus.groovy.runtime.callsite.AbstractCallSite.call(AbstractCallSite.java:141)
	at TempTestSuite1559084026291.run(TempTestSuite1559084026291.groovy:36)
	at groovy.lang.GroovyShell.runScriptOrMainOrTestOrRunnable(GroovyShell.java:263)
	at groovy.lang.GroovyShell.run(GroovyShell.java:518)
	at groovy.lang.GroovyShell.run(GroovyShell.java:507)
	at groovy.ui.GroovyMain.processOnce(GroovyMain.java:653)
	at groovy.ui.GroovyMain.run(GroovyMain.java:384)
	at groovy.ui.GroovyMain.process(GroovyMain.java:370)
	at groovy.ui.GroovyMain.processArgs(GroovyMain.java:129)
	at groovy.ui.GroovyMain.main(GroovyMain.java:109)
	at sun.reflect.NativeMethodAccessorImpl.invoke0(Native Method)
	at sun.reflect.NativeMethodAccessorImpl.invoke(NativeMethodAccessorImpl.java:62)
	at sun.reflect.DelegatingMethodAccessorImpl.invoke(DelegatingMethodAccessorImpl.java:43)
	at java.lang.reflect.Method.invoke(Method.java:498)
	at org.codehaus.groovy.tools.GroovyStarter.rootLoader(GroovyStarter.java:109)
	at org.codehaus.groovy.tools.GroovyStarter.main(GroovyStarter.java:131)
)"/>
         <system-out><![CDATA[2019-05-28 15:59:46 - [TEST_CASE][FAILED] - Test Cases/EU1/EU 1 - 10.11 - Overview, or Landing Page: Test Cases/EU1/EU 1 - 10.11 - Overview, or Landing Page FAILED because (of) (Stack trace: com.kms.katalon.core.exception.StepFailedException: Actual text 'Events' and expected text 'Total Live Events' of test object 'Object Repository/Page_Overview/div_Total Live Events' are NOT matched.
	at com.kms.katalon.core.keyword.internal.KeywordMain.stepFailed(KeywordMain.groovy:32)
	at com.kms.katalon.core.webui.keyword.internal.WebUIKeywordMain.stepFailed(WebUIKeywordMain.groovy:65)
	at com.kms.katalon.core.webui.keyword.builtin.VerifyElementTextKeyword$_verifyElementText_closure1.doCall(VerifyElementTextKeyword.groovy:57)
	at com.kms.katalon.core.webui.keyword.builtin.VerifyElementTextKeyword$_verifyElementText_closure1.call(VerifyElementTextKeyword.groovy)
	at com.kms.katalon.core.webui.keyword.internal.WebUIKeywordMain.runKeyword(WebUIKeywordMain.groovy:21)
	at com.kms.katalon.core.webui.keyword.builtin.VerifyElementTextKeyword.verifyElementText(VerifyElementTextKeyword.groovy:72)
	at com.kms.katalon.core.webui.keyword.builtin.VerifyElementTextKeyword.execute(VerifyElementTextKeyword.groovy:40)
	at com.kms.katalon.core.keyword.internal.KeywordExecutor.executeKeywordForPlatform(KeywordExecutor.groovy:53)
	at com.kms.katalon.core.webui.keyword.WebUiBuiltInKeywords.verifyElementText(WebUiBuiltInKeywords.groovy:3663)
	at com.kms.katalon.core.webui.keyword.WebUiBuiltInKeywords$verifyElementText$8.call(Unknown Source)
	at org.codehaus.groovy.runtime.callsite.CallSiteArray.defaultCall(CallSiteArray.java:48)
	at org.codehaus.groovy.runtime.callsite.AbstractCallSite.call(AbstractCallSite.java:113)
	at org.codehaus.groovy.runtime.callsite.AbstractCallSite.call(AbstractCallSite.java:133)
	at Script1558567198115.run(Script1558567198115.groovy:64)
	at com.kms.katalon.core.main.ScriptEngine.run(ScriptEngine.java:183)
	at com.kms.katalon.core.main.ScriptEngine.runScriptAsRawText(ScriptEngine.java:108)
	at com.kms.katalon.core.main.TestCaseExecutor.runScript(TestCaseExecutor.java:294)
	at com.kms.katalon.core.main.TestCaseExecutor.doExecute(TestCaseExecutor.java:285)
	at com.kms.katalon.core.main.TestCaseExecutor.processExecutionPhase(TestCaseExecutor.java:264)
	at com.kms.katalon.core.main.TestCaseExecutor.accessMainPhase(TestCaseExecutor.java:256)
	at com.kms.katalon.core.main.TestCaseExecutor.execute(TestCaseExecutor.java:200)
	at com.kms.katalon.core.main.TestSuiteExecutor.accessTestCaseMainPhase(TestSuiteExecutor.java:129)
	at com.kms.katalon.core.main.TestSuiteExecutor.accessTestSuiteMainPhase(TestSuiteExecutor.java:112)
	at com.kms.katalon.core.main.TestSuiteExecutor.execute(TestSuiteExecutor.java:81)
	at com.kms.katalon.core.main.TestCaseMain.startTestSuite(TestCaseMain.java:142)
	at com.kms.katalon.core.main.TestCaseMain$startTestSuite$0.call(Unknown Source)
	at org.codehaus.groovy.runtime.callsite.CallSiteArray.defaultCall(CallSiteArray.java:48)
	at org.codehaus.groovy.runtime.callsite.AbstractCallSite.call(AbstractCallSite.java:113)
	at org.codehaus.groovy.runtime.callsite.AbstractCallSite.call(AbstractCallSite.java:141)
	at TempTestSuite1559084026291.run(TempTestSuite1559084026291.groovy:36)
	at groovy.lang.GroovyShell.runScriptOrMainOrTestOrRunnable(GroovyShell.java:263)
	at groovy.lang.GroovyShell.run(GroovyShell.java:518)
	at groovy.lang.GroovyShell.run(GroovyShell.java:507)
	at groovy.ui.GroovyMain.processOnce(GroovyMain.java:653)
	at groovy.ui.GroovyMain.run(GroovyMain.java:384)
	at groovy.ui.GroovyMain.process(GroovyMain.java:370)
	at groovy.ui.GroovyMain.processArgs(GroovyMain.java:129)
	at groovy.ui.GroovyMain.main(GroovyMain.java:109)
	at sun.reflect.NativeMethodAccessorImpl.invoke0(Native Method)
	at sun.reflect.NativeMethodAccessorImpl.invoke(NativeMethodAccessorImpl.java:62)
	at sun.reflect.DelegatingMethodAccessorImpl.invoke(DelegatingMethodAccessorImpl.java:43)
	at java.lang.reflect.Method.invoke(Method.java:498)
	at org.codehaus.groovy.tools.GroovyStarter.rootLoader(GroovyStarter.java:109)
	at org.codehaus.groovy.tools.GroovyStarter.main(GroovyStarter.java:131)
)

2019-05-28 15:59:46 - [TEST_STEP][PASSED] - openBrowser: Browser is opened with url: 'https://stats.eu1.kontiki.com/login/email'

2019-05-28 16:00:01 - [MESSAGE][PASSED] - Browser is opened with url: 'https://stats.eu1.kontiki.com/login/email'

2019-05-28 16:00:01 - [TEST_STEP][PASSED] - setText: Text 'alahley@kollective.com' is set on object 'Object Repository/Page_Log in/input_email'

2019-05-28 16:00:01 - [MESSAGE][PASSED] - Text 'alahley@kollective.com' is set on object 'Object Repository/Page_Log in/input_email'

2019-05-28 16:00:01 - [TEST_STEP][PASSED] - setEncryptedText: Text ****** has been set on object 'Object Repository/Page_Log in/input_password'

2019-05-28 16:00:01 - [MESSAGE][PASSED] - Text ****** has been set on object 'Object Repository/Page_Log in/input_password'

2019-05-28 16:00:01 - [TEST_STEP][PASSED] - click: Object: 'Object Repository/Page_Log in/input_remember' is clicked on

2019-05-28 16:00:01 - [MESSAGE][PASSED] - Object: 'Object Repository/Page_Log in/input_remember' is clicked on

2019-05-28 16:00:01 - [TEST_STEP][PASSED] - click: Object: 'Object Repository/Page_Log in/input_login-submit' is clicked on

2019-05-28 16:00:06 - [MESSAGE][PASSED] - Object: 'Object Repository/Page_Log in/input_login-submit' is clicked on

2019-05-28 16:00:06 - [TEST_STEP][PASSED] - waitForAngularLoad: Angular is ready.

2019-05-28 16:00:09 - [MESSAGE][PASSED] - Angular is ready.

2019-05-28 16:00:09 - [TEST_STEP][PASSED] - click: Object: 'Object Repository/Page_Overview/strong_Filters' is clicked on

2019-05-28 16:00:09 - [MESSAGE][PASSED] - Object: 'Object Repository/Page_Overview/strong_Filters' is clicked on

2019-05-28 16:00:09 - [TEST_STEP][PASSED] - selectOptionByValue: All options with value 'string:year' are selected in object 'Object Repository/Page_Overview/select_is in the pastis on the'  using regular expression

2019-05-28 16:00:10 - [MESSAGE][PASSED] - All options with value 'string:year' are selected in object 'Object Repository/Page_Overview/select_is in the pastis on the'  using regular expression

2019-05-28 16:00:10 - [TEST_STEP][PASSED] - setText: Text '2017' is set on object 'Object Repository/Page_Overview/input_Time Filter_form-control'

2019-05-28 16:00:10 - [MESSAGE][PASSED] - Text '2017' is set on object 'Object Repository/Page_Overview/input_Time Filter_form-control'

2019-05-28 16:00:10 - [TEST_STEP][PASSED] - waitForAngularLoad: Angular is ready.

2019-05-28 16:00:10 - [MESSAGE][PASSED] - Angular is ready.

2019-05-28 16:00:10 - [TEST_STEP][PASSED] - click: Object: 'Object Repository/Page_Overview/button_Run' is clicked on

2019-05-28 16:00:10 - [MESSAGE][PASSED] - Object: 'Object Repository/Page_Overview/button_Run' is clicked on

2019-05-28 16:00:10 - [TEST_STEP][PASSED] - waitForAngularLoad: Angular is ready.

2019-05-28 16:00:37 - [MESSAGE][PASSED] - Angular is ready.

2019-05-28 16:00:37 - [TEST_STEP][PASSED] - click: Object: 'Object Repository/Page_Overview/i_Stop_lk-icon-gear' is clicked on

2019-05-28 16:00:37 - [MESSAGE][PASSED] - Object: 'Object Repository/Page_Overview/i_Stop_lk-icon-gear' is clicked on

2019-05-28 16:00:37 - [TEST_STEP][PASSED] - click: Object: 'Object Repository/Page_Overview/a_Clear Cache  Refresh' is clicked on

2019-05-28 16:00:37 - [MESSAGE][PASSED] - Object: 'Object Repository/Page_Overview/a_Clear Cache  Refresh' is clicked on

2019-05-28 16:00:37 - [TEST_STEP][PASSED] - waitForPageLoad: Wait for page load successfully

2019-05-28 16:00:37 - [MESSAGE][WARNING] - Timeout '0' is invalid. Using default page load timeout: '30'

2019-05-28 16:00:37 - [MESSAGE][PASSED] - Wait for page load successfully

2019-05-28 16:00:37 - [TEST_STEP][PASSED] - waitForAngularLoad: Angular is ready.

2019-05-28 16:00:51 - [MESSAGE][PASSED] - Angular is ready.

2019-05-28 16:00:51 - [TEST_STEP][FAILED] - verifyElementText: Actual text 'Events' and expected text 'Total Live Events' of test object 'Object Repository/Page_Overview/div_Total Live Events' are NOT matched.

2019-05-28 16:00:51 - [MESSAGE][FAILED] - Actual text 'Events' and expected text 'Total Live Events' of test object 'Object Repository/Page_Overview/div_Total Live Events' are NOT matched.
[[ATTACHMENT|/Users/alahley/Katalon Studio/Analytics/Reports/Gated Public 10.11 - EU1/20190528_155346/1559084451312.png]]

2019-05-28 16:00:51 - [TEST_STEP][PASSED] - verifyElementText: Actual text and expected text of test object 'Object Repository/Page_Overview/div_2971' are matched.

2019-05-28 16:00:51 - [MESSAGE][PASSED] - Actual text and expected text of test object 'Object Repository/Page_Overview/div_2971' are matched.

2019-05-28 16:00:51 - [TEST_STEP][FAILED] - verifyElementText: Actual text 'Avg. Monthly Events' and expected text 'Average Monthly Events' of test object 'Object Repository/Page_Live Event Summary/div_Average Monthly Events' are NOT matched.

2019-05-28 16:00:51 - [MESSAGE][FAILED] - Actual text 'Avg. Monthly Events' and expected text 'Average Monthly Events' of test object 'Object Repository/Page_Live Event Summary/div_Average Monthly Events' are NOT matched.
[[ATTACHMENT|/Users/alahley/Katalon Studio/Analytics/Reports/Gated Public 10.11 - EU1/20190528_155346/1559084451604.png]]

2019-05-28 16:00:51 - [TEST_STEP][PASSED] - verifyElementText: Actual text and expected text of test object 'Object Repository/Page_Overview/div_293' are matched.

2019-05-28 16:00:51 - [MESSAGE][PASSED] - Actual text and expected text of test object 'Object Repository/Page_Overview/div_293' are matched.

2019-05-28 16:00:51 - [TEST_STEP][FAILED] - verifyElementText: Actual text 'Agents' and expected text 'Unique Viewers' of test object 'Object Repository/Page_Overview/div_Unique Viewers' are NOT matched.

2019-05-28 16:00:52 - [MESSAGE][FAILED] - Actual text 'Agents' and expected text 'Unique Viewers' of test object 'Object Repository/Page_Overview/div_Unique Viewers' are NOT matched.
[[ATTACHMENT|/Users/alahley/Katalon Studio/Analytics/Reports/Gated Public 10.11 - EU1/20190528_155346/1559084451846.png]]

2019-05-28 16:00:52 - [TEST_STEP][NOT_RUN] - verifyElementText: NOT_RUN: verifyElementText

2019-05-28 16:00:52 - [MESSAGE][NOT_RUN] - NOT_RUN: verifyElementText

2019-05-28 16:00:52 - [TEST_STEP][FAILED] - verifyElementText: Actual text 'Avg. Monthly Views' and expected text 'Average Monthly Views' of test object 'Object Repository/Page_Live Event Summary/div_Average Monthly Views' are NOT matched.

2019-05-28 16:00:52 - [MESSAGE][FAILED] - Actual text 'Avg. Monthly Views' and expected text 'Average Monthly Views' of test object 'Object Repository/Page_Live Event Summary/div_Average Monthly Views' are NOT matched.
[[ATTACHMENT|/Users/alahley/Katalon Studio/Analytics/Reports/Gated Public 10.11 - EU1/20190528_155346/1559084452062.png]]

2019-05-28 16:00:52 - [TEST_STEP][PASSED] - verifyElementText: Actual text and expected text of test object 'Object Repository/Page_Overview/div_72736' are matched.

2019-05-28 16:00:52 - [MESSAGE][PASSED] - Actual text and expected text of test object 'Object Repository/Page_Overview/div_72736' are matched.

2019-05-28 16:00:52 - [TEST_STEP][FAILED] - verifyElementText: Actual text 'Videos' and expected text 'Total Videos' of test object 'Object Repository/Page_Overview/div_Total Videos' are NOT matched.

2019-05-28 16:00:52 - [MESSAGE][FAILED] - Actual text 'Videos' and expected text 'Total Videos' of test object 'Object Repository/Page_Overview/div_Total Videos' are NOT matched.
[[ATTACHMENT|/Users/alahley/Katalon Studio/Analytics/Reports/Gated Public 10.11 - EU1/20190528_155346/1559084452294.png]]

2019-05-28 16:00:52 - [TEST_STEP][PASSED] - verifyElementText: Actual text and expected text of test object 'Object Repository/Page_Overview/div_20715' are matched.

2019-05-28 16:00:52 - [MESSAGE][PASSED] - Actual text and expected text of test object 'Object Repository/Page_Overview/div_20715' are matched.

2019-05-28 16:00:52 - [TEST_STEP][FAILED] - verifyElementText: com.kms.katalon.core.webui.exception.WebElementNotFoundException: Web element with id: 'Object Repository/Page_Overview/div_Total Views' located by 'By.xpath: //div[(text() = 'Total Views' or . = 'Total Views')]' not found

2019-05-28 16:01:41 - [MESSAGE][FAILED] - com.kms.katalon.core.webui.exception.WebElementNotFoundException: Web element with id: 'Object Repository/Page_Overview/div_Total Views' located by 'By.xpath: //div[(text() = 'Total Views' or . = 'Total Views')]' not found
[[ATTACHMENT|/Users/alahley/Katalon Studio/Analytics/Reports/Gated Public 10.11 - EU1/20190528_155346/1559084500827.png]]

2019-05-28 16:01:41 - [TEST_STEP][FAILED] - verifyElementText: com.kms.katalon.core.webui.exception.WebElementNotFoundException: Web element with id: 'Object Repository/Page_Overview/div_1512829' located by 'By.xpath: //div[(text() = '1,512,829' or . = '1,512,829')]' not found

2019-05-28 16:02:21 - [MESSAGE][FAILED] - com.kms.katalon.core.webui.exception.WebElementNotFoundException: Web element with id: 'Object Repository/Page_Overview/div_1512829' located by 'By.xpath: //div[(text() = '1,512,829' or . = '1,512,829')]' not found
[[ATTACHMENT|/Users/alahley/Katalon Studio/Analytics/Reports/Gated Public 10.11 - EU1/20190528_155346/1559084541698.png]]

2019-05-28 16:02:21 - [TEST_STEP][FAILED] - verifyElementText: Actual text 'Agents' and expected text 'Unique Viewers' of test object 'Object Repository/Page_Overview/div_Unique Viewers' are NOT matched.

2019-05-28 16:02:22 - [MESSAGE][FAILED] - Actual text 'Agents' and expected text 'Unique Viewers' of test object 'Object Repository/Page_Overview/div_Unique Viewers' are NOT matched.
[[ATTACHMENT|/Users/alahley/Katalon Studio/Analytics/Reports/Gated Public 10.11 - EU1/20190528_155346/1559084541923.png]]

2019-05-28 16:02:22 - [TEST_STEP][NOT_RUN] - verifyElementText: NOT_RUN: verifyElementText

2019-05-28 16:02:22 - [MESSAGE][NOT_RUN] - NOT_RUN: verifyElementText

2019-05-28 16:02:22 - [TEST_STEP][FAILED] - verifyElementText: Actual text 'Hours Viewed' and expected text 'Total Hours Watched' of test object 'Object Repository/Page_Overview/div_Total Hours Watched' are NOT matched.

2019-05-28 16:02:22 - [MESSAGE][FAILED] - Actual text 'Hours Viewed' and expected text 'Total Hours Watched' of test object 'Object Repository/Page_Overview/div_Total Hours Watched' are NOT matched.
[[ATTACHMENT|/Users/alahley/Katalon Studio/Analytics/Reports/Gated Public 10.11 - EU1/20190528_155346/1559084542117.png]]

2019-05-28 16:02:22 - [TEST_STEP][NOT_RUN] - verifyElementText: NOT_RUN: verifyElementText

2019-05-28 16:02:22 - [MESSAGE][NOT_RUN] - NOT_RUN: verifyElementText

2019-05-28 16:02:22 - [TEST_STEP][FAILED] - verifyElementText: com.kms.katalon.core.webui.exception.WebElementNotFoundException: Web element with id: 'Object Repository/Page_Overview/div_Unique Agents' located by 'By.xpath: //div[(text() = 'Unique Agents' or . = 'Unique Agents')]' not found

2019-05-28 16:03:08 - [MESSAGE][FAILED] - com.kms.katalon.core.webui.exception.WebElementNotFoundException: Web element with id: 'Object Repository/Page_Overview/div_Unique Agents' located by 'By.xpath: //div[(text() = 'Unique Agents' or . = 'Unique Agents')]' not found
[[ATTACHMENT|/Users/alahley/Katalon Studio/Analytics/Reports/Gated Public 10.11 - EU1/20190528_155346/1559084588577.png]]

2019-05-28 16:03:08 - [TEST_STEP][NOT_RUN] - verifyElementText: NOT_RUN: verifyElementText

2019-05-28 16:03:08 - [MESSAGE][NOT_RUN] - NOT_RUN: verifyElementText

2019-05-28 16:03:08 - [TEST_STEP][FAILED] - verifyElementText: com.kms.katalon.core.webui.exception.WebElementNotFoundException: Web element with id: 'Object Repository/Page_Overview/div_Deliveries' located by 'By.xpath: //div[(text() = 'Deliveries' or . = 'Deliveries')]' not found

2019-05-28 16:03:55 - [MESSAGE][FAILED] - com.kms.katalon.core.webui.exception.WebElementNotFoundException: Web element with id: 'Object Repository/Page_Overview/div_Deliveries' located by 'By.xpath: //div[(text() = 'Deliveries' or . = 'Deliveries')]' not found
[[ATTACHMENT|/Users/alahley/Katalon Studio/Analytics/Reports/Gated Public 10.11 - EU1/20190528_155346/1559084635072.png]]

2019-05-28 16:03:55 - [TEST_STEP][NOT_RUN] - verifyElementText: NOT_RUN: verifyElementText

2019-05-28 16:03:55 - [MESSAGE][NOT_RUN] - NOT_RUN: verifyElementText

2019-05-28 16:03:55 - [TEST_STEP][FAILED] - verifyElementText: com.kms.katalon.core.webui.exception.WebElementNotFoundException: Web element with id: 'Object Repository/Page_Overview/div_Saved GB' located by 'By.xpath: //div[(text() = 'Saved GB' or . = 'Saved GB')]' not found

2019-05-28 16:04:42 - [MESSAGE][FAILED] - com.kms.katalon.core.webui.exception.WebElementNotFoundException: Web element with id: 'Object Repository/Page_Overview/div_Saved GB' located by 'By.xpath: //div[(text() = 'Saved GB' or . = 'Saved GB')]' not found
[[ATTACHMENT|/Users/alahley/Katalon Studio/Analytics/Reports/Gated Public 10.11 - EU1/20190528_155346/1559084682730.png]]

2019-05-28 16:04:42 - [TEST_STEP][PASSED] - verifyElementText: Actual text and expected text of test object 'Object Repository/Page_Overview/div_431857' are matched.

2019-05-28 16:04:42 - [MESSAGE][PASSED] - Actual text and expected text of test object 'Object Repository/Page_Overview/div_431857' are matched.

2019-05-28 16:04:42 - [TEST_STEP][FAILED] - verifyElementText: com.kms.katalon.core.webui.exception.WebElementNotFoundException: Web element with id: 'Object Repository/Page_Overview/div_Total GB' located by 'By.xpath: //div[(text() = 'Total GB' or . = 'Total GB')]' not found

2019-05-28 16:05:29 - [MESSAGE][FAILED] - com.kms.katalon.core.webui.exception.WebElementNotFoundException: Web element with id: 'Object Repository/Page_Overview/div_Total GB' located by 'By.xpath: //div[(text() = 'Total GB' or . = 'Total GB')]' not found
[[ATTACHMENT|/Users/alahley/Katalon Studio/Analytics/Reports/Gated Public 10.11 - EU1/20190528_155346/1559084729258.png]]

2019-05-28 16:05:29 - [TEST_STEP][NOT_RUN] - verifyElementText: NOT_RUN: verifyElementText

2019-05-28 16:05:29 - [MESSAGE][NOT_RUN] - NOT_RUN: verifyElementText

2019-05-28 16:05:29 - [TEST_STEP][FAILED] - verifyElementPresent: com.kms.katalon.core.webui.exception.WebElementNotFoundException: Web element with id: 'Object Repository/Page_Overview/div_Peering Efficiency' located by 'By.xpath: //div[(text() = 'Peering Efficiency' or . = 'Peering Efficiency')]' not found

2019-05-28 16:05:29 - [MESSAGE][WARNING] - Timeout '0' is invalid. Using default page load timeout: '30'

2019-05-28 16:06:10 - [MESSAGE][FAILED] - com.kms.katalon.core.webui.exception.WebElementNotFoundException: Web element with id: 'Object Repository/Page_Overview/div_Peering Efficiency' located by 'By.xpath: //div[(text() = 'Peering Efficiency' or . = 'Peering Efficiency')]' not found
[[ATTACHMENT|/Users/alahley/Katalon Studio/Analytics/Reports/Gated Public 10.11 - EU1/20190528_155346/1559084770009.png]]

2019-05-28 16:06:10 - [TEST_STEP][FAILED] - verifyElementPresent: com.kms.katalon.core.webui.exception.WebElementNotFoundException: Web element with id: 'Object Repository/Page_Overview/div_82' located by 'By.xpath: //div[(text() = '82%' or . = '82%')]' not found

2019-05-28 16:07:43 - [MESSAGE][FAILED] - com.kms.katalon.core.webui.exception.WebElementNotFoundException: Web element with id: 'Object Repository/Page_Overview/div_82' located by 'By.xpath: //div[(text() = '82%' or . = '82%')]' not found
[[ATTACHMENT|/Users/alahley/Katalon Studio/Analytics/Reports/Gated Public 10.11 - EU1/20190528_155346/1559084863311.png]]

2019-05-28 16:07:43 - [TEST_STEP][FAILED] - verifyElementPresent: com.kms.katalon.core.webui.exception.WebElementNotFoundException: Web element with id: 'Object Repository/Page_Overview/div_VoD Summary Peering Effici' located by 'By.xpath: //div[(text() = 'VoD Summary Peering Efficiency' or . = 'VoD Summary Peering Efficiency')]' not found

2019-05-28 16:07:43 - [MESSAGE][WARNING] - Timeout '0' is invalid. Using default page load timeout: '30'

2019-05-28 16:08:24 - [MESSAGE][FAILED] - com.kms.katalon.core.webui.exception.WebElementNotFoundException: Web element with id: 'Object Repository/Page_Overview/div_VoD Summary Peering Effici' located by 'By.xpath: //div[(text() = 'VoD Summary Peering Efficiency' or . = 'VoD Summary Peering Efficiency')]' not found
[[ATTACHMENT|/Users/alahley/Katalon Studio/Analytics/Reports/Gated Public 10.11 - EU1/20190528_155346/1559084903843.png]]

2019-05-28 16:08:24 - [TEST_STEP][PASSED] - verifyElementPresent: Object 'Object Repository/Page_Overview/a_Go to VoD Summary (1)' is present

2019-05-28 16:08:24 - [MESSAGE][WARNING] - Timeout '0' is invalid. Using default page load timeout: '30'

2019-05-28 16:08:24 - [MESSAGE][PASSED] - Object 'Object Repository/Page_Overview/a_Go to VoD Summary (1)' is present

2019-05-28 16:08:24 - [TEST_STEP][FAILED] - verifyElementPresent: com.kms.katalon.core.webui.exception.WebElementNotFoundException: Web element with id: 'Object Repository/Page_Overview/div_Peering Efficiency' located by 'By.xpath: //div[(text() = 'Peering Efficiency' or . = 'Peering Efficiency')]' not found

2019-05-28 16:08:24 - [MESSAGE][WARNING] - Timeout '0' is invalid. Using default page load timeout: '30'

2019-05-28 16:09:05 - [MESSAGE][FAILED] - com.kms.katalon.core.webui.exception.WebElementNotFoundException: Web element with id: 'Object Repository/Page_Overview/div_Peering Efficiency' located by 'By.xpath: //div[(text() = 'Peering Efficiency' or . = 'Peering Efficiency')]' not found
[[ATTACHMENT|/Users/alahley/Katalon Studio/Analytics/Reports/Gated Public 10.11 - EU1/20190528_155346/1559084944851.png]]

2019-05-28 16:09:05 - [TEST_STEP][FAILED] - verifyElementPresent: com.kms.katalon.core.webui.exception.WebElementNotFoundException: Web element with id: 'Object Repository/Page_Overview/div_Peering Efficiency (1)' located by 'By.xpath: //div[(text() = 'Peering Efficiency' or . = 'Peering Efficiency')]' not found

2019-05-28 16:09:05 - [MESSAGE][WARNING] - Timeout '0' is invalid. Using default page load timeout: '30'

2019-05-28 16:09:45 - [MESSAGE][FAILED] - com.kms.katalon.core.webui.exception.WebElementNotFoundException: Web element with id: 'Object Repository/Page_Overview/div_Peering Efficiency (1)' located by 'By.xpath: //div[(text() = 'Peering Efficiency' or . = 'Peering Efficiency')]' not found
[[ATTACHMENT|/Users/alahley/Katalon Studio/Analytics/Reports/Gated Public 10.11 - EU1/20190528_155346/1559084985639.png]]

2019-05-28 16:09:45 - [TEST_STEP][FAILED] - verifyElementPresent: com.kms.katalon.core.webui.exception.WebElementNotFoundException: Web element with id: 'Object Repository/Page_Overview/div_Live Views' located by 'By.xpath: //div[(text() = 'Live Views' or . = 'Live Views')]' not found

2019-05-28 16:09:45 - [MESSAGE][WARNING] - Timeout '0' is invalid. Using default page load timeout: '30'

2019-05-28 16:10:26 - [MESSAGE][FAILED] - com.kms.katalon.core.webui.exception.WebElementNotFoundException: Web element with id: 'Object Repository/Page_Overview/div_Live Views' located by 'By.xpath: //div[(text() = 'Live Views' or . = 'Live Views')]' not found
[[ATTACHMENT|/Users/alahley/Katalon Studio/Analytics/Reports/Gated Public 10.11 - EU1/20190528_155346/1559085026337.png]]

2019-05-28 16:10:26 - [TEST_STEP][PASSED] - verifyElementPresent: Object 'Object Repository/Page_Overview/div_Live Events' is present

2019-05-28 16:10:26 - [MESSAGE][WARNING] - Timeout '0' is invalid. Using default page load timeout: '30'

2019-05-28 16:10:26 - [MESSAGE][PASSED] - Object 'Object Repository/Page_Overview/div_Live Events' is present

2019-05-28 16:10:26 - [TEST_STEP][FAILED] - verifyElementPresent: com.kms.katalon.core.webui.exception.WebElementNotFoundException: Web element with id: 'Object Repository/Page_Overview/span_VoD Views' located by 'By.xpath: //span[(text() = 'VoD Views' or . = 'VoD Views')]' not found

2019-05-28 16:10:26 - [MESSAGE][WARNING] - Timeout '0' is invalid. Using default page load timeout: '30'

2019-05-28 16:11:03 - [MESSAGE][FAILED] - com.kms.katalon.core.webui.exception.WebElementNotFoundException: Web element with id: 'Object Repository/Page_Overview/span_VoD Views' located by 'By.xpath: //span[(text() = 'VoD Views' or . = 'VoD Views')]' not found
[[ATTACHMENT|/Users/alahley/Katalon Studio/Analytics/Reports/Gated Public 10.11 - EU1/20190528_155346/1559085063148.png]]

2019-05-28 16:11:03 - [TEST_STEP][FAILED] - verifyElementPresent: com.kms.katalon.core.webui.exception.WebElementNotFoundException: Web element with id: 'Object Repository/Page_Overview/div_VoD over time' located by 'By.xpath: //div[(text() = 'VoD over time' or . = 'VoD over time')]' not found

2019-05-28 16:11:03 - [MESSAGE][WARNING] - Timeout '0' is invalid. Using default page load timeout: '30'

2019-05-28 16:36:30 - [MESSAGE][FAILED] - com.kms.katalon.core.webui.exception.WebElementNotFoundException: Web element with id: 'Object Repository/Page_Overview/div_VoD over time' located by 'By.xpath: //div[(text() = 'VoD over time' or . = 'VoD over time')]' not found
[[ATTACHMENT|/Users/alahley/Katalon Studio/Analytics/Reports/Gated Public 10.11 - EU1/20190528_155346/1559086590027.png]]

2019-05-28 16:36:30 - [TEST_STEP][PASSED] - verifyElementPresent: Object 'Object Repository/Page_Overview/span_Deliveries by Month' is present

2019-05-28 16:36:30 - [MESSAGE][WARNING] - Timeout '0' is invalid. Using default page load timeout: '30'

2019-05-28 16:36:30 - [MESSAGE][PASSED] - Object 'Object Repository/Page_Overview/span_Deliveries by Month' is present

2019-05-28 16:36:30 - [TEST_STEP][PASSED] - verifyElementPresent: Object 'Object Repository/Page_Overview/a_Go to Live Event Summary' is present

2019-05-28 16:36:30 - [MESSAGE][WARNING] - Timeout '0' is invalid. Using default page load timeout: '30'

2019-05-28 16:36:30 - [MESSAGE][PASSED] - Object 'Object Repository/Page_Overview/a_Go to Live Event Summary' is present

2019-05-28 16:36:30 - [TEST_STEP][PASSED] - verifyElementPresent: Object 'Object Repository/Page_Overview/a_Go to VoD Summary' is present

2019-05-28 16:36:30 - [MESSAGE][WARNING] - Timeout '0' is invalid. Using default page load timeout: '30'

2019-05-28 16:36:30 - [MESSAGE][PASSED] - Object 'Object Repository/Page_Overview/a_Go to VoD Summary' is present

2019-05-28 16:36:30 - [TEST_STEP][PASSED] - verifyElementPresent: Object 'Object Repository/Page_Overview/a_Go to Network Summary' is present

2019-05-28 16:36:30 - [MESSAGE][WARNING] - Timeout '0' is invalid. Using default page load timeout: '30'

2019-05-28 16:36:30 - [MESSAGE][PASSED] - Object 'Object Repository/Page_Overview/a_Go to Network Summary' is present

2019-05-28 16:36:30 - [TEST_STEP][PASSED] - waitForAngularLoad: Angular is ready.

2019-05-28 16:36:30 - [MESSAGE][PASSED] - Angular is ready.

2019-05-28 16:36:30 - [TEST_STEP][PASSED] - waitForPageLoad: Wait for page load successfully

2019-05-28 16:36:30 - [MESSAGE][WARNING] - Timeout '0' is invalid. Using default page load timeout: '30'

2019-05-28 16:36:30 - [MESSAGE][PASSED] - Wait for page load successfully

2019-05-28 16:36:30 - [TEST_STEP][PASSED] - closeBrowser: Browser is closed

2019-05-28 16:36:30 - [MESSAGE][PASSED] - Browser is closed]]></system-out>
         <system-err><![CDATA[2019-05-28 15:59:46 - [TEST_CASE][FAILED] - Test Cases/EU1/EU 1 - 10.11 - Overview, or Landing Page: Test Cases/EU1/EU 1 - 10.11 - Overview, or Landing Page FAILED because (of) (Stack trace: com.kms.katalon.core.exception.StepFailedException: Actual text 'Events' and expected text 'Total Live Events' of test object 'Object Repository/Page_Overview/div_Total Live Events' are NOT matched.
	at com.kms.katalon.core.keyword.internal.KeywordMain.stepFailed(KeywordMain.groovy:32)
	at com.kms.katalon.core.webui.keyword.internal.WebUIKeywordMain.stepFailed(WebUIKeywordMain.groovy:65)
	at com.kms.katalon.core.webui.keyword.builtin.VerifyElementTextKeyword$_verifyElementText_closure1.doCall(VerifyElementTextKeyword.groovy:57)
	at com.kms.katalon.core.webui.keyword.builtin.VerifyElementTextKeyword$_verifyElementText_closure1.call(VerifyElementTextKeyword.groovy)
	at com.kms.katalon.core.webui.keyword.internal.WebUIKeywordMain.runKeyword(WebUIKeywordMain.groovy:21)
	at com.kms.katalon.core.webui.keyword.builtin.VerifyElementTextKeyword.verifyElementText(VerifyElementTextKeyword.groovy:72)
	at com.kms.katalon.core.webui.keyword.builtin.VerifyElementTextKeyword.execute(VerifyElementTextKeyword.groovy:40)
	at com.kms.katalon.core.keyword.internal.KeywordExecutor.executeKeywordForPlatform(KeywordExecutor.groovy:53)
	at com.kms.katalon.core.webui.keyword.WebUiBuiltInKeywords.verifyElementText(WebUiBuiltInKeywords.groovy:3663)
	at com.kms.katalon.core.webui.keyword.WebUiBuiltInKeywords$verifyElementText$8.call(Unknown Source)
	at org.codehaus.groovy.runtime.callsite.CallSiteArray.defaultCall(CallSiteArray.java:48)
	at org.codehaus.groovy.runtime.callsite.AbstractCallSite.call(AbstractCallSite.java:113)
	at org.codehaus.groovy.runtime.callsite.AbstractCallSite.call(AbstractCallSite.java:133)
	at Script1558567198115.run(Script1558567198115.groovy:64)
	at com.kms.katalon.core.main.ScriptEngine.run(ScriptEngine.java:183)
	at com.kms.katalon.core.main.ScriptEngine.runScriptAsRawText(ScriptEngine.java:108)
	at com.kms.katalon.core.main.TestCaseExecutor.runScript(TestCaseExecutor.java:294)
	at com.kms.katalon.core.main.TestCaseExecutor.doExecute(TestCaseExecutor.java:285)
	at com.kms.katalon.core.main.TestCaseExecutor.processExecutionPhase(TestCaseExecutor.java:264)
	at com.kms.katalon.core.main.TestCaseExecutor.accessMainPhase(TestCaseExecutor.java:256)
	at com.kms.katalon.core.main.TestCaseExecutor.execute(TestCaseExecutor.java:200)
	at com.kms.katalon.core.main.TestSuiteExecutor.accessTestCaseMainPhase(TestSuiteExecutor.java:129)
	at com.kms.katalon.core.main.TestSuiteExecutor.accessTestSuiteMainPhase(TestSuiteExecutor.java:112)
	at com.kms.katalon.core.main.TestSuiteExecutor.execute(TestSuiteExecutor.java:81)
	at com.kms.katalon.core.main.TestCaseMain.startTestSuite(TestCaseMain.java:142)
	at com.kms.katalon.core.main.TestCaseMain$startTestSuite$0.call(Unknown Source)
	at org.codehaus.groovy.runtime.callsite.CallSiteArray.defaultCall(CallSiteArray.java:48)
	at org.codehaus.groovy.runtime.callsite.AbstractCallSite.call(AbstractCallSite.java:113)
	at org.codehaus.groovy.runtime.callsite.AbstractCallSite.call(AbstractCallSite.java:141)
	at TempTestSuite1559084026291.run(TempTestSuite1559084026291.groovy:36)
	at groovy.lang.GroovyShell.runScriptOrMainOrTestOrRunnable(GroovyShell.java:263)
	at groovy.lang.GroovyShell.run(GroovyShell.java:518)
	at groovy.lang.GroovyShell.run(GroovyShell.java:507)
	at groovy.ui.GroovyMain.processOnce(GroovyMain.java:653)
	at groovy.ui.GroovyMain.run(GroovyMain.java:384)
	at groovy.ui.GroovyMain.process(GroovyMain.java:370)
	at groovy.ui.GroovyMain.processArgs(GroovyMain.java:129)
	at groovy.ui.GroovyMain.main(GroovyMain.java:109)
	at sun.reflect.NativeMethodAccessorImpl.invoke0(Native Method)
	at sun.reflect.NativeMethodAccessorImpl.invoke(NativeMethodAccessorImpl.java:62)
	at sun.reflect.DelegatingMethodAccessorImpl.invoke(DelegatingMethodAccessorImpl.java:43)
	at java.lang.reflect.Method.invoke(Method.java:498)
	at org.codehaus.groovy.tools.GroovyStarter.rootLoader(GroovyStarter.java:109)
	at org.codehaus.groovy.tools.GroovyStarter.main(GroovyStarter.java:131)
)]]></system-err>
      </testcase>
      <system-out><![CDATA[2019-05-28 15:53:47 - [TEST_SUITE][FAILED] - Gated Public 10.11 - EU1: Test Cases/EU1/EU 1 - 10.11 - Overview, or Landing Page FAILED because (of) (Stack trace: com.kms.katalon.core.exception.StepFailedException: Actual text 'Events' and expected text 'Total Live Events' of test object 'Object Repository/Page_Overview/div_Total Live Events' are NOT matched.
	at com.kms.katalon.core.keyword.internal.KeywordMain.stepFailed(KeywordMain.groovy:32)
	at com.kms.katalon.core.webui.keyword.internal.WebUIKeywordMain.stepFailed(WebUIKeywordMain.groovy:65)
	at com.kms.katalon.core.webui.keyword.builtin.VerifyElementTextKeyword$_verifyElementText_closure1.doCall(VerifyElementTextKeyword.groovy:57)
	at com.kms.katalon.core.webui.keyword.builtin.VerifyElementTextKeyword$_verifyElementText_closure1.call(VerifyElementTextKeyword.groovy)
	at com.kms.katalon.core.webui.keyword.internal.WebUIKeywordMain.runKeyword(WebUIKeywordMain.groovy:21)
	at com.kms.katalon.core.webui.keyword.builtin.VerifyElementTextKeyword.verifyElementText(VerifyElementTextKeyword.groovy:72)
	at com.kms.katalon.core.webui.keyword.builtin.VerifyElementTextKeyword.execute(VerifyElementTextKeyword.groovy:40)
	at com.kms.katalon.core.keyword.internal.KeywordExecutor.executeKeywordForPlatform(KeywordExecutor.groovy:53)
	at com.kms.katalon.core.webui.keyword.WebUiBuiltInKeywords.verifyElementText(WebUiBuiltInKeywords.groovy:3663)
	at com.kms.katalon.core.webui.keyword.WebUiBuiltInKeywords$verifyElementText$8.call(Unknown Source)
	at org.codehaus.groovy.runtime.callsite.CallSiteArray.defaultCall(CallSiteArray.java:48)
	at org.codehaus.groovy.runtime.callsite.AbstractCallSite.call(AbstractCallSite.java:113)
	at org.codehaus.groovy.runtime.callsite.AbstractCallSite.call(AbstractCallSite.java:133)
	at Script1558567198115.run(Script1558567198115.groovy:64)
	at com.kms.katalon.core.main.ScriptEngine.run(ScriptEngine.java:183)
	at com.kms.katalon.core.main.ScriptEngine.runScriptAsRawText(ScriptEngine.java:108)
	at com.kms.katalon.core.main.TestCaseExecutor.runScript(TestCaseExecutor.java:294)
	at com.kms.katalon.core.main.TestCaseExecutor.doExecute(TestCaseExecutor.java:285)
	at com.kms.katalon.core.main.TestCaseExecutor.processExecutionPhase(TestCaseExecutor.java:264)
	at com.kms.katalon.core.main.TestCaseExecutor.accessMainPhase(TestCaseExecutor.java:256)
	at com.kms.katalon.core.main.TestCaseExecutor.execute(TestCaseExecutor.java:200)
	at com.kms.katalon.core.main.TestSuiteExecutor.accessTestCaseMainPhase(TestSuiteExecutor.java:129)
	at com.kms.katalon.core.main.TestSuiteExecutor.accessTestSuiteMainPhase(TestSuiteExecutor.java:112)
	at com.kms.katalon.core.main.TestSuiteExecutor.execute(TestSuiteExecutor.java:81)
	at com.kms.katalon.core.main.TestCaseMain.startTestSuite(TestCaseMain.java:142)
	at com.kms.katalon.core.main.TestCaseMain$startTestSuite$0.call(Unknown Source)
	at org.codehaus.groovy.runtime.callsite.CallSiteArray.defaultCall(CallSiteArray.java:48)
	at org.codehaus.groovy.runtime.callsite.AbstractCallSite.call(AbstractCallSite.java:113)
	at org.codehaus.groovy.runtime.callsite.AbstractCallSite.call(AbstractCallSite.java:141)
	at TempTestSuite1559084026291.run(TempTestSuite1559084026291.groovy:36)
	at groovy.lang.GroovyShell.runScriptOrMainOrTestOrRunnable(GroovyShell.java:263)
	at groovy.lang.GroovyShell.run(GroovyShell.java:518)
	at groovy.lang.GroovyShell.run(GroovyShell.java:507)
	at groovy.ui.GroovyMain.processOnce(GroovyMain.java:653)
	at groovy.ui.GroovyMain.run(GroovyMain.java:384)
	at groovy.ui.GroovyMain.process(GroovyMain.java:370)
	at groovy.ui.GroovyMain.processArgs(GroovyMain.java:129)
	at groovy.ui.GroovyMain.main(GroovyMain.java:109)
	at sun.reflect.NativeMethodAccessorImpl.invoke0(Native Method)
	at sun.reflect.NativeMethodAccessorImpl.invoke(NativeMethodAccessorImpl.java:62)
	at sun.reflect.DelegatingMethodAccessorImpl.invoke(DelegatingMethodAccessorImpl.java:43)
	at java.lang.reflect.Method.invoke(Method.java:498)
	at org.codehaus.groovy.tools.GroovyStarter.rootLoader(GroovyStarter.java:109)
	at org.codehaus.groovy.tools.GroovyStarter.main(GroovyStarter.java:131)
)]]></system-out>
      <system-err><![CDATA[2019-05-28 15:53:47 - [TEST_SUITE][FAILED] - Gated Public 10.11 - EU1: Test Cases/EU1/EU 1 - 10.11 - Overview, or Landing Page FAILED because (of) (Stack trace: com.kms.katalon.core.exception.StepFailedException: Actual text 'Events' and expected text 'Total Live Events' of test object 'Object Repository/Page_Overview/div_Total Live Events' are NOT matched.
	at com.kms.katalon.core.keyword.internal.KeywordMain.stepFailed(KeywordMain.groovy:32)
	at com.kms.katalon.core.webui.keyword.internal.WebUIKeywordMain.stepFailed(WebUIKeywordMain.groovy:65)
	at com.kms.katalon.core.webui.keyword.builtin.VerifyElementTextKeyword$_verifyElementText_closure1.doCall(VerifyElementTextKeyword.groovy:57)
	at com.kms.katalon.core.webui.keyword.builtin.VerifyElementTextKeyword$_verifyElementText_closure1.call(VerifyElementTextKeyword.groovy)
	at com.kms.katalon.core.webui.keyword.internal.WebUIKeywordMain.runKeyword(WebUIKeywordMain.groovy:21)
	at com.kms.katalon.core.webui.keyword.builtin.VerifyElementTextKeyword.verifyElementText(VerifyElementTextKeyword.groovy:72)
	at com.kms.katalon.core.webui.keyword.builtin.VerifyElementTextKeyword.execute(VerifyElementTextKeyword.groovy:40)
	at com.kms.katalon.core.keyword.internal.KeywordExecutor.executeKeywordForPlatform(KeywordExecutor.groovy:53)
	at com.kms.katalon.core.webui.keyword.WebUiBuiltInKeywords.verifyElementText(WebUiBuiltInKeywords.groovy:3663)
	at com.kms.katalon.core.webui.keyword.WebUiBuiltInKeywords$verifyElementText$8.call(Unknown Source)
	at org.codehaus.groovy.runtime.callsite.CallSiteArray.defaultCall(CallSiteArray.java:48)
	at org.codehaus.groovy.runtime.callsite.AbstractCallSite.call(AbstractCallSite.java:113)
	at org.codehaus.groovy.runtime.callsite.AbstractCallSite.call(AbstractCallSite.java:133)
	at Script1558567198115.run(Script1558567198115.groovy:64)
	at com.kms.katalon.core.main.ScriptEngine.run(ScriptEngine.java:183)
	at com.kms.katalon.core.main.ScriptEngine.runScriptAsRawText(ScriptEngine.java:108)
	at com.kms.katalon.core.main.TestCaseExecutor.runScript(TestCaseExecutor.java:294)
	at com.kms.katalon.core.main.TestCaseExecutor.doExecute(TestCaseExecutor.java:285)
	at com.kms.katalon.core.main.TestCaseExecutor.processExecutionPhase(TestCaseExecutor.java:264)
	at com.kms.katalon.core.main.TestCaseExecutor.accessMainPhase(TestCaseExecutor.java:256)
	at com.kms.katalon.core.main.TestCaseExecutor.execute(TestCaseExecutor.java:200)
	at com.kms.katalon.core.main.TestSuiteExecutor.accessTestCaseMainPhase(TestSuiteExecutor.java:129)
	at com.kms.katalon.core.main.TestSuiteExecutor.accessTestSuiteMainPhase(TestSuiteExecutor.java:112)
	at com.kms.katalon.core.main.TestSuiteExecutor.execute(TestSuiteExecutor.java:81)
	at com.kms.katalon.core.main.TestCaseMain.startTestSuite(TestCaseMain.java:142)
	at com.kms.katalon.core.main.TestCaseMain$startTestSuite$0.call(Unknown Source)
	at org.codehaus.groovy.runtime.callsite.CallSiteArray.defaultCall(CallSiteArray.java:48)
	at org.codehaus.groovy.runtime.callsite.AbstractCallSite.call(AbstractCallSite.java:113)
	at org.codehaus.groovy.runtime.callsite.AbstractCallSite.call(AbstractCallSite.java:141)
	at TempTestSuite1559084026291.run(TempTestSuite1559084026291.groovy:36)
	at groovy.lang.GroovyShell.runScriptOrMainOrTestOrRunnable(GroovyShell.java:263)
	at groovy.lang.GroovyShell.run(GroovyShell.java:518)
	at groovy.lang.GroovyShell.run(GroovyShell.java:507)
	at groovy.ui.GroovyMain.processOnce(GroovyMain.java:653)
	at groovy.ui.GroovyMain.run(GroovyMain.java:384)
	at groovy.ui.GroovyMain.process(GroovyMain.java:370)
	at groovy.ui.GroovyMain.processArgs(GroovyMain.java:129)
	at groovy.ui.GroovyMain.main(GroovyMain.java:109)
	at sun.reflect.NativeMethodAccessorImpl.invoke0(Native Method)
	at sun.reflect.NativeMethodAccessorImpl.invoke(NativeMethodAccessorImpl.java:62)
	at sun.reflect.DelegatingMethodAccessorImpl.invoke(DelegatingMethodAccessorImpl.java:43)
	at java.lang.reflect.Method.invoke(Method.java:498)
	at org.codehaus.groovy.tools.GroovyStarter.rootLoader(GroovyStarter.java:109)
	at org.codehaus.groovy.tools.GroovyStarter.main(GroovyStarter.java:131)
)]]></system-err>
   </testsuite>
</testsuites>
