<?xml version="1.0" encoding="UTF-8"?>
<testsuites name="Prod 3 Sanity Check" time="831" tests="3" failures="3" errors="0">
   <testsuite name="Prod 3 Sanity Check" tests="3" failures="3" errors="0" time="831" timestamp="2018-11-19 12:53:03" hostname="alahley - 172.16.168.60" id="Test Suites/Prod 3 Sanity Check">
      <properties>
         <property name="deviceName" value=""/>
         <property name="devicePlatform" value=""/>
         <property name="logFolder" value="/Users/alahley/Katalon Studio/Analytics/Reports/Prod 3 Sanity Check/20181119_125302"/>
         <property name="logFiles" value="/Users/alahley/Katalon Studio/Analytics/Reports/Prod 3 Sanity Check/20181119_125302/execution0.log"/>
         <property name="attachments" value="/Users/alahley/Katalon Studio/Analytics/Reports/Prod 3 Sanity Check/20181119_125302/1542660983070.png, /Users/alahley/Katalon Studio/Analytics/Reports/Prod 3 Sanity Check/20181119_125302/1542661035585.png, /Users/alahley/Katalon Studio/Analytics/Reports/Prod 3 Sanity Check/20181119_125302/1542661190532.png, /Users/alahley/Katalon Studio/Analytics/Reports/Prod 3 Sanity Check/20181119_125302/1542661578486.png, /Users/alahley/Katalon Studio/Analytics/Reports/Prod 3 Sanity Check/20181119_125302/1542661578770.png"/>
         <property name="hostName" value="alahley - 172.16.168.60"/>
         <property name="os" value="Mac OS X 64bit"/>
         <property name="katalonVersion" value="4.1.0.2"/>
         <property name="browser" value="Firefox 62.0"/>
         <property name="hostAddress" value="172.16.168.60"/>
         <property name="sessionId" value="bb30759d-bf6c-a04e-9200-db5a221720cb"/>
         <property name="seleniumVersion" value="3.7.1"/>
         <property name="proxyInformation" value="ProxyInformation{proxyOption=NO_PROXY, proxyServerType=HTTP, password=, proxyServerAddress=, proxyServerPort=0}"/>
         <property name="platform" value="Mac OS X"/>
      </properties>
      <testcase name="Test Cases/Prod 3/Prod 3 - Logging In and Out" classname="Test Cases/Prod 3/Prod 3 - Logging In and Out" status="PASSED">
         <system-out><![CDATA[2018-11-19 12:53:03 - [TEST_CASE][PASSED] - Test Cases/Prod 3/Prod 3 - Logging In and Out: Test Cases/Prod 3/Prod 3 - Logging In and Out

2018-11-19 12:53:03 - [TEST_STEP][PASSED] - openBrowser: Browser is opened with url: 'https://stats.ac1.kontiki.com/login/email'

2018-11-19 12:53:13 - [MESSAGE][PASSED] - Browser is opened with url: 'https://stats.ac1.kontiki.com/login/email'

2018-11-19 12:53:13 - [TEST_STEP][PASSED] - setText: Text 'alahley@kollective.com' is set on object 'Object Repository/Page_Log in/input_email (2)'

2018-11-19 12:53:14 - [MESSAGE][PASSED] - Text 'alahley@kollective.com' is set on object 'Object Repository/Page_Log in/input_email (2)'

2018-11-19 12:53:14 - [TEST_STEP][PASSED] - setEncryptedText: Text ****** has been set on object 'Object Repository/Page_Log in/input_password (2)'

2018-11-19 12:53:14 - [MESSAGE][PASSED] - Text ****** has been set on object 'Object Repository/Page_Log in/input_password (2)'

2018-11-19 12:53:14 - [TEST_STEP][PASSED] - click: Object: 'Object Repository/Page_Log in/input_remember (2)' is clicked on

2018-11-19 12:53:14 - [MESSAGE][PASSED] - Object: 'Object Repository/Page_Log in/input_remember (2)' is clicked on

2018-11-19 12:53:14 - [TEST_STEP][PASSED] - click: Object: 'Object Repository/Page_Log in/input_login-submit (2)' is clicked on

2018-11-19 12:53:18 - [MESSAGE][PASSED] - Object: 'Object Repository/Page_Log in/input_login-submit (2)' is clicked on

2018-11-19 12:53:18 - [TEST_STEP][PASSED] - waitForAngularLoad: Angular is ready.

2018-11-19 12:53:20 - [MESSAGE][PASSED] - Angular is ready.

2018-11-19 12:53:20 - [TEST_STEP][PASSED] - verifyElementPresent: Object 'Object Repository/Page_Overview/a' is present

2018-11-19 12:53:20 - [MESSAGE][WARNING] - Timeout '0' is invalid. Using default page load timeout: '30'

2018-11-19 12:53:21 - [MESSAGE][PASSED] - Object 'Object Repository/Page_Overview/a' is present

2018-11-19 12:53:21 - [TEST_STEP][PASSED] - verifyElementPresent: Object 'Object Repository/Page_Overview/div_Release Notes_flyout-backg (1)' is present

2018-11-19 12:53:21 - [MESSAGE][WARNING] - Timeout '0' is invalid. Using default page load timeout: '30'

2018-11-19 12:53:21 - [MESSAGE][PASSED] - Object 'Object Repository/Page_Overview/div_Release Notes_flyout-backg (1)' is present

2018-11-19 12:53:21 - [TEST_STEP][PASSED] - verifyElementPresent: Object 'Object Repository/Page_Overview/div_Admin_real-image' is present

2018-11-19 12:53:21 - [MESSAGE][WARNING] - Timeout '0' is invalid. Using default page load timeout: '30'

2018-11-19 12:53:21 - [MESSAGE][PASSED] - Object 'Object Repository/Page_Overview/div_Admin_real-image' is present

2018-11-19 12:53:21 - [TEST_STEP][PASSED] - verifyElementPresent: Object 'Object Repository/Page_Overview/div_Release Notes_flyout-backg (1)' is present

2018-11-19 12:53:21 - [MESSAGE][WARNING] - Timeout '0' is invalid. Using default page load timeout: '30'

2018-11-19 12:53:21 - [MESSAGE][PASSED] - Object 'Object Repository/Page_Overview/div_Release Notes_flyout-backg (1)' is present

2018-11-19 12:53:21 - [TEST_STEP][PASSED] - verifyElementPresent: Object 'Object Repository/Page_Overview/i_Admin_lk-icon-arrow-down-car' is present

2018-11-19 12:53:21 - [MESSAGE][WARNING] - Timeout '0' is invalid. Using default page load timeout: '30'

2018-11-19 12:53:21 - [MESSAGE][PASSED] - Object 'Object Repository/Page_Overview/i_Admin_lk-icon-arrow-down-car' is present

2018-11-19 12:53:21 - [TEST_STEP][PASSED] - verifyElementPresent: Object 'Object Repository/Page_Overview/div_Live EventsOverview' is present

2018-11-19 12:53:21 - [MESSAGE][WARNING] - Timeout '0' is invalid. Using default page load timeout: '30'

2018-11-19 12:53:21 - [MESSAGE][PASSED] - Object 'Object Repository/Page_Overview/div_Live EventsOverview' is present

2018-11-19 12:53:21 - [TEST_STEP][PASSED] - verifyElementPresent: Object 'Object Repository/Page_Overview/div_View your detailed Network (1)' is present

2018-11-19 12:53:21 - [MESSAGE][WARNING] - Timeout '0' is invalid. Using default page load timeout: '30'

2018-11-19 12:53:21 - [MESSAGE][PASSED] - Object 'Object Repository/Page_Overview/div_View your detailed Network (1)' is present

2018-11-19 12:53:21 - [TEST_STEP][PASSED] - verifyElementPresent: Object 'Object Repository/Page_Overview/div_NetworkOverview' is present

2018-11-19 12:53:21 - [MESSAGE][WARNING] - Timeout '0' is invalid. Using default page load timeout: '30'

2018-11-19 12:53:21 - [MESSAGE][PASSED] - Object 'Object Repository/Page_Overview/div_NetworkOverview' is present

2018-11-19 12:53:21 - [TEST_STEP][PASSED] - verifyElementPresent: Object 'Object Repository/Page_Overview/div_Filters Time Filter is in' is present

2018-11-19 12:53:21 - [MESSAGE][WARNING] - Timeout '0' is invalid. Using default page load timeout: '30'

2018-11-19 12:53:21 - [MESSAGE][PASSED] - Object 'Object Repository/Page_Overview/div_Filters Time Filter is in' is present

2018-11-19 12:53:21 - [TEST_STEP][PASSED] - click: Object: 'Object Repository/Page_Overview/a' is clicked on

2018-11-19 12:53:21 - [MESSAGE][PASSED] - Object: 'Object Repository/Page_Overview/a' is clicked on

2018-11-19 12:53:21 - [TEST_STEP][PASSED] - click: Object: 'Object Repository/Page_Overview/a_Log Out' is clicked on

2018-11-19 12:53:23 - [MESSAGE][PASSED] - Object: 'Object Repository/Page_Overview/a_Log Out' is clicked on

2018-11-19 12:53:23 - [TEST_STEP][PASSED] - verifyElementPresent: Object 'Object Repository/Page_Log in/div_Logout Successful.' is present

2018-11-19 12:53:23 - [MESSAGE][WARNING] - Timeout '0' is invalid. Using default page load timeout: '30'

2018-11-19 12:53:23 - [MESSAGE][PASSED] - Object 'Object Repository/Page_Log in/div_Logout Successful.' is present

2018-11-19 12:53:23 - [TEST_STEP][PASSED] - verifyTextPresent: Text 'Logout Successful.' is present on page 

2018-11-19 12:53:23 - [MESSAGE][PASSED] - Text 'Logout Successful.' is present on page 

2018-11-19 12:53:23 - [TEST_STEP][PASSED] - closeBrowser: Browser is closed

2018-11-19 12:53:23 - [MESSAGE][PASSED] - Browser is closed]]></system-out>
         <system-err><![CDATA[]]></system-err>
      </testcase>
      <testcase name="Test Cases/Prod 3/Prod 3 - Navigation and CTAs" classname="Test Cases/Prod 3/Prod 3 - Navigation and CTAs" status="PASSED">
         <system-out><![CDATA[2018-11-19 12:53:23 - [TEST_CASE][PASSED] - Test Cases/Prod 3/Prod 3 - Navigation and CTAs: Test Cases/Prod 3/Prod 3 - Navigation and CTAs

2018-11-19 12:53:24 - [TEST_STEP][PASSED] - openBrowser: Browser is opened with url: 'https://stats.ac1.kontiki.com/login/email'

2018-11-19 12:53:30 - [MESSAGE][PASSED] - Browser is opened with url: 'https://stats.ac1.kontiki.com/login/email'

2018-11-19 12:53:30 - [TEST_STEP][PASSED] - setText: Text 'alahley@kollective.com' is set on object 'Object Repository/Page_Log in/input_email (2)'

2018-11-19 12:53:30 - [MESSAGE][PASSED] - Text 'alahley@kollective.com' is set on object 'Object Repository/Page_Log in/input_email (2)'

2018-11-19 12:53:30 - [TEST_STEP][PASSED] - setEncryptedText: Text ****** has been set on object 'Object Repository/Page_Log in/input_password (2)'

2018-11-19 12:53:30 - [MESSAGE][PASSED] - Text ****** has been set on object 'Object Repository/Page_Log in/input_password (2)'

2018-11-19 12:53:30 - [TEST_STEP][PASSED] - click: Object: 'Object Repository/Page_Log in/input_remember (2)' is clicked on

2018-11-19 12:53:30 - [MESSAGE][PASSED] - Object: 'Object Repository/Page_Log in/input_remember (2)' is clicked on

2018-11-19 12:53:30 - [TEST_STEP][PASSED] - click: Object: 'Object Repository/Page_Log in/input_login-submit (2)' is clicked on

2018-11-19 12:53:34 - [MESSAGE][PASSED] - Object: 'Object Repository/Page_Log in/input_login-submit (2)' is clicked on

2018-11-19 12:53:34 - [TEST_STEP][PASSED] - waitForAngularLoad: Angular is ready.

2018-11-19 12:53:37 - [MESSAGE][PASSED] - Angular is ready.

2018-11-19 12:53:37 - [TEST_STEP][PASSED] - waitForPageLoad: Wait for page load successfully

2018-11-19 12:53:37 - [MESSAGE][WARNING] - Timeout '0' is invalid. Using default page load timeout: '30'

2018-11-19 12:53:37 - [MESSAGE][PASSED] - Wait for page load successfully

2018-11-19 12:53:37 - [TEST_STEP][PASSED] - verifyElementVisible: Object 'Object Repository/Page_Network Summary/a_Overview' is visible

2018-11-19 12:53:37 - [MESSAGE][PASSED] - Object 'Object Repository/Page_Network Summary/a_Overview' is visible

2018-11-19 12:53:37 - [TEST_STEP][PASSED] - verifyElementVisible: Object 'Object Repository/Page_Overview/a_Go to Live Event Summary' is visible

2018-11-19 12:53:38 - [MESSAGE][PASSED] - Object 'Object Repository/Page_Overview/a_Go to Live Event Summary' is visible

2018-11-19 12:53:38 - [TEST_STEP][PASSED] - click: Object: 'Object Repository/Page_Overview/a_Go to Live Event Summary' is clicked on

2018-11-19 12:53:40 - [MESSAGE][PASSED] - Object: 'Object Repository/Page_Overview/a_Go to Live Event Summary' is clicked on

2018-11-19 12:53:40 - [TEST_STEP][PASSED] - waitForAngularLoad: Angular is ready.

2018-11-19 12:53:44 - [MESSAGE][PASSED] - Angular is ready.

2018-11-19 12:53:44 - [TEST_STEP][PASSED] - verifyElementText: Actual text and expected text of test object 'Object Repository/Page_Live Event Summary/div_Live Event Summary' are matched.

2018-11-19 12:53:44 - [MESSAGE][PASSED] - Actual text and expected text of test object 'Object Repository/Page_Live Event Summary/div_Live Event Summary' are matched.

2018-11-19 12:53:44 - [TEST_STEP][PASSED] - click: Object: 'Object Repository/Page_Network Summary/a_Overview' is clicked on

2018-11-19 12:53:47 - [MESSAGE][PASSED] - Object: 'Object Repository/Page_Network Summary/a_Overview' is clicked on

2018-11-19 12:53:47 - [TEST_STEP][PASSED] - waitForAngularLoad: Angular is ready.

2018-11-19 12:53:49 - [MESSAGE][PASSED] - Angular is ready.

2018-11-19 12:53:49 - [TEST_STEP][PASSED] - verifyElementVisible: Object 'Object Repository/Page_Overview/a_Go to VoD Summary' is visible

2018-11-19 12:53:50 - [MESSAGE][PASSED] - Object 'Object Repository/Page_Overview/a_Go to VoD Summary' is visible

2018-11-19 12:53:50 - [TEST_STEP][PASSED] - click: Object: 'Object Repository/Page_Overview/a_Go to VoD Summary' is clicked on

2018-11-19 12:53:52 - [MESSAGE][PASSED] - Object: 'Object Repository/Page_Overview/a_Go to VoD Summary' is clicked on

2018-11-19 12:53:52 - [TEST_STEP][PASSED] - waitForAngularLoad: Angular is ready.

2018-11-19 12:53:58 - [MESSAGE][PASSED] - Angular is ready.

2018-11-19 12:53:58 - [TEST_STEP][PASSED] - verifyElementText: Actual text and expected text of test object 'Object Repository/Page_Video on Demand Summary/div_Video on Demand Summary' are matched.

2018-11-19 12:53:58 - [MESSAGE][PASSED] - Actual text and expected text of test object 'Object Repository/Page_Video on Demand Summary/div_Video on Demand Summary' are matched.

2018-11-19 12:53:58 - [TEST_STEP][PASSED] - click: Object: 'Object Repository/Page_Network Summary/a_Overview' is clicked on

2018-11-19 12:54:01 - [MESSAGE][PASSED] - Object: 'Object Repository/Page_Network Summary/a_Overview' is clicked on

2018-11-19 12:54:01 - [TEST_STEP][PASSED] - waitForAngularLoad: Angular is ready.

2018-11-19 12:54:05 - [MESSAGE][PASSED] - Angular is ready.

2018-11-19 12:54:05 - [TEST_STEP][PASSED] - verifyElementVisible: Object 'Object Repository/Page_Overview/a_Go to Network Summary' is visible

2018-11-19 12:54:06 - [MESSAGE][PASSED] - Object 'Object Repository/Page_Overview/a_Go to Network Summary' is visible

2018-11-19 12:54:06 - [TEST_STEP][PASSED] - click: Object: 'Object Repository/Page_Overview/a_Go to Network Summary' is clicked on

2018-11-19 12:54:08 - [MESSAGE][PASSED] - Object: 'Object Repository/Page_Overview/a_Go to Network Summary' is clicked on

2018-11-19 12:54:08 - [TEST_STEP][PASSED] - waitForAngularLoad: Angular is ready.

2018-11-19 12:54:13 - [MESSAGE][PASSED] - Angular is ready.

2018-11-19 12:54:13 - [TEST_STEP][PASSED] - verifyElementText: Actual text and expected text of test object 'Object Repository/Page_Network Summary/div_Network Summary' are matched.

2018-11-19 12:54:14 - [MESSAGE][PASSED] - Actual text and expected text of test object 'Object Repository/Page_Network Summary/div_Network Summary' are matched.

2018-11-19 12:54:14 - [TEST_STEP][PASSED] - click: Object: 'Object Repository/Page_Network Summary/a_Overview' is clicked on

2018-11-19 12:54:19 - [MESSAGE][PASSED] - Object: 'Object Repository/Page_Network Summary/a_Overview' is clicked on

2018-11-19 12:54:19 - [TEST_STEP][PASSED] - waitForAngularLoad: Angular is ready.

2018-11-19 12:54:21 - [MESSAGE][PASSED] - Angular is ready.

2018-11-19 12:54:21 - [TEST_STEP][PASSED] - click: Object: 'Object Repository/Page_Overview/a_Network' is clicked on

2018-11-19 12:54:21 - [MESSAGE][PASSED] - Object: 'Object Repository/Page_Overview/a_Network' is clicked on

2018-11-19 12:54:21 - [TEST_STEP][PASSED] - verifyElementPresent: Object 'Object Repository/Page_Overview/a_Network Summary' is present

2018-11-19 12:54:21 - [MESSAGE][WARNING] - Timeout '0' is invalid. Using default page load timeout: '30'

2018-11-19 12:54:21 - [MESSAGE][PASSED] - Object 'Object Repository/Page_Overview/a_Network Summary' is present

2018-11-19 12:54:21 - [TEST_STEP][PASSED] - verifyElementClickable: Object 'Object Repository/Page_Overview/a_Network Summary' is clickable

2018-11-19 12:54:21 - [MESSAGE][PASSED] - Object 'Object Repository/Page_Overview/a_Network Summary' is clickable

2018-11-19 12:54:21 - [TEST_STEP][PASSED] - click: Object: 'Object Repository/Page_Overview/a_Network Summary' is clicked on

2018-11-19 12:54:24 - [MESSAGE][PASSED] - Object: 'Object Repository/Page_Overview/a_Network Summary' is clicked on

2018-11-19 12:54:24 - [TEST_STEP][PASSED] - waitForAngularLoad: Angular is ready.

2018-11-19 12:54:30 - [MESSAGE][PASSED] - Angular is ready.

2018-11-19 12:54:30 - [TEST_STEP][PASSED] - click: Object: 'Object Repository/Page_Overview/a_Network' is clicked on

2018-11-19 12:54:32 - [MESSAGE][PASSED] - Object: 'Object Repository/Page_Overview/a_Network' is clicked on

2018-11-19 12:54:32 - [TEST_STEP][PASSED] - verifyElementPresent: Object 'Object Repository/Page_Network Summary/a_Network Content' is present

2018-11-19 12:54:32 - [MESSAGE][WARNING] - Timeout '0' is invalid. Using default page load timeout: '30'

2018-11-19 12:54:32 - [MESSAGE][PASSED] - Object 'Object Repository/Page_Network Summary/a_Network Content' is present

2018-11-19 12:54:32 - [TEST_STEP][PASSED] - verifyElementClickable: Object 'Object Repository/Page_Network Summary/a_Network Content' is clickable

2018-11-19 12:54:32 - [MESSAGE][PASSED] - Object 'Object Repository/Page_Network Summary/a_Network Content' is clickable

2018-11-19 12:54:32 - [TEST_STEP][PASSED] - click: Object: 'Object Repository/Page_Network Summary/a_Network Content' is clicked on

2018-11-19 12:54:34 - [MESSAGE][PASSED] - Object: 'Object Repository/Page_Network Summary/a_Network Content' is clicked on

2018-11-19 12:54:34 - [TEST_STEP][PASSED] - waitForAngularLoad: Angular is ready.

2018-11-19 12:54:38 - [MESSAGE][PASSED] - Angular is ready.

2018-11-19 12:54:38 - [TEST_STEP][PASSED] - click: Object: 'Object Repository/Page_Overview/a_Network' is clicked on

2018-11-19 12:54:39 - [MESSAGE][PASSED] - Object: 'Object Repository/Page_Overview/a_Network' is clicked on

2018-11-19 12:54:39 - [TEST_STEP][PASSED] - verifyElementPresent: Object 'Object Repository/Page_Network Content/a_Network Locality' is present

2018-11-19 12:54:39 - [MESSAGE][WARNING] - Timeout '0' is invalid. Using default page load timeout: '30'

2018-11-19 12:54:39 - [MESSAGE][PASSED] - Object 'Object Repository/Page_Network Content/a_Network Locality' is present

2018-11-19 12:54:39 - [TEST_STEP][PASSED] - verifyElementClickable: Object 'Object Repository/Page_Network Content/a_Network Locality' is clickable

2018-11-19 12:54:39 - [MESSAGE][PASSED] - Object 'Object Repository/Page_Network Content/a_Network Locality' is clickable

2018-11-19 12:54:39 - [TEST_STEP][PASSED] - click: Object: 'Object Repository/Page_Network Content/a_Network Locality' is clicked on

2018-11-19 12:54:42 - [MESSAGE][PASSED] - Object: 'Object Repository/Page_Network Content/a_Network Locality' is clicked on

2018-11-19 12:54:42 - [TEST_STEP][PASSED] - waitForAngularLoad: Angular is ready.

2018-11-19 12:54:47 - [MESSAGE][PASSED] - Angular is ready.

2018-11-19 12:54:47 - [TEST_STEP][PASSED] - click: Object: 'Object Repository/Page_Network Locality/a_Live Events' is clicked on

2018-11-19 12:54:52 - [MESSAGE][PASSED] - Object: 'Object Repository/Page_Network Locality/a_Live Events' is clicked on

2018-11-19 12:54:52 - [TEST_STEP][PASSED] - verifyElementPresent: Object 'Object Repository/Page_Network Locality/a_Live Event Summary' is present

2018-11-19 12:54:52 - [MESSAGE][WARNING] - Timeout '0' is invalid. Using default page load timeout: '30'

2018-11-19 12:54:52 - [MESSAGE][PASSED] - Object 'Object Repository/Page_Network Locality/a_Live Event Summary' is present

2018-11-19 12:54:52 - [TEST_STEP][PASSED] - verifyElementClickable: Object 'Object Repository/Page_Network Locality/a_Live Event Summary' is clickable

2018-11-19 12:54:52 - [MESSAGE][PASSED] - Object 'Object Repository/Page_Network Locality/a_Live Event Summary' is clickable

2018-11-19 12:54:52 - [TEST_STEP][PASSED] - verifyElementPresent: Object 'Object Repository/Page_Live Event Summary/a_Live Event' is present

2018-11-19 12:54:52 - [MESSAGE][WARNING] - Timeout '0' is invalid. Using default page load timeout: '30'

2018-11-19 12:54:52 - [MESSAGE][PASSED] - Object 'Object Repository/Page_Live Event Summary/a_Live Event' is present

2018-11-19 12:54:52 - [TEST_STEP][PASSED] - verifyElementClickable: Object 'Object Repository/Page_Live Event Summary/a_Live Event' is clickable

2018-11-19 12:54:52 - [MESSAGE][PASSED] - Object 'Object Repository/Page_Live Event Summary/a_Live Event' is clickable

2018-11-19 12:54:52 - [TEST_STEP][PASSED] - verifyElementPresent: Object 'Object Repository/Page_Live Event/a_Live (In Progress) Event' is present

2018-11-19 12:54:52 - [MESSAGE][WARNING] - Timeout '0' is invalid. Using default page load timeout: '30'

2018-11-19 12:54:52 - [MESSAGE][PASSED] - Object 'Object Repository/Page_Live Event/a_Live (In Progress) Event' is present

2018-11-19 12:54:52 - [TEST_STEP][PASSED] - verifyElementClickable: Object 'Object Repository/Page_Live Event/a_Live (In Progress) Event' is clickable

2018-11-19 12:54:52 - [MESSAGE][PASSED] - Object 'Object Repository/Page_Live Event/a_Live (In Progress) Event' is clickable

2018-11-19 12:54:52 - [TEST_STEP][PASSED] - click: Object: 'Object Repository/Page_Live (In Progress) Event/a_Video on Demand' is clicked on

2018-11-19 12:54:52 - [MESSAGE][PASSED] - Object: 'Object Repository/Page_Live (In Progress) Event/a_Video on Demand' is clicked on

2018-11-19 12:54:52 - [TEST_STEP][PASSED] - verifyElementPresent: Object 'Object Repository/Page_Live (In Progress) Event/a_Video on Demand Summary' is present

2018-11-19 12:54:52 - [MESSAGE][WARNING] - Timeout '0' is invalid. Using default page load timeout: '30'

2018-11-19 12:54:52 - [MESSAGE][PASSED] - Object 'Object Repository/Page_Live (In Progress) Event/a_Video on Demand Summary' is present

2018-11-19 12:54:52 - [TEST_STEP][PASSED] - verifyElementClickable: Object 'Object Repository/Page_Live (In Progress) Event/a_Video on Demand Summary' is clickable

2018-11-19 12:54:52 - [MESSAGE][PASSED] - Object 'Object Repository/Page_Live (In Progress) Event/a_Video on Demand Summary' is clickable

2018-11-19 12:54:52 - [TEST_STEP][PASSED] - verifyElementPresent: Object 'Object Repository/Page_Video on Demand Summary/a_Video on Demand_1' is present

2018-11-19 12:54:52 - [MESSAGE][WARNING] - Timeout '0' is invalid. Using default page load timeout: '30'

2018-11-19 12:54:52 - [MESSAGE][PASSED] - Object 'Object Repository/Page_Video on Demand Summary/a_Video on Demand_1' is present

2018-11-19 12:54:52 - [TEST_STEP][PASSED] - verifyElementClickable: Object 'Object Repository/Page_Video on Demand Summary/a_Video on Demand_1' is clickable

2018-11-19 12:54:52 - [MESSAGE][PASSED] - Object 'Object Repository/Page_Video on Demand Summary/a_Video on Demand_1' is clickable

2018-11-19 12:54:52 - [TEST_STEP][PASSED] - verifyElementPresent: Object 'Object Repository/Page_Video on Demand/a_SCCM' is present

2018-11-19 12:54:52 - [MESSAGE][WARNING] - Timeout '0' is invalid. Using default page load timeout: '30'

2018-11-19 12:54:52 - [MESSAGE][PASSED] - Object 'Object Repository/Page_Video on Demand/a_SCCM' is present

2018-11-19 12:54:52 - [TEST_STEP][PASSED] - verifyElementClickable: Object 'Object Repository/Page_Video on Demand/a_SCCM' is clickable

2018-11-19 12:54:52 - [MESSAGE][PASSED] - Object 'Object Repository/Page_Video on Demand/a_SCCM' is clickable

2018-11-19 12:54:52 - [TEST_STEP][PASSED] - click: Object: 'Object Repository/Page_Video on Demand/a_SCCM' is clicked on

2018-11-19 12:54:55 - [MESSAGE][PASSED] - Object: 'Object Repository/Page_Video on Demand/a_SCCM' is clicked on

2018-11-19 12:54:55 - [TEST_STEP][PASSED] - waitForAngularLoad: Angular is ready.

2018-11-19 12:54:58 - [MESSAGE][PASSED] - Angular is ready.

2018-11-19 12:54:58 - [TEST_STEP][PASSED] - click: Object: 'Object Repository/Page_Network Summary/a_Overview' is clicked on

2018-11-19 12:55:01 - [MESSAGE][PASSED] - Object: 'Object Repository/Page_Network Summary/a_Overview' is clicked on

2018-11-19 12:55:01 - [TEST_STEP][PASSED] - waitForAngularLoad: Angular is ready.

2018-11-19 12:55:06 - [MESSAGE][PASSED] - Angular is ready.

2018-11-19 12:55:06 - [TEST_STEP][PASSED] - click: Object: 'Object Repository/Page_SCCM Summary/a' is clicked on

2018-11-19 12:55:07 - [MESSAGE][PASSED] - Object: 'Object Repository/Page_SCCM Summary/a' is clicked on

2018-11-19 12:55:07 - [TEST_STEP][PASSED] - verifyElementPresent: Object 'Object Repository/Page_SCCM Summary/a_Log Out' is present

2018-11-19 12:55:07 - [MESSAGE][WARNING] - Timeout '0' is invalid. Using default page load timeout: '30'

2018-11-19 12:55:07 - [MESSAGE][PASSED] - Object 'Object Repository/Page_SCCM Summary/a_Log Out' is present

2018-11-19 12:55:07 - [TEST_STEP][PASSED] - click: Object: 'Object Repository/Page_SCCM Summary/a_Log Out' is clicked on

2018-11-19 12:55:07 - [MESSAGE][PASSED] - Object: 'Object Repository/Page_SCCM Summary/a_Log Out' is clicked on

2018-11-19 12:55:07 - [TEST_STEP][PASSED] - verifyElementPresent: Object 'Object Repository/Page_Log in/div_Logout Successful.' is present

2018-11-19 12:55:07 - [MESSAGE][WARNING] - Timeout '0' is invalid. Using default page load timeout: '30'

2018-11-19 12:55:08 - [MESSAGE][PASSED] - Object 'Object Repository/Page_Log in/div_Logout Successful.' is present

2018-11-19 12:55:08 - [TEST_STEP][PASSED] - verifyTextPresent: Text 'Logout Successful.' is present on page 

2018-11-19 12:55:08 - [MESSAGE][PASSED] - Text 'Logout Successful.' is present on page 

2018-11-19 12:55:08 - [TEST_STEP][PASSED] - closeBrowser: Browser is closed

2018-11-19 12:55:08 - [MESSAGE][PASSED] - Browser is closed]]></system-out>
         <system-err><![CDATA[]]></system-err>
      </testcase>
      <testcase name="Test Cases/Prod 3/Prod 3 - Overview, or Landing Page" classname="Test Cases/Prod 3/Prod 3 - Overview, or Landing Page" status="FAILED">
         <failure type="FAILED" message="(Stack trace: com.kms.katalon.core.exception.StepFailedException: com.kms.katalon.core.webui.exception.WebElementNotFoundException: Web element with id: 'Object Repository/Page_Overview/div_56499' located by 'By.xpath: //div[(text() = '56,499' or . = '56,499')]' not found
	at com.kms.katalon.core.keyword.internal.KeywordMain.stepFailed(KeywordMain.groovy:32)
	at com.kms.katalon.core.webui.keyword.internal.WebUIKeywordMain.stepFailed(WebUIKeywordMain.groovy:65)
	at com.kms.katalon.core.webui.keyword.builtin.VerifyElementTextKeyword$_verifyElementText_closure1.doCall(VerifyElementTextKeyword.groovy:64)
	at com.kms.katalon.core.webui.keyword.builtin.VerifyElementTextKeyword$_verifyElementText_closure1.call(VerifyElementTextKeyword.groovy)
	at com.kms.katalon.core.webui.keyword.internal.WebUIKeywordMain.runKeyword(WebUIKeywordMain.groovy:21)
	at com.kms.katalon.core.webui.keyword.builtin.VerifyElementTextKeyword.verifyElementText(VerifyElementTextKeyword.groovy:72)
	at com.kms.katalon.core.webui.keyword.builtin.VerifyElementTextKeyword.execute(VerifyElementTextKeyword.groovy:40)
	at com.kms.katalon.core.keyword.internal.KeywordExecutor.executeKeywordForPlatform(KeywordExecutor.groovy:53)
	at com.kms.katalon.core.webui.keyword.WebUiBuiltInKeywords.verifyElementText(WebUiBuiltInKeywords.groovy:3663)
	at com.kms.katalon.core.webui.keyword.WebUiBuiltInKeywords$verifyElementText$10.call(Unknown Source)
	at org.codehaus.groovy.runtime.callsite.CallSiteArray.defaultCall(CallSiteArray.java:48)
	at org.codehaus.groovy.runtime.callsite.AbstractCallSite.call(AbstractCallSite.java:113)
	at org.codehaus.groovy.runtime.callsite.AbstractCallSite.call(AbstractCallSite.java:133)
	at Script1542236160245.run(Script1542236160245.groovy:115)
	at com.kms.katalon.core.main.ScriptEngine.run(ScriptEngine.java:183)
	at com.kms.katalon.core.main.ScriptEngine.runScriptAsRawText(ScriptEngine.java:108)
	at com.kms.katalon.core.main.TestCaseExecutor.runScript(TestCaseExecutor.java:294)
	at com.kms.katalon.core.main.TestCaseExecutor.doExecute(TestCaseExecutor.java:285)
	at com.kms.katalon.core.main.TestCaseExecutor.processExecutionPhase(TestCaseExecutor.java:264)
	at com.kms.katalon.core.main.TestCaseExecutor.accessMainPhase(TestCaseExecutor.java:256)
	at com.kms.katalon.core.main.TestCaseExecutor.execute(TestCaseExecutor.java:200)
	at com.kms.katalon.core.main.TestSuiteExecutor.accessTestCaseMainPhase(TestSuiteExecutor.java:129)
	at com.kms.katalon.core.main.TestSuiteExecutor.accessTestSuiteMainPhase(TestSuiteExecutor.java:112)
	at com.kms.katalon.core.main.TestSuiteExecutor.execute(TestSuiteExecutor.java:81)
	at com.kms.katalon.core.main.TestCaseMain.startTestSuite(TestCaseMain.java:142)
	at com.kms.katalon.core.main.TestCaseMain$startTestSuite$0.call(Unknown Source)
	at org.codehaus.groovy.runtime.callsite.CallSiteArray.defaultCall(CallSiteArray.java:48)
	at org.codehaus.groovy.runtime.callsite.AbstractCallSite.call(AbstractCallSite.java:113)
	at org.codehaus.groovy.runtime.callsite.AbstractCallSite.call(AbstractCallSite.java:141)
	at TempTestSuite1542660782073.run(TempTestSuite1542660782073.groovy:36)
	at groovy.lang.GroovyShell.runScriptOrMainOrTestOrRunnable(GroovyShell.java:263)
	at groovy.lang.GroovyShell.run(GroovyShell.java:518)
	at groovy.lang.GroovyShell.run(GroovyShell.java:507)
	at groovy.ui.GroovyMain.processOnce(GroovyMain.java:653)
	at groovy.ui.GroovyMain.run(GroovyMain.java:384)
	at groovy.ui.GroovyMain.process(GroovyMain.java:370)
	at groovy.ui.GroovyMain.processArgs(GroovyMain.java:129)
	at groovy.ui.GroovyMain.main(GroovyMain.java:109)
	at sun.reflect.NativeMethodAccessorImpl.invoke0(Native Method)
	at sun.reflect.NativeMethodAccessorImpl.invoke(NativeMethodAccessorImpl.java:62)
	at sun.reflect.DelegatingMethodAccessorImpl.invoke(DelegatingMethodAccessorImpl.java:43)
	at java.lang.reflect.Method.invoke(Method.java:498)
	at org.codehaus.groovy.tools.GroovyStarter.rootLoader(GroovyStarter.java:109)
	at org.codehaus.groovy.tools.GroovyStarter.main(GroovyStarter.java:131)
)"/>
         <system-out><![CDATA[2018-11-19 12:55:08 - [TEST_CASE][FAILED] - Test Cases/Prod 3/Prod 3 - Overview, or Landing Page: Test Cases/Prod 3/Prod 3 - Overview, or Landing Page FAILED because (of) (Stack trace: com.kms.katalon.core.exception.StepFailedException: com.kms.katalon.core.webui.exception.WebElementNotFoundException: Web element with id: 'Object Repository/Page_Overview/div_56499' located by 'By.xpath: //div[(text() = '56,499' or . = '56,499')]' not found
	at com.kms.katalon.core.keyword.internal.KeywordMain.stepFailed(KeywordMain.groovy:32)
	at com.kms.katalon.core.webui.keyword.internal.WebUIKeywordMain.stepFailed(WebUIKeywordMain.groovy:65)
	at com.kms.katalon.core.webui.keyword.builtin.VerifyElementTextKeyword$_verifyElementText_closure1.doCall(VerifyElementTextKeyword.groovy:64)
	at com.kms.katalon.core.webui.keyword.builtin.VerifyElementTextKeyword$_verifyElementText_closure1.call(VerifyElementTextKeyword.groovy)
	at com.kms.katalon.core.webui.keyword.internal.WebUIKeywordMain.runKeyword(WebUIKeywordMain.groovy:21)
	at com.kms.katalon.core.webui.keyword.builtin.VerifyElementTextKeyword.verifyElementText(VerifyElementTextKeyword.groovy:72)
	at com.kms.katalon.core.webui.keyword.builtin.VerifyElementTextKeyword.execute(VerifyElementTextKeyword.groovy:40)
	at com.kms.katalon.core.keyword.internal.KeywordExecutor.executeKeywordForPlatform(KeywordExecutor.groovy:53)
	at com.kms.katalon.core.webui.keyword.WebUiBuiltInKeywords.verifyElementText(WebUiBuiltInKeywords.groovy:3663)
	at com.kms.katalon.core.webui.keyword.WebUiBuiltInKeywords$verifyElementText$10.call(Unknown Source)
	at org.codehaus.groovy.runtime.callsite.CallSiteArray.defaultCall(CallSiteArray.java:48)
	at org.codehaus.groovy.runtime.callsite.AbstractCallSite.call(AbstractCallSite.java:113)
	at org.codehaus.groovy.runtime.callsite.AbstractCallSite.call(AbstractCallSite.java:133)
	at Script1542236160245.run(Script1542236160245.groovy:115)
	at com.kms.katalon.core.main.ScriptEngine.run(ScriptEngine.java:183)
	at com.kms.katalon.core.main.ScriptEngine.runScriptAsRawText(ScriptEngine.java:108)
	at com.kms.katalon.core.main.TestCaseExecutor.runScript(TestCaseExecutor.java:294)
	at com.kms.katalon.core.main.TestCaseExecutor.doExecute(TestCaseExecutor.java:285)
	at com.kms.katalon.core.main.TestCaseExecutor.processExecutionPhase(TestCaseExecutor.java:264)
	at com.kms.katalon.core.main.TestCaseExecutor.accessMainPhase(TestCaseExecutor.java:256)
	at com.kms.katalon.core.main.TestCaseExecutor.execute(TestCaseExecutor.java:200)
	at com.kms.katalon.core.main.TestSuiteExecutor.accessTestCaseMainPhase(TestSuiteExecutor.java:129)
	at com.kms.katalon.core.main.TestSuiteExecutor.accessTestSuiteMainPhase(TestSuiteExecutor.java:112)
	at com.kms.katalon.core.main.TestSuiteExecutor.execute(TestSuiteExecutor.java:81)
	at com.kms.katalon.core.main.TestCaseMain.startTestSuite(TestCaseMain.java:142)
	at com.kms.katalon.core.main.TestCaseMain$startTestSuite$0.call(Unknown Source)
	at org.codehaus.groovy.runtime.callsite.CallSiteArray.defaultCall(CallSiteArray.java:48)
	at org.codehaus.groovy.runtime.callsite.AbstractCallSite.call(AbstractCallSite.java:113)
	at org.codehaus.groovy.runtime.callsite.AbstractCallSite.call(AbstractCallSite.java:141)
	at TempTestSuite1542660782073.run(TempTestSuite1542660782073.groovy:36)
	at groovy.lang.GroovyShell.runScriptOrMainOrTestOrRunnable(GroovyShell.java:263)
	at groovy.lang.GroovyShell.run(GroovyShell.java:518)
	at groovy.lang.GroovyShell.run(GroovyShell.java:507)
	at groovy.ui.GroovyMain.processOnce(GroovyMain.java:653)
	at groovy.ui.GroovyMain.run(GroovyMain.java:384)
	at groovy.ui.GroovyMain.process(GroovyMain.java:370)
	at groovy.ui.GroovyMain.processArgs(GroovyMain.java:129)
	at groovy.ui.GroovyMain.main(GroovyMain.java:109)
	at sun.reflect.NativeMethodAccessorImpl.invoke0(Native Method)
	at sun.reflect.NativeMethodAccessorImpl.invoke(NativeMethodAccessorImpl.java:62)
	at sun.reflect.DelegatingMethodAccessorImpl.invoke(DelegatingMethodAccessorImpl.java:43)
	at java.lang.reflect.Method.invoke(Method.java:498)
	at org.codehaus.groovy.tools.GroovyStarter.rootLoader(GroovyStarter.java:109)
	at org.codehaus.groovy.tools.GroovyStarter.main(GroovyStarter.java:131)
)

2018-11-19 12:55:09 - [TEST_STEP][PASSED] - openBrowser: Browser is opened with url: 'https://stats.ac1.kontiki.com/login/email'

2018-11-19 12:55:15 - [MESSAGE][PASSED] - Browser is opened with url: 'https://stats.ac1.kontiki.com/login/email'

2018-11-19 12:55:15 - [TEST_STEP][PASSED] - setText: Text 'alahley@kollective.com' is set on object 'Object Repository/Page_Log in/input_email'

2018-11-19 12:55:15 - [MESSAGE][PASSED] - Text 'alahley@kollective.com' is set on object 'Object Repository/Page_Log in/input_email'

2018-11-19 12:55:15 - [TEST_STEP][PASSED] - setEncryptedText: Text ****** has been set on object 'Object Repository/Page_Log in/input_password'

2018-11-19 12:55:15 - [MESSAGE][PASSED] - Text ****** has been set on object 'Object Repository/Page_Log in/input_password'

2018-11-19 12:55:15 - [TEST_STEP][PASSED] - click: Object: 'Object Repository/Page_Log in/input_remember' is clicked on

2018-11-19 12:55:15 - [MESSAGE][PASSED] - Object: 'Object Repository/Page_Log in/input_remember' is clicked on

2018-11-19 12:55:15 - [TEST_STEP][PASSED] - click: Object: 'Object Repository/Page_Log in/input_login-submit' is clicked on

2018-11-19 12:55:19 - [MESSAGE][PASSED] - Object: 'Object Repository/Page_Log in/input_login-submit' is clicked on

2018-11-19 12:55:19 - [TEST_STEP][PASSED] - waitForAngularLoad: Angular is ready.

2018-11-19 12:55:21 - [MESSAGE][PASSED] - Angular is ready.

2018-11-19 12:55:21 - [TEST_STEP][PASSED] - click: Object: 'Object Repository/Page_Overview/strong_Filters' is clicked on

2018-11-19 12:55:22 - [MESSAGE][PASSED] - Object: 'Object Repository/Page_Overview/strong_Filters' is clicked on

2018-11-19 12:55:22 - [TEST_STEP][PASSED] - selectOptionByValue: All options with value 'string:year' are selected in object 'Object Repository/Page_Overview/select_is in the pastis on the'  using regular expression

2018-11-19 12:55:23 - [MESSAGE][PASSED] - All options with value 'string:year' are selected in object 'Object Repository/Page_Overview/select_is in the pastis on the'  using regular expression

2018-11-19 12:55:23 - [TEST_STEP][PASSED] - setText: Text '2017' is set on object 'Object Repository/Page_Overview/input_Time Filter_form-control'

2018-11-19 12:55:23 - [MESSAGE][PASSED] - Text '2017' is set on object 'Object Repository/Page_Overview/input_Time Filter_form-control'

2018-11-19 12:55:23 - [TEST_STEP][PASSED] - waitForAngularLoad: Angular is ready.

2018-11-19 12:55:23 - [MESSAGE][PASSED] - Angular is ready.

2018-11-19 12:55:23 - [TEST_STEP][PASSED] - click: Object: 'Object Repository/Page_Overview/button_Run' is clicked on

2018-11-19 12:55:23 - [MESSAGE][PASSED] - Object: 'Object Repository/Page_Overview/button_Run' is clicked on

2018-11-19 12:55:23 - [TEST_STEP][PASSED] - waitForAngularLoad: Angular is ready.

2018-11-19 12:55:27 - [MESSAGE][PASSED] - Angular is ready.

2018-11-19 12:55:27 - [TEST_STEP][PASSED] - click: Object: 'Object Repository/Page_Overview/i_Stop_lk-icon-gear' is clicked on

2018-11-19 12:55:28 - [MESSAGE][PASSED] - Object: 'Object Repository/Page_Overview/i_Stop_lk-icon-gear' is clicked on

2018-11-19 12:55:28 - [TEST_STEP][PASSED] - click: Object: 'Object Repository/Page_Overview/a_Clear Cache  Refresh' is clicked on

2018-11-19 12:55:28 - [MESSAGE][PASSED] - Object: 'Object Repository/Page_Overview/a_Clear Cache  Refresh' is clicked on

2018-11-19 12:55:28 - [TEST_STEP][PASSED] - waitForAngularLoad: Angular is ready.

2018-11-19 12:55:32 - [MESSAGE][PASSED] - Angular is ready.

2018-11-19 12:55:32 - [TEST_STEP][PASSED] - waitForPageLoad: Wait for page load successfully

2018-11-19 12:55:32 - [MESSAGE][WARNING] - Timeout '0' is invalid. Using default page load timeout: '30'

2018-11-19 12:55:32 - [MESSAGE][PASSED] - Wait for page load successfully

2018-11-19 12:55:32 - [TEST_STEP][PASSED] - verifyElementText: Actual text and expected text of test object 'Object Repository/Page_Overview/div_Total Live Events' are matched.

2018-11-19 12:55:32 - [MESSAGE][PASSED] - Actual text and expected text of test object 'Object Repository/Page_Overview/div_Total Live Events' are matched.

2018-11-19 12:55:32 - [TEST_STEP][PASSED] - verifyElementText: Actual text and expected text of test object 'Object Repository/Page_Overview/div_472' are matched.

2018-11-19 12:55:32 - [MESSAGE][PASSED] - Actual text and expected text of test object 'Object Repository/Page_Overview/div_472' are matched.

2018-11-19 12:55:32 - [TEST_STEP][PASSED] - verifyElementText: Actual text and expected text of test object 'Object Repository/Page_Live Event Summary/div_Average Monthly Events' are matched.

2018-11-19 12:55:32 - [MESSAGE][PASSED] - Actual text and expected text of test object 'Object Repository/Page_Live Event Summary/div_Average Monthly Events' are matched.

2018-11-19 12:55:32 - [TEST_STEP][PASSED] - verifyElementText: Actual text and expected text of test object 'Object Repository/Page_Overview/div_46' are matched.

2018-11-19 12:55:32 - [MESSAGE][PASSED] - Actual text and expected text of test object 'Object Repository/Page_Overview/div_46' are matched.

2018-11-19 12:55:32 - [TEST_STEP][PASSED] - verifyElementText: Actual text and expected text of test object 'Object Repository/Page_Overview/div_Unique Viewers' are matched.

2018-11-19 12:55:32 - [MESSAGE][PASSED] - Actual text and expected text of test object 'Object Repository/Page_Overview/div_Unique Viewers' are matched.

2018-11-19 12:55:32 - [TEST_STEP][PASSED] - verifyElementText: Actual text and expected text of test object 'Object Repository/Page_Overview/div_36651' are matched.

2018-11-19 12:55:32 - [MESSAGE][PASSED] - Actual text and expected text of test object 'Object Repository/Page_Overview/div_36651' are matched.

2018-11-19 12:55:32 - [TEST_STEP][PASSED] - verifyElementText: Actual text and expected text of test object 'Object Repository/Page_Live Event Summary/div_Average Monthly Views' are matched.

2018-11-19 12:55:32 - [MESSAGE][PASSED] - Actual text and expected text of test object 'Object Repository/Page_Live Event Summary/div_Average Monthly Views' are matched.

2018-11-19 12:55:32 - [TEST_STEP][PASSED] - verifyElementText: Actual text and expected text of test object 'Object Repository/Page_Overview/div_5316' are matched.

2018-11-19 12:55:32 - [MESSAGE][PASSED] - Actual text and expected text of test object 'Object Repository/Page_Overview/div_5316' are matched.

2018-11-19 12:55:32 - [TEST_STEP][PASSED] - verifyElementText: Actual text and expected text of test object 'Object Repository/Page_Overview/div_Total Videos' are matched.

2018-11-19 12:55:32 - [MESSAGE][PASSED] - Actual text and expected text of test object 'Object Repository/Page_Overview/div_Total Videos' are matched.

2018-11-19 12:55:32 - [TEST_STEP][PASSED] - verifyElementText: Actual text and expected text of test object 'Object Repository/Page_Overview/div_245' are matched.

2018-11-19 12:55:33 - [MESSAGE][PASSED] - Actual text and expected text of test object 'Object Repository/Page_Overview/div_245' are matched.

2018-11-19 12:55:33 - [TEST_STEP][PASSED] - verifyElementText: Actual text and expected text of test object 'Object Repository/Page_Overview/div_Total Views' are matched.

2018-11-19 12:55:33 - [MESSAGE][PASSED] - Actual text and expected text of test object 'Object Repository/Page_Overview/div_Total Views' are matched.

2018-11-19 12:55:33 - [TEST_STEP][PASSED] - verifyElementText: Actual text and expected text of test object 'Object Repository/Page_Overview/div_3748' are matched.

2018-11-19 12:55:33 - [MESSAGE][PASSED] - Actual text and expected text of test object 'Object Repository/Page_Overview/div_3748' are matched.

2018-11-19 12:55:33 - [TEST_STEP][PASSED] - verifyElementText: Actual text and expected text of test object 'Object Repository/Page_Overview/div_Unique Viewers' are matched.

2018-11-19 12:55:33 - [MESSAGE][PASSED] - Actual text and expected text of test object 'Object Repository/Page_Overview/div_Unique Viewers' are matched.

2018-11-19 12:55:33 - [TEST_STEP][PASSED] - verifyElementText: Actual text and expected text of test object 'Object Repository/Page_Overview/div_2683' are matched.

2018-11-19 12:55:33 - [MESSAGE][PASSED] - Actual text and expected text of test object 'Object Repository/Page_Overview/div_2683' are matched.

2018-11-19 12:55:33 - [TEST_STEP][PASSED] - verifyElementText: Actual text and expected text of test object 'Object Repository/Page_Overview/div_Total Hours Watched' are matched.

2018-11-19 12:55:33 - [MESSAGE][PASSED] - Actual text and expected text of test object 'Object Repository/Page_Overview/div_Total Hours Watched' are matched.

2018-11-19 12:55:33 - [TEST_STEP][PASSED] - verifyElementText: Actual text and expected text of test object 'Object Repository/Page_Overview/div_1167.4' are matched.

2018-11-19 12:55:33 - [MESSAGE][PASSED] - Actual text and expected text of test object 'Object Repository/Page_Overview/div_1167.4' are matched.

2018-11-19 12:55:33 - [TEST_STEP][PASSED] - verifyElementText: Actual text and expected text of test object 'Object Repository/Page_Overview/div_Unique Agents' are matched.

2018-11-19 12:55:33 - [MESSAGE][PASSED] - Actual text and expected text of test object 'Object Repository/Page_Overview/div_Unique Agents' are matched.

2018-11-19 12:55:33 - [TEST_STEP][FAILED] - verifyElementText: com.kms.katalon.core.webui.exception.WebElementNotFoundException: Web element with id: 'Object Repository/Page_Overview/div_56499' located by 'By.xpath: //div[(text() = '56,499' or . = '56,499')]' not found

2018-11-19 12:56:23 - [MESSAGE][FAILED] - com.kms.katalon.core.webui.exception.WebElementNotFoundException: Web element with id: 'Object Repository/Page_Overview/div_56499' located by 'By.xpath: //div[(text() = '56,499' or . = '56,499')]' not found
[[ATTACHMENT|/Users/alahley/Katalon Studio/Analytics/Reports/Prod 3 Sanity Check/20181119_125302/1542660983070.png]]

2018-11-19 12:56:23 - [TEST_STEP][PASSED] - verifyElementText: Actual text and expected text of test object 'Object Repository/Page_Overview/div_Deliveries' are matched.

2018-11-19 12:56:23 - [MESSAGE][PASSED] - Actual text and expected text of test object 'Object Repository/Page_Overview/div_Deliveries' are matched.

2018-11-19 12:56:23 - [TEST_STEP][PASSED] - verifyElementText: Actual text and expected text of test object 'Object Repository/Page_Overview/div_219148' are matched.

2018-11-19 12:56:23 - [MESSAGE][PASSED] - Actual text and expected text of test object 'Object Repository/Page_Overview/div_219148' are matched.

2018-11-19 12:56:23 - [TEST_STEP][PASSED] - verifyElementText: Actual text and expected text of test object 'Object Repository/Page_Overview/div_Saved GB' are matched.

2018-11-19 12:56:23 - [MESSAGE][PASSED] - Actual text and expected text of test object 'Object Repository/Page_Overview/div_Saved GB' are matched.

2018-11-19 12:56:23 - [TEST_STEP][PASSED] - verifyElementText: Actual text and expected text of test object 'Object Repository/Page_Overview/div_15517' are matched.

2018-11-19 12:56:23 - [MESSAGE][PASSED] - Actual text and expected text of test object 'Object Repository/Page_Overview/div_15517' are matched.

2018-11-19 12:56:23 - [TEST_STEP][PASSED] - verifyElementText: Actual text and expected text of test object 'Object Repository/Page_Overview/div_Total GB' are matched.

2018-11-19 12:56:23 - [MESSAGE][PASSED] - Actual text and expected text of test object 'Object Repository/Page_Overview/div_Total GB' are matched.

2018-11-19 12:56:23 - [TEST_STEP][PASSED] - verifyElementText: Actual text and expected text of test object 'Object Repository/Page_Overview/div_21067.65' are matched.

2018-11-19 12:56:23 - [MESSAGE][PASSED] - Actual text and expected text of test object 'Object Repository/Page_Overview/div_21067.65' are matched.

2018-11-19 12:56:23 - [TEST_STEP][PASSED] - verifyElementPresent: Object 'Object Repository/Page_Overview/div_Peering Efficiency' is present

2018-11-19 12:56:23 - [MESSAGE][WARNING] - Timeout '0' is invalid. Using default page load timeout: '30'

2018-11-19 12:56:23 - [MESSAGE][PASSED] - Object 'Object Repository/Page_Overview/div_Peering Efficiency' is present

2018-11-19 12:56:23 - [TEST_STEP][FAILED] - verifyElementPresent: com.kms.katalon.core.webui.exception.WebElementNotFoundException: Web element with id: 'Object Repository/Page_Overview/div_41' located by 'By.xpath: //div[(text() = '41%' or . = '41%')]' not found

2018-11-19 12:57:15 - [MESSAGE][FAILED] - com.kms.katalon.core.webui.exception.WebElementNotFoundException: Web element with id: 'Object Repository/Page_Overview/div_41' located by 'By.xpath: //div[(text() = '41%' or . = '41%')]' not found
[[ATTACHMENT|/Users/alahley/Katalon Studio/Analytics/Reports/Prod 3 Sanity Check/20181119_125302/1542661035585.png]]

2018-11-19 12:57:15 - [TEST_STEP][PASSED] - verifyElementPresent: Object 'Object Repository/Page_Overview/div_VoD Summary Peering Effici' is present

2018-11-19 12:57:15 - [MESSAGE][WARNING] - Timeout '0' is invalid. Using default page load timeout: '30'

2018-11-19 12:57:15 - [MESSAGE][PASSED] - Object 'Object Repository/Page_Overview/div_VoD Summary Peering Effici' is present

2018-11-19 12:57:15 - [TEST_STEP][PASSED] - verifyElementPresent: Object 'Object Repository/Page_Overview/a_Go to VoD Summary (1)' is present

2018-11-19 12:57:15 - [MESSAGE][WARNING] - Timeout '0' is invalid. Using default page load timeout: '30'

2018-11-19 12:57:15 - [MESSAGE][PASSED] - Object 'Object Repository/Page_Overview/a_Go to VoD Summary (1)' is present

2018-11-19 12:57:15 - [TEST_STEP][PASSED] - verifyElementPresent: Object 'Object Repository/Page_Overview/div_Peering Efficiency' is present

2018-11-19 12:57:15 - [MESSAGE][WARNING] - Timeout '0' is invalid. Using default page load timeout: '30'

2018-11-19 12:57:15 - [MESSAGE][PASSED] - Object 'Object Repository/Page_Overview/div_Peering Efficiency' is present

2018-11-19 12:57:15 - [TEST_STEP][PASSED] - verifyElementPresent: Object 'Object Repository/Page_Overview/div_Peering Efficiency (1)' is present

2018-11-19 12:57:15 - [MESSAGE][WARNING] - Timeout '0' is invalid. Using default page load timeout: '30'

2018-11-19 12:57:15 - [MESSAGE][PASSED] - Object 'Object Repository/Page_Overview/div_Peering Efficiency (1)' is present

2018-11-19 12:57:15 - [TEST_STEP][PASSED] - verifyElementPresent: Object 'Object Repository/Page_Overview/div_Live Views' is present

2018-11-19 12:57:15 - [MESSAGE][WARNING] - Timeout '0' is invalid. Using default page load timeout: '30'

2018-11-19 12:57:15 - [MESSAGE][PASSED] - Object 'Object Repository/Page_Overview/div_Live Views' is present

2018-11-19 12:57:15 - [TEST_STEP][PASSED] - verifyElementPresent: Object 'Object Repository/Page_Overview/div_Live Events' is present

2018-11-19 12:57:15 - [MESSAGE][WARNING] - Timeout '0' is invalid. Using default page load timeout: '30'

2018-11-19 12:57:15 - [MESSAGE][PASSED] - Object 'Object Repository/Page_Overview/div_Live Events' is present

2018-11-19 12:57:15 - [TEST_STEP][PASSED] - verifyElementPresent: Object 'Object Repository/Page_Overview/span_VoD Views' is present

2018-11-19 12:57:15 - [MESSAGE][WARNING] - Timeout '0' is invalid. Using default page load timeout: '30'

2018-11-19 12:57:15 - [MESSAGE][PASSED] - Object 'Object Repository/Page_Overview/span_VoD Views' is present

2018-11-19 12:57:15 - [TEST_STEP][PASSED] - verifyElementPresent: Object 'Object Repository/Page_Overview/div_VoD over time' is present

2018-11-19 12:57:15 - [MESSAGE][WARNING] - Timeout '0' is invalid. Using default page load timeout: '30'

2018-11-19 12:57:15 - [MESSAGE][PASSED] - Object 'Object Repository/Page_Overview/div_VoD over time' is present

2018-11-19 12:57:15 - [TEST_STEP][PASSED] - verifyElementPresent: Object 'Object Repository/Page_Overview/span_Deliveries by Month' is present

2018-11-19 12:57:15 - [MESSAGE][WARNING] - Timeout '0' is invalid. Using default page load timeout: '30'

2018-11-19 12:57:15 - [MESSAGE][PASSED] - Object 'Object Repository/Page_Overview/span_Deliveries by Month' is present

2018-11-19 12:57:15 - [TEST_STEP][PASSED] - verifyElementPresent: Object 'Object Repository/Page_Overview/a_Go to Live Event Summary' is present

2018-11-19 12:57:15 - [MESSAGE][WARNING] - Timeout '0' is invalid. Using default page load timeout: '30'

2018-11-19 12:57:15 - [MESSAGE][PASSED] - Object 'Object Repository/Page_Overview/a_Go to Live Event Summary' is present

2018-11-19 12:57:15 - [TEST_STEP][PASSED] - verifyElementPresent: Object 'Object Repository/Page_Overview/a_Go to VoD Summary' is present

2018-11-19 12:57:15 - [MESSAGE][WARNING] - Timeout '0' is invalid. Using default page load timeout: '30'

2018-11-19 12:57:15 - [MESSAGE][PASSED] - Object 'Object Repository/Page_Overview/a_Go to VoD Summary' is present

2018-11-19 12:57:15 - [TEST_STEP][PASSED] - verifyElementPresent: Object 'Object Repository/Page_Overview/a_Go to Network Summary' is present

2018-11-19 12:57:15 - [MESSAGE][WARNING] - Timeout '0' is invalid. Using default page load timeout: '30'

2018-11-19 12:57:15 - [MESSAGE][PASSED] - Object 'Object Repository/Page_Overview/a_Go to Network Summary' is present

2018-11-19 12:57:15 - [TEST_STEP][PASSED] - closeBrowser: Browser is closed

2018-11-19 12:57:16 - [MESSAGE][PASSED] - Browser is closed]]></system-out>
         <system-err><![CDATA[2018-11-19 12:55:08 - [TEST_CASE][FAILED] - Test Cases/Prod 3/Prod 3 - Overview, or Landing Page: Test Cases/Prod 3/Prod 3 - Overview, or Landing Page FAILED because (of) (Stack trace: com.kms.katalon.core.exception.StepFailedException: com.kms.katalon.core.webui.exception.WebElementNotFoundException: Web element with id: 'Object Repository/Page_Overview/div_56499' located by 'By.xpath: //div[(text() = '56,499' or . = '56,499')]' not found
	at com.kms.katalon.core.keyword.internal.KeywordMain.stepFailed(KeywordMain.groovy:32)
	at com.kms.katalon.core.webui.keyword.internal.WebUIKeywordMain.stepFailed(WebUIKeywordMain.groovy:65)
	at com.kms.katalon.core.webui.keyword.builtin.VerifyElementTextKeyword$_verifyElementText_closure1.doCall(VerifyElementTextKeyword.groovy:64)
	at com.kms.katalon.core.webui.keyword.builtin.VerifyElementTextKeyword$_verifyElementText_closure1.call(VerifyElementTextKeyword.groovy)
	at com.kms.katalon.core.webui.keyword.internal.WebUIKeywordMain.runKeyword(WebUIKeywordMain.groovy:21)
	at com.kms.katalon.core.webui.keyword.builtin.VerifyElementTextKeyword.verifyElementText(VerifyElementTextKeyword.groovy:72)
	at com.kms.katalon.core.webui.keyword.builtin.VerifyElementTextKeyword.execute(VerifyElementTextKeyword.groovy:40)
	at com.kms.katalon.core.keyword.internal.KeywordExecutor.executeKeywordForPlatform(KeywordExecutor.groovy:53)
	at com.kms.katalon.core.webui.keyword.WebUiBuiltInKeywords.verifyElementText(WebUiBuiltInKeywords.groovy:3663)
	at com.kms.katalon.core.webui.keyword.WebUiBuiltInKeywords$verifyElementText$10.call(Unknown Source)
	at org.codehaus.groovy.runtime.callsite.CallSiteArray.defaultCall(CallSiteArray.java:48)
	at org.codehaus.groovy.runtime.callsite.AbstractCallSite.call(AbstractCallSite.java:113)
	at org.codehaus.groovy.runtime.callsite.AbstractCallSite.call(AbstractCallSite.java:133)
	at Script1542236160245.run(Script1542236160245.groovy:115)
	at com.kms.katalon.core.main.ScriptEngine.run(ScriptEngine.java:183)
	at com.kms.katalon.core.main.ScriptEngine.runScriptAsRawText(ScriptEngine.java:108)
	at com.kms.katalon.core.main.TestCaseExecutor.runScript(TestCaseExecutor.java:294)
	at com.kms.katalon.core.main.TestCaseExecutor.doExecute(TestCaseExecutor.java:285)
	at com.kms.katalon.core.main.TestCaseExecutor.processExecutionPhase(TestCaseExecutor.java:264)
	at com.kms.katalon.core.main.TestCaseExecutor.accessMainPhase(TestCaseExecutor.java:256)
	at com.kms.katalon.core.main.TestCaseExecutor.execute(TestCaseExecutor.java:200)
	at com.kms.katalon.core.main.TestSuiteExecutor.accessTestCaseMainPhase(TestSuiteExecutor.java:129)
	at com.kms.katalon.core.main.TestSuiteExecutor.accessTestSuiteMainPhase(TestSuiteExecutor.java:112)
	at com.kms.katalon.core.main.TestSuiteExecutor.execute(TestSuiteExecutor.java:81)
	at com.kms.katalon.core.main.TestCaseMain.startTestSuite(TestCaseMain.java:142)
	at com.kms.katalon.core.main.TestCaseMain$startTestSuite$0.call(Unknown Source)
	at org.codehaus.groovy.runtime.callsite.CallSiteArray.defaultCall(CallSiteArray.java:48)
	at org.codehaus.groovy.runtime.callsite.AbstractCallSite.call(AbstractCallSite.java:113)
	at org.codehaus.groovy.runtime.callsite.AbstractCallSite.call(AbstractCallSite.java:141)
	at TempTestSuite1542660782073.run(TempTestSuite1542660782073.groovy:36)
	at groovy.lang.GroovyShell.runScriptOrMainOrTestOrRunnable(GroovyShell.java:263)
	at groovy.lang.GroovyShell.run(GroovyShell.java:518)
	at groovy.lang.GroovyShell.run(GroovyShell.java:507)
	at groovy.ui.GroovyMain.processOnce(GroovyMain.java:653)
	at groovy.ui.GroovyMain.run(GroovyMain.java:384)
	at groovy.ui.GroovyMain.process(GroovyMain.java:370)
	at groovy.ui.GroovyMain.processArgs(GroovyMain.java:129)
	at groovy.ui.GroovyMain.main(GroovyMain.java:109)
	at sun.reflect.NativeMethodAccessorImpl.invoke0(Native Method)
	at sun.reflect.NativeMethodAccessorImpl.invoke(NativeMethodAccessorImpl.java:62)
	at sun.reflect.DelegatingMethodAccessorImpl.invoke(DelegatingMethodAccessorImpl.java:43)
	at java.lang.reflect.Method.invoke(Method.java:498)
	at org.codehaus.groovy.tools.GroovyStarter.rootLoader(GroovyStarter.java:109)
	at org.codehaus.groovy.tools.GroovyStarter.main(GroovyStarter.java:131)
)]]></system-err>
      </testcase>
      <testcase name="Test Cases/Prod 3/Prod 3 - Summary and Detail pages" classname="Test Cases/Prod 3/Prod 3 - Summary and Detail pages" status="PASSED">
         <system-out><![CDATA[2018-11-19 12:57:16 - [TEST_CASE][PASSED] - Test Cases/Prod 3/Prod 3 - Summary and Detail pages: Test Cases/Prod 3/Prod 3 - Summary and Detail pages

2018-11-19 12:57:16 - [TEST_STEP][PASSED] - openBrowser: Browser is opened with url: 'https://stats.ac1.kontiki.com/login/email'

2018-11-19 12:57:21 - [MESSAGE][PASSED] - Browser is opened with url: 'https://stats.ac1.kontiki.com/login/email'

2018-11-19 12:57:21 - [TEST_STEP][PASSED] - setText: Text 'alahley@kollective.com' is set on object 'Object Repository/Page_Log in/input_email (2)'

2018-11-19 12:57:22 - [MESSAGE][PASSED] - Text 'alahley@kollective.com' is set on object 'Object Repository/Page_Log in/input_email (2)'

2018-11-19 12:57:22 - [TEST_STEP][PASSED] - setEncryptedText: Text ****** has been set on object 'Object Repository/Page_Log in/input_password (2)'

2018-11-19 12:57:22 - [MESSAGE][PASSED] - Text ****** has been set on object 'Object Repository/Page_Log in/input_password (2)'

2018-11-19 12:57:22 - [TEST_STEP][PASSED] - click: Object: 'Object Repository/Page_Log in/input_remember (2)' is clicked on

2018-11-19 12:57:22 - [MESSAGE][PASSED] - Object: 'Object Repository/Page_Log in/input_remember (2)' is clicked on

2018-11-19 12:57:22 - [TEST_STEP][PASSED] - click: Object: 'Object Repository/Page_Log in/input_login-submit (2)' is clicked on

2018-11-19 12:57:25 - [MESSAGE][PASSED] - Object: 'Object Repository/Page_Log in/input_login-submit (2)' is clicked on

2018-11-19 12:57:25 - [TEST_STEP][PASSED] - waitForAngularLoad: Angular is ready.

2018-11-19 12:57:27 - [MESSAGE][PASSED] - Angular is ready.

2018-11-19 12:57:27 - [TEST_STEP][PASSED] - waitForPageLoad: Wait for page load successfully

2018-11-19 12:57:27 - [MESSAGE][WARNING] - Timeout '0' is invalid. Using default page load timeout: '30'

2018-11-19 12:57:28 - [MESSAGE][PASSED] - Wait for page load successfully

2018-11-19 12:57:28 - [TEST_STEP][PASSED] - navigateToUrl: Navigate to 'https://stats.ac1.kontiki.com/dashboards/analytics_external::network_summary?time_filter=6%20months&filter_config=%7B%22time_filter%22:%5B%7B%22type%22:%22past%22,%22values%22:%5B%7B%22constant%22:%226%22,%22unit%22:%22mo%22%7D,%7B%7D%5D,%22id%22:2%7D%5D%7D' successfully

2018-11-19 12:57:30 - [MESSAGE][PASSED] - Navigate to 'https://stats.ac1.kontiki.com/dashboards/analytics_external::network_summary?time_filter=6%20months&filter_config=%7B%22time_filter%22:%5B%7B%22type%22:%22past%22,%22values%22:%5B%7B%22constant%22:%226%22,%22unit%22:%22mo%22%7D,%7B%7D%5D,%22id%22:2%7D%5D%7D' successfully

2018-11-19 12:57:30 - [TEST_STEP][PASSED] - waitForAngularLoad: Angular is ready.

2018-11-19 12:57:35 - [MESSAGE][PASSED] - Angular is ready.

2018-11-19 12:57:35 - [TEST_STEP][PASSED] - waitForPageLoad: Wait for page load successfully

2018-11-19 12:57:35 - [MESSAGE][WARNING] - Timeout '0' is invalid. Using default page load timeout: '30'

2018-11-19 12:57:37 - [MESSAGE][PASSED] - Wait for page load successfully

2018-11-19 12:57:37 - [TEST_STEP][PASSED] - navigateToUrl: Navigate to 'https://stats.ac1.kontiki.com/dashboards/analytics_external::network_content?content_moid_filter=1c2dce91-2a67-b5fd-2f4a-f75b969bcb9a&format_moid_filter=&time_filter=&filter_config=%7B%22content_moid_filter%22:%5B%7B%22type%22:%22%3D%22,%22values%22:%5B%7B%22constant%22:%221c2dce91-2a67-b5fd-2f4a-f75b969bcb9a%22%7D,%7B%7D%5D,%22id%22:0%7D%5D,%22format_moid_filter%22:%5B%7B%22type%22:%22%3D%22,%22values%22:%5B%7B%22constant%22:%22%22%7D,%7B%7D%5D,%22id%22:1%7D%5D,%22time_filter%22:%5B%7B%22type%22:%22advanced%22,%22values%22:%5B%7B%22constant%22:null%7D,%7B%7D%5D,%22id%22:2%7D%5D%7D' successfully

2018-11-19 12:57:39 - [MESSAGE][PASSED] - Navigate to 'https://stats.ac1.kontiki.com/dashboards/analytics_external::network_content?content_moid_filter=1c2dce91-2a67-b5fd-2f4a-f75b969bcb9a&format_moid_filter=&time_filter=&filter_config=%7B%22content_moid_filter%22:%5B%7B%22type%22:%22%3D%22,%22values%22:%5B%7B%22constant%22:%221c2dce91-2a67-b5fd-2f4a-f75b969bcb9a%22%7D,%7B%7D%5D,%22id%22:0%7D%5D,%22format_moid_filter%22:%5B%7B%22type%22:%22%3D%22,%22values%22:%5B%7B%22constant%22:%22%22%7D,%7B%7D%5D,%22id%22:1%7D%5D,%22time_filter%22:%5B%7B%22type%22:%22advanced%22,%22values%22:%5B%7B%22constant%22:null%7D,%7B%7D%5D,%22id%22:2%7D%5D%7D' successfully

2018-11-19 12:57:39 - [TEST_STEP][PASSED] - waitForAngularLoad: Angular is ready.

2018-11-19 12:57:44 - [MESSAGE][PASSED] - Angular is ready.

2018-11-19 12:57:44 - [TEST_STEP][PASSED] - waitForPageLoad: Wait for page load successfully

2018-11-19 12:57:44 - [MESSAGE][WARNING] - Timeout '0' is invalid. Using default page load timeout: '30'

2018-11-19 12:57:45 - [MESSAGE][PASSED] - Wait for page load successfully

2018-11-19 12:57:45 - [TEST_STEP][PASSED] - navigateToUrl: Navigate to 'https://stats.ac1.kontiki.com/dashboards/analytics_external::network_locality?Locality=Mars_HKT&Last%20Delivery%20Time=6%20months&Last%20Report%20Time=&External%20IP=&filter_config=%7B%22Last%20Delivery%20Time%22:%5B%7B%22type%22:%22past%22,%22values%22:%5B%7B%22constant%22:%226%22,%22unit%22:%22mo%22%7D,%7B%7D%5D,%22id%22:0%7D%5D,%22Last%20Report%20Time%22:%5B%7B%22type%22:%22anytime%22,%22values%22:%5B%7B%7D,%7B%7D%5D,%22id%22:1%7D%5D,%22Locality%22:%5B%7B%22type%22:%22advanced%22,%22values%22:%5B%7B%22constant%22:%22Mars_HKT%22%7D,%7B%7D%5D,%22id%22:2%7D%5D,%22External%20IP%22:%5B%7B%22type%22:%22%3D%22,%22values%22:%5B%7B%22constant%22:%22%22%7D,%7B%7D%5D,%22id%22:3%7D%5D%7D' successfully

2018-11-19 12:57:47 - [MESSAGE][PASSED] - Navigate to 'https://stats.ac1.kontiki.com/dashboards/analytics_external::network_locality?Locality=Mars_HKT&Last%20Delivery%20Time=6%20months&Last%20Report%20Time=&External%20IP=&filter_config=%7B%22Last%20Delivery%20Time%22:%5B%7B%22type%22:%22past%22,%22values%22:%5B%7B%22constant%22:%226%22,%22unit%22:%22mo%22%7D,%7B%7D%5D,%22id%22:0%7D%5D,%22Last%20Report%20Time%22:%5B%7B%22type%22:%22anytime%22,%22values%22:%5B%7B%7D,%7B%7D%5D,%22id%22:1%7D%5D,%22Locality%22:%5B%7B%22type%22:%22advanced%22,%22values%22:%5B%7B%22constant%22:%22Mars_HKT%22%7D,%7B%7D%5D,%22id%22:2%7D%5D,%22External%20IP%22:%5B%7B%22type%22:%22%3D%22,%22values%22:%5B%7B%22constant%22:%22%22%7D,%7B%7D%5D,%22id%22:3%7D%5D%7D' successfully

2018-11-19 12:57:47 - [TEST_STEP][PASSED] - waitForAngularLoad: Angular is ready.

2018-11-19 12:57:52 - [MESSAGE][PASSED] - Angular is ready.

2018-11-19 12:57:52 - [TEST_STEP][PASSED] - waitForPageLoad: Wait for page load successfully

2018-11-19 12:57:52 - [MESSAGE][WARNING] - Timeout '0' is invalid. Using default page load timeout: '30'

2018-11-19 12:57:52 - [MESSAGE][PASSED] - Wait for page load successfully

2018-11-19 12:57:52 - [TEST_STEP][PASSED] - navigateToUrl: Navigate to 'https://stats.ac1.kontiki.com/dashboards/analytics_external::live_event_summary?time_filter=6%20months&title_filter=&filter_config=%7B%22time_filter%22:%5B%7B%22type%22:%22past%22,%22values%22:%5B%7B%22constant%22:%226%22,%22unit%22:%22mo%22%7D,%7B%7D%5D,%22id%22:4%7D%5D,%22title_filter%22:%5B%7B%22type%22:%22%3D%22,%22values%22:%5B%7B%22constant%22:%22%22%7D,%7B%7D%5D,%22id%22:5%7D%5D%7D' successfully

2018-11-19 12:57:54 - [MESSAGE][PASSED] - Navigate to 'https://stats.ac1.kontiki.com/dashboards/analytics_external::live_event_summary?time_filter=6%20months&title_filter=&filter_config=%7B%22time_filter%22:%5B%7B%22type%22:%22past%22,%22values%22:%5B%7B%22constant%22:%226%22,%22unit%22:%22mo%22%7D,%7B%7D%5D,%22id%22:4%7D%5D,%22title_filter%22:%5B%7B%22type%22:%22%3D%22,%22values%22:%5B%7B%22constant%22:%22%22%7D,%7B%7D%5D,%22id%22:5%7D%5D%7D' successfully

2018-11-19 12:57:54 - [TEST_STEP][PASSED] - waitForAngularLoad: Angular is ready.

2018-11-19 12:57:57 - [MESSAGE][PASSED] - Angular is ready.

2018-11-19 12:57:57 - [TEST_STEP][PASSED] - waitForPageLoad: Wait for page load successfully

2018-11-19 12:57:57 - [MESSAGE][WARNING] - Timeout '0' is invalid. Using default page load timeout: '30'

2018-11-19 12:57:57 - [MESSAGE][PASSED] - Wait for page load successfully

2018-11-19 12:57:57 - [TEST_STEP][PASSED] - navigateToUrl: Navigate to 'https://stats.ac1.kontiki.com/dashboards/analytics_external::live_event?content_moid_filter=a6ccf98e-ab4e-40ad-9761-4227f31f6420&time_filter=&filter_config=%7B%22content_moid_filter%22:%5B%7B%22type%22:%22%3D%22,%22values%22:%5B%7B%22constant%22:%22a6ccf98e-ab4e-40ad-9761-4227f31f6420%22%7D,%7B%7D%5D,%22id%22:0%7D%5D,%22time_filter%22:%5B%7B%22type%22:%22advanced%22,%22values%22:%5B%7B%22constant%22:null%7D,%7B%7D%5D,%22id%22:1%7D%5D%7D' successfully

2018-11-19 12:58:00 - [MESSAGE][PASSED] - Navigate to 'https://stats.ac1.kontiki.com/dashboards/analytics_external::live_event?content_moid_filter=a6ccf98e-ab4e-40ad-9761-4227f31f6420&time_filter=&filter_config=%7B%22content_moid_filter%22:%5B%7B%22type%22:%22%3D%22,%22values%22:%5B%7B%22constant%22:%22a6ccf98e-ab4e-40ad-9761-4227f31f6420%22%7D,%7B%7D%5D,%22id%22:0%7D%5D,%22time_filter%22:%5B%7B%22type%22:%22advanced%22,%22values%22:%5B%7B%22constant%22:null%7D,%7B%7D%5D,%22id%22:1%7D%5D%7D' successfully

2018-11-19 12:58:00 - [TEST_STEP][PASSED] - waitForAngularLoad: Angular is ready.

2018-11-19 12:58:03 - [MESSAGE][PASSED] - Angular is ready.

2018-11-19 12:58:03 - [TEST_STEP][PASSED] - waitForPageLoad: Wait for page load successfully

2018-11-19 12:58:03 - [MESSAGE][WARNING] - Timeout '0' is invalid. Using default page load timeout: '30'

2018-11-19 12:58:03 - [MESSAGE][PASSED] - Wait for page load successfully

2018-11-19 12:58:03 - [TEST_STEP][PASSED] - navigateToUrl: Navigate to 'https://stats.ac1.kontiki.com/dashboards/analytics_external::live_event_in_progress?content_moid_filter=&time_filter=2%20weeks&filter_config=%7B%22content_moid_filter%22:%5B%7B%22type%22:%22%3D%22,%22values%22:%5B%7B%22constant%22:%22%22%7D,%7B%7D%5D,%22id%22:0%7D%5D,%22time_filter%22:%5B%7B%22type%22:%22past%22,%22values%22:%5B%7B%22constant%22:%222%22,%22unit%22:%22wk%22%7D%5D,%22id%22:1%7D%5D%7D' successfully

2018-11-19 12:58:07 - [MESSAGE][PASSED] - Navigate to 'https://stats.ac1.kontiki.com/dashboards/analytics_external::live_event_in_progress?content_moid_filter=&time_filter=2%20weeks&filter_config=%7B%22content_moid_filter%22:%5B%7B%22type%22:%22%3D%22,%22values%22:%5B%7B%22constant%22:%22%22%7D,%7B%7D%5D,%22id%22:0%7D%5D,%22time_filter%22:%5B%7B%22type%22:%22past%22,%22values%22:%5B%7B%22constant%22:%222%22,%22unit%22:%22wk%22%7D%5D,%22id%22:1%7D%5D%7D' successfully

2018-11-19 12:58:07 - [TEST_STEP][PASSED] - waitForAngularLoad: Angular is ready.

2018-11-19 12:58:18 - [MESSAGE][PASSED] - Angular is ready.

2018-11-19 12:58:18 - [TEST_STEP][PASSED] - waitForPageLoad: Wait for page load successfully

2018-11-19 12:58:18 - [MESSAGE][WARNING] - Timeout '0' is invalid. Using default page load timeout: '30'

2018-11-19 12:58:18 - [MESSAGE][PASSED] - Wait for page load successfully

2018-11-19 12:58:18 - [TEST_STEP][PASSED] - navigateToUrl: Navigate to 'https://stats.ac1.kontiki.com/dashboards/analytics_external::vod_summary?time_filter=6%20months&event_filter=&filter_config=%7B%22time_filter%22:%5B%7B%22type%22:%22past%22,%22values%22:%5B%7B%22constant%22:%226%22,%22unit%22:%22mo%22%7D,%7B%7D%5D,%22id%22:4%7D%5D,%22event_filter%22:%5B%7B%22type%22:%22%3D%22,%22values%22:%5B%7B%22constant%22:%22%22%7D,%7B%7D%5D,%22id%22:5%7D%5D%7D' successfully

2018-11-19 12:58:20 - [MESSAGE][PASSED] - Navigate to 'https://stats.ac1.kontiki.com/dashboards/analytics_external::vod_summary?time_filter=6%20months&event_filter=&filter_config=%7B%22time_filter%22:%5B%7B%22type%22:%22past%22,%22values%22:%5B%7B%22constant%22:%226%22,%22unit%22:%22mo%22%7D,%7B%7D%5D,%22id%22:4%7D%5D,%22event_filter%22:%5B%7B%22type%22:%22%3D%22,%22values%22:%5B%7B%22constant%22:%22%22%7D,%7B%7D%5D,%22id%22:5%7D%5D%7D' successfully

2018-11-19 12:58:20 - [TEST_STEP][PASSED] - waitForAngularLoad: Angular is ready.

2018-11-19 12:58:22 - [MESSAGE][PASSED] - Angular is ready.

2018-11-19 12:58:22 - [TEST_STEP][PASSED] - waitForPageLoad: Wait for page load successfully

2018-11-19 12:58:22 - [MESSAGE][WARNING] - Timeout '0' is invalid. Using default page load timeout: '30'

2018-11-19 12:58:22 - [MESSAGE][PASSED] - Wait for page load successfully

2018-11-19 12:58:22 - [TEST_STEP][PASSED] - navigateToUrl: Navigate to 'https://stats.ac1.kontiki.com/dashboards/analytics_external::vod_performance?content_moid_filter=a34b249a-d56f-4fa7-aa89-32910cce1d9d&time_filter=&filter_config=%7B%22content_moid_filter%22:%5B%7B%22type%22:%22%3D%22,%22values%22:%5B%7B%22constant%22:%22a34b249a-d56f-4fa7-aa89-32910cce1d9d%22%7D,%7B%7D%5D,%22id%22:0%7D%5D,%22time_filter%22:%5B%7B%22type%22:%22advanced%22,%22values%22:%5B%7B%22constant%22:null%7D,%7B%7D%5D,%22id%22:1%7D%5D%7D' successfully

2018-11-19 12:58:24 - [MESSAGE][PASSED] - Navigate to 'https://stats.ac1.kontiki.com/dashboards/analytics_external::vod_performance?content_moid_filter=a34b249a-d56f-4fa7-aa89-32910cce1d9d&time_filter=&filter_config=%7B%22content_moid_filter%22:%5B%7B%22type%22:%22%3D%22,%22values%22:%5B%7B%22constant%22:%22a34b249a-d56f-4fa7-aa89-32910cce1d9d%22%7D,%7B%7D%5D,%22id%22:0%7D%5D,%22time_filter%22:%5B%7B%22type%22:%22advanced%22,%22values%22:%5B%7B%22constant%22:null%7D,%7B%7D%5D,%22id%22:1%7D%5D%7D' successfully

2018-11-19 12:58:24 - [TEST_STEP][PASSED] - waitForAngularLoad: Angular is ready.

2018-11-19 12:58:30 - [MESSAGE][PASSED] - Angular is ready.

2018-11-19 12:58:30 - [TEST_STEP][PASSED] - waitForPageLoad: Wait for page load successfully

2018-11-19 12:58:30 - [MESSAGE][WARNING] - Timeout '0' is invalid. Using default page load timeout: '30'

2018-11-19 12:58:30 - [MESSAGE][PASSED] - Wait for page load successfully

2018-11-19 12:58:30 - [TEST_STEP][PASSED] - navigateToUrl: Navigate to 'https://stats.ac1.kontiki.com/dashboards/sccm_users::sccm_summary?time_filter=6%20months&filter_config=%7B%22time_filter%22:%5B%7B%22type%22:%22past%22,%22values%22:%5B%7B%22constant%22:%226%22,%22unit%22:%22mo%22%7D,%7B%7D%5D,%22id%22:2%7D%5D%7D' successfully

2018-11-19 12:58:31 - [MESSAGE][PASSED] - Navigate to 'https://stats.ac1.kontiki.com/dashboards/sccm_users::sccm_summary?time_filter=6%20months&filter_config=%7B%22time_filter%22:%5B%7B%22type%22:%22past%22,%22values%22:%5B%7B%22constant%22:%226%22,%22unit%22:%22mo%22%7D,%7B%7D%5D,%22id%22:2%7D%5D%7D' successfully

2018-11-19 12:58:31 - [TEST_STEP][PASSED] - waitForAngularLoad: Angular is ready.

2018-11-19 12:58:33 - [MESSAGE][PASSED] - Angular is ready.

2018-11-19 12:58:33 - [TEST_STEP][PASSED] - click: Object: 'Object Repository/Page_Overview/a' is clicked on

2018-11-19 12:58:34 - [MESSAGE][PASSED] - Object: 'Object Repository/Page_Overview/a' is clicked on

2018-11-19 12:58:34 - [TEST_STEP][PASSED] - click: Object: 'Object Repository/Page_Overview/a_Log Out' is clicked on

2018-11-19 12:58:36 - [MESSAGE][PASSED] - Object: 'Object Repository/Page_Overview/a_Log Out' is clicked on

2018-11-19 12:58:36 - [TEST_STEP][PASSED] - waitForPageLoad: Wait for page load successfully

2018-11-19 12:58:36 - [MESSAGE][WARNING] - Timeout '0' is invalid. Using default page load timeout: '30'

2018-11-19 12:58:36 - [MESSAGE][PASSED] - Wait for page load successfully

2018-11-19 12:58:36 - [TEST_STEP][PASSED] - verifyElementPresent: Object 'Object Repository/Page_Log in/div_Logout Successful.' is present

2018-11-19 12:58:36 - [MESSAGE][WARNING] - Timeout '0' is invalid. Using default page load timeout: '30'

2018-11-19 12:58:36 - [MESSAGE][PASSED] - Object 'Object Repository/Page_Log in/div_Logout Successful.' is present

2018-11-19 12:58:36 - [TEST_STEP][PASSED] - verifyElementPresent: Object 'Object Repository/Page_Log in/div_Logout Successful.' is present

2018-11-19 12:58:36 - [MESSAGE][WARNING] - Timeout '0' is invalid. Using default page load timeout: '30'

2018-11-19 12:58:36 - [MESSAGE][PASSED] - Object 'Object Repository/Page_Log in/div_Logout Successful.' is present

2018-11-19 12:58:36 - [TEST_STEP][PASSED] - verifyTextPresent: Text 'Logout Successful.' is present on page 

2018-11-19 12:58:36 - [MESSAGE][PASSED] - Text 'Logout Successful.' is present on page 

2018-11-19 12:58:36 - [TEST_STEP][PASSED] - closeBrowser: Browser is closed

2018-11-19 12:58:37 - [MESSAGE][PASSED] - Browser is closed]]></system-out>
         <system-err><![CDATA[]]></system-err>
      </testcase>
      <testcase name="Test Cases/Prod 3/Prod 3 - Fixture Data Validation" classname="Test Cases/Prod 3/Prod 3 - Fixture Data Validation" status="FAILED">
         <failure type="FAILED" message="(Stack trace: com.kms.katalon.core.exception.StepFailedException: com.kms.katalon.core.webui.exception.WebElementNotFoundException: Web element with id: 'Object Repository/Page_Overview/div_56499' located by 'By.xpath: //div[(text() = '56,499' or . = '56,499')]' not found
	at com.kms.katalon.core.keyword.internal.KeywordMain.stepFailed(KeywordMain.groovy:32)
	at com.kms.katalon.core.webui.keyword.internal.WebUIKeywordMain.stepFailed(WebUIKeywordMain.groovy:65)
	at com.kms.katalon.core.webui.keyword.builtin.VerifyElementTextKeyword$_verifyElementText_closure1.doCall(VerifyElementTextKeyword.groovy:64)
	at com.kms.katalon.core.webui.keyword.builtin.VerifyElementTextKeyword$_verifyElementText_closure1.call(VerifyElementTextKeyword.groovy)
	at com.kms.katalon.core.webui.keyword.internal.WebUIKeywordMain.runKeyword(WebUIKeywordMain.groovy:21)
	at com.kms.katalon.core.webui.keyword.builtin.VerifyElementTextKeyword.verifyElementText(VerifyElementTextKeyword.groovy:72)
	at com.kms.katalon.core.webui.keyword.builtin.VerifyElementTextKeyword.execute(VerifyElementTextKeyword.groovy:40)
	at com.kms.katalon.core.keyword.internal.KeywordExecutor.executeKeywordForPlatform(KeywordExecutor.groovy:53)
	at com.kms.katalon.core.webui.keyword.WebUiBuiltInKeywords.verifyElementText(WebUiBuiltInKeywords.groovy:3663)
	at com.kms.katalon.core.webui.keyword.WebUiBuiltInKeywords$verifyElementText$10.call(Unknown Source)
	at org.codehaus.groovy.runtime.callsite.CallSiteArray.defaultCall(CallSiteArray.java:48)
	at org.codehaus.groovy.runtime.callsite.AbstractCallSite.call(AbstractCallSite.java:113)
	at org.codehaus.groovy.runtime.callsite.AbstractCallSite.call(AbstractCallSite.java:133)
	at Script1542322808315.run(Script1542322808315.groovy:115)
	at com.kms.katalon.core.main.ScriptEngine.run(ScriptEngine.java:183)
	at com.kms.katalon.core.main.ScriptEngine.runScriptAsRawText(ScriptEngine.java:108)
	at com.kms.katalon.core.main.TestCaseExecutor.runScript(TestCaseExecutor.java:294)
	at com.kms.katalon.core.main.TestCaseExecutor.doExecute(TestCaseExecutor.java:285)
	at com.kms.katalon.core.main.TestCaseExecutor.processExecutionPhase(TestCaseExecutor.java:264)
	at com.kms.katalon.core.main.TestCaseExecutor.accessMainPhase(TestCaseExecutor.java:256)
	at com.kms.katalon.core.main.TestCaseExecutor.execute(TestCaseExecutor.java:200)
	at com.kms.katalon.core.main.TestSuiteExecutor.accessTestCaseMainPhase(TestSuiteExecutor.java:129)
	at com.kms.katalon.core.main.TestSuiteExecutor.accessTestSuiteMainPhase(TestSuiteExecutor.java:112)
	at com.kms.katalon.core.main.TestSuiteExecutor.execute(TestSuiteExecutor.java:81)
	at com.kms.katalon.core.main.TestCaseMain.startTestSuite(TestCaseMain.java:142)
	at com.kms.katalon.core.main.TestCaseMain$startTestSuite$0.call(Unknown Source)
	at org.codehaus.groovy.runtime.callsite.CallSiteArray.defaultCall(CallSiteArray.java:48)
	at org.codehaus.groovy.runtime.callsite.AbstractCallSite.call(AbstractCallSite.java:113)
	at org.codehaus.groovy.runtime.callsite.AbstractCallSite.call(AbstractCallSite.java:141)
	at TempTestSuite1542660782073.run(TempTestSuite1542660782073.groovy:36)
	at groovy.lang.GroovyShell.runScriptOrMainOrTestOrRunnable(GroovyShell.java:263)
	at groovy.lang.GroovyShell.run(GroovyShell.java:518)
	at groovy.lang.GroovyShell.run(GroovyShell.java:507)
	at groovy.ui.GroovyMain.processOnce(GroovyMain.java:653)
	at groovy.ui.GroovyMain.run(GroovyMain.java:384)
	at groovy.ui.GroovyMain.process(GroovyMain.java:370)
	at groovy.ui.GroovyMain.processArgs(GroovyMain.java:129)
	at groovy.ui.GroovyMain.main(GroovyMain.java:109)
	at sun.reflect.NativeMethodAccessorImpl.invoke0(Native Method)
	at sun.reflect.NativeMethodAccessorImpl.invoke(NativeMethodAccessorImpl.java:62)
	at sun.reflect.DelegatingMethodAccessorImpl.invoke(DelegatingMethodAccessorImpl.java:43)
	at java.lang.reflect.Method.invoke(Method.java:498)
	at org.codehaus.groovy.tools.GroovyStarter.rootLoader(GroovyStarter.java:109)
	at org.codehaus.groovy.tools.GroovyStarter.main(GroovyStarter.java:131)
)"/>
         <system-out><![CDATA[2018-11-19 12:58:37 - [TEST_CASE][FAILED] - Test Cases/Prod 3/Prod 3 - Fixture Data Validation: Test Cases/Prod 3/Prod 3 - Fixture Data Validation FAILED because (of) (Stack trace: com.kms.katalon.core.exception.StepFailedException: com.kms.katalon.core.webui.exception.WebElementNotFoundException: Web element with id: 'Object Repository/Page_Overview/div_56499' located by 'By.xpath: //div[(text() = '56,499' or . = '56,499')]' not found
	at com.kms.katalon.core.keyword.internal.KeywordMain.stepFailed(KeywordMain.groovy:32)
	at com.kms.katalon.core.webui.keyword.internal.WebUIKeywordMain.stepFailed(WebUIKeywordMain.groovy:65)
	at com.kms.katalon.core.webui.keyword.builtin.VerifyElementTextKeyword$_verifyElementText_closure1.doCall(VerifyElementTextKeyword.groovy:64)
	at com.kms.katalon.core.webui.keyword.builtin.VerifyElementTextKeyword$_verifyElementText_closure1.call(VerifyElementTextKeyword.groovy)
	at com.kms.katalon.core.webui.keyword.internal.WebUIKeywordMain.runKeyword(WebUIKeywordMain.groovy:21)
	at com.kms.katalon.core.webui.keyword.builtin.VerifyElementTextKeyword.verifyElementText(VerifyElementTextKeyword.groovy:72)
	at com.kms.katalon.core.webui.keyword.builtin.VerifyElementTextKeyword.execute(VerifyElementTextKeyword.groovy:40)
	at com.kms.katalon.core.keyword.internal.KeywordExecutor.executeKeywordForPlatform(KeywordExecutor.groovy:53)
	at com.kms.katalon.core.webui.keyword.WebUiBuiltInKeywords.verifyElementText(WebUiBuiltInKeywords.groovy:3663)
	at com.kms.katalon.core.webui.keyword.WebUiBuiltInKeywords$verifyElementText$10.call(Unknown Source)
	at org.codehaus.groovy.runtime.callsite.CallSiteArray.defaultCall(CallSiteArray.java:48)
	at org.codehaus.groovy.runtime.callsite.AbstractCallSite.call(AbstractCallSite.java:113)
	at org.codehaus.groovy.runtime.callsite.AbstractCallSite.call(AbstractCallSite.java:133)
	at Script1542322808315.run(Script1542322808315.groovy:115)
	at com.kms.katalon.core.main.ScriptEngine.run(ScriptEngine.java:183)
	at com.kms.katalon.core.main.ScriptEngine.runScriptAsRawText(ScriptEngine.java:108)
	at com.kms.katalon.core.main.TestCaseExecutor.runScript(TestCaseExecutor.java:294)
	at com.kms.katalon.core.main.TestCaseExecutor.doExecute(TestCaseExecutor.java:285)
	at com.kms.katalon.core.main.TestCaseExecutor.processExecutionPhase(TestCaseExecutor.java:264)
	at com.kms.katalon.core.main.TestCaseExecutor.accessMainPhase(TestCaseExecutor.java:256)
	at com.kms.katalon.core.main.TestCaseExecutor.execute(TestCaseExecutor.java:200)
	at com.kms.katalon.core.main.TestSuiteExecutor.accessTestCaseMainPhase(TestSuiteExecutor.java:129)
	at com.kms.katalon.core.main.TestSuiteExecutor.accessTestSuiteMainPhase(TestSuiteExecutor.java:112)
	at com.kms.katalon.core.main.TestSuiteExecutor.execute(TestSuiteExecutor.java:81)
	at com.kms.katalon.core.main.TestCaseMain.startTestSuite(TestCaseMain.java:142)
	at com.kms.katalon.core.main.TestCaseMain$startTestSuite$0.call(Unknown Source)
	at org.codehaus.groovy.runtime.callsite.CallSiteArray.defaultCall(CallSiteArray.java:48)
	at org.codehaus.groovy.runtime.callsite.AbstractCallSite.call(AbstractCallSite.java:113)
	at org.codehaus.groovy.runtime.callsite.AbstractCallSite.call(AbstractCallSite.java:141)
	at TempTestSuite1542660782073.run(TempTestSuite1542660782073.groovy:36)
	at groovy.lang.GroovyShell.runScriptOrMainOrTestOrRunnable(GroovyShell.java:263)
	at groovy.lang.GroovyShell.run(GroovyShell.java:518)
	at groovy.lang.GroovyShell.run(GroovyShell.java:507)
	at groovy.ui.GroovyMain.processOnce(GroovyMain.java:653)
	at groovy.ui.GroovyMain.run(GroovyMain.java:384)
	at groovy.ui.GroovyMain.process(GroovyMain.java:370)
	at groovy.ui.GroovyMain.processArgs(GroovyMain.java:129)
	at groovy.ui.GroovyMain.main(GroovyMain.java:109)
	at sun.reflect.NativeMethodAccessorImpl.invoke0(Native Method)
	at sun.reflect.NativeMethodAccessorImpl.invoke(NativeMethodAccessorImpl.java:62)
	at sun.reflect.DelegatingMethodAccessorImpl.invoke(DelegatingMethodAccessorImpl.java:43)
	at java.lang.reflect.Method.invoke(Method.java:498)
	at org.codehaus.groovy.tools.GroovyStarter.rootLoader(GroovyStarter.java:109)
	at org.codehaus.groovy.tools.GroovyStarter.main(GroovyStarter.java:131)
)

2018-11-19 12:58:37 - [TEST_STEP][PASSED] - openBrowser: Browser is opened with url: 'https://stats.ac1.kontiki.com/login/email'

2018-11-19 12:58:42 - [MESSAGE][PASSED] - Browser is opened with url: 'https://stats.ac1.kontiki.com/login/email'

2018-11-19 12:58:42 - [TEST_STEP][PASSED] - setText: Text 'alahley@kollective.com' is set on object 'Object Repository/Page_Log in/input_email'

2018-11-19 12:58:42 - [MESSAGE][PASSED] - Text 'alahley@kollective.com' is set on object 'Object Repository/Page_Log in/input_email'

2018-11-19 12:58:42 - [TEST_STEP][PASSED] - setEncryptedText: Text ****** has been set on object 'Object Repository/Page_Log in/input_password'

2018-11-19 12:58:42 - [MESSAGE][PASSED] - Text ****** has been set on object 'Object Repository/Page_Log in/input_password'

2018-11-19 12:58:42 - [TEST_STEP][PASSED] - click: Object: 'Object Repository/Page_Log in/input_remember' is clicked on

2018-11-19 12:58:43 - [MESSAGE][PASSED] - Object: 'Object Repository/Page_Log in/input_remember' is clicked on

2018-11-19 12:58:43 - [TEST_STEP][PASSED] - click: Object: 'Object Repository/Page_Log in/input_login-submit' is clicked on

2018-11-19 12:58:47 - [MESSAGE][PASSED] - Object: 'Object Repository/Page_Log in/input_login-submit' is clicked on

2018-11-19 12:58:47 - [TEST_STEP][PASSED] - waitForAngularLoad: Angular is ready.

2018-11-19 12:58:51 - [MESSAGE][PASSED] - Angular is ready.

2018-11-19 12:58:51 - [TEST_STEP][PASSED] - click: Object: 'Object Repository/Page_Overview/strong_Filters' is clicked on

2018-11-19 12:58:52 - [MESSAGE][PASSED] - Object: 'Object Repository/Page_Overview/strong_Filters' is clicked on

2018-11-19 12:58:52 - [TEST_STEP][PASSED] - selectOptionByValue: All options with value 'string:year' are selected in object 'Object Repository/Page_Overview/select_is in the pastis on the'  using regular expression

2018-11-19 12:58:53 - [MESSAGE][PASSED] - All options with value 'string:year' are selected in object 'Object Repository/Page_Overview/select_is in the pastis on the'  using regular expression

2018-11-19 12:58:53 - [TEST_STEP][PASSED] - setText: Text '2017' is set on object 'Object Repository/Page_Overview/input_Time Filter_form-control'

2018-11-19 12:58:53 - [MESSAGE][PASSED] - Text '2017' is set on object 'Object Repository/Page_Overview/input_Time Filter_form-control'

2018-11-19 12:58:53 - [TEST_STEP][PASSED] - waitForAngularLoad: Angular is ready.

2018-11-19 12:58:53 - [MESSAGE][PASSED] - Angular is ready.

2018-11-19 12:58:53 - [TEST_STEP][PASSED] - click: Object: 'Object Repository/Page_Overview/button_Run' is clicked on

2018-11-19 12:58:53 - [MESSAGE][PASSED] - Object: 'Object Repository/Page_Overview/button_Run' is clicked on

2018-11-19 12:58:53 - [TEST_STEP][PASSED] - waitForAngularLoad: Angular is ready.

2018-11-19 12:58:55 - [MESSAGE][PASSED] - Angular is ready.

2018-11-19 12:58:55 - [TEST_STEP][PASSED] - click: Object: 'Object Repository/Page_Overview/i_Stop_lk-icon-gear' is clicked on

2018-11-19 12:58:56 - [MESSAGE][PASSED] - Object: 'Object Repository/Page_Overview/i_Stop_lk-icon-gear' is clicked on

2018-11-19 12:58:56 - [TEST_STEP][PASSED] - click: Object: 'Object Repository/Page_Overview/a_Clear Cache  Refresh' is clicked on

2018-11-19 12:58:56 - [MESSAGE][PASSED] - Object: 'Object Repository/Page_Overview/a_Clear Cache  Refresh' is clicked on

2018-11-19 12:58:56 - [TEST_STEP][PASSED] - waitForAngularLoad: Angular is ready.

2018-11-19 12:59:00 - [MESSAGE][PASSED] - Angular is ready.

2018-11-19 12:59:00 - [TEST_STEP][PASSED] - waitForPageLoad: Wait for page load successfully

2018-11-19 12:59:00 - [MESSAGE][WARNING] - Timeout '0' is invalid. Using default page load timeout: '30'

2018-11-19 12:59:00 - [MESSAGE][PASSED] - Wait for page load successfully

2018-11-19 12:59:00 - [TEST_STEP][PASSED] - verifyElementText: Actual text and expected text of test object 'Object Repository/Page_Overview/div_Total Live Events' are matched.

2018-11-19 12:59:00 - [MESSAGE][PASSED] - Actual text and expected text of test object 'Object Repository/Page_Overview/div_Total Live Events' are matched.

2018-11-19 12:59:00 - [TEST_STEP][PASSED] - verifyElementText: Actual text and expected text of test object 'Object Repository/Page_Overview/div_472' are matched.

2018-11-19 12:59:01 - [MESSAGE][PASSED] - Actual text and expected text of test object 'Object Repository/Page_Overview/div_472' are matched.

2018-11-19 12:59:01 - [TEST_STEP][PASSED] - verifyElementText: Actual text and expected text of test object 'Object Repository/Page_Live Event Summary/div_Average Monthly Events' are matched.

2018-11-19 12:59:01 - [MESSAGE][PASSED] - Actual text and expected text of test object 'Object Repository/Page_Live Event Summary/div_Average Monthly Events' are matched.

2018-11-19 12:59:01 - [TEST_STEP][PASSED] - verifyElementText: Actual text and expected text of test object 'Object Repository/Page_Overview/div_46' are matched.

2018-11-19 12:59:01 - [MESSAGE][PASSED] - Actual text and expected text of test object 'Object Repository/Page_Overview/div_46' are matched.

2018-11-19 12:59:01 - [TEST_STEP][PASSED] - verifyElementText: Actual text and expected text of test object 'Object Repository/Page_Overview/div_Unique Viewers' are matched.

2018-11-19 12:59:01 - [MESSAGE][PASSED] - Actual text and expected text of test object 'Object Repository/Page_Overview/div_Unique Viewers' are matched.

2018-11-19 12:59:01 - [TEST_STEP][PASSED] - verifyElementText: Actual text and expected text of test object 'Object Repository/Page_Overview/div_36651' are matched.

2018-11-19 12:59:01 - [MESSAGE][PASSED] - Actual text and expected text of test object 'Object Repository/Page_Overview/div_36651' are matched.

2018-11-19 12:59:01 - [TEST_STEP][PASSED] - verifyElementText: Actual text and expected text of test object 'Object Repository/Page_Live Event Summary/div_Average Monthly Views' are matched.

2018-11-19 12:59:01 - [MESSAGE][PASSED] - Actual text and expected text of test object 'Object Repository/Page_Live Event Summary/div_Average Monthly Views' are matched.

2018-11-19 12:59:01 - [TEST_STEP][PASSED] - verifyElementText: Actual text and expected text of test object 'Object Repository/Page_Overview/div_5316' are matched.

2018-11-19 12:59:01 - [MESSAGE][PASSED] - Actual text and expected text of test object 'Object Repository/Page_Overview/div_5316' are matched.

2018-11-19 12:59:01 - [TEST_STEP][PASSED] - verifyElementText: Actual text and expected text of test object 'Object Repository/Page_Overview/div_Total Videos' are matched.

2018-11-19 12:59:01 - [MESSAGE][PASSED] - Actual text and expected text of test object 'Object Repository/Page_Overview/div_Total Videos' are matched.

2018-11-19 12:59:01 - [TEST_STEP][PASSED] - verifyElementText: Actual text and expected text of test object 'Object Repository/Page_Overview/div_245' are matched.

2018-11-19 12:59:01 - [MESSAGE][PASSED] - Actual text and expected text of test object 'Object Repository/Page_Overview/div_245' are matched.

2018-11-19 12:59:01 - [TEST_STEP][PASSED] - verifyElementText: Actual text and expected text of test object 'Object Repository/Page_Overview/div_Total Views' are matched.

2018-11-19 12:59:01 - [MESSAGE][PASSED] - Actual text and expected text of test object 'Object Repository/Page_Overview/div_Total Views' are matched.

2018-11-19 12:59:01 - [TEST_STEP][PASSED] - verifyElementText: Actual text and expected text of test object 'Object Repository/Page_Overview/div_3748' are matched.

2018-11-19 12:59:01 - [MESSAGE][PASSED] - Actual text and expected text of test object 'Object Repository/Page_Overview/div_3748' are matched.

2018-11-19 12:59:01 - [TEST_STEP][PASSED] - verifyElementText: Actual text and expected text of test object 'Object Repository/Page_Overview/div_Unique Viewers' are matched.

2018-11-19 12:59:01 - [MESSAGE][PASSED] - Actual text and expected text of test object 'Object Repository/Page_Overview/div_Unique Viewers' are matched.

2018-11-19 12:59:01 - [TEST_STEP][PASSED] - verifyElementText: Actual text and expected text of test object 'Object Repository/Page_Overview/div_2683' are matched.

2018-11-19 12:59:01 - [MESSAGE][PASSED] - Actual text and expected text of test object 'Object Repository/Page_Overview/div_2683' are matched.

2018-11-19 12:59:01 - [TEST_STEP][PASSED] - verifyElementText: Actual text and expected text of test object 'Object Repository/Page_Overview/div_Total Hours Watched' are matched.

2018-11-19 12:59:01 - [MESSAGE][PASSED] - Actual text and expected text of test object 'Object Repository/Page_Overview/div_Total Hours Watched' are matched.

2018-11-19 12:59:01 - [TEST_STEP][PASSED] - verifyElementText: Actual text and expected text of test object 'Object Repository/Page_Overview/div_1167.4' are matched.

2018-11-19 12:59:02 - [MESSAGE][PASSED] - Actual text and expected text of test object 'Object Repository/Page_Overview/div_1167.4' are matched.

2018-11-19 12:59:02 - [TEST_STEP][PASSED] - verifyElementText: Actual text and expected text of test object 'Object Repository/Page_Overview/div_Unique Agents' are matched.

2018-11-19 12:59:02 - [MESSAGE][PASSED] - Actual text and expected text of test object 'Object Repository/Page_Overview/div_Unique Agents' are matched.

2018-11-19 12:59:02 - [TEST_STEP][FAILED] - verifyElementText: com.kms.katalon.core.webui.exception.WebElementNotFoundException: Web element with id: 'Object Repository/Page_Overview/div_56499' located by 'By.xpath: //div[(text() = '56,499' or . = '56,499')]' not found

2018-11-19 12:59:50 - [MESSAGE][FAILED] - com.kms.katalon.core.webui.exception.WebElementNotFoundException: Web element with id: 'Object Repository/Page_Overview/div_56499' located by 'By.xpath: //div[(text() = '56,499' or . = '56,499')]' not found
[[ATTACHMENT|/Users/alahley/Katalon Studio/Analytics/Reports/Prod 3 Sanity Check/20181119_125302/1542661190532.png]]

2018-11-19 12:59:50 - [TEST_STEP][PASSED] - verifyElementText: Actual text and expected text of test object 'Object Repository/Page_Overview/div_Deliveries' are matched.

2018-11-19 12:59:50 - [MESSAGE][PASSED] - Actual text and expected text of test object 'Object Repository/Page_Overview/div_Deliveries' are matched.

2018-11-19 12:59:50 - [TEST_STEP][PASSED] - verifyElementText: Actual text and expected text of test object 'Object Repository/Page_Overview/div_219148' are matched.

2018-11-19 12:59:50 - [MESSAGE][PASSED] - Actual text and expected text of test object 'Object Repository/Page_Overview/div_219148' are matched.

2018-11-19 12:59:50 - [TEST_STEP][PASSED] - verifyElementText: Actual text and expected text of test object 'Object Repository/Page_Overview/div_Saved GB' are matched.

2018-11-19 12:59:50 - [MESSAGE][PASSED] - Actual text and expected text of test object 'Object Repository/Page_Overview/div_Saved GB' are matched.

2018-11-19 12:59:50 - [TEST_STEP][PASSED] - verifyElementText: Actual text and expected text of test object 'Object Repository/Page_Overview/div_15517' are matched.

2018-11-19 12:59:50 - [MESSAGE][PASSED] - Actual text and expected text of test object 'Object Repository/Page_Overview/div_15517' are matched.

2018-11-19 12:59:50 - [TEST_STEP][PASSED] - verifyElementText: Actual text and expected text of test object 'Object Repository/Page_Overview/div_Total GB' are matched.

2018-11-19 12:59:50 - [MESSAGE][PASSED] - Actual text and expected text of test object 'Object Repository/Page_Overview/div_Total GB' are matched.

2018-11-19 12:59:50 - [TEST_STEP][PASSED] - verifyElementText: Actual text and expected text of test object 'Object Repository/Page_Overview/div_21067.65' are matched.

2018-11-19 12:59:50 - [MESSAGE][PASSED] - Actual text and expected text of test object 'Object Repository/Page_Overview/div_21067.65' are matched.

2018-11-19 12:59:50 - [TEST_STEP][PASSED] - verifyElementPresent: Object 'Object Repository/Page_Overview/div_Peering Efficiency' is present

2018-11-19 12:59:50 - [MESSAGE][WARNING] - Timeout '0' is invalid. Using default page load timeout: '30'

2018-11-19 12:59:50 - [MESSAGE][PASSED] - Object 'Object Repository/Page_Overview/div_Peering Efficiency' is present

2018-11-19 12:59:50 - [TEST_STEP][PASSED] - verifyElementPresent: Object 'Object Repository/Page_Overview/div_74' is present

2018-11-19 12:59:50 - [MESSAGE][PASSED] - Object 'Object Repository/Page_Overview/div_74' is present

2018-11-19 12:59:50 - [TEST_STEP][PASSED] - verifyElementPresent: Object 'Object Repository/Page_Overview/div_VoD Summary Peering Effici' is present

2018-11-19 12:59:50 - [MESSAGE][WARNING] - Timeout '0' is invalid. Using default page load timeout: '30'

2018-11-19 12:59:50 - [MESSAGE][PASSED] - Object 'Object Repository/Page_Overview/div_VoD Summary Peering Effici' is present

2018-11-19 12:59:50 - [TEST_STEP][PASSED] - verifyElementPresent: Object 'Object Repository/Page_Overview/a_Go to VoD Summary (1)' is present

2018-11-19 12:59:50 - [MESSAGE][WARNING] - Timeout '0' is invalid. Using default page load timeout: '30'

2018-11-19 12:59:50 - [MESSAGE][PASSED] - Object 'Object Repository/Page_Overview/a_Go to VoD Summary (1)' is present

2018-11-19 12:59:50 - [TEST_STEP][PASSED] - verifyElementPresent: Object 'Object Repository/Page_Overview/div_Peering Efficiency' is present

2018-11-19 12:59:50 - [MESSAGE][WARNING] - Timeout '0' is invalid. Using default page load timeout: '30'

2018-11-19 12:59:50 - [MESSAGE][PASSED] - Object 'Object Repository/Page_Overview/div_Peering Efficiency' is present

2018-11-19 12:59:50 - [TEST_STEP][PASSED] - verifyElementPresent: Object 'Object Repository/Page_Overview/div_Peering Efficiency (1)' is present

2018-11-19 12:59:50 - [MESSAGE][WARNING] - Timeout '0' is invalid. Using default page load timeout: '30'

2018-11-19 12:59:50 - [MESSAGE][PASSED] - Object 'Object Repository/Page_Overview/div_Peering Efficiency (1)' is present

2018-11-19 12:59:50 - [TEST_STEP][PASSED] - verifyElementPresent: Object 'Object Repository/Page_Overview/div_Live Views' is present

2018-11-19 12:59:50 - [MESSAGE][WARNING] - Timeout '0' is invalid. Using default page load timeout: '30'

2018-11-19 12:59:50 - [MESSAGE][PASSED] - Object 'Object Repository/Page_Overview/div_Live Views' is present

2018-11-19 12:59:50 - [TEST_STEP][PASSED] - verifyElementPresent: Object 'Object Repository/Page_Overview/div_Live Events' is present

2018-11-19 12:59:50 - [MESSAGE][WARNING] - Timeout '0' is invalid. Using default page load timeout: '30'

2018-11-19 12:59:51 - [MESSAGE][PASSED] - Object 'Object Repository/Page_Overview/div_Live Events' is present

2018-11-19 12:59:51 - [TEST_STEP][PASSED] - verifyElementPresent: Object 'Object Repository/Page_Overview/span_VoD Views' is present

2018-11-19 12:59:51 - [MESSAGE][WARNING] - Timeout '0' is invalid. Using default page load timeout: '30'

2018-11-19 12:59:51 - [MESSAGE][PASSED] - Object 'Object Repository/Page_Overview/span_VoD Views' is present

2018-11-19 12:59:51 - [TEST_STEP][PASSED] - verifyElementPresent: Object 'Object Repository/Page_Overview/div_VoD over time' is present

2018-11-19 12:59:51 - [MESSAGE][WARNING] - Timeout '0' is invalid. Using default page load timeout: '30'

2018-11-19 12:59:51 - [MESSAGE][PASSED] - Object 'Object Repository/Page_Overview/div_VoD over time' is present

2018-11-19 12:59:51 - [TEST_STEP][PASSED] - verifyElementPresent: Object 'Object Repository/Page_Overview/span_Deliveries by Month' is present

2018-11-19 12:59:51 - [MESSAGE][WARNING] - Timeout '0' is invalid. Using default page load timeout: '30'

2018-11-19 12:59:51 - [MESSAGE][PASSED] - Object 'Object Repository/Page_Overview/span_Deliveries by Month' is present

2018-11-19 12:59:51 - [TEST_STEP][PASSED] - verifyElementPresent: Object 'Object Repository/Page_Overview/a_Go to Live Event Summary' is present

2018-11-19 12:59:51 - [MESSAGE][WARNING] - Timeout '0' is invalid. Using default page load timeout: '30'

2018-11-19 12:59:51 - [MESSAGE][PASSED] - Object 'Object Repository/Page_Overview/a_Go to Live Event Summary' is present

2018-11-19 12:59:51 - [TEST_STEP][PASSED] - verifyElementPresent: Object 'Object Repository/Page_Overview/a_Go to VoD Summary' is present

2018-11-19 12:59:51 - [MESSAGE][WARNING] - Timeout '0' is invalid. Using default page load timeout: '30'

2018-11-19 12:59:51 - [MESSAGE][PASSED] - Object 'Object Repository/Page_Overview/a_Go to VoD Summary' is present

2018-11-19 12:59:51 - [TEST_STEP][PASSED] - verifyElementPresent: Object 'Object Repository/Page_Overview/a_Go to Network Summary' is present

2018-11-19 12:59:51 - [MESSAGE][WARNING] - Timeout '0' is invalid. Using default page load timeout: '30'

2018-11-19 12:59:51 - [MESSAGE][PASSED] - Object 'Object Repository/Page_Overview/a_Go to Network Summary' is present

2018-11-19 12:59:51 - [TEST_STEP][PASSED] - waitForAngularLoad: Angular is ready.

2018-11-19 12:59:51 - [MESSAGE][PASSED] - Angular is ready.

2018-11-19 12:59:51 - [TEST_STEP][PASSED] - navigateToUrl: Navigate to 'https://stats.ac1.kontiki.com/admin/users?sorts=last_name%20asc&name=demo%20user' successfully

2018-11-19 12:59:52 - [MESSAGE][PASSED] - Navigate to 'https://stats.ac1.kontiki.com/admin/users?sorts=last_name%20asc&name=demo%20user' successfully

2018-11-19 12:59:52 - [TEST_STEP][PASSED] - waitForAngularLoad: Angular is ready.

2018-11-19 12:59:53 - [MESSAGE][PASSED] - Angular is ready.

2018-11-19 12:59:53 - [TEST_STEP][PASSED] - click: Object: 'Object Repository/Page_Users/a_Sudo' is clicked on

2018-11-19 12:59:57 - [MESSAGE][PASSED] - Object: 'Object Repository/Page_Users/a_Sudo' is clicked on

2018-11-19 12:59:57 - [TEST_STEP][PASSED] - waitForPageLoad: Wait for page load successfully

2018-11-19 12:59:57 - [MESSAGE][WARNING] - Timeout '0' is invalid. Using default page load timeout: '30'

2018-11-19 12:59:57 - [MESSAGE][PASSED] - Wait for page load successfully

2018-11-19 12:59:57 - [TEST_STEP][PASSED] - waitForAngularLoad: Angular is ready.

2018-11-19 13:00:03 - [MESSAGE][PASSED] - Angular is ready.

2018-11-19 13:00:03 - [TEST_STEP][PASSED] - verifyElementText: Actual text and expected text of test object 'Object Repository/Page_Overview/span_You are sudoing as Demo U' are matched.

2018-11-19 13:00:03 - [MESSAGE][PASSED] - Actual text and expected text of test object 'Object Repository/Page_Overview/span_You are sudoing as Demo U' are matched.

2018-11-19 13:00:03 - [TEST_STEP][PASSED] - click: Object: 'Object Repository/Page_Overview/i_Run_lk-icon-gear' is clicked on

2018-11-19 13:00:04 - [MESSAGE][PASSED] - Object: 'Object Repository/Page_Overview/i_Run_lk-icon-gear' is clicked on

2018-11-19 13:00:04 - [TEST_STEP][PASSED] - click: Object: 'Object Repository/Page_Overview/a_Clear Cache  Refresh' is clicked on

2018-11-19 13:00:04 - [MESSAGE][PASSED] - Object: 'Object Repository/Page_Overview/a_Clear Cache  Refresh' is clicked on

2018-11-19 13:00:04 - [TEST_STEP][PASSED] - waitForAngularLoad: Angular is ready.

2018-11-19 13:00:09 - [MESSAGE][PASSED] - Angular is ready.

2018-11-19 13:00:09 - [TEST_STEP][PASSED] - waitForPageLoad: Wait for page load successfully

2018-11-19 13:00:09 - [MESSAGE][WARNING] - Timeout '0' is invalid. Using default page load timeout: '30'

2018-11-19 13:00:09 - [MESSAGE][PASSED] - Wait for page load successfully

2018-11-19 13:00:09 - [TEST_STEP][PASSED] - verifyElementText: Actual text and expected text of test object 'Object Repository/Page_Overview/div_14' are matched.

2018-11-19 13:00:09 - [MESSAGE][PASSED] - Actual text and expected text of test object 'Object Repository/Page_Overview/div_14' are matched.

2018-11-19 13:00:09 - [TEST_STEP][PASSED] - verifyElementText: Actual text and expected text of test object 'Object Repository/Page_Overview/div_4' are matched.

2018-11-19 13:00:09 - [MESSAGE][PASSED] - Actual text and expected text of test object 'Object Repository/Page_Overview/div_4' are matched.

2018-11-19 13:00:09 - [TEST_STEP][PASSED] - verifyElementText: Actual text and expected text of test object 'Object Repository/Page_Overview/div_65282' are matched.

2018-11-19 13:00:10 - [MESSAGE][PASSED] - Actual text and expected text of test object 'Object Repository/Page_Overview/div_65282' are matched.

2018-11-19 13:00:10 - [TEST_STEP][PASSED] - verifyElementText: Actual text and expected text of test object 'Object Repository/Page_Overview/div_16748' are matched.

2018-11-19 13:00:10 - [MESSAGE][PASSED] - Actual text and expected text of test object 'Object Repository/Page_Overview/div_16748' are matched.

2018-11-19 13:00:10 - [TEST_STEP][PASSED] - verifyElementText: Actual text and expected text of test object 'Object Repository/Page_Overview/div_15' are matched.

2018-11-19 13:00:10 - [MESSAGE][PASSED] - Actual text and expected text of test object 'Object Repository/Page_Overview/div_15' are matched.

2018-11-19 13:00:10 - [TEST_STEP][PASSED] - verifyElementText: Actual text and expected text of test object 'Object Repository/Page_Overview/div_163134' are matched.

2018-11-19 13:00:10 - [MESSAGE][PASSED] - Actual text and expected text of test object 'Object Repository/Page_Overview/div_163134' are matched.

2018-11-19 13:00:10 - [TEST_STEP][PASSED] - verifyElementText: Actual text and expected text of test object 'Object Repository/Page_Overview/div_103654' are matched.

2018-11-19 13:00:10 - [MESSAGE][PASSED] - Actual text and expected text of test object 'Object Repository/Page_Overview/div_103654' are matched.

2018-11-19 13:00:10 - [TEST_STEP][PASSED] - verifyElementText: Actual text and expected text of test object 'Object Repository/Page_Overview/div_13578.7' are matched.

2018-11-19 13:00:10 - [MESSAGE][PASSED] - Actual text and expected text of test object 'Object Repository/Page_Overview/div_13578.7' are matched.

2018-11-19 13:00:10 - [TEST_STEP][PASSED] - verifyElementText: Actual text and expected text of test object 'Object Repository/Page_Overview/div_343541' are matched.

2018-11-19 13:00:10 - [MESSAGE][PASSED] - Actual text and expected text of test object 'Object Repository/Page_Overview/div_343541' are matched.

2018-11-19 13:00:10 - [TEST_STEP][PASSED] - verifyElementText: Actual text and expected text of test object 'Object Repository/Page_Overview/div_628085' are matched.

2018-11-19 13:00:10 - [MESSAGE][PASSED] - Actual text and expected text of test object 'Object Repository/Page_Overview/div_628085' are matched.

2018-11-19 13:00:10 - [TEST_STEP][PASSED] - verifyElementText: Actual text and expected text of test object 'Object Repository/Page_Overview/div_19290' are matched.

2018-11-19 13:00:10 - [MESSAGE][PASSED] - Actual text and expected text of test object 'Object Repository/Page_Overview/div_19290' are matched.

2018-11-19 13:00:10 - [TEST_STEP][PASSED] - verifyElementText: Actual text and expected text of test object 'Object Repository/Page_Overview/div_21243.22' are matched.

2018-11-19 13:00:10 - [MESSAGE][PASSED] - Actual text and expected text of test object 'Object Repository/Page_Overview/div_21243.22' are matched.

2018-11-19 13:00:10 - [TEST_STEP][PASSED] - verifyElementText: Actual text and expected text of test object 'Object Repository/Page_Overview/div_91' are matched.

2018-11-19 13:00:10 - [MESSAGE][PASSED] - Actual text and expected text of test object 'Object Repository/Page_Overview/div_91' are matched.

2018-11-19 13:00:10 - [TEST_STEP][PASSED] - closeBrowser: Browser is closed

2018-11-19 13:00:11 - [MESSAGE][PASSED] - Browser is closed]]></system-out>
         <system-err><![CDATA[2018-11-19 12:58:37 - [TEST_CASE][FAILED] - Test Cases/Prod 3/Prod 3 - Fixture Data Validation: Test Cases/Prod 3/Prod 3 - Fixture Data Validation FAILED because (of) (Stack trace: com.kms.katalon.core.exception.StepFailedException: com.kms.katalon.core.webui.exception.WebElementNotFoundException: Web element with id: 'Object Repository/Page_Overview/div_56499' located by 'By.xpath: //div[(text() = '56,499' or . = '56,499')]' not found
	at com.kms.katalon.core.keyword.internal.KeywordMain.stepFailed(KeywordMain.groovy:32)
	at com.kms.katalon.core.webui.keyword.internal.WebUIKeywordMain.stepFailed(WebUIKeywordMain.groovy:65)
	at com.kms.katalon.core.webui.keyword.builtin.VerifyElementTextKeyword$_verifyElementText_closure1.doCall(VerifyElementTextKeyword.groovy:64)
	at com.kms.katalon.core.webui.keyword.builtin.VerifyElementTextKeyword$_verifyElementText_closure1.call(VerifyElementTextKeyword.groovy)
	at com.kms.katalon.core.webui.keyword.internal.WebUIKeywordMain.runKeyword(WebUIKeywordMain.groovy:21)
	at com.kms.katalon.core.webui.keyword.builtin.VerifyElementTextKeyword.verifyElementText(VerifyElementTextKeyword.groovy:72)
	at com.kms.katalon.core.webui.keyword.builtin.VerifyElementTextKeyword.execute(VerifyElementTextKeyword.groovy:40)
	at com.kms.katalon.core.keyword.internal.KeywordExecutor.executeKeywordForPlatform(KeywordExecutor.groovy:53)
	at com.kms.katalon.core.webui.keyword.WebUiBuiltInKeywords.verifyElementText(WebUiBuiltInKeywords.groovy:3663)
	at com.kms.katalon.core.webui.keyword.WebUiBuiltInKeywords$verifyElementText$10.call(Unknown Source)
	at org.codehaus.groovy.runtime.callsite.CallSiteArray.defaultCall(CallSiteArray.java:48)
	at org.codehaus.groovy.runtime.callsite.AbstractCallSite.call(AbstractCallSite.java:113)
	at org.codehaus.groovy.runtime.callsite.AbstractCallSite.call(AbstractCallSite.java:133)
	at Script1542322808315.run(Script1542322808315.groovy:115)
	at com.kms.katalon.core.main.ScriptEngine.run(ScriptEngine.java:183)
	at com.kms.katalon.core.main.ScriptEngine.runScriptAsRawText(ScriptEngine.java:108)
	at com.kms.katalon.core.main.TestCaseExecutor.runScript(TestCaseExecutor.java:294)
	at com.kms.katalon.core.main.TestCaseExecutor.doExecute(TestCaseExecutor.java:285)
	at com.kms.katalon.core.main.TestCaseExecutor.processExecutionPhase(TestCaseExecutor.java:264)
	at com.kms.katalon.core.main.TestCaseExecutor.accessMainPhase(TestCaseExecutor.java:256)
	at com.kms.katalon.core.main.TestCaseExecutor.execute(TestCaseExecutor.java:200)
	at com.kms.katalon.core.main.TestSuiteExecutor.accessTestCaseMainPhase(TestSuiteExecutor.java:129)
	at com.kms.katalon.core.main.TestSuiteExecutor.accessTestSuiteMainPhase(TestSuiteExecutor.java:112)
	at com.kms.katalon.core.main.TestSuiteExecutor.execute(TestSuiteExecutor.java:81)
	at com.kms.katalon.core.main.TestCaseMain.startTestSuite(TestCaseMain.java:142)
	at com.kms.katalon.core.main.TestCaseMain$startTestSuite$0.call(Unknown Source)
	at org.codehaus.groovy.runtime.callsite.CallSiteArray.defaultCall(CallSiteArray.java:48)
	at org.codehaus.groovy.runtime.callsite.AbstractCallSite.call(AbstractCallSite.java:113)
	at org.codehaus.groovy.runtime.callsite.AbstractCallSite.call(AbstractCallSite.java:141)
	at TempTestSuite1542660782073.run(TempTestSuite1542660782073.groovy:36)
	at groovy.lang.GroovyShell.runScriptOrMainOrTestOrRunnable(GroovyShell.java:263)
	at groovy.lang.GroovyShell.run(GroovyShell.java:518)
	at groovy.lang.GroovyShell.run(GroovyShell.java:507)
	at groovy.ui.GroovyMain.processOnce(GroovyMain.java:653)
	at groovy.ui.GroovyMain.run(GroovyMain.java:384)
	at groovy.ui.GroovyMain.process(GroovyMain.java:370)
	at groovy.ui.GroovyMain.processArgs(GroovyMain.java:129)
	at groovy.ui.GroovyMain.main(GroovyMain.java:109)
	at sun.reflect.NativeMethodAccessorImpl.invoke0(Native Method)
	at sun.reflect.NativeMethodAccessorImpl.invoke(NativeMethodAccessorImpl.java:62)
	at sun.reflect.DelegatingMethodAccessorImpl.invoke(DelegatingMethodAccessorImpl.java:43)
	at java.lang.reflect.Method.invoke(Method.java:498)
	at org.codehaus.groovy.tools.GroovyStarter.rootLoader(GroovyStarter.java:109)
	at org.codehaus.groovy.tools.GroovyStarter.main(GroovyStarter.java:131)
)]]></system-err>
      </testcase>
      <testcase name="Test Cases/Prod 3/Prod 3 - Load" classname="Test Cases/Prod 3/Prod 3 - Load" status="FAILED">
         <failure type="FAILED" message="(Stack trace: com.kms.katalon.core.exception.StepFailedException: Unable to click on object 'Object Repository/Page_Network Content/i_Run_lk-icon-gear' (Root cause: org.openqa.selenium.ElementNotInteractableException: Element &lt;i class=&quot;lk-icon-gear&quot;> could not be scrolled into view
Build info: version: '3.7.1', revision: '8a0099a', time: '2017-11-06T21:07:36.161Z'
System info: host: 'Adams-MacBook-Right.local', ip: 'fe80:0:0:0:8d3:55b9:9b1a:9cc7%en0', os.name: 'Mac OS X', os.arch: 'x86_64', os.version: '10.14.1', java.version: '1.8.0_181'
Driver info: com.kms.katalon.core.webui.driver.firefox.CGeckoDriver
Capabilities {acceptInsecureCerts: true, browserName: firefox, browserVersion: 62.0.2, javascriptEnabled: true, moz:accessibilityChecks: false, moz:geckodriverVersion: 0.23.0, moz:headless: false, moz:processID: 98474, moz:profile: /var/folders/jr/7vywd_6j2l1..., moz:useNonSpecCompliantPointerOrigin: false, moz:webdriverClick: true, pageLoadStrategy: normal, platform: MAC, platformName: MAC, platformVersion: 18.2.0, proxy: Proxy(direct), rotatable: false, timeouts: {implicit: 0, pageLoad: 300000, script: 30000}}
Session ID: bb30759d-bf6c-a04e-9200-db5a221720cb)
	at com.kms.katalon.core.keyword.internal.KeywordMain.stepFailed(KeywordMain.groovy:32)
	at com.kms.katalon.core.webui.keyword.internal.WebUIKeywordMain.stepFailed(WebUIKeywordMain.groovy:65)
	at com.kms.katalon.core.webui.keyword.internal.WebUIKeywordMain.runKeyword(WebUIKeywordMain.groovy:27)
	at com.kms.katalon.core.webui.keyword.builtin.ClickKeyword.click(ClickKeyword.groovy:86)
	at com.kms.katalon.core.webui.keyword.builtin.ClickKeyword.execute(ClickKeyword.groovy:67)
	at com.kms.katalon.core.keyword.internal.KeywordExecutor.executeKeywordForPlatform(KeywordExecutor.groovy:53)
	at com.kms.katalon.core.webui.keyword.WebUiBuiltInKeywords.click(WebUiBuiltInKeywords.groovy:616)
	at com.kms.katalon.core.webui.keyword.WebUiBuiltInKeywords$click$2.call(Unknown Source)
	at org.codehaus.groovy.runtime.callsite.CallSiteArray.defaultCall(CallSiteArray.java:48)
	at org.codehaus.groovy.runtime.callsite.AbstractCallSite.call(AbstractCallSite.java:113)
	at org.codehaus.groovy.runtime.callsite.AbstractCallSite.call(AbstractCallSite.java:125)
	at Script1542397753691.run(Script1542397753691.groovy:418)
	at com.kms.katalon.core.main.ScriptEngine.run(ScriptEngine.java:183)
	at com.kms.katalon.core.main.ScriptEngine.runScriptAsRawText(ScriptEngine.java:108)
	at com.kms.katalon.core.main.TestCaseExecutor.runScript(TestCaseExecutor.java:294)
	at com.kms.katalon.core.main.TestCaseExecutor.doExecute(TestCaseExecutor.java:285)
	at com.kms.katalon.core.main.TestCaseExecutor.processExecutionPhase(TestCaseExecutor.java:264)
	at com.kms.katalon.core.main.TestCaseExecutor.accessMainPhase(TestCaseExecutor.java:256)
	at com.kms.katalon.core.main.TestCaseExecutor.execute(TestCaseExecutor.java:200)
	at com.kms.katalon.core.main.TestSuiteExecutor.accessTestCaseMainPhase(TestSuiteExecutor.java:129)
	at com.kms.katalon.core.main.TestSuiteExecutor.accessTestSuiteMainPhase(TestSuiteExecutor.java:112)
	at com.kms.katalon.core.main.TestSuiteExecutor.execute(TestSuiteExecutor.java:81)
	at com.kms.katalon.core.main.TestCaseMain.startTestSuite(TestCaseMain.java:142)
	at com.kms.katalon.core.main.TestCaseMain$startTestSuite$0.call(Unknown Source)
	at org.codehaus.groovy.runtime.callsite.CallSiteArray.defaultCall(CallSiteArray.java:48)
	at org.codehaus.groovy.runtime.callsite.AbstractCallSite.call(AbstractCallSite.java:113)
	at org.codehaus.groovy.runtime.callsite.AbstractCallSite.call(AbstractCallSite.java:141)
	at TempTestSuite1542660782073.run(TempTestSuite1542660782073.groovy:36)
	at groovy.lang.GroovyShell.runScriptOrMainOrTestOrRunnable(GroovyShell.java:263)
	at groovy.lang.GroovyShell.run(GroovyShell.java:518)
	at groovy.lang.GroovyShell.run(GroovyShell.java:507)
	at groovy.ui.GroovyMain.processOnce(GroovyMain.java:653)
	at groovy.ui.GroovyMain.run(GroovyMain.java:384)
	at groovy.ui.GroovyMain.process(GroovyMain.java:370)
	at groovy.ui.GroovyMain.processArgs(GroovyMain.java:129)
	at groovy.ui.GroovyMain.main(GroovyMain.java:109)
	at sun.reflect.NativeMethodAccessorImpl.invoke0(Native Method)
	at sun.reflect.NativeMethodAccessorImpl.invoke(NativeMethodAccessorImpl.java:62)
	at sun.reflect.DelegatingMethodAccessorImpl.invoke(DelegatingMethodAccessorImpl.java:43)
	at java.lang.reflect.Method.invoke(Method.java:498)
	at org.codehaus.groovy.tools.GroovyStarter.rootLoader(GroovyStarter.java:109)
	at org.codehaus.groovy.tools.GroovyStarter.main(GroovyStarter.java:131)
)"/>
         <system-out><![CDATA[2018-11-19 13:00:11 - [TEST_CASE][FAILED] - Test Cases/Prod 3/Prod 3 - Load: Test Cases/Prod 3/Prod 3 - Load FAILED because (of) (Stack trace: com.kms.katalon.core.exception.StepFailedException: Unable to click on object 'Object Repository/Page_Network Content/i_Run_lk-icon-gear' (Root cause: org.openqa.selenium.ElementNotInteractableException: Element <i class="lk-icon-gear"> could not be scrolled into view
Build info: version: '3.7.1', revision: '8a0099a', time: '2017-11-06T21:07:36.161Z'
System info: host: 'Adams-MacBook-Right.local', ip: 'fe80:0:0:0:8d3:55b9:9b1a:9cc7%en0', os.name: 'Mac OS X', os.arch: 'x86_64', os.version: '10.14.1', java.version: '1.8.0_181'
Driver info: com.kms.katalon.core.webui.driver.firefox.CGeckoDriver
Capabilities {acceptInsecureCerts: true, browserName: firefox, browserVersion: 62.0.2, javascriptEnabled: true, moz:accessibilityChecks: false, moz:geckodriverVersion: 0.23.0, moz:headless: false, moz:processID: 98474, moz:profile: /var/folders/jr/7vywd_6j2l1..., moz:useNonSpecCompliantPointerOrigin: false, moz:webdriverClick: true, pageLoadStrategy: normal, platform: MAC, platformName: MAC, platformVersion: 18.2.0, proxy: Proxy(direct), rotatable: false, timeouts: {implicit: 0, pageLoad: 300000, script: 30000}}
Session ID: bb30759d-bf6c-a04e-9200-db5a221720cb)
	at com.kms.katalon.core.keyword.internal.KeywordMain.stepFailed(KeywordMain.groovy:32)
	at com.kms.katalon.core.webui.keyword.internal.WebUIKeywordMain.stepFailed(WebUIKeywordMain.groovy:65)
	at com.kms.katalon.core.webui.keyword.internal.WebUIKeywordMain.runKeyword(WebUIKeywordMain.groovy:27)
	at com.kms.katalon.core.webui.keyword.builtin.ClickKeyword.click(ClickKeyword.groovy:86)
	at com.kms.katalon.core.webui.keyword.builtin.ClickKeyword.execute(ClickKeyword.groovy:67)
	at com.kms.katalon.core.keyword.internal.KeywordExecutor.executeKeywordForPlatform(KeywordExecutor.groovy:53)
	at com.kms.katalon.core.webui.keyword.WebUiBuiltInKeywords.click(WebUiBuiltInKeywords.groovy:616)
	at com.kms.katalon.core.webui.keyword.WebUiBuiltInKeywords$click$2.call(Unknown Source)
	at org.codehaus.groovy.runtime.callsite.CallSiteArray.defaultCall(CallSiteArray.java:48)
	at org.codehaus.groovy.runtime.callsite.AbstractCallSite.call(AbstractCallSite.java:113)
	at org.codehaus.groovy.runtime.callsite.AbstractCallSite.call(AbstractCallSite.java:125)
	at Script1542397753691.run(Script1542397753691.groovy:418)
	at com.kms.katalon.core.main.ScriptEngine.run(ScriptEngine.java:183)
	at com.kms.katalon.core.main.ScriptEngine.runScriptAsRawText(ScriptEngine.java:108)
	at com.kms.katalon.core.main.TestCaseExecutor.runScript(TestCaseExecutor.java:294)
	at com.kms.katalon.core.main.TestCaseExecutor.doExecute(TestCaseExecutor.java:285)
	at com.kms.katalon.core.main.TestCaseExecutor.processExecutionPhase(TestCaseExecutor.java:264)
	at com.kms.katalon.core.main.TestCaseExecutor.accessMainPhase(TestCaseExecutor.java:256)
	at com.kms.katalon.core.main.TestCaseExecutor.execute(TestCaseExecutor.java:200)
	at com.kms.katalon.core.main.TestSuiteExecutor.accessTestCaseMainPhase(TestSuiteExecutor.java:129)
	at com.kms.katalon.core.main.TestSuiteExecutor.accessTestSuiteMainPhase(TestSuiteExecutor.java:112)
	at com.kms.katalon.core.main.TestSuiteExecutor.execute(TestSuiteExecutor.java:81)
	at com.kms.katalon.core.main.TestCaseMain.startTestSuite(TestCaseMain.java:142)
	at com.kms.katalon.core.main.TestCaseMain$startTestSuite$0.call(Unknown Source)
	at org.codehaus.groovy.runtime.callsite.CallSiteArray.defaultCall(CallSiteArray.java:48)
	at org.codehaus.groovy.runtime.callsite.AbstractCallSite.call(AbstractCallSite.java:113)
	at org.codehaus.groovy.runtime.callsite.AbstractCallSite.call(AbstractCallSite.java:141)
	at TempTestSuite1542660782073.run(TempTestSuite1542660782073.groovy:36)
	at groovy.lang.GroovyShell.runScriptOrMainOrTestOrRunnable(GroovyShell.java:263)
	at groovy.lang.GroovyShell.run(GroovyShell.java:518)
	at groovy.lang.GroovyShell.run(GroovyShell.java:507)
	at groovy.ui.GroovyMain.processOnce(GroovyMain.java:653)
	at groovy.ui.GroovyMain.run(GroovyMain.java:384)
	at groovy.ui.GroovyMain.process(GroovyMain.java:370)
	at groovy.ui.GroovyMain.processArgs(GroovyMain.java:129)
	at groovy.ui.GroovyMain.main(GroovyMain.java:109)
	at sun.reflect.NativeMethodAccessorImpl.invoke0(Native Method)
	at sun.reflect.NativeMethodAccessorImpl.invoke(NativeMethodAccessorImpl.java:62)
	at sun.reflect.DelegatingMethodAccessorImpl.invoke(DelegatingMethodAccessorImpl.java:43)
	at java.lang.reflect.Method.invoke(Method.java:498)
	at org.codehaus.groovy.tools.GroovyStarter.rootLoader(GroovyStarter.java:109)
	at org.codehaus.groovy.tools.GroovyStarter.main(GroovyStarter.java:131)
)

2018-11-19 13:00:11 - [TEST_STEP][PASSED] - openBrowser: Browser is opened with url: 'https://stats.ac1.kontiki.com/login/email'

2018-11-19 13:00:16 - [MESSAGE][PASSED] - Browser is opened with url: 'https://stats.ac1.kontiki.com/login/email'

2018-11-19 13:00:16 - [TEST_STEP][PASSED] - setText: Text 'alahley@kollective.com' is set on object 'Object Repository/Page_Log in/input_email (2)'

2018-11-19 13:00:16 - [MESSAGE][PASSED] - Text 'alahley@kollective.com' is set on object 'Object Repository/Page_Log in/input_email (2)'

2018-11-19 13:00:16 - [TEST_STEP][PASSED] - setEncryptedText: Text ****** has been set on object 'Object Repository/Page_Log in/input_password (2)'

2018-11-19 13:00:16 - [MESSAGE][PASSED] - Text ****** has been set on object 'Object Repository/Page_Log in/input_password (2)'

2018-11-19 13:00:16 - [TEST_STEP][PASSED] - click: Object: 'Object Repository/Page_Log in/input_remember (2)' is clicked on

2018-11-19 13:00:17 - [MESSAGE][PASSED] - Object: 'Object Repository/Page_Log in/input_remember (2)' is clicked on

2018-11-19 13:00:17 - [TEST_STEP][PASSED] - click: Object: 'Object Repository/Page_Log in/input_login-submit (2)' is clicked on

2018-11-19 13:00:21 - [MESSAGE][PASSED] - Object: 'Object Repository/Page_Log in/input_login-submit (2)' is clicked on

2018-11-19 13:00:21 - [TEST_STEP][PASSED] - waitForAngularLoad: Angular is ready.

2018-11-19 13:00:25 - [MESSAGE][PASSED] - Angular is ready.

2018-11-19 13:00:25 - [TEST_STEP][PASSED] - verifyElementPresent: Object 'Object Repository/Page_Overview/a' is present

2018-11-19 13:00:25 - [MESSAGE][WARNING] - Timeout '0' is invalid. Using default page load timeout: '30'

2018-11-19 13:00:25 - [MESSAGE][PASSED] - Object 'Object Repository/Page_Overview/a' is present

2018-11-19 13:00:25 - [TEST_STEP][PASSED] - navigateToUrl: Navigate to 'https://stats.ac1.kontiki.com/dashboards/analytics_external::live_event_in_progress?content_moid_filter=24546790-ef8f-4234-82a8-a4e6f301124c&format_moid_filter=&time_filter=&filter_config=%7B%22content_moid_filter%22:%5B%7B%22type%22:%22%3D%22,%22values%22:%5B%7B%22constant%22:%2224546790-ef8f-4234-82a8-a4e6f301124c%22%7D,%7B%7D%5D,%22id%22:0%7D%5D,%22format_moid_filter%22:%5B%7B%22type%22:%22%3D%22,%22values%22:%5B%7B%22constant%22:%22%22%7D,%7B%7D%5D,%22id%22:1%7D%5D,%22time_filter%22:%5B%7B%22type%22:%22advanced%22,%22values%22:%5B%7B%22constant%22:null%7D,%7B%7D%5D,%22id%22:2%7D%5D%7D' successfully

2018-11-19 13:00:28 - [MESSAGE][PASSED] - Navigate to 'https://stats.ac1.kontiki.com/dashboards/analytics_external::live_event_in_progress?content_moid_filter=24546790-ef8f-4234-82a8-a4e6f301124c&format_moid_filter=&time_filter=&filter_config=%7B%22content_moid_filter%22:%5B%7B%22type%22:%22%3D%22,%22values%22:%5B%7B%22constant%22:%2224546790-ef8f-4234-82a8-a4e6f301124c%22%7D,%7B%7D%5D,%22id%22:0%7D%5D,%22format_moid_filter%22:%5B%7B%22type%22:%22%3D%22,%22values%22:%5B%7B%22constant%22:%22%22%7D,%7B%7D%5D,%22id%22:1%7D%5D,%22time_filter%22:%5B%7B%22type%22:%22advanced%22,%22values%22:%5B%7B%22constant%22:null%7D,%7B%7D%5D,%22id%22:2%7D%5D%7D' successfully

2018-11-19 13:00:28 - [TEST_STEP][PASSED] - waitForAngularLoad: Angular is ready.

2018-11-19 13:00:28 - [MESSAGE][WARNING] - Timeout '0' is invalid. Using default page load timeout: '30'

2018-11-19 13:00:31 - [MESSAGE][PASSED] - Angular is ready.

2018-11-19 13:00:31 - [TEST_STEP][PASSED] - waitForPageLoad: Wait for page load successfully

2018-11-19 13:00:31 - [MESSAGE][WARNING] - Timeout '0' is invalid. Using default page load timeout: '30'

2018-11-19 13:00:31 - [MESSAGE][PASSED] - Wait for page load successfully

2018-11-19 13:00:31 - [TEST_STEP][PASSED] - click: Object: 'Object Repository/Page_Live (In Progress) Event/div_Toggle Dropdown' is clicked on

2018-11-19 13:00:31 - [MESSAGE][PASSED] - Object: 'Object Repository/Page_Live (In Progress) Event/div_Toggle Dropdown' is clicked on

2018-11-19 13:00:31 - [TEST_STEP][PASSED] - click: Object: 'Object Repository/Page_Live (In Progress) Event/a_Clear Cache  Refresh' is clicked on

2018-11-19 13:00:32 - [MESSAGE][PASSED] - Object: 'Object Repository/Page_Live (In Progress) Event/a_Clear Cache  Refresh' is clicked on

2018-11-19 13:00:32 - [TEST_STEP][PASSED] - waitForAngularLoad: Angular is ready.

2018-11-19 13:00:32 - [MESSAGE][WARNING] - Timeout '0' is invalid. Using default page load timeout: '30'

2018-11-19 13:00:35 - [MESSAGE][PASSED] - Angular is ready.

2018-11-19 13:00:35 - [TEST_STEP][PASSED] - waitForPageLoad: Wait for page load successfully

2018-11-19 13:00:35 - [MESSAGE][WARNING] - Timeout '0' is invalid. Using default page load timeout: '30'

2018-11-19 13:00:35 - [MESSAGE][PASSED] - Wait for page load successfully

2018-11-19 13:00:35 - [TEST_STEP][PASSED] - navigateToUrl: Navigate to 'https://stats.ac1.kontiki.com/dashboards/analytics_external::live_event_in_progress?content_moid_filter=90767043-6efd-4b65-a11e-0b42967f6b3b&format_moid_filter=&time_filter=&filter_config=%7B%22content_moid_filter%22:%5B%7B%22type%22:%22%3D%22,%22values%22:%5B%7B%22constant%22:%2290767043-6efd-4b65-a11e-0b42967f6b3b%22%7D,%7B%7D%5D,%22id%22:0%7D%5D,%22format_moid_filter%22:%5B%7B%22type%22:%22%3D%22,%22values%22:%5B%7B%22constant%22:%22%22%7D,%7B%7D%5D,%22id%22:1%7D%5D,%22time_filter%22:%5B%7B%22type%22:%22advanced%22,%22values%22:%5B%7B%22constant%22:null%7D,%7B%7D%5D,%22id%22:2%7D%5D%7D' successfully

2018-11-19 13:00:38 - [MESSAGE][PASSED] - Navigate to 'https://stats.ac1.kontiki.com/dashboards/analytics_external::live_event_in_progress?content_moid_filter=90767043-6efd-4b65-a11e-0b42967f6b3b&format_moid_filter=&time_filter=&filter_config=%7B%22content_moid_filter%22:%5B%7B%22type%22:%22%3D%22,%22values%22:%5B%7B%22constant%22:%2290767043-6efd-4b65-a11e-0b42967f6b3b%22%7D,%7B%7D%5D,%22id%22:0%7D%5D,%22format_moid_filter%22:%5B%7B%22type%22:%22%3D%22,%22values%22:%5B%7B%22constant%22:%22%22%7D,%7B%7D%5D,%22id%22:1%7D%5D,%22time_filter%22:%5B%7B%22type%22:%22advanced%22,%22values%22:%5B%7B%22constant%22:null%7D,%7B%7D%5D,%22id%22:2%7D%5D%7D' successfully

2018-11-19 13:00:38 - [TEST_STEP][PASSED] - waitForPageLoad: Wait for page load successfully

2018-11-19 13:00:38 - [MESSAGE][WARNING] - Timeout '0' is invalid. Using default page load timeout: '30'

2018-11-19 13:00:38 - [MESSAGE][PASSED] - Wait for page load successfully

2018-11-19 13:00:38 - [TEST_STEP][PASSED] - waitForAngularLoad: Angular is ready.

2018-11-19 13:00:38 - [MESSAGE][WARNING] - Timeout '0' is invalid. Using default page load timeout: '30'

2018-11-19 13:00:41 - [MESSAGE][PASSED] - Angular is ready.

2018-11-19 13:00:41 - [TEST_STEP][PASSED] - click: Object: 'Object Repository/Page_Live (In Progress) Event/div_Toggle Dropdown' is clicked on

2018-11-19 13:00:43 - [MESSAGE][PASSED] - Object: 'Object Repository/Page_Live (In Progress) Event/div_Toggle Dropdown' is clicked on

2018-11-19 13:00:43 - [TEST_STEP][PASSED] - click: Object: 'Object Repository/Page_Live (In Progress) Event/a_Clear Cache  Refresh' is clicked on

2018-11-19 13:00:44 - [MESSAGE][PASSED] - Object: 'Object Repository/Page_Live (In Progress) Event/a_Clear Cache  Refresh' is clicked on

2018-11-19 13:00:44 - [TEST_STEP][PASSED] - waitForAngularLoad: Angular is ready.

2018-11-19 13:00:44 - [MESSAGE][WARNING] - Timeout '0' is invalid. Using default page load timeout: '30'

2018-11-19 13:00:49 - [MESSAGE][PASSED] - Angular is ready.

2018-11-19 13:00:49 - [TEST_STEP][PASSED] - waitForPageLoad: Wait for page load successfully

2018-11-19 13:00:49 - [MESSAGE][WARNING] - Timeout '0' is invalid. Using default page load timeout: '30'

2018-11-19 13:00:49 - [MESSAGE][PASSED] - Wait for page load successfully

2018-11-19 13:00:49 - [TEST_STEP][PASSED] - navigateToUrl: Navigate to 'https://stats.ac1.kontiki.com/dashboards/analytics_external::live_event_in_progress?content_moid_filter=b1dd01d4-d83e-4c7d-95cd-1bda21e3c0f4&format_moid_filter=&time_filter=&filter_config=%7B%22content_moid_filter%22:%5B%7B%22type%22:%22%3D%22,%22values%22:%5B%7B%22constant%22:%22b1dd01d4-d83e-4c7d-95cd-1bda21e3c0f4%22%7D,%7B%7D%5D,%22id%22:0%7D%5D,%22format_moid_filter%22:%5B%7B%22type%22:%22%3D%22,%22values%22:%5B%7B%22constant%22:%22%22%7D,%7B%7D%5D,%22id%22:1%7D%5D,%22time_filter%22:%5B%7B%22type%22:%22advanced%22,%22values%22:%5B%7B%22constant%22:null%7D,%7B%7D%5D,%22id%22:2%7D%5D%7D' successfully

2018-11-19 13:00:54 - [MESSAGE][PASSED] - Navigate to 'https://stats.ac1.kontiki.com/dashboards/analytics_external::live_event_in_progress?content_moid_filter=b1dd01d4-d83e-4c7d-95cd-1bda21e3c0f4&format_moid_filter=&time_filter=&filter_config=%7B%22content_moid_filter%22:%5B%7B%22type%22:%22%3D%22,%22values%22:%5B%7B%22constant%22:%22b1dd01d4-d83e-4c7d-95cd-1bda21e3c0f4%22%7D,%7B%7D%5D,%22id%22:0%7D%5D,%22format_moid_filter%22:%5B%7B%22type%22:%22%3D%22,%22values%22:%5B%7B%22constant%22:%22%22%7D,%7B%7D%5D,%22id%22:1%7D%5D,%22time_filter%22:%5B%7B%22type%22:%22advanced%22,%22values%22:%5B%7B%22constant%22:null%7D,%7B%7D%5D,%22id%22:2%7D%5D%7D' successfully

2018-11-19 13:00:54 - [TEST_STEP][PASSED] - waitForPageLoad: Wait for page load successfully

2018-11-19 13:00:54 - [MESSAGE][WARNING] - Timeout '0' is invalid. Using default page load timeout: '30'

2018-11-19 13:00:54 - [MESSAGE][PASSED] - Wait for page load successfully

2018-11-19 13:00:54 - [TEST_STEP][PASSED] - waitForAngularLoad: Angular is ready.

2018-11-19 13:00:54 - [MESSAGE][WARNING] - Timeout '0' is invalid. Using default page load timeout: '30'

2018-11-19 13:00:57 - [MESSAGE][PASSED] - Angular is ready.

2018-11-19 13:00:57 - [TEST_STEP][PASSED] - click: Object: 'Object Repository/Page_Live (In Progress) Event/div_Toggle Dropdown' is clicked on

2018-11-19 13:00:57 - [MESSAGE][PASSED] - Object: 'Object Repository/Page_Live (In Progress) Event/div_Toggle Dropdown' is clicked on

2018-11-19 13:00:57 - [TEST_STEP][PASSED] - click: Object: 'Object Repository/Page_Live Event/a_Clear Cache  Refresh' is clicked on

2018-11-19 13:00:58 - [MESSAGE][PASSED] - Object: 'Object Repository/Page_Live Event/a_Clear Cache  Refresh' is clicked on

2018-11-19 13:00:58 - [TEST_STEP][PASSED] - waitForAngularLoad: Angular is ready.

2018-11-19 13:00:58 - [MESSAGE][WARNING] - Timeout '0' is invalid. Using default page load timeout: '30'

2018-11-19 13:01:02 - [MESSAGE][PASSED] - Angular is ready.

2018-11-19 13:01:02 - [TEST_STEP][PASSED] - waitForPageLoad: Wait for page load successfully

2018-11-19 13:01:02 - [MESSAGE][WARNING] - Timeout '0' is invalid. Using default page load timeout: '30'

2018-11-19 13:01:02 - [MESSAGE][PASSED] - Wait for page load successfully

2018-11-19 13:01:02 - [TEST_STEP][PASSED] - navigateToUrl: Navigate to 'https://stats.ac1.kontiki.com/dashboards/analytics_external::live_event_in_progress?content_moid_filter=9136bfd0-eb87-441c-877c-7be0d13c12ee&format_moid_filter=&time_filter=&filter_config=%7B%22content_moid_filter%22:%5B%7B%22type%22:%22%3D%22,%22values%22:%5B%7B%22constant%22:%229136bfd0-eb87-441c-877c-7be0d13c12ee%22%7D,%7B%7D%5D,%22id%22:0%7D%5D,%22format_moid_filter%22:%5B%7B%22type%22:%22%3D%22,%22values%22:%5B%7B%22constant%22:%22%22%7D,%7B%7D%5D,%22id%22:1%7D%5D,%22time_filter%22:%5B%7B%22type%22:%22advanced%22,%22values%22:%5B%7B%22constant%22:null%7D,%7B%7D%5D,%22id%22:2%7D%5D%7D' successfully

2018-11-19 13:01:05 - [MESSAGE][PASSED] - Navigate to 'https://stats.ac1.kontiki.com/dashboards/analytics_external::live_event_in_progress?content_moid_filter=9136bfd0-eb87-441c-877c-7be0d13c12ee&format_moid_filter=&time_filter=&filter_config=%7B%22content_moid_filter%22:%5B%7B%22type%22:%22%3D%22,%22values%22:%5B%7B%22constant%22:%229136bfd0-eb87-441c-877c-7be0d13c12ee%22%7D,%7B%7D%5D,%22id%22:0%7D%5D,%22format_moid_filter%22:%5B%7B%22type%22:%22%3D%22,%22values%22:%5B%7B%22constant%22:%22%22%7D,%7B%7D%5D,%22id%22:1%7D%5D,%22time_filter%22:%5B%7B%22type%22:%22advanced%22,%22values%22:%5B%7B%22constant%22:null%7D,%7B%7D%5D,%22id%22:2%7D%5D%7D' successfully

2018-11-19 13:01:05 - [TEST_STEP][PASSED] - waitForAngularLoad: Angular is ready.

2018-11-19 13:01:05 - [MESSAGE][WARNING] - Timeout '0' is invalid. Using default page load timeout: '30'

2018-11-19 13:01:07 - [MESSAGE][PASSED] - Angular is ready.

2018-11-19 13:01:07 - [TEST_STEP][PASSED] - waitForPageLoad: Wait for page load successfully

2018-11-19 13:01:07 - [MESSAGE][WARNING] - Timeout '0' is invalid. Using default page load timeout: '30'

2018-11-19 13:01:08 - [MESSAGE][PASSED] - Wait for page load successfully

2018-11-19 13:01:08 - [TEST_STEP][PASSED] - click: Object: 'Object Repository/Page_Live (In Progress) Event/div_Toggle Dropdown' is clicked on

2018-11-19 13:01:09 - [MESSAGE][PASSED] - Object: 'Object Repository/Page_Live (In Progress) Event/div_Toggle Dropdown' is clicked on

2018-11-19 13:01:09 - [TEST_STEP][PASSED] - click: Object: 'Object Repository/Page_Live Event/a_Clear Cache  Refresh' is clicked on

2018-11-19 13:01:10 - [MESSAGE][PASSED] - Object: 'Object Repository/Page_Live Event/a_Clear Cache  Refresh' is clicked on

2018-11-19 13:01:10 - [TEST_STEP][PASSED] - waitForAngularLoad: Angular is ready.

2018-11-19 13:01:10 - [MESSAGE][WARNING] - Timeout '0' is invalid. Using default page load timeout: '30'

2018-11-19 13:01:15 - [MESSAGE][PASSED] - Angular is ready.

2018-11-19 13:01:15 - [TEST_STEP][PASSED] - waitForPageLoad: Wait for page load successfully

2018-11-19 13:01:15 - [MESSAGE][WARNING] - Timeout '0' is invalid. Using default page load timeout: '30'

2018-11-19 13:01:15 - [MESSAGE][PASSED] - Wait for page load successfully

2018-11-19 13:01:15 - [TEST_STEP][PASSED] - navigateToUrl: Navigate to 'https://stats.ac1.kontiki.com/dashboards/analytics_external::live_event_in_progress?content_moid_filter=&format_moid_filter=&time_filter=5%20minutes&filter_config=%7B%22content_moid_filter%22:%5B%7B%22type%22:%22%3D%22,%22values%22:%5B%7B%22constant%22:%22%22%7D,%7B%7D%5D,%22id%22:0%7D%5D,%22format_moid_filter%22:%5B%7B%22type%22:%22%3D%22,%22values%22:%5B%7B%22constant%22:%22%22%7D,%7B%7D%5D,%22id%22:1%7D%5D,%22time_filter%22:%5B%7B%22type%22:%22past%22,%22values%22:%5B%7B%22constant%22:%225%22,%22unit%22:%22min%22%7D%5D,%22id%22:2%7D%5D%7D' successfully

2018-11-19 13:01:18 - [MESSAGE][PASSED] - Navigate to 'https://stats.ac1.kontiki.com/dashboards/analytics_external::live_event_in_progress?content_moid_filter=&format_moid_filter=&time_filter=5%20minutes&filter_config=%7B%22content_moid_filter%22:%5B%7B%22type%22:%22%3D%22,%22values%22:%5B%7B%22constant%22:%22%22%7D,%7B%7D%5D,%22id%22:0%7D%5D,%22format_moid_filter%22:%5B%7B%22type%22:%22%3D%22,%22values%22:%5B%7B%22constant%22:%22%22%7D,%7B%7D%5D,%22id%22:1%7D%5D,%22time_filter%22:%5B%7B%22type%22:%22past%22,%22values%22:%5B%7B%22constant%22:%225%22,%22unit%22:%22min%22%7D%5D,%22id%22:2%7D%5D%7D' successfully

2018-11-19 13:01:18 - [TEST_STEP][PASSED] - waitForAngularLoad: Angular is ready.

2018-11-19 13:01:19 - [MESSAGE][WARNING] - Timeout '0' is invalid. Using default page load timeout: '30'

2018-11-19 13:01:22 - [MESSAGE][PASSED] - Angular is ready.

2018-11-19 13:01:22 - [TEST_STEP][PASSED] - waitForPageLoad: Wait for page load successfully

2018-11-19 13:01:22 - [MESSAGE][WARNING] - Timeout '0' is invalid. Using default page load timeout: '30'

2018-11-19 13:01:22 - [MESSAGE][PASSED] - Wait for page load successfully

2018-11-19 13:01:22 - [TEST_STEP][PASSED] - click: Object: 'Object Repository/Page_Live (In Progress) Event/div_Toggle Dropdown' is clicked on

2018-11-19 13:01:23 - [MESSAGE][PASSED] - Object: 'Object Repository/Page_Live (In Progress) Event/div_Toggle Dropdown' is clicked on

2018-11-19 13:01:23 - [TEST_STEP][PASSED] - click: Object: 'Object Repository/Page_Live (In Progress) Event/a_Clear Cache  Refresh' is clicked on

2018-11-19 13:01:23 - [MESSAGE][PASSED] - Object: 'Object Repository/Page_Live (In Progress) Event/a_Clear Cache  Refresh' is clicked on

2018-11-19 13:01:23 - [TEST_STEP][PASSED] - waitForAngularLoad: Angular is ready.

2018-11-19 13:01:23 - [MESSAGE][WARNING] - Timeout '0' is invalid. Using default page load timeout: '30'

2018-11-19 13:01:30 - [MESSAGE][PASSED] - Angular is ready.

2018-11-19 13:01:30 - [TEST_STEP][PASSED] - waitForPageLoad: Wait for page load successfully

2018-11-19 13:01:30 - [MESSAGE][WARNING] - Timeout '0' is invalid. Using default page load timeout: '30'

2018-11-19 13:01:30 - [MESSAGE][PASSED] - Wait for page load successfully

2018-11-19 13:01:30 - [TEST_STEP][PASSED] - navigateToUrl: Navigate to 'https://stats.ac1.kontiki.com/dashboards/analytics_external::live_event_in_progress?content_moid_filter=608f167c-2fc2-456c-b41d-13d13a25986b&format_moid_filter=&time_filter=&filter_config=%7B%22content_moid_filter%22:%5B%7B%22type%22:%22%3D%22,%22values%22:%5B%7B%22constant%22:%22608f167c-2fc2-456c-b41d-13d13a25986b%22%7D,%7B%7D%5D,%22id%22:0%7D%5D,%22format_moid_filter%22:%5B%7B%22type%22:%22%3D%22,%22values%22:%5B%7B%22constant%22:%22%22%7D,%7B%7D%5D,%22id%22:1%7D%5D,%22time_filter%22:%5B%7B%22type%22:%22advanced%22,%22values%22:%5B%7B%22constant%22:null%7D,%7B%7D%5D,%22id%22:2%7D%5D%7D' successfully

2018-11-19 13:01:34 - [MESSAGE][PASSED] - Navigate to 'https://stats.ac1.kontiki.com/dashboards/analytics_external::live_event_in_progress?content_moid_filter=608f167c-2fc2-456c-b41d-13d13a25986b&format_moid_filter=&time_filter=&filter_config=%7B%22content_moid_filter%22:%5B%7B%22type%22:%22%3D%22,%22values%22:%5B%7B%22constant%22:%22608f167c-2fc2-456c-b41d-13d13a25986b%22%7D,%7B%7D%5D,%22id%22:0%7D%5D,%22format_moid_filter%22:%5B%7B%22type%22:%22%3D%22,%22values%22:%5B%7B%22constant%22:%22%22%7D,%7B%7D%5D,%22id%22:1%7D%5D,%22time_filter%22:%5B%7B%22type%22:%22advanced%22,%22values%22:%5B%7B%22constant%22:null%7D,%7B%7D%5D,%22id%22:2%7D%5D%7D' successfully

2018-11-19 13:01:34 - [TEST_STEP][PASSED] - waitForAngularLoad: Angular is ready.

2018-11-19 13:01:35 - [MESSAGE][WARNING] - Timeout '0' is invalid. Using default page load timeout: '30'

2018-11-19 13:01:37 - [MESSAGE][PASSED] - Angular is ready.

2018-11-19 13:01:37 - [TEST_STEP][PASSED] - waitForPageLoad: Wait for page load successfully

2018-11-19 13:01:37 - [MESSAGE][WARNING] - Timeout '0' is invalid. Using default page load timeout: '30'

2018-11-19 13:01:38 - [MESSAGE][PASSED] - Wait for page load successfully

2018-11-19 13:01:38 - [TEST_STEP][PASSED] - click: Object: 'Object Repository/Page_Live (In Progress) Event/div_Toggle Dropdown' is clicked on

2018-11-19 13:01:39 - [MESSAGE][PASSED] - Object: 'Object Repository/Page_Live (In Progress) Event/div_Toggle Dropdown' is clicked on

2018-11-19 13:01:39 - [TEST_STEP][PASSED] - click: Object: 'Object Repository/Page_Live (In Progress) Event/a_Clear Cache  Refresh' is clicked on

2018-11-19 13:01:40 - [MESSAGE][PASSED] - Object: 'Object Repository/Page_Live (In Progress) Event/a_Clear Cache  Refresh' is clicked on

2018-11-19 13:01:40 - [TEST_STEP][PASSED] - waitForAngularLoad: Angular is ready.

2018-11-19 13:01:40 - [MESSAGE][WARNING] - Timeout '0' is invalid. Using default page load timeout: '30'

2018-11-19 13:01:44 - [MESSAGE][PASSED] - Angular is ready.

2018-11-19 13:01:44 - [TEST_STEP][PASSED] - waitForPageLoad: Wait for page load successfully

2018-11-19 13:01:44 - [MESSAGE][WARNING] - Timeout '0' is invalid. Using default page load timeout: '30'

2018-11-19 13:01:44 - [MESSAGE][PASSED] - Wait for page load successfully

2018-11-19 13:01:44 - [TEST_STEP][PASSED] - navigateToUrl: Navigate to 'https://stats.ac1.kontiki.com/dashboards/analytics_external::live_event?content_moid_filter=a6ccf98e-ab4e-40ad-9761-4227f31f6420&format_moid_filter=&time_filter=&filter_config=%7B%22content_moid_filter%22:%5B%7B%22type%22:%22%3D%22,%22values%22:%5B%7B%22constant%22:%22a6ccf98e-ab4e-40ad-9761-4227f31f6420%22%7D,%7B%7D%5D,%22id%22:0%7D%5D,%22format_moid_filter%22:%5B%7B%22type%22:%22%3D%22,%22values%22:%5B%7B%22constant%22:%22%22%7D,%7B%7D%5D,%22id%22:1%7D%5D,%22time_filter%22:%5B%7B%22type%22:%22advanced%22,%22values%22:%5B%7B%22constant%22:null%7D,%7B%7D%5D,%22id%22:2%7D%5D%7D' successfully

2018-11-19 13:01:47 - [MESSAGE][PASSED] - Navigate to 'https://stats.ac1.kontiki.com/dashboards/analytics_external::live_event?content_moid_filter=a6ccf98e-ab4e-40ad-9761-4227f31f6420&format_moid_filter=&time_filter=&filter_config=%7B%22content_moid_filter%22:%5B%7B%22type%22:%22%3D%22,%22values%22:%5B%7B%22constant%22:%22a6ccf98e-ab4e-40ad-9761-4227f31f6420%22%7D,%7B%7D%5D,%22id%22:0%7D%5D,%22format_moid_filter%22:%5B%7B%22type%22:%22%3D%22,%22values%22:%5B%7B%22constant%22:%22%22%7D,%7B%7D%5D,%22id%22:1%7D%5D,%22time_filter%22:%5B%7B%22type%22:%22advanced%22,%22values%22:%5B%7B%22constant%22:null%7D,%7B%7D%5D,%22id%22:2%7D%5D%7D' successfully

2018-11-19 13:01:47 - [TEST_STEP][PASSED] - waitForAngularLoad: Angular is ready.

2018-11-19 13:01:47 - [MESSAGE][WARNING] - Timeout '0' is invalid. Using default page load timeout: '30'

2018-11-19 13:01:49 - [MESSAGE][PASSED] - Angular is ready.

2018-11-19 13:01:49 - [TEST_STEP][PASSED] - waitForPageLoad: Wait for page load successfully

2018-11-19 13:01:49 - [MESSAGE][WARNING] - Timeout '0' is invalid. Using default page load timeout: '30'

2018-11-19 13:01:50 - [MESSAGE][PASSED] - Wait for page load successfully

2018-11-19 13:01:50 - [TEST_STEP][PASSED] - click: Object: 'Object Repository/Page_Live Event/i_Run_lk-icon-gear' is clicked on

2018-11-19 13:01:52 - [MESSAGE][PASSED] - Object: 'Object Repository/Page_Live Event/i_Run_lk-icon-gear' is clicked on

2018-11-19 13:01:52 - [TEST_STEP][PASSED] - click: Object: 'Object Repository/Page_Live Event/a_Clear Cache  Refresh' is clicked on

2018-11-19 13:01:52 - [MESSAGE][PASSED] - Object: 'Object Repository/Page_Live Event/a_Clear Cache  Refresh' is clicked on

2018-11-19 13:01:52 - [TEST_STEP][PASSED] - waitForAngularLoad: Angular is ready.

2018-11-19 13:01:52 - [MESSAGE][WARNING] - Timeout '0' is invalid. Using default page load timeout: '30'

2018-11-19 13:01:58 - [MESSAGE][PASSED] - Angular is ready.

2018-11-19 13:01:58 - [TEST_STEP][PASSED] - waitForPageLoad: Wait for page load successfully

2018-11-19 13:01:58 - [MESSAGE][WARNING] - Timeout '0' is invalid. Using default page load timeout: '30'

2018-11-19 13:01:58 - [MESSAGE][PASSED] - Wait for page load successfully

2018-11-19 13:01:58 - [TEST_STEP][PASSED] - navigateToUrl: Navigate to 'https://stats.ac1.kontiki.com/dashboards/analytics_external::live_event?content_moid_filter=33e2867b-f623-472f-b398-ba8317f00e50&format_moid_filter=&time_filter=&filter_config=%7B%22content_moid_filter%22:%5B%7B%22type%22:%22%3D%22,%22values%22:%5B%7B%22constant%22:%2233e2867b-f623-472f-b398-ba8317f00e50%22%7D,%7B%7D%5D,%22id%22:0%7D%5D,%22format_moid_filter%22:%5B%7B%22type%22:%22%3D%22,%22values%22:%5B%7B%22constant%22:%22%22%7D,%7B%7D%5D,%22id%22:1%7D%5D,%22time_filter%22:%5B%7B%22type%22:%22advanced%22,%22values%22:%5B%7B%22constant%22:null%7D,%7B%7D%5D,%22id%22:2%7D%5D%7D' successfully

2018-11-19 13:02:01 - [MESSAGE][PASSED] - Navigate to 'https://stats.ac1.kontiki.com/dashboards/analytics_external::live_event?content_moid_filter=33e2867b-f623-472f-b398-ba8317f00e50&format_moid_filter=&time_filter=&filter_config=%7B%22content_moid_filter%22:%5B%7B%22type%22:%22%3D%22,%22values%22:%5B%7B%22constant%22:%2233e2867b-f623-472f-b398-ba8317f00e50%22%7D,%7B%7D%5D,%22id%22:0%7D%5D,%22format_moid_filter%22:%5B%7B%22type%22:%22%3D%22,%22values%22:%5B%7B%22constant%22:%22%22%7D,%7B%7D%5D,%22id%22:1%7D%5D,%22time_filter%22:%5B%7B%22type%22:%22advanced%22,%22values%22:%5B%7B%22constant%22:null%7D,%7B%7D%5D,%22id%22:2%7D%5D%7D' successfully

2018-11-19 13:02:01 - [TEST_STEP][PASSED] - waitForAngularLoad: Angular is ready.

2018-11-19 13:02:01 - [MESSAGE][WARNING] - Timeout '0' is invalid. Using default page load timeout: '30'

2018-11-19 13:02:04 - [MESSAGE][PASSED] - Angular is ready.

2018-11-19 13:02:04 - [TEST_STEP][PASSED] - waitForPageLoad: Wait for page load successfully

2018-11-19 13:02:04 - [MESSAGE][WARNING] - Timeout '0' is invalid. Using default page load timeout: '30'

2018-11-19 13:02:04 - [MESSAGE][PASSED] - Wait for page load successfully

2018-11-19 13:02:04 - [TEST_STEP][PASSED] - click: Object: 'Object Repository/Page_Live Event/i_Run_lk-icon-gear' is clicked on

2018-11-19 13:02:09 - [MESSAGE][PASSED] - Object: 'Object Repository/Page_Live Event/i_Run_lk-icon-gear' is clicked on

2018-11-19 13:02:09 - [TEST_STEP][PASSED] - click: Object: 'Object Repository/Page_Live Event/a_Clear Cache  Refresh' is clicked on

2018-11-19 13:02:09 - [MESSAGE][PASSED] - Object: 'Object Repository/Page_Live Event/a_Clear Cache  Refresh' is clicked on

2018-11-19 13:02:09 - [TEST_STEP][PASSED] - waitForAngularLoad: Angular is ready.

2018-11-19 13:02:09 - [MESSAGE][WARNING] - Timeout '0' is invalid. Using default page load timeout: '30'

2018-11-19 13:02:15 - [MESSAGE][PASSED] - Angular is ready.

2018-11-19 13:02:15 - [TEST_STEP][PASSED] - waitForPageLoad: Wait for page load successfully

2018-11-19 13:02:15 - [MESSAGE][WARNING] - Timeout '0' is invalid. Using default page load timeout: '30'

2018-11-19 13:02:15 - [MESSAGE][PASSED] - Wait for page load successfully

2018-11-19 13:02:15 - [TEST_STEP][PASSED] - navigateToUrl: Navigate to 'https://stats.ac1.kontiki.com/dashboards/analytics_external::live_event?content_moid_filter=9136bfd0-eb87-441c-877c-7be0d13c12ee&format_moid_filter=&time_filter=&filter_config=%7B%22content_moid_filter%22:%5B%7B%22type%22:%22%3D%22,%22values%22:%5B%7B%22constant%22:%229136bfd0-eb87-441c-877c-7be0d13c12ee%22%7D,%7B%7D%5D,%22id%22:0%7D%5D,%22format_moid_filter%22:%5B%7B%22type%22:%22%3D%22,%22values%22:%5B%7B%22constant%22:%22%22%7D,%7B%7D%5D,%22id%22:1%7D%5D,%22time_filter%22:%5B%7B%22type%22:%22advanced%22,%22values%22:%5B%7B%22constant%22:null%7D,%7B%7D%5D,%22id%22:2%7D%5D%7D' successfully

2018-11-19 13:02:19 - [MESSAGE][PASSED] - Navigate to 'https://stats.ac1.kontiki.com/dashboards/analytics_external::live_event?content_moid_filter=9136bfd0-eb87-441c-877c-7be0d13c12ee&format_moid_filter=&time_filter=&filter_config=%7B%22content_moid_filter%22:%5B%7B%22type%22:%22%3D%22,%22values%22:%5B%7B%22constant%22:%229136bfd0-eb87-441c-877c-7be0d13c12ee%22%7D,%7B%7D%5D,%22id%22:0%7D%5D,%22format_moid_filter%22:%5B%7B%22type%22:%22%3D%22,%22values%22:%5B%7B%22constant%22:%22%22%7D,%7B%7D%5D,%22id%22:1%7D%5D,%22time_filter%22:%5B%7B%22type%22:%22advanced%22,%22values%22:%5B%7B%22constant%22:null%7D,%7B%7D%5D,%22id%22:2%7D%5D%7D' successfully

2018-11-19 13:02:19 - [TEST_STEP][PASSED] - waitForAngularLoad: Angular is ready.

2018-11-19 13:02:19 - [MESSAGE][WARNING] - Timeout '0' is invalid. Using default page load timeout: '30'

2018-11-19 13:02:21 - [MESSAGE][PASSED] - Angular is ready.

2018-11-19 13:02:21 - [TEST_STEP][PASSED] - waitForPageLoad: Wait for page load successfully

2018-11-19 13:02:21 - [MESSAGE][WARNING] - Timeout '0' is invalid. Using default page load timeout: '30'

2018-11-19 13:02:22 - [MESSAGE][PASSED] - Wait for page load successfully

2018-11-19 13:02:22 - [TEST_STEP][PASSED] - click: Object: 'Object Repository/Page_Live Event/i_Run_lk-icon-gear' is clicked on

2018-11-19 13:02:23 - [MESSAGE][PASSED] - Object: 'Object Repository/Page_Live Event/i_Run_lk-icon-gear' is clicked on

2018-11-19 13:02:23 - [TEST_STEP][PASSED] - click: Object: 'Object Repository/Page_Live Event/a_Clear Cache  Refresh' is clicked on

2018-11-19 13:02:23 - [MESSAGE][PASSED] - Object: 'Object Repository/Page_Live Event/a_Clear Cache  Refresh' is clicked on

2018-11-19 13:02:23 - [TEST_STEP][PASSED] - waitForAngularLoad: Angular is ready.

2018-11-19 13:02:23 - [MESSAGE][WARNING] - Timeout '0' is invalid. Using default page load timeout: '30'

2018-11-19 13:02:27 - [MESSAGE][PASSED] - Angular is ready.

2018-11-19 13:02:27 - [TEST_STEP][PASSED] - waitForPageLoad: Wait for page load successfully

2018-11-19 13:02:27 - [MESSAGE][WARNING] - Timeout '0' is invalid. Using default page load timeout: '30'

2018-11-19 13:02:29 - [MESSAGE][PASSED] - Wait for page load successfully

2018-11-19 13:02:29 - [TEST_STEP][PASSED] - navigateToUrl: Navigate to 'https://stats.ac1.kontiki.com/dashboards/analytics_external::live_event?content_moid_filter=&format_moid_filter=&time_filter=15%20minutes&filter_config=%7B%22content_moid_filter%22:%5B%7B%22type%22:%22%3D%22,%22values%22:%5B%7B%22constant%22:%22%22%7D,%7B%7D%5D,%22id%22:0%7D%5D,%22format_moid_filter%22:%5B%7B%22type%22:%22%3D%22,%22values%22:%5B%7B%22constant%22:%22%22%7D,%7B%7D%5D,%22id%22:1%7D%5D,%22time_filter%22:%5B%7B%22type%22:%22past%22,%22values%22:%5B%7B%22constant%22:%2215%22,%22unit%22:%22min%22%7D%5D,%22id%22:2%7D%5D%7D' successfully

2018-11-19 13:02:31 - [MESSAGE][PASSED] - Navigate to 'https://stats.ac1.kontiki.com/dashboards/analytics_external::live_event?content_moid_filter=&format_moid_filter=&time_filter=15%20minutes&filter_config=%7B%22content_moid_filter%22:%5B%7B%22type%22:%22%3D%22,%22values%22:%5B%7B%22constant%22:%22%22%7D,%7B%7D%5D,%22id%22:0%7D%5D,%22format_moid_filter%22:%5B%7B%22type%22:%22%3D%22,%22values%22:%5B%7B%22constant%22:%22%22%7D,%7B%7D%5D,%22id%22:1%7D%5D,%22time_filter%22:%5B%7B%22type%22:%22past%22,%22values%22:%5B%7B%22constant%22:%2215%22,%22unit%22:%22min%22%7D%5D,%22id%22:2%7D%5D%7D' successfully

2018-11-19 13:02:31 - [TEST_STEP][PASSED] - waitForAngularLoad: Angular is ready.

2018-11-19 13:02:31 - [MESSAGE][WARNING] - Timeout '0' is invalid. Using default page load timeout: '30'

2018-11-19 13:02:37 - [MESSAGE][PASSED] - Angular is ready.

2018-11-19 13:02:37 - [TEST_STEP][PASSED] - waitForPageLoad: Wait for page load successfully

2018-11-19 13:02:37 - [MESSAGE][WARNING] - Timeout '0' is invalid. Using default page load timeout: '30'

2018-11-19 13:02:37 - [MESSAGE][PASSED] - Wait for page load successfully

2018-11-19 13:02:37 - [TEST_STEP][PASSED] - click: Object: 'Object Repository/Page_Live (In Progress) Event/i_Run_lk-icon-gear' is clicked on

2018-11-19 13:02:38 - [MESSAGE][PASSED] - Object: 'Object Repository/Page_Live (In Progress) Event/i_Run_lk-icon-gear' is clicked on

2018-11-19 13:02:38 - [TEST_STEP][PASSED] - click: Object: 'Object Repository/Page_Live (In Progress) Event/a_Clear Cache  Refresh' is clicked on

2018-11-19 13:02:39 - [MESSAGE][PASSED] - Object: 'Object Repository/Page_Live (In Progress) Event/a_Clear Cache  Refresh' is clicked on

2018-11-19 13:02:39 - [TEST_STEP][PASSED] - waitForAngularLoad: Angular is ready.

2018-11-19 13:02:39 - [MESSAGE][WARNING] - Timeout '0' is invalid. Using default page load timeout: '30'

2018-11-19 13:02:44 - [MESSAGE][PASSED] - Angular is ready.

2018-11-19 13:02:44 - [TEST_STEP][PASSED] - waitForPageLoad: Wait for page load successfully

2018-11-19 13:02:44 - [MESSAGE][WARNING] - Timeout '0' is invalid. Using default page load timeout: '30'

2018-11-19 13:02:44 - [MESSAGE][PASSED] - Wait for page load successfully

2018-11-19 13:02:44 - [TEST_STEP][PASSED] - navigateToUrl: Navigate to 'https://stats.ac1.kontiki.com/dashboards/analytics_external::live_event_in_progress?content_moid_filter=608f167c-2fc2-456c-b41d-13d13a25986b&format_moid_filter=&time_filter=&filter_config=%7B%22content_moid_filter%22:%5B%7B%22type%22:%22%3D%22,%22values%22:%5B%7B%22constant%22:%22608f167c-2fc2-456c-b41d-13d13a25986b%22%7D,%7B%7D%5D,%22id%22:0%7D%5D,%22format_moid_filter%22:%5B%7B%22type%22:%22%3D%22,%22values%22:%5B%7B%22constant%22:%22%22%7D,%7B%7D%5D,%22id%22:1%7D%5D,%22time_filter%22:%5B%7B%22type%22:%22advanced%22,%22values%22:%5B%7B%22constant%22:null%7D,%7B%7D%5D,%22id%22:2%7D%5D%7D' successfully

2018-11-19 13:02:47 - [MESSAGE][PASSED] - Navigate to 'https://stats.ac1.kontiki.com/dashboards/analytics_external::live_event_in_progress?content_moid_filter=608f167c-2fc2-456c-b41d-13d13a25986b&format_moid_filter=&time_filter=&filter_config=%7B%22content_moid_filter%22:%5B%7B%22type%22:%22%3D%22,%22values%22:%5B%7B%22constant%22:%22608f167c-2fc2-456c-b41d-13d13a25986b%22%7D,%7B%7D%5D,%22id%22:0%7D%5D,%22format_moid_filter%22:%5B%7B%22type%22:%22%3D%22,%22values%22:%5B%7B%22constant%22:%22%22%7D,%7B%7D%5D,%22id%22:1%7D%5D,%22time_filter%22:%5B%7B%22type%22:%22advanced%22,%22values%22:%5B%7B%22constant%22:null%7D,%7B%7D%5D,%22id%22:2%7D%5D%7D' successfully

2018-11-19 13:02:47 - [TEST_STEP][PASSED] - waitForAngularLoad: Angular is ready.

2018-11-19 13:02:47 - [MESSAGE][WARNING] - Timeout '0' is invalid. Using default page load timeout: '30'

2018-11-19 13:02:49 - [MESSAGE][PASSED] - Angular is ready.

2018-11-19 13:02:49 - [TEST_STEP][PASSED] - waitForPageLoad: Wait for page load successfully

2018-11-19 13:02:49 - [MESSAGE][WARNING] - Timeout '0' is invalid. Using default page load timeout: '30'

2018-11-19 13:02:49 - [MESSAGE][PASSED] - Wait for page load successfully

2018-11-19 13:02:49 - [TEST_STEP][PASSED] - click: Object: 'Object Repository/Page_Live (In Progress) Event/i_Run_lk-icon-gear' is clicked on

2018-11-19 13:02:50 - [MESSAGE][PASSED] - Object: 'Object Repository/Page_Live (In Progress) Event/i_Run_lk-icon-gear' is clicked on

2018-11-19 13:02:50 - [TEST_STEP][PASSED] - click: Object: 'Object Repository/Page_Live (In Progress) Event/a_Clear Cache  Refresh' is clicked on

2018-11-19 13:02:51 - [MESSAGE][PASSED] - Object: 'Object Repository/Page_Live (In Progress) Event/a_Clear Cache  Refresh' is clicked on

2018-11-19 13:02:51 - [TEST_STEP][PASSED] - waitForAngularLoad: Angular is ready.

2018-11-19 13:02:51 - [MESSAGE][WARNING] - Timeout '0' is invalid. Using default page load timeout: '30'

2018-11-19 13:02:54 - [MESSAGE][PASSED] - Angular is ready.

2018-11-19 13:02:54 - [TEST_STEP][PASSED] - waitForPageLoad: Wait for page load successfully

2018-11-19 13:02:54 - [MESSAGE][WARNING] - Timeout '0' is invalid. Using default page load timeout: '30'

2018-11-19 13:02:54 - [MESSAGE][PASSED] - Wait for page load successfully

2018-11-19 13:02:54 - [TEST_STEP][PASSED] - navigateToUrl: Navigate to 'https://stats.ac1.kontiki.com/dashboards/analytics_external::live_event?content_moid_filter=62e0c489-d575-4aca-ac54-ace9bc1dce04&format_moid_filter=&time_filter=&filter_config=%7B%22content_moid_filter%22:%5B%7B%22type%22:%22%3D%22,%22values%22:%5B%7B%22constant%22:%2262e0c489-d575-4aca-ac54-ace9bc1dce04%22%7D,%7B%7D%5D,%22id%22:0%7D%5D,%22format_moid_filter%22:%5B%7B%22type%22:%22%3D%22,%22values%22:%5B%7B%22constant%22:%22%22%7D,%7B%7D%5D,%22id%22:1%7D%5D,%22time_filter%22:%5B%7B%22type%22:%22advanced%22,%22values%22:%5B%7B%22constant%22:null%7D,%7B%7D%5D,%22id%22:2%7D%5D%7D' successfully

2018-11-19 13:02:57 - [MESSAGE][PASSED] - Navigate to 'https://stats.ac1.kontiki.com/dashboards/analytics_external::live_event?content_moid_filter=62e0c489-d575-4aca-ac54-ace9bc1dce04&format_moid_filter=&time_filter=&filter_config=%7B%22content_moid_filter%22:%5B%7B%22type%22:%22%3D%22,%22values%22:%5B%7B%22constant%22:%2262e0c489-d575-4aca-ac54-ace9bc1dce04%22%7D,%7B%7D%5D,%22id%22:0%7D%5D,%22format_moid_filter%22:%5B%7B%22type%22:%22%3D%22,%22values%22:%5B%7B%22constant%22:%22%22%7D,%7B%7D%5D,%22id%22:1%7D%5D,%22time_filter%22:%5B%7B%22type%22:%22advanced%22,%22values%22:%5B%7B%22constant%22:null%7D,%7B%7D%5D,%22id%22:2%7D%5D%7D' successfully

2018-11-19 13:02:57 - [TEST_STEP][PASSED] - waitForAngularLoad: Angular is ready.

2018-11-19 13:02:57 - [MESSAGE][WARNING] - Timeout '0' is invalid. Using default page load timeout: '30'

2018-11-19 13:03:00 - [MESSAGE][PASSED] - Angular is ready.

2018-11-19 13:03:00 - [TEST_STEP][PASSED] - waitForPageLoad: Wait for page load successfully

2018-11-19 13:03:00 - [MESSAGE][WARNING] - Timeout '0' is invalid. Using default page load timeout: '30'

2018-11-19 13:03:00 - [MESSAGE][PASSED] - Wait for page load successfully

2018-11-19 13:03:00 - [TEST_STEP][PASSED] - click: Object: 'Object Repository/Page_Live Event/i_Run_lk-icon-gear' is clicked on

2018-11-19 13:03:01 - [MESSAGE][PASSED] - Object: 'Object Repository/Page_Live Event/i_Run_lk-icon-gear' is clicked on

2018-11-19 13:03:01 - [TEST_STEP][PASSED] - click: Object: 'Object Repository/Page_Live Event/a_Clear Cache  Refresh' is clicked on

2018-11-19 13:03:01 - [MESSAGE][PASSED] - Object: 'Object Repository/Page_Live Event/a_Clear Cache  Refresh' is clicked on

2018-11-19 13:03:01 - [TEST_STEP][PASSED] - waitForAngularLoad: Angular is ready.

2018-11-19 13:03:01 - [MESSAGE][WARNING] - Timeout '0' is invalid. Using default page load timeout: '30'

2018-11-19 13:03:04 - [MESSAGE][PASSED] - Angular is ready.

2018-11-19 13:03:04 - [TEST_STEP][PASSED] - waitForPageLoad: Wait for page load successfully

2018-11-19 13:03:04 - [MESSAGE][WARNING] - Timeout '0' is invalid. Using default page load timeout: '30'

2018-11-19 13:03:04 - [MESSAGE][PASSED] - Wait for page load successfully

2018-11-19 13:03:04 - [TEST_STEP][PASSED] - navigateToUrl: Navigate to 'https://stats.ac1.kontiki.com/dashboards/analytics_external::live_event?content_moid_filter=67818c67-45f5-4409-9bb8-b40622522e49&format_moid_filter=&time_filter=&filter_config=%7B%22content_moid_filter%22:%5B%7B%22type%22:%22%3D%22,%22values%22:%5B%7B%22constant%22:%2267818c67-45f5-4409-9bb8-b40622522e49%22%7D,%7B%7D%5D,%22id%22:0%7D%5D,%22format_moid_filter%22:%5B%7B%22type%22:%22%3D%22,%22values%22:%5B%7B%22constant%22:%22%22%7D,%7B%7D%5D,%22id%22:1%7D%5D,%22time_filter%22:%5B%7B%22type%22:%22advanced%22,%22values%22:%5B%7B%22constant%22:null%7D,%7B%7D%5D,%22id%22:2%7D%5D%7D' successfully

2018-11-19 13:03:07 - [MESSAGE][PASSED] - Navigate to 'https://stats.ac1.kontiki.com/dashboards/analytics_external::live_event?content_moid_filter=67818c67-45f5-4409-9bb8-b40622522e49&format_moid_filter=&time_filter=&filter_config=%7B%22content_moid_filter%22:%5B%7B%22type%22:%22%3D%22,%22values%22:%5B%7B%22constant%22:%2267818c67-45f5-4409-9bb8-b40622522e49%22%7D,%7B%7D%5D,%22id%22:0%7D%5D,%22format_moid_filter%22:%5B%7B%22type%22:%22%3D%22,%22values%22:%5B%7B%22constant%22:%22%22%7D,%7B%7D%5D,%22id%22:1%7D%5D,%22time_filter%22:%5B%7B%22type%22:%22advanced%22,%22values%22:%5B%7B%22constant%22:null%7D,%7B%7D%5D,%22id%22:2%7D%5D%7D' successfully

2018-11-19 13:03:07 - [TEST_STEP][PASSED] - waitForAngularLoad: Angular is ready.

2018-11-19 13:03:07 - [MESSAGE][WARNING] - Timeout '0' is invalid. Using default page load timeout: '30'

2018-11-19 13:03:09 - [MESSAGE][PASSED] - Angular is ready.

2018-11-19 13:03:09 - [TEST_STEP][PASSED] - waitForPageLoad: Wait for page load successfully

2018-11-19 13:03:09 - [MESSAGE][WARNING] - Timeout '0' is invalid. Using default page load timeout: '30'

2018-11-19 13:03:09 - [MESSAGE][PASSED] - Wait for page load successfully

2018-11-19 13:03:09 - [TEST_STEP][PASSED] - click: Object: 'Object Repository/Page_Live Event/i_Run_lk-icon-gear' is clicked on

2018-11-19 13:03:10 - [MESSAGE][PASSED] - Object: 'Object Repository/Page_Live Event/i_Run_lk-icon-gear' is clicked on

2018-11-19 13:03:10 - [TEST_STEP][PASSED] - click: Object: 'Object Repository/Page_Live Event/a_Clear Cache  Refresh' is clicked on

2018-11-19 13:03:11 - [MESSAGE][PASSED] - Object: 'Object Repository/Page_Live Event/a_Clear Cache  Refresh' is clicked on

2018-11-19 13:03:11 - [TEST_STEP][PASSED] - waitForAngularLoad: Angular is ready.

2018-11-19 13:03:11 - [MESSAGE][WARNING] - Timeout '0' is invalid. Using default page load timeout: '30'

2018-11-19 13:03:14 - [MESSAGE][PASSED] - Angular is ready.

2018-11-19 13:03:14 - [TEST_STEP][PASSED] - waitForPageLoad: Wait for page load successfully

2018-11-19 13:03:14 - [MESSAGE][WARNING] - Timeout '0' is invalid. Using default page load timeout: '30'

2018-11-19 13:03:15 - [MESSAGE][PASSED] - Wait for page load successfully

2018-11-19 13:03:15 - [TEST_STEP][PASSED] - navigateToUrl: Navigate to 'https://stats.ac1.kontiki.com/dashboards/analytics_external::live_event?content_moid_filter=d60f6002-85e5-0ed2-1112-dc07f9ec63fb&format_moid_filter=&time_filter=&filter_config=%7B%22content_moid_filter%22:%5B%7B%22type%22:%22%3D%22,%22values%22:%5B%7B%22constant%22:%22d60f6002-85e5-0ed2-1112-dc07f9ec63fb%22%7D,%7B%7D%5D,%22id%22:0%7D%5D,%22format_moid_filter%22:%5B%7B%22type%22:%22%3D%22,%22values%22:%5B%7B%22constant%22:%22%22%7D,%7B%7D%5D,%22id%22:1%7D%5D,%22time_filter%22:%5B%7B%22type%22:%22advanced%22,%22values%22:%5B%7B%22constant%22:null%7D,%7B%7D%5D,%22id%22:2%7D%5D%7D' successfully

2018-11-19 13:03:17 - [MESSAGE][PASSED] - Navigate to 'https://stats.ac1.kontiki.com/dashboards/analytics_external::live_event?content_moid_filter=d60f6002-85e5-0ed2-1112-dc07f9ec63fb&format_moid_filter=&time_filter=&filter_config=%7B%22content_moid_filter%22:%5B%7B%22type%22:%22%3D%22,%22values%22:%5B%7B%22constant%22:%22d60f6002-85e5-0ed2-1112-dc07f9ec63fb%22%7D,%7B%7D%5D,%22id%22:0%7D%5D,%22format_moid_filter%22:%5B%7B%22type%22:%22%3D%22,%22values%22:%5B%7B%22constant%22:%22%22%7D,%7B%7D%5D,%22id%22:1%7D%5D,%22time_filter%22:%5B%7B%22type%22:%22advanced%22,%22values%22:%5B%7B%22constant%22:null%7D,%7B%7D%5D,%22id%22:2%7D%5D%7D' successfully

2018-11-19 13:03:17 - [TEST_STEP][PASSED] - waitForAngularLoad: Angular is ready.

2018-11-19 13:03:17 - [MESSAGE][WARNING] - Timeout '0' is invalid. Using default page load timeout: '30'

2018-11-19 13:03:19 - [MESSAGE][PASSED] - Angular is ready.

2018-11-19 13:03:19 - [TEST_STEP][PASSED] - waitForPageLoad: Wait for page load successfully

2018-11-19 13:03:19 - [MESSAGE][WARNING] - Timeout '0' is invalid. Using default page load timeout: '30'

2018-11-19 13:03:20 - [MESSAGE][PASSED] - Wait for page load successfully

2018-11-19 13:03:20 - [TEST_STEP][PASSED] - click: Object: 'Object Repository/Page_Live Event/i_Run_lk-icon-gear' is clicked on

2018-11-19 13:03:22 - [MESSAGE][PASSED] - Object: 'Object Repository/Page_Live Event/i_Run_lk-icon-gear' is clicked on

2018-11-19 13:03:22 - [TEST_STEP][PASSED] - click: Object: 'Object Repository/Page_Live Event/a_Clear Cache  Refresh' is clicked on

2018-11-19 13:03:23 - [MESSAGE][PASSED] - Object: 'Object Repository/Page_Live Event/a_Clear Cache  Refresh' is clicked on

2018-11-19 13:03:23 - [TEST_STEP][PASSED] - waitForAngularLoad: Angular is ready.

2018-11-19 13:03:23 - [MESSAGE][WARNING] - Timeout '0' is invalid. Using default page load timeout: '30'

2018-11-19 13:03:29 - [MESSAGE][PASSED] - Angular is ready.

2018-11-19 13:03:29 - [TEST_STEP][PASSED] - waitForPageLoad: Wait for page load successfully

2018-11-19 13:03:29 - [MESSAGE][WARNING] - Timeout '0' is invalid. Using default page load timeout: '30'

2018-11-19 13:03:29 - [MESSAGE][PASSED] - Wait for page load successfully

2018-11-19 13:03:29 - [TEST_STEP][PASSED] - navigateToUrl: Navigate to 'https://stats.ac1.kontiki.com/dashboards/analytics_external::live_event?content_moid_filter=20ad83d7-7990-df07-957e-f7230f56d82a&format_moid_filter=&time_filter=&filter_config=%7B%22content_moid_filter%22:%5B%7B%22type%22:%22%3D%22,%22values%22:%5B%7B%22constant%22:%2220ad83d7-7990-df07-957e-f7230f56d82a%22%7D,%7B%7D%5D,%22id%22:0%7D%5D,%22format_moid_filter%22:%5B%7B%22type%22:%22%3D%22,%22values%22:%5B%7B%22constant%22:%22%22%7D,%7B%7D%5D,%22id%22:1%7D%5D,%22time_filter%22:%5B%7B%22type%22:%22advanced%22,%22values%22:%5B%7B%22constant%22:null%7D,%7B%7D%5D,%22id%22:2%7D%5D%7D' successfully

2018-11-19 13:03:32 - [MESSAGE][PASSED] - Navigate to 'https://stats.ac1.kontiki.com/dashboards/analytics_external::live_event?content_moid_filter=20ad83d7-7990-df07-957e-f7230f56d82a&format_moid_filter=&time_filter=&filter_config=%7B%22content_moid_filter%22:%5B%7B%22type%22:%22%3D%22,%22values%22:%5B%7B%22constant%22:%2220ad83d7-7990-df07-957e-f7230f56d82a%22%7D,%7B%7D%5D,%22id%22:0%7D%5D,%22format_moid_filter%22:%5B%7B%22type%22:%22%3D%22,%22values%22:%5B%7B%22constant%22:%22%22%7D,%7B%7D%5D,%22id%22:1%7D%5D,%22time_filter%22:%5B%7B%22type%22:%22advanced%22,%22values%22:%5B%7B%22constant%22:null%7D,%7B%7D%5D,%22id%22:2%7D%5D%7D' successfully

2018-11-19 13:03:32 - [TEST_STEP][PASSED] - waitForAngularLoad: Angular is ready.

2018-11-19 13:03:32 - [MESSAGE][WARNING] - Timeout '0' is invalid. Using default page load timeout: '30'

2018-11-19 13:03:34 - [MESSAGE][PASSED] - Angular is ready.

2018-11-19 13:03:34 - [TEST_STEP][PASSED] - waitForPageLoad: Wait for page load successfully

2018-11-19 13:03:34 - [MESSAGE][WARNING] - Timeout '0' is invalid. Using default page load timeout: '30'

2018-11-19 13:03:39 - [MESSAGE][PASSED] - Wait for page load successfully

2018-11-19 13:03:39 - [TEST_STEP][PASSED] - click: Object: 'Object Repository/Page_Live (In Progress) Event/i_Run_lk-icon-gear' is clicked on

2018-11-19 13:03:40 - [MESSAGE][PASSED] - Object: 'Object Repository/Page_Live (In Progress) Event/i_Run_lk-icon-gear' is clicked on

2018-11-19 13:03:40 - [TEST_STEP][PASSED] - click: Object: 'Object Repository/Page_Live (In Progress) Event/a_Clear Cache  Refresh' is clicked on

2018-11-19 13:03:40 - [MESSAGE][PASSED] - Object: 'Object Repository/Page_Live (In Progress) Event/a_Clear Cache  Refresh' is clicked on

2018-11-19 13:03:40 - [TEST_STEP][PASSED] - waitForAngularLoad: Angular is ready.

2018-11-19 13:03:41 - [MESSAGE][WARNING] - Timeout '0' is invalid. Using default page load timeout: '30'

2018-11-19 13:03:46 - [MESSAGE][PASSED] - Angular is ready.

2018-11-19 13:03:46 - [TEST_STEP][PASSED] - waitForPageLoad: Wait for page load successfully

2018-11-19 13:03:46 - [MESSAGE][WARNING] - Timeout '0' is invalid. Using default page load timeout: '30'

2018-11-19 13:03:47 - [MESSAGE][PASSED] - Wait for page load successfully

2018-11-19 13:03:47 - [TEST_STEP][PASSED] - navigateToUrl: Navigate to 'https://stats.ac1.kontiki.com/dashboards/analytics_external::live_event?content_moid_filter=eb6edb63-264e-4bea-8883-50110b74c51e&format_moid_filter=&time_filter=&filter_config=%7B%22content_moid_filter%22:%5B%7B%22type%22:%22%3D%22,%22values%22:%5B%7B%22constant%22:%22eb6edb63-264e-4bea-8883-50110b74c51e%22%7D,%7B%7D%5D,%22id%22:0%7D%5D,%22format_moid_filter%22:%5B%7B%22type%22:%22%3D%22,%22values%22:%5B%7B%22constant%22:%22%22%7D,%7B%7D%5D,%22id%22:1%7D%5D,%22time_filter%22:%5B%7B%22type%22:%22advanced%22,%22values%22:%5B%7B%22constant%22:null%7D,%7B%7D%5D,%22id%22:2%7D%5D%7D' successfully

2018-11-19 13:03:49 - [MESSAGE][PASSED] - Navigate to 'https://stats.ac1.kontiki.com/dashboards/analytics_external::live_event?content_moid_filter=eb6edb63-264e-4bea-8883-50110b74c51e&format_moid_filter=&time_filter=&filter_config=%7B%22content_moid_filter%22:%5B%7B%22type%22:%22%3D%22,%22values%22:%5B%7B%22constant%22:%22eb6edb63-264e-4bea-8883-50110b74c51e%22%7D,%7B%7D%5D,%22id%22:0%7D%5D,%22format_moid_filter%22:%5B%7B%22type%22:%22%3D%22,%22values%22:%5B%7B%22constant%22:%22%22%7D,%7B%7D%5D,%22id%22:1%7D%5D,%22time_filter%22:%5B%7B%22type%22:%22advanced%22,%22values%22:%5B%7B%22constant%22:null%7D,%7B%7D%5D,%22id%22:2%7D%5D%7D' successfully

2018-11-19 13:03:49 - [TEST_STEP][PASSED] - waitForAngularLoad: Angular is ready.

2018-11-19 13:03:50 - [MESSAGE][WARNING] - Timeout '0' is invalid. Using default page load timeout: '30'

2018-11-19 13:03:52 - [MESSAGE][PASSED] - Angular is ready.

2018-11-19 13:03:52 - [TEST_STEP][PASSED] - waitForPageLoad: Wait for page load successfully

2018-11-19 13:03:52 - [MESSAGE][WARNING] - Timeout '0' is invalid. Using default page load timeout: '30'

2018-11-19 13:03:52 - [MESSAGE][PASSED] - Wait for page load successfully

2018-11-19 13:03:52 - [TEST_STEP][PASSED] - click: Object: 'Object Repository/Page_Live (In Progress) Event/i_Run_lk-icon-gear' is clicked on

2018-11-19 13:03:53 - [MESSAGE][PASSED] - Object: 'Object Repository/Page_Live (In Progress) Event/i_Run_lk-icon-gear' is clicked on

2018-11-19 13:03:53 - [TEST_STEP][PASSED] - click: Object: 'Object Repository/Page_Live (In Progress) Event/a_Clear Cache  Refresh' is clicked on

2018-11-19 13:03:53 - [MESSAGE][PASSED] - Object: 'Object Repository/Page_Live (In Progress) Event/a_Clear Cache  Refresh' is clicked on

2018-11-19 13:03:53 - [TEST_STEP][PASSED] - waitForAngularLoad: Angular is ready.

2018-11-19 13:03:53 - [MESSAGE][WARNING] - Timeout '0' is invalid. Using default page load timeout: '30'

2018-11-19 13:03:56 - [MESSAGE][PASSED] - Angular is ready.

2018-11-19 13:03:56 - [TEST_STEP][PASSED] - waitForPageLoad: Wait for page load successfully

2018-11-19 13:03:56 - [MESSAGE][WARNING] - Timeout '0' is invalid. Using default page load timeout: '30'

2018-11-19 13:03:56 - [MESSAGE][PASSED] - Wait for page load successfully

2018-11-19 13:03:56 - [TEST_STEP][PASSED] - navigateToUrl: Navigate to 'https://stats.ac1.kontiki.com/dashboards/analytics_external::live_event?content_moid_filter=1c2dce91-2a67-b5fd-2f4a-f75b969bcb9a&format_moid_filter=&time_filter=&filter_config=%7B%22content_moid_filter%22:%5B%7B%22type%22:%22%3D%22,%22values%22:%5B%7B%22constant%22:%221c2dce91-2a67-b5fd-2f4a-f75b969bcb9a%22%7D,%7B%7D%5D,%22id%22:0%7D%5D,%22format_moid_filter%22:%5B%7B%22type%22:%22%3D%22,%22values%22:%5B%7B%22constant%22:%22%22%7D,%7B%7D%5D,%22id%22:1%7D%5D,%22time_filter%22:%5B%7B%22type%22:%22advanced%22,%22values%22:%5B%7B%22constant%22:null%7D,%7B%7D%5D,%22id%22:2%7D%5D%7D' successfully

2018-11-19 13:03:59 - [MESSAGE][PASSED] - Navigate to 'https://stats.ac1.kontiki.com/dashboards/analytics_external::live_event?content_moid_filter=1c2dce91-2a67-b5fd-2f4a-f75b969bcb9a&format_moid_filter=&time_filter=&filter_config=%7B%22content_moid_filter%22:%5B%7B%22type%22:%22%3D%22,%22values%22:%5B%7B%22constant%22:%221c2dce91-2a67-b5fd-2f4a-f75b969bcb9a%22%7D,%7B%7D%5D,%22id%22:0%7D%5D,%22format_moid_filter%22:%5B%7B%22type%22:%22%3D%22,%22values%22:%5B%7B%22constant%22:%22%22%7D,%7B%7D%5D,%22id%22:1%7D%5D,%22time_filter%22:%5B%7B%22type%22:%22advanced%22,%22values%22:%5B%7B%22constant%22:null%7D,%7B%7D%5D,%22id%22:2%7D%5D%7D' successfully

2018-11-19 13:03:59 - [TEST_STEP][PASSED] - waitForAngularLoad: Angular is ready.

2018-11-19 13:03:59 - [MESSAGE][WARNING] - Timeout '0' is invalid. Using default page load timeout: '30'

2018-11-19 13:04:02 - [MESSAGE][PASSED] - Angular is ready.

2018-11-19 13:04:02 - [TEST_STEP][PASSED] - waitForPageLoad: Wait for page load successfully

2018-11-19 13:04:02 - [MESSAGE][WARNING] - Timeout '0' is invalid. Using default page load timeout: '30'

2018-11-19 13:04:02 - [MESSAGE][PASSED] - Wait for page load successfully

2018-11-19 13:04:02 - [TEST_STEP][PASSED] - click: Object: 'Object Repository/Page_Network Content/i_Run_lk-icon-gear' is clicked on

2018-11-19 13:04:02 - [MESSAGE][PASSED] - Object: 'Object Repository/Page_Network Content/i_Run_lk-icon-gear' is clicked on

2018-11-19 13:04:02 - [TEST_STEP][PASSED] - click: Object: 'Object Repository/Page_Network Content/a_Clear Cache  Refresh' is clicked on

2018-11-19 13:04:03 - [MESSAGE][PASSED] - Object: 'Object Repository/Page_Network Content/a_Clear Cache  Refresh' is clicked on

2018-11-19 13:04:03 - [TEST_STEP][PASSED] - waitForAngularLoad: Angular is ready.

2018-11-19 13:04:03 - [MESSAGE][WARNING] - Timeout '0' is invalid. Using default page load timeout: '30'

2018-11-19 13:04:09 - [MESSAGE][PASSED] - Angular is ready.

2018-11-19 13:04:09 - [TEST_STEP][PASSED] - waitForPageLoad: Wait for page load successfully

2018-11-19 13:04:09 - [MESSAGE][WARNING] - Timeout '0' is invalid. Using default page load timeout: '30'

2018-11-19 13:04:09 - [MESSAGE][PASSED] - Wait for page load successfully

2018-11-19 13:04:09 - [TEST_STEP][PASSED] - navigateToUrl: Navigate to 'https://stats.ac1.kontiki.com/dashboards/analytics_external::live_event?content_moid_filter=f88a64ee-e75e-47c9-bb0f-5e2a2c38770a&format_moid_filter=&time_filter=&filter_config=%7B%22content_moid_filter%22:%5B%7B%22type%22:%22%3D%22,%22values%22:%5B%7B%22constant%22:%22f88a64ee-e75e-47c9-bb0f-5e2a2c38770a%22%7D,%7B%7D%5D,%22id%22:0%7D%5D,%22format_moid_filter%22:%5B%7B%22type%22:%22%3D%22,%22values%22:%5B%7B%22constant%22:%22%22%7D,%7B%7D%5D,%22id%22:1%7D%5D,%22time_filter%22:%5B%7B%22type%22:%22advanced%22,%22values%22:%5B%7B%22constant%22:null%7D,%7B%7D%5D,%22id%22:2%7D%5D%7D' successfully

2018-11-19 13:04:12 - [MESSAGE][PASSED] - Navigate to 'https://stats.ac1.kontiki.com/dashboards/analytics_external::live_event?content_moid_filter=f88a64ee-e75e-47c9-bb0f-5e2a2c38770a&format_moid_filter=&time_filter=&filter_config=%7B%22content_moid_filter%22:%5B%7B%22type%22:%22%3D%22,%22values%22:%5B%7B%22constant%22:%22f88a64ee-e75e-47c9-bb0f-5e2a2c38770a%22%7D,%7B%7D%5D,%22id%22:0%7D%5D,%22format_moid_filter%22:%5B%7B%22type%22:%22%3D%22,%22values%22:%5B%7B%22constant%22:%22%22%7D,%7B%7D%5D,%22id%22:1%7D%5D,%22time_filter%22:%5B%7B%22type%22:%22advanced%22,%22values%22:%5B%7B%22constant%22:null%7D,%7B%7D%5D,%22id%22:2%7D%5D%7D' successfully

2018-11-19 13:04:12 - [TEST_STEP][PASSED] - waitForAngularLoad: Angular is ready.

2018-11-19 13:04:12 - [MESSAGE][WARNING] - Timeout '0' is invalid. Using default page load timeout: '30'

2018-11-19 13:04:16 - [MESSAGE][PASSED] - Angular is ready.

2018-11-19 13:04:16 - [TEST_STEP][PASSED] - waitForPageLoad: Wait for page load successfully

2018-11-19 13:04:16 - [MESSAGE][WARNING] - Timeout '0' is invalid. Using default page load timeout: '30'

2018-11-19 13:04:16 - [MESSAGE][PASSED] - Wait for page load successfully

2018-11-19 13:04:16 - [TEST_STEP][PASSED] - click: Object: 'Object Repository/Page_Live Event/i_Run_lk-icon-gear' is clicked on

2018-11-19 13:04:18 - [MESSAGE][PASSED] - Object: 'Object Repository/Page_Live Event/i_Run_lk-icon-gear' is clicked on

2018-11-19 13:04:18 - [TEST_STEP][PASSED] - click: Object: 'Object Repository/Page_Live Event/a_Clear Cache  Refresh' is clicked on

2018-11-19 13:04:19 - [MESSAGE][PASSED] - Object: 'Object Repository/Page_Live Event/a_Clear Cache  Refresh' is clicked on

2018-11-19 13:04:19 - [TEST_STEP][PASSED] - waitForAngularLoad: Angular is ready.

2018-11-19 13:04:19 - [MESSAGE][WARNING] - Timeout '0' is invalid. Using default page load timeout: '30'

2018-11-19 13:04:27 - [MESSAGE][PASSED] - Angular is ready.

2018-11-19 13:04:27 - [TEST_STEP][PASSED] - waitForPageLoad: Wait for page load successfully

2018-11-19 13:04:27 - [MESSAGE][WARNING] - Timeout '0' is invalid. Using default page load timeout: '30'

2018-11-19 13:04:27 - [MESSAGE][PASSED] - Wait for page load successfully

2018-11-19 13:04:27 - [TEST_STEP][PASSED] - navigateToUrl: Navigate to 'https://stats.ac1.kontiki.com/dashboards/analytics_external::live_event?content_moid_filter=1c2dce91-2a67-b5fd-2f4a-f75b969bcb9a&format_moid_filter=&time_filter=&filter_config=%7B%22content_moid_filter%22:%5B%7B%22type%22:%22%3D%22,%22values%22:%5B%7B%22constant%22:%221c2dce91-2a67-b5fd-2f4a-f75b969bcb9a%22%7D,%7B%7D%5D,%22id%22:0%7D%5D,%22format_moid_filter%22:%5B%7B%22type%22:%22%3D%22,%22values%22:%5B%7B%22constant%22:%22%22%7D,%7B%7D%5D,%22id%22:1%7D%5D,%22time_filter%22:%5B%7B%22type%22:%22advanced%22,%22values%22:%5B%7B%22constant%22:null%7D,%7B%7D%5D,%22id%22:2%7D%5D%7D' successfully

2018-11-19 13:04:29 - [MESSAGE][PASSED] - Navigate to 'https://stats.ac1.kontiki.com/dashboards/analytics_external::live_event?content_moid_filter=1c2dce91-2a67-b5fd-2f4a-f75b969bcb9a&format_moid_filter=&time_filter=&filter_config=%7B%22content_moid_filter%22:%5B%7B%22type%22:%22%3D%22,%22values%22:%5B%7B%22constant%22:%221c2dce91-2a67-b5fd-2f4a-f75b969bcb9a%22%7D,%7B%7D%5D,%22id%22:0%7D%5D,%22format_moid_filter%22:%5B%7B%22type%22:%22%3D%22,%22values%22:%5B%7B%22constant%22:%22%22%7D,%7B%7D%5D,%22id%22:1%7D%5D,%22time_filter%22:%5B%7B%22type%22:%22advanced%22,%22values%22:%5B%7B%22constant%22:null%7D,%7B%7D%5D,%22id%22:2%7D%5D%7D' successfully

2018-11-19 13:04:29 - [TEST_STEP][PASSED] - waitForAngularLoad: Angular is ready.

2018-11-19 13:04:29 - [MESSAGE][WARNING] - Timeout '0' is invalid. Using default page load timeout: '30'

2018-11-19 13:04:31 - [MESSAGE][PASSED] - Angular is ready.

2018-11-19 13:04:31 - [TEST_STEP][PASSED] - waitForPageLoad: Wait for page load successfully

2018-11-19 13:04:31 - [MESSAGE][WARNING] - Timeout '0' is invalid. Using default page load timeout: '30'

2018-11-19 13:04:31 - [MESSAGE][PASSED] - Wait for page load successfully

2018-11-19 13:04:31 - [TEST_STEP][PASSED] - click: Object: 'Object Repository/Page_Explore Views/div_Toggle Dropdown' is clicked on

2018-11-19 13:04:32 - [MESSAGE][PASSED] - Object: 'Object Repository/Page_Explore Views/div_Toggle Dropdown' is clicked on

2018-11-19 13:04:32 - [TEST_STEP][PASSED] - click: Object: 'Object Repository/Page_Explore Views/a_Clear Cache  Refresh' is clicked on

2018-11-19 13:04:32 - [MESSAGE][PASSED] - Object: 'Object Repository/Page_Explore Views/a_Clear Cache  Refresh' is clicked on

2018-11-19 13:04:32 - [TEST_STEP][PASSED] - waitForAngularLoad: Angular is ready.

2018-11-19 13:04:32 - [MESSAGE][WARNING] - Timeout '0' is invalid. Using default page load timeout: '30'

2018-11-19 13:04:38 - [MESSAGE][PASSED] - Angular is ready.

2018-11-19 13:04:38 - [TEST_STEP][PASSED] - waitForPageLoad: Wait for page load successfully

2018-11-19 13:04:38 - [MESSAGE][WARNING] - Timeout '0' is invalid. Using default page load timeout: '30'

2018-11-19 13:04:38 - [MESSAGE][PASSED] - Wait for page load successfully

2018-11-19 13:04:38 - [TEST_STEP][PASSED] - navigateToUrl: Navigate to 'https://stats.ac1.kontiki.com/dashboards/analytics_external::live_event?content_moid_filter=&format_moid_filter=&time_filter=1%20weeks&filter_config=%7B%22content_moid_filter%22:%5B%7B%22type%22:%22%3D%22,%22values%22:%5B%7B%22constant%22:%22%22%7D,%7B%7D%5D,%22id%22:0%7D%5D,%22format_moid_filter%22:%5B%7B%22type%22:%22%3D%22,%22values%22:%5B%7B%22constant%22:%22%22%7D,%7B%7D%5D,%22id%22:1%7D%5D,%22time_filter%22:%5B%7B%22type%22:%22past%22,%22values%22:%5B%7B%22constant%22:%221%22,%22unit%22:%22wk%22%7D%5D,%22id%22:2%7D%5D%7D' successfully

2018-11-19 13:04:41 - [MESSAGE][PASSED] - Navigate to 'https://stats.ac1.kontiki.com/dashboards/analytics_external::live_event?content_moid_filter=&format_moid_filter=&time_filter=1%20weeks&filter_config=%7B%22content_moid_filter%22:%5B%7B%22type%22:%22%3D%22,%22values%22:%5B%7B%22constant%22:%22%22%7D,%7B%7D%5D,%22id%22:0%7D%5D,%22format_moid_filter%22:%5B%7B%22type%22:%22%3D%22,%22values%22:%5B%7B%22constant%22:%22%22%7D,%7B%7D%5D,%22id%22:1%7D%5D,%22time_filter%22:%5B%7B%22type%22:%22past%22,%22values%22:%5B%7B%22constant%22:%221%22,%22unit%22:%22wk%22%7D%5D,%22id%22:2%7D%5D%7D' successfully

2018-11-19 13:04:41 - [TEST_STEP][PASSED] - waitForAngularLoad: Angular is ready.

2018-11-19 13:04:41 - [MESSAGE][WARNING] - Timeout '0' is invalid. Using default page load timeout: '30'

2018-11-19 13:04:46 - [MESSAGE][PASSED] - Angular is ready.

2018-11-19 13:04:46 - [TEST_STEP][PASSED] - waitForPageLoad: Wait for page load successfully

2018-11-19 13:04:46 - [MESSAGE][WARNING] - Timeout '0' is invalid. Using default page load timeout: '30'

2018-11-19 13:04:46 - [MESSAGE][PASSED] - Wait for page load successfully

2018-11-19 13:04:46 - [TEST_STEP][PASSED] - click: Object: 'Object Repository/Page_Live (In Progress) Event/div_Toggle Dropdown' is clicked on

2018-11-19 13:04:48 - [MESSAGE][PASSED] - Object: 'Object Repository/Page_Live (In Progress) Event/div_Toggle Dropdown' is clicked on

2018-11-19 13:04:48 - [TEST_STEP][PASSED] - click: Object: 'Object Repository/Page_Live (In Progress) Event/a_Clear Cache  Refresh' is clicked on

2018-11-19 13:04:49 - [MESSAGE][PASSED] - Object: 'Object Repository/Page_Live (In Progress) Event/a_Clear Cache  Refresh' is clicked on

2018-11-19 13:04:49 - [TEST_STEP][PASSED] - waitForAngularLoad: Angular is ready.

2018-11-19 13:04:49 - [MESSAGE][WARNING] - Timeout '0' is invalid. Using default page load timeout: '30'

2018-11-19 13:04:57 - [MESSAGE][PASSED] - Angular is ready.

2018-11-19 13:04:57 - [TEST_STEP][PASSED] - waitForPageLoad: Wait for page load successfully

2018-11-19 13:04:57 - [MESSAGE][WARNING] - Timeout '0' is invalid. Using default page load timeout: '30'

2018-11-19 13:04:57 - [MESSAGE][PASSED] - Wait for page load successfully

2018-11-19 13:04:57 - [TEST_STEP][PASSED] - navigateToUrl: Navigate to 'https://stats.ac1.kontiki.com/dashboards/analytics_external::network_content?content_moid_filter=1c2dce91-2a67-b5fd-2f4a-f75b969bcb9a&format_moid_filter=&time_filter=&filter_config=%7B%22content_moid_filter%22:%5B%7B%22type%22:%22%3D%22,%22values%22:%5B%7B%22constant%22:%221c2dce91-2a67-b5fd-2f4a-f75b969bcb9a%22%7D,%7B%7D%5D,%22id%22:0%7D%5D,%22format_moid_filter%22:%5B%7B%22type%22:%22%3D%22,%22values%22:%5B%7B%22constant%22:%22%22%7D,%7B%7D%5D,%22id%22:1%7D%5D,%22time_filter%22:%5B%7B%22type%22:%22advanced%22,%22values%22:%5B%7B%22constant%22:null%7D,%7B%7D%5D,%22id%22:2%7D%5D%7D' successfully

2018-11-19 13:05:00 - [MESSAGE][PASSED] - Navigate to 'https://stats.ac1.kontiki.com/dashboards/analytics_external::network_content?content_moid_filter=1c2dce91-2a67-b5fd-2f4a-f75b969bcb9a&format_moid_filter=&time_filter=&filter_config=%7B%22content_moid_filter%22:%5B%7B%22type%22:%22%3D%22,%22values%22:%5B%7B%22constant%22:%221c2dce91-2a67-b5fd-2f4a-f75b969bcb9a%22%7D,%7B%7D%5D,%22id%22:0%7D%5D,%22format_moid_filter%22:%5B%7B%22type%22:%22%3D%22,%22values%22:%5B%7B%22constant%22:%22%22%7D,%7B%7D%5D,%22id%22:1%7D%5D,%22time_filter%22:%5B%7B%22type%22:%22advanced%22,%22values%22:%5B%7B%22constant%22:null%7D,%7B%7D%5D,%22id%22:2%7D%5D%7D' successfully

2018-11-19 13:05:00 - [TEST_STEP][PASSED] - waitForAngularLoad: Angular is ready.

2018-11-19 13:05:00 - [MESSAGE][WARNING] - Timeout '0' is invalid. Using default page load timeout: '30'

2018-11-19 13:05:04 - [MESSAGE][PASSED] - Angular is ready.

2018-11-19 13:05:04 - [TEST_STEP][PASSED] - waitForPageLoad: Wait for page load successfully

2018-11-19 13:05:04 - [MESSAGE][WARNING] - Timeout '0' is invalid. Using default page load timeout: '30'

2018-11-19 13:05:04 - [MESSAGE][PASSED] - Wait for page load successfully

2018-11-19 13:05:04 - [TEST_STEP][PASSED] - click: Object: 'Object Repository/Page_Network Content/i_Run_lk-icon-gear' is clicked on

2018-11-19 13:05:05 - [MESSAGE][PASSED] - Object: 'Object Repository/Page_Network Content/i_Run_lk-icon-gear' is clicked on

2018-11-19 13:05:05 - [TEST_STEP][PASSED] - click: Object: 'Object Repository/Page_Network Content/a_Clear Cache  Refresh' is clicked on

2018-11-19 13:05:06 - [MESSAGE][PASSED] - Object: 'Object Repository/Page_Network Content/a_Clear Cache  Refresh' is clicked on

2018-11-19 13:05:06 - [TEST_STEP][PASSED] - waitForAngularLoad: Angular is ready.

2018-11-19 13:05:06 - [MESSAGE][WARNING] - Timeout '0' is invalid. Using default page load timeout: '30'

2018-11-19 13:05:12 - [MESSAGE][PASSED] - Angular is ready.

2018-11-19 13:05:12 - [TEST_STEP][PASSED] - waitForPageLoad: Wait for page load successfully

2018-11-19 13:05:12 - [MESSAGE][WARNING] - Timeout '0' is invalid. Using default page load timeout: '30'

2018-11-19 13:05:12 - [MESSAGE][PASSED] - Wait for page load successfully

2018-11-19 13:05:12 - [TEST_STEP][PASSED] - navigateToUrl: Navigate to 'https://stats.ac1.kontiki.com/dashboards/analytics_external::network_content?content_moid_filter=b6d7cf23-0352-4211-9b4c-30e1ee20e228&format_moid_filter=&time_filter=&filter_config=%7B%22content_moid_filter%22:%5B%7B%22type%22:%22%3D%22,%22values%22:%5B%7B%22constant%22:%22b6d7cf23-0352-4211-9b4c-30e1ee20e228%22%7D,%7B%7D%5D,%22id%22:0%7D%5D,%22format_moid_filter%22:%5B%7B%22type%22:%22%3D%22,%22values%22:%5B%7B%22constant%22:%22%22%7D,%7B%7D%5D,%22id%22:1%7D%5D,%22time_filter%22:%5B%7B%22type%22:%22advanced%22,%22values%22:%5B%7B%22constant%22:null%7D,%7B%7D%5D,%22id%22:2%7D%5D%7D' successfully

2018-11-19 13:05:15 - [MESSAGE][PASSED] - Navigate to 'https://stats.ac1.kontiki.com/dashboards/analytics_external::network_content?content_moid_filter=b6d7cf23-0352-4211-9b4c-30e1ee20e228&format_moid_filter=&time_filter=&filter_config=%7B%22content_moid_filter%22:%5B%7B%22type%22:%22%3D%22,%22values%22:%5B%7B%22constant%22:%22b6d7cf23-0352-4211-9b4c-30e1ee20e228%22%7D,%7B%7D%5D,%22id%22:0%7D%5D,%22format_moid_filter%22:%5B%7B%22type%22:%22%3D%22,%22values%22:%5B%7B%22constant%22:%22%22%7D,%7B%7D%5D,%22id%22:1%7D%5D,%22time_filter%22:%5B%7B%22type%22:%22advanced%22,%22values%22:%5B%7B%22constant%22:null%7D,%7B%7D%5D,%22id%22:2%7D%5D%7D' successfully

2018-11-19 13:05:15 - [TEST_STEP][PASSED] - waitForAngularLoad: Angular is ready.

2018-11-19 13:05:15 - [MESSAGE][WARNING] - Timeout '0' is invalid. Using default page load timeout: '30'

2018-11-19 13:05:19 - [MESSAGE][PASSED] - Angular is ready.

2018-11-19 13:05:19 - [TEST_STEP][PASSED] - waitForPageLoad: Wait for page load successfully

2018-11-19 13:05:19 - [MESSAGE][WARNING] - Timeout '0' is invalid. Using default page load timeout: '30'

2018-11-19 13:05:20 - [MESSAGE][PASSED] - Wait for page load successfully

2018-11-19 13:05:20 - [TEST_STEP][PASSED] - click: Object: 'Object Repository/Page_Network Content/i_Run_lk-icon-gear' is clicked on

2018-11-19 13:05:22 - [MESSAGE][PASSED] - Object: 'Object Repository/Page_Network Content/i_Run_lk-icon-gear' is clicked on

2018-11-19 13:05:22 - [TEST_STEP][PASSED] - click: Object: 'Object Repository/Page_Network Content/a_Clear Cache  Refresh' is clicked on

2018-11-19 13:05:22 - [MESSAGE][PASSED] - Object: 'Object Repository/Page_Network Content/a_Clear Cache  Refresh' is clicked on

2018-11-19 13:05:22 - [TEST_STEP][PASSED] - waitForAngularLoad: Angular is ready.

2018-11-19 13:05:23 - [MESSAGE][WARNING] - Timeout '0' is invalid. Using default page load timeout: '30'

2018-11-19 13:05:29 - [MESSAGE][PASSED] - Angular is ready.

2018-11-19 13:05:29 - [TEST_STEP][PASSED] - waitForPageLoad: Wait for page load successfully

2018-11-19 13:05:29 - [MESSAGE][WARNING] - Timeout '0' is invalid. Using default page load timeout: '30'

2018-11-19 13:05:29 - [MESSAGE][PASSED] - Wait for page load successfully

2018-11-19 13:05:29 - [TEST_STEP][PASSED] - navigateToUrl: Navigate to 'https://stats.ac1.kontiki.com/dashboards/analytics_external::network_content?content_moid_filter=20ad83d7-7990-df07-957e-f7230f56d82a&format_moid_filter=&time_filter=&filter_config=%7B%22content_moid_filter%22:%5B%7B%22type%22:%22%3D%22,%22values%22:%5B%7B%22constant%22:%2220ad83d7-7990-df07-957e-f7230f56d82a%22%7D,%7B%7D%5D,%22id%22:0%7D%5D,%22format_moid_filter%22:%5B%7B%22type%22:%22%3D%22,%22values%22:%5B%7B%22constant%22:%22%22%7D,%7B%7D%5D,%22id%22:1%7D%5D,%22time_filter%22:%5B%7B%22type%22:%22advanced%22,%22values%22:%5B%7B%22constant%22:null%7D,%7B%7D%5D,%22id%22:2%7D%5D%7D' successfully

2018-11-19 13:05:31 - [MESSAGE][PASSED] - Navigate to 'https://stats.ac1.kontiki.com/dashboards/analytics_external::network_content?content_moid_filter=20ad83d7-7990-df07-957e-f7230f56d82a&format_moid_filter=&time_filter=&filter_config=%7B%22content_moid_filter%22:%5B%7B%22type%22:%22%3D%22,%22values%22:%5B%7B%22constant%22:%2220ad83d7-7990-df07-957e-f7230f56d82a%22%7D,%7B%7D%5D,%22id%22:0%7D%5D,%22format_moid_filter%22:%5B%7B%22type%22:%22%3D%22,%22values%22:%5B%7B%22constant%22:%22%22%7D,%7B%7D%5D,%22id%22:1%7D%5D,%22time_filter%22:%5B%7B%22type%22:%22advanced%22,%22values%22:%5B%7B%22constant%22:null%7D,%7B%7D%5D,%22id%22:2%7D%5D%7D' successfully

2018-11-19 13:05:31 - [TEST_STEP][PASSED] - waitForAngularLoad: Angular is ready.

2018-11-19 13:05:31 - [MESSAGE][WARNING] - Timeout '0' is invalid. Using default page load timeout: '30'

2018-11-19 13:05:34 - [MESSAGE][PASSED] - Angular is ready.

2018-11-19 13:05:34 - [TEST_STEP][PASSED] - waitForPageLoad: Wait for page load successfully

2018-11-19 13:05:34 - [MESSAGE][WARNING] - Timeout '0' is invalid. Using default page load timeout: '30'

2018-11-19 13:05:35 - [MESSAGE][PASSED] - Wait for page load successfully

2018-11-19 13:05:35 - [TEST_STEP][PASSED] - click: Object: 'Object Repository/Page_Network Content/i_Run_lk-icon-gear' is clicked on

2018-11-19 13:05:37 - [MESSAGE][PASSED] - Object: 'Object Repository/Page_Network Content/i_Run_lk-icon-gear' is clicked on

2018-11-19 13:05:37 - [TEST_STEP][PASSED] - click: Object: 'Object Repository/Page_Network Content/a_Clear Cache  Refresh' is clicked on

2018-11-19 13:05:38 - [MESSAGE][PASSED] - Object: 'Object Repository/Page_Network Content/a_Clear Cache  Refresh' is clicked on

2018-11-19 13:05:38 - [TEST_STEP][PASSED] - waitForAngularLoad: Angular is ready.

2018-11-19 13:05:38 - [MESSAGE][WARNING] - Timeout '0' is invalid. Using default page load timeout: '30'

2018-11-19 13:05:44 - [MESSAGE][PASSED] - Angular is ready.

2018-11-19 13:05:44 - [TEST_STEP][PASSED] - waitForPageLoad: Wait for page load successfully

2018-11-19 13:05:44 - [MESSAGE][WARNING] - Timeout '0' is invalid. Using default page load timeout: '30'

2018-11-19 13:05:44 - [MESSAGE][PASSED] - Wait for page load successfully

2018-11-19 13:05:44 - [TEST_STEP][PASSED] - navigateToUrl: Navigate to 'https://stats.ac1.kontiki.com/dashboards/analytics_external::network_content?content_moid_filter=90bb66f7-8ccb-40c0-8cc5-f3f4cc74cdb5&format_moid_filter=&time_filter=&filter_config=%7B%22content_moid_filter%22:%5B%7B%22type%22:%22%3D%22,%22values%22:%5B%7B%22constant%22:%2290bb66f7-8ccb-40c0-8cc5-f3f4cc74cdb5%22%7D,%7B%7D%5D,%22id%22:0%7D%5D,%22format_moid_filter%22:%5B%7B%22type%22:%22%3D%22,%22values%22:%5B%7B%22constant%22:%22%22%7D,%7B%7D%5D,%22id%22:1%7D%5D,%22time_filter%22:%5B%7B%22type%22:%22advanced%22,%22values%22:%5B%7B%22constant%22:null%7D,%7B%7D%5D,%22id%22:2%7D%5D%7D' successfully

2018-11-19 13:05:49 - [MESSAGE][PASSED] - Navigate to 'https://stats.ac1.kontiki.com/dashboards/analytics_external::network_content?content_moid_filter=90bb66f7-8ccb-40c0-8cc5-f3f4cc74cdb5&format_moid_filter=&time_filter=&filter_config=%7B%22content_moid_filter%22:%5B%7B%22type%22:%22%3D%22,%22values%22:%5B%7B%22constant%22:%2290bb66f7-8ccb-40c0-8cc5-f3f4cc74cdb5%22%7D,%7B%7D%5D,%22id%22:0%7D%5D,%22format_moid_filter%22:%5B%7B%22type%22:%22%3D%22,%22values%22:%5B%7B%22constant%22:%22%22%7D,%7B%7D%5D,%22id%22:1%7D%5D,%22time_filter%22:%5B%7B%22type%22:%22advanced%22,%22values%22:%5B%7B%22constant%22:null%7D,%7B%7D%5D,%22id%22:2%7D%5D%7D' successfully

2018-11-19 13:05:49 - [TEST_STEP][PASSED] - waitForAngularLoad: Angular is ready.

2018-11-19 13:05:50 - [MESSAGE][WARNING] - Timeout '0' is invalid. Using default page load timeout: '30'

2018-11-19 13:05:52 - [MESSAGE][PASSED] - Angular is ready.

2018-11-19 13:05:52 - [TEST_STEP][PASSED] - waitForPageLoad: Wait for page load successfully

2018-11-19 13:05:52 - [MESSAGE][WARNING] - Timeout '0' is invalid. Using default page load timeout: '30'

2018-11-19 13:05:52 - [MESSAGE][PASSED] - Wait for page load successfully

2018-11-19 13:05:52 - [TEST_STEP][PASSED] - click: Object: 'Object Repository/Page_Network Content/i_Run_lk-icon-gear' is clicked on

2018-11-19 13:05:54 - [MESSAGE][PASSED] - Object: 'Object Repository/Page_Network Content/i_Run_lk-icon-gear' is clicked on

2018-11-19 13:05:54 - [TEST_STEP][PASSED] - click: Object: 'Object Repository/Page_Network Content/a_Clear Cache  Refresh' is clicked on

2018-11-19 13:05:54 - [MESSAGE][PASSED] - Object: 'Object Repository/Page_Network Content/a_Clear Cache  Refresh' is clicked on

2018-11-19 13:05:54 - [TEST_STEP][PASSED] - waitForAngularLoad: Angular is ready.

2018-11-19 13:05:54 - [MESSAGE][WARNING] - Timeout '0' is invalid. Using default page load timeout: '30'

2018-11-19 13:05:59 - [MESSAGE][PASSED] - Angular is ready.

2018-11-19 13:05:59 - [TEST_STEP][PASSED] - waitForPageLoad: Wait for page load successfully

2018-11-19 13:05:59 - [MESSAGE][WARNING] - Timeout '0' is invalid. Using default page load timeout: '30'

2018-11-19 13:05:59 - [MESSAGE][PASSED] - Wait for page load successfully

2018-11-19 13:05:59 - [TEST_STEP][PASSED] - navigateToUrl: Navigate to 'https://stats.ac1.kontiki.com/dashboards/analytics_external::network_content?content_moid_filter=26c3c7d0-36e3-4738-a1c0-4dd33e961df2&format_moid_filter=&time_filter=&filter_config=%7B%22content_moid_filter%22:%5B%7B%22type%22:%22%3D%22,%22values%22:%5B%7B%22constant%22:%2226c3c7d0-36e3-4738-a1c0-4dd33e961df2%22%7D,%7B%7D%5D,%22id%22:0%7D%5D,%22format_moid_filter%22:%5B%7B%22type%22:%22%3D%22,%22values%22:%5B%7B%22constant%22:%22%22%7D,%7B%7D%5D,%22id%22:1%7D%5D,%22time_filter%22:%5B%7B%22type%22:%22advanced%22,%22values%22:%5B%7B%22constant%22:null%7D,%7B%7D%5D,%22id%22:2%7D%5D%7D' successfully

2018-11-19 13:06:01 - [MESSAGE][PASSED] - Navigate to 'https://stats.ac1.kontiki.com/dashboards/analytics_external::network_content?content_moid_filter=26c3c7d0-36e3-4738-a1c0-4dd33e961df2&format_moid_filter=&time_filter=&filter_config=%7B%22content_moid_filter%22:%5B%7B%22type%22:%22%3D%22,%22values%22:%5B%7B%22constant%22:%2226c3c7d0-36e3-4738-a1c0-4dd33e961df2%22%7D,%7B%7D%5D,%22id%22:0%7D%5D,%22format_moid_filter%22:%5B%7B%22type%22:%22%3D%22,%22values%22:%5B%7B%22constant%22:%22%22%7D,%7B%7D%5D,%22id%22:1%7D%5D,%22time_filter%22:%5B%7B%22type%22:%22advanced%22,%22values%22:%5B%7B%22constant%22:null%7D,%7B%7D%5D,%22id%22:2%7D%5D%7D' successfully

2018-11-19 13:06:01 - [TEST_STEP][PASSED] - waitForAngularLoad: Angular is ready.

2018-11-19 13:06:01 - [MESSAGE][WARNING] - Timeout '0' is invalid. Using default page load timeout: '30'

2018-11-19 13:06:05 - [MESSAGE][PASSED] - Angular is ready.

2018-11-19 13:06:05 - [TEST_STEP][PASSED] - waitForPageLoad: Wait for page load successfully

2018-11-19 13:06:05 - [MESSAGE][WARNING] - Timeout '0' is invalid. Using default page load timeout: '30'

2018-11-19 13:06:05 - [MESSAGE][PASSED] - Wait for page load successfully

2018-11-19 13:06:05 - [TEST_STEP][PASSED] - click: Object: 'Object Repository/Page_Network Content/i_Run_lk-icon-gear' is clicked on

2018-11-19 13:06:06 - [MESSAGE][PASSED] - Object: 'Object Repository/Page_Network Content/i_Run_lk-icon-gear' is clicked on

2018-11-19 13:06:06 - [TEST_STEP][PASSED] - click: Object: 'Object Repository/Page_Network Content/a_Clear Cache  Refresh' is clicked on

2018-11-19 13:06:08 - [MESSAGE][PASSED] - Object: 'Object Repository/Page_Network Content/a_Clear Cache  Refresh' is clicked on

2018-11-19 13:06:08 - [TEST_STEP][PASSED] - waitForAngularLoad: Angular is ready.

2018-11-19 13:06:08 - [MESSAGE][WARNING] - Timeout '0' is invalid. Using default page load timeout: '30'

2018-11-19 13:06:15 - [MESSAGE][PASSED] - Angular is ready.

2018-11-19 13:06:15 - [TEST_STEP][PASSED] - waitForPageLoad: Wait for page load successfully

2018-11-19 13:06:15 - [MESSAGE][WARNING] - Timeout '0' is invalid. Using default page load timeout: '30'

2018-11-19 13:06:15 - [MESSAGE][PASSED] - Wait for page load successfully

2018-11-19 13:06:15 - [TEST_STEP][PASSED] - navigateToUrl: Navigate to 'https://stats.ac1.kontiki.com/dashboards/analytics_external::network_content?content_moid_filter=7800d9e1-5b21-4eaf-971d-08a37ffd3eba&format_moid_filter=&time_filter=&filter_config=%7B%22content_moid_filter%22:%5B%7B%22type%22:%22%3D%22,%22values%22:%5B%7B%22constant%22:%227800d9e1-5b21-4eaf-971d-08a37ffd3eba%22%7D,%7B%7D%5D,%22id%22:0%7D%5D,%22format_moid_filter%22:%5B%7B%22type%22:%22%3D%22,%22values%22:%5B%7B%22constant%22:%22%22%7D,%7B%7D%5D,%22id%22:1%7D%5D,%22time_filter%22:%5B%7B%22type%22:%22advanced%22,%22values%22:%5B%7B%22constant%22:null%7D,%7B%7D%5D,%22id%22:2%7D%5D%7D' successfully

2018-11-19 13:06:17 - [MESSAGE][PASSED] - Navigate to 'https://stats.ac1.kontiki.com/dashboards/analytics_external::network_content?content_moid_filter=7800d9e1-5b21-4eaf-971d-08a37ffd3eba&format_moid_filter=&time_filter=&filter_config=%7B%22content_moid_filter%22:%5B%7B%22type%22:%22%3D%22,%22values%22:%5B%7B%22constant%22:%227800d9e1-5b21-4eaf-971d-08a37ffd3eba%22%7D,%7B%7D%5D,%22id%22:0%7D%5D,%22format_moid_filter%22:%5B%7B%22type%22:%22%3D%22,%22values%22:%5B%7B%22constant%22:%22%22%7D,%7B%7D%5D,%22id%22:1%7D%5D,%22time_filter%22:%5B%7B%22type%22:%22advanced%22,%22values%22:%5B%7B%22constant%22:null%7D,%7B%7D%5D,%22id%22:2%7D%5D%7D' successfully

2018-11-19 13:06:17 - [TEST_STEP][PASSED] - waitForAngularLoad: Angular is ready.

2018-11-19 13:06:17 - [MESSAGE][WARNING] - Timeout '0' is invalid. Using default page load timeout: '30'

2018-11-19 13:06:18 - [MESSAGE][PASSED] - Angular is ready.

2018-11-19 13:06:18 - [TEST_STEP][PASSED] - waitForPageLoad: Wait for page load successfully

2018-11-19 13:06:18 - [MESSAGE][WARNING] - Timeout '0' is invalid. Using default page load timeout: '30'

2018-11-19 13:06:18 - [MESSAGE][PASSED] - Wait for page load successfully

2018-11-19 13:06:18 - [TEST_STEP][FAILED] - click: Unable to click on object 'Object Repository/Page_Network Content/i_Run_lk-icon-gear' (Root cause: org.openqa.selenium.ElementNotInteractableException: Element <i class="lk-icon-gear"> could not be scrolled into view
Build info: version: '3.7.1', revision: '8a0099a', time: '2017-11-06T21:07:36.161Z'
System info: host: 'Adams-MacBook-Right.local', ip: 'fe80:0:0:0:8d3:55b9:9b1a:9cc7%en0', os.name: 'Mac OS X', os.arch: 'x86_64', os.version: '10.14.1', java.version: '1.8.0_181'
Driver info: com.kms.katalon.core.webui.driver.firefox.CGeckoDriver
Capabilities {acceptInsecureCerts: true, browserName: firefox, browserVersion: 62.0.2, javascriptEnabled: true, moz:accessibilityChecks: false, moz:geckodriverVersion: 0.23.0, moz:headless: false, moz:processID: 98474, moz:profile: /var/folders/jr/7vywd_6j2l1..., moz:useNonSpecCompliantPointerOrigin: false, moz:webdriverClick: true, pageLoadStrategy: normal, platform: MAC, platformName: MAC, platformVersion: 18.2.0, proxy: Proxy(direct), rotatable: false, timeouts: {implicit: 0, pageLoad: 300000, script: 30000}}
Session ID: bb30759d-bf6c-a04e-9200-db5a221720cb)

2018-11-19 13:06:18 - [MESSAGE][FAILED] - Unable to click on object 'Object Repository/Page_Network Content/i_Run_lk-icon-gear' (Root cause: org.openqa.selenium.ElementNotInteractableException: Element <i class="lk-icon-gear"> could not be scrolled into view
Build info: version: '3.7.1', revision: '8a0099a', time: '2017-11-06T21:07:36.161Z'
System info: host: 'Adams-MacBook-Right.local', ip: 'fe80:0:0:0:8d3:55b9:9b1a:9cc7%en0', os.name: 'Mac OS X', os.arch: 'x86_64', os.version: '10.14.1', java.version: '1.8.0_181'
Driver info: com.kms.katalon.core.webui.driver.firefox.CGeckoDriver
Capabilities {acceptInsecureCerts: true, browserName: firefox, browserVersion: 62.0.2, javascriptEnabled: true, moz:accessibilityChecks: false, moz:geckodriverVersion: 0.23.0, moz:headless: false, moz:processID: 98474, moz:profile: /var/folders/jr/7vywd_6j2l1..., moz:useNonSpecCompliantPointerOrigin: false, moz:webdriverClick: true, pageLoadStrategy: normal, platform: MAC, platformName: MAC, platformVersion: 18.2.0, proxy: Proxy(direct), rotatable: false, timeouts: {implicit: 0, pageLoad: 300000, script: 30000}}
Session ID: bb30759d-bf6c-a04e-9200-db5a221720cb)
[[ATTACHMENT|/Users/alahley/Katalon Studio/Analytics/Reports/Prod 3 Sanity Check/20181119_125302/1542661578486.png]]

2018-11-19 13:06:18 - [TEST_STEP][FAILED] - click: Unable to click on object 'Object Repository/Page_Network Content/a_Clear Cache  Refresh' (Root cause: org.openqa.selenium.ElementNotInteractableException: Element <a> could not be scrolled into view
Build info: version: '3.7.1', revision: '8a0099a', time: '2017-11-06T21:07:36.161Z'
System info: host: 'Adams-MacBook-Right.local', ip: 'fe80:0:0:0:8d3:55b9:9b1a:9cc7%en0', os.name: 'Mac OS X', os.arch: 'x86_64', os.version: '10.14.1', java.version: '1.8.0_181'
Driver info: com.kms.katalon.core.webui.driver.firefox.CGeckoDriver
Capabilities {acceptInsecureCerts: true, browserName: firefox, browserVersion: 62.0.2, javascriptEnabled: true, moz:accessibilityChecks: false, moz:geckodriverVersion: 0.23.0, moz:headless: false, moz:processID: 98474, moz:profile: /var/folders/jr/7vywd_6j2l1..., moz:useNonSpecCompliantPointerOrigin: false, moz:webdriverClick: true, pageLoadStrategy: normal, platform: MAC, platformName: MAC, platformVersion: 18.2.0, proxy: Proxy(direct), rotatable: false, timeouts: {implicit: 0, pageLoad: 300000, script: 30000}}
Session ID: bb30759d-bf6c-a04e-9200-db5a221720cb)

2018-11-19 13:06:18 - [MESSAGE][FAILED] - Unable to click on object 'Object Repository/Page_Network Content/a_Clear Cache  Refresh' (Root cause: org.openqa.selenium.ElementNotInteractableException: Element <a> could not be scrolled into view
Build info: version: '3.7.1', revision: '8a0099a', time: '2017-11-06T21:07:36.161Z'
System info: host: 'Adams-MacBook-Right.local', ip: 'fe80:0:0:0:8d3:55b9:9b1a:9cc7%en0', os.name: 'Mac OS X', os.arch: 'x86_64', os.version: '10.14.1', java.version: '1.8.0_181'
Driver info: com.kms.katalon.core.webui.driver.firefox.CGeckoDriver
Capabilities {acceptInsecureCerts: true, browserName: firefox, browserVersion: 62.0.2, javascriptEnabled: true, moz:accessibilityChecks: false, moz:geckodriverVersion: 0.23.0, moz:headless: false, moz:processID: 98474, moz:profile: /var/folders/jr/7vywd_6j2l1..., moz:useNonSpecCompliantPointerOrigin: false, moz:webdriverClick: true, pageLoadStrategy: normal, platform: MAC, platformName: MAC, platformVersion: 18.2.0, proxy: Proxy(direct), rotatable: false, timeouts: {implicit: 0, pageLoad: 300000, script: 30000}}
Session ID: bb30759d-bf6c-a04e-9200-db5a221720cb)
[[ATTACHMENT|/Users/alahley/Katalon Studio/Analytics/Reports/Prod 3 Sanity Check/20181119_125302/1542661578770.png]]

2018-11-19 13:06:18 - [TEST_STEP][PASSED] - waitForAngularLoad: Angular is ready.

2018-11-19 13:06:18 - [MESSAGE][WARNING] - Timeout '0' is invalid. Using default page load timeout: '30'

2018-11-19 13:06:24 - [MESSAGE][PASSED] - Angular is ready.

2018-11-19 13:06:24 - [TEST_STEP][PASSED] - waitForPageLoad: Wait for page load successfully

2018-11-19 13:06:24 - [MESSAGE][WARNING] - Timeout '0' is invalid. Using default page load timeout: '30'

2018-11-19 13:06:24 - [MESSAGE][PASSED] - Wait for page load successfully

2018-11-19 13:06:24 - [TEST_STEP][PASSED] - navigateToUrl: Navigate to 'https://stats.ac1.kontiki.com/dashboards/analytics_external::network_summary?time_filter=6%20months&filter_config=%7B%22time_filter%22:%5B%7B%22type%22:%22past%22,%22values%22:%5B%7B%22constant%22:%226%22,%22unit%22:%22mo%22%7D,%7B%7D%5D,%22id%22:2%7D%5D%7D' successfully

2018-11-19 13:06:27 - [MESSAGE][PASSED] - Navigate to 'https://stats.ac1.kontiki.com/dashboards/analytics_external::network_summary?time_filter=6%20months&filter_config=%7B%22time_filter%22:%5B%7B%22type%22:%22past%22,%22values%22:%5B%7B%22constant%22:%226%22,%22unit%22:%22mo%22%7D,%7B%7D%5D,%22id%22:2%7D%5D%7D' successfully

2018-11-19 13:06:27 - [TEST_STEP][PASSED] - waitForAngularLoad: Angular is ready.

2018-11-19 13:06:27 - [MESSAGE][WARNING] - Timeout '0' is invalid. Using default page load timeout: '30'

2018-11-19 13:06:31 - [MESSAGE][PASSED] - Angular is ready.

2018-11-19 13:06:31 - [TEST_STEP][PASSED] - waitForPageLoad: Wait for page load successfully

2018-11-19 13:06:31 - [MESSAGE][WARNING] - Timeout '0' is invalid. Using default page load timeout: '30'

2018-11-19 13:06:31 - [MESSAGE][PASSED] - Wait for page load successfully

2018-11-19 13:06:31 - [TEST_STEP][PASSED] - click: Object: 'Object Repository/Page_Network Content/i_Run_lk-icon-gear' is clicked on

2018-11-19 13:06:32 - [MESSAGE][PASSED] - Object: 'Object Repository/Page_Network Content/i_Run_lk-icon-gear' is clicked on

2018-11-19 13:06:32 - [TEST_STEP][PASSED] - click: Object: 'Object Repository/Page_Network Content/a_Clear Cache  Refresh' is clicked on

2018-11-19 13:06:35 - [MESSAGE][PASSED] - Object: 'Object Repository/Page_Network Content/a_Clear Cache  Refresh' is clicked on

2018-11-19 13:06:35 - [TEST_STEP][PASSED] - waitForAngularLoad: Angular is ready.

2018-11-19 13:06:35 - [MESSAGE][WARNING] - Timeout '0' is invalid. Using default page load timeout: '30'

2018-11-19 13:06:43 - [MESSAGE][PASSED] - Angular is ready.

2018-11-19 13:06:43 - [TEST_STEP][PASSED] - waitForPageLoad: Wait for page load successfully

2018-11-19 13:06:43 - [MESSAGE][WARNING] - Timeout '0' is invalid. Using default page load timeout: '30'

2018-11-19 13:06:43 - [MESSAGE][PASSED] - Wait for page load successfully

2018-11-19 13:06:43 - [TEST_STEP][PASSED] - navigateToUrl: Navigate to 'https://stats.ac1.kontiki.com/dashboards/analytics_external::Overview?time_filter=6%20months&filter_config=%7B%22time_filter%22:%5B%7B%22type%22:%22past%22,%22values%22:%5B%7B%22constant%22:%226%22,%22unit%22:%22mo%22%7D,%7B%7D%5D,%22id%22:2%7D%5D%7D' successfully

2018-11-19 13:06:47 - [MESSAGE][PASSED] - Navigate to 'https://stats.ac1.kontiki.com/dashboards/analytics_external::Overview?time_filter=6%20months&filter_config=%7B%22time_filter%22:%5B%7B%22type%22:%22past%22,%22values%22:%5B%7B%22constant%22:%226%22,%22unit%22:%22mo%22%7D,%7B%7D%5D,%22id%22:2%7D%5D%7D' successfully

2018-11-19 13:06:47 - [TEST_STEP][PASSED] - waitForAngularLoad: Angular is ready.

2018-11-19 13:06:47 - [MESSAGE][WARNING] - Timeout '0' is invalid. Using default page load timeout: '30'

2018-11-19 13:06:51 - [MESSAGE][PASSED] - Angular is ready.

2018-11-19 13:06:51 - [TEST_STEP][PASSED] - waitForPageLoad: Wait for page load successfully

2018-11-19 13:06:51 - [MESSAGE][WARNING] - Timeout '0' is invalid. Using default page load timeout: '30'

2018-11-19 13:06:51 - [MESSAGE][PASSED] - Wait for page load successfully

2018-11-19 13:06:51 - [TEST_STEP][PASSED] - click: Object: 'Object Repository/Page_Overview/a' is clicked on

2018-11-19 13:06:51 - [MESSAGE][PASSED] - Object: 'Object Repository/Page_Overview/a' is clicked on

2018-11-19 13:06:51 - [TEST_STEP][PASSED] - click: Object: 'Object Repository/Page_Overview/a_Log Out' is clicked on

2018-11-19 13:06:53 - [MESSAGE][PASSED] - Object: 'Object Repository/Page_Overview/a_Log Out' is clicked on

2018-11-19 13:06:53 - [TEST_STEP][PASSED] - waitForAngularLoad: Angular is ready.

2018-11-19 13:06:53 - [MESSAGE][WARNING] - Timeout '0' is invalid. Using default page load timeout: '30'

2018-11-19 13:06:53 - [MESSAGE][PASSED] - Angular is ready.

2018-11-19 13:06:53 - [TEST_STEP][PASSED] - waitForPageLoad: Wait for page load successfully

2018-11-19 13:06:53 - [MESSAGE][WARNING] - Timeout '0' is invalid. Using default page load timeout: '30'

2018-11-19 13:06:53 - [MESSAGE][PASSED] - Wait for page load successfully

2018-11-19 13:06:53 - [TEST_STEP][PASSED] - verifyElementPresent: Object 'Object Repository/Page_Log in/div_Logout Successful.' is present

2018-11-19 13:06:53 - [MESSAGE][WARNING] - Timeout '0' is invalid. Using default page load timeout: '30'

2018-11-19 13:06:53 - [MESSAGE][PASSED] - Object 'Object Repository/Page_Log in/div_Logout Successful.' is present

2018-11-19 13:06:53 - [TEST_STEP][PASSED] - verifyTextPresent: Text 'Logout Successful.' is present on page 

2018-11-19 13:06:53 - [MESSAGE][PASSED] - Text 'Logout Successful.' is present on page 

2018-11-19 13:06:53 - [TEST_STEP][PASSED] - closeBrowser: Browser is closed

2018-11-19 13:06:54 - [MESSAGE][PASSED] - Browser is closed]]></system-out>
         <system-err><![CDATA[2018-11-19 13:00:11 - [TEST_CASE][FAILED] - Test Cases/Prod 3/Prod 3 - Load: Test Cases/Prod 3/Prod 3 - Load FAILED because (of) (Stack trace: com.kms.katalon.core.exception.StepFailedException: Unable to click on object 'Object Repository/Page_Network Content/i_Run_lk-icon-gear' (Root cause: org.openqa.selenium.ElementNotInteractableException: Element <i class="lk-icon-gear"> could not be scrolled into view
Build info: version: '3.7.1', revision: '8a0099a', time: '2017-11-06T21:07:36.161Z'
System info: host: 'Adams-MacBook-Right.local', ip: 'fe80:0:0:0:8d3:55b9:9b1a:9cc7%en0', os.name: 'Mac OS X', os.arch: 'x86_64', os.version: '10.14.1', java.version: '1.8.0_181'
Driver info: com.kms.katalon.core.webui.driver.firefox.CGeckoDriver
Capabilities {acceptInsecureCerts: true, browserName: firefox, browserVersion: 62.0.2, javascriptEnabled: true, moz:accessibilityChecks: false, moz:geckodriverVersion: 0.23.0, moz:headless: false, moz:processID: 98474, moz:profile: /var/folders/jr/7vywd_6j2l1..., moz:useNonSpecCompliantPointerOrigin: false, moz:webdriverClick: true, pageLoadStrategy: normal, platform: MAC, platformName: MAC, platformVersion: 18.2.0, proxy: Proxy(direct), rotatable: false, timeouts: {implicit: 0, pageLoad: 300000, script: 30000}}
Session ID: bb30759d-bf6c-a04e-9200-db5a221720cb)
	at com.kms.katalon.core.keyword.internal.KeywordMain.stepFailed(KeywordMain.groovy:32)
	at com.kms.katalon.core.webui.keyword.internal.WebUIKeywordMain.stepFailed(WebUIKeywordMain.groovy:65)
	at com.kms.katalon.core.webui.keyword.internal.WebUIKeywordMain.runKeyword(WebUIKeywordMain.groovy:27)
	at com.kms.katalon.core.webui.keyword.builtin.ClickKeyword.click(ClickKeyword.groovy:86)
	at com.kms.katalon.core.webui.keyword.builtin.ClickKeyword.execute(ClickKeyword.groovy:67)
	at com.kms.katalon.core.keyword.internal.KeywordExecutor.executeKeywordForPlatform(KeywordExecutor.groovy:53)
	at com.kms.katalon.core.webui.keyword.WebUiBuiltInKeywords.click(WebUiBuiltInKeywords.groovy:616)
	at com.kms.katalon.core.webui.keyword.WebUiBuiltInKeywords$click$2.call(Unknown Source)
	at org.codehaus.groovy.runtime.callsite.CallSiteArray.defaultCall(CallSiteArray.java:48)
	at org.codehaus.groovy.runtime.callsite.AbstractCallSite.call(AbstractCallSite.java:113)
	at org.codehaus.groovy.runtime.callsite.AbstractCallSite.call(AbstractCallSite.java:125)
	at Script1542397753691.run(Script1542397753691.groovy:418)
	at com.kms.katalon.core.main.ScriptEngine.run(ScriptEngine.java:183)
	at com.kms.katalon.core.main.ScriptEngine.runScriptAsRawText(ScriptEngine.java:108)
	at com.kms.katalon.core.main.TestCaseExecutor.runScript(TestCaseExecutor.java:294)
	at com.kms.katalon.core.main.TestCaseExecutor.doExecute(TestCaseExecutor.java:285)
	at com.kms.katalon.core.main.TestCaseExecutor.processExecutionPhase(TestCaseExecutor.java:264)
	at com.kms.katalon.core.main.TestCaseExecutor.accessMainPhase(TestCaseExecutor.java:256)
	at com.kms.katalon.core.main.TestCaseExecutor.execute(TestCaseExecutor.java:200)
	at com.kms.katalon.core.main.TestSuiteExecutor.accessTestCaseMainPhase(TestSuiteExecutor.java:129)
	at com.kms.katalon.core.main.TestSuiteExecutor.accessTestSuiteMainPhase(TestSuiteExecutor.java:112)
	at com.kms.katalon.core.main.TestSuiteExecutor.execute(TestSuiteExecutor.java:81)
	at com.kms.katalon.core.main.TestCaseMain.startTestSuite(TestCaseMain.java:142)
	at com.kms.katalon.core.main.TestCaseMain$startTestSuite$0.call(Unknown Source)
	at org.codehaus.groovy.runtime.callsite.CallSiteArray.defaultCall(CallSiteArray.java:48)
	at org.codehaus.groovy.runtime.callsite.AbstractCallSite.call(AbstractCallSite.java:113)
	at org.codehaus.groovy.runtime.callsite.AbstractCallSite.call(AbstractCallSite.java:141)
	at TempTestSuite1542660782073.run(TempTestSuite1542660782073.groovy:36)
	at groovy.lang.GroovyShell.runScriptOrMainOrTestOrRunnable(GroovyShell.java:263)
	at groovy.lang.GroovyShell.run(GroovyShell.java:518)
	at groovy.lang.GroovyShell.run(GroovyShell.java:507)
	at groovy.ui.GroovyMain.processOnce(GroovyMain.java:653)
	at groovy.ui.GroovyMain.run(GroovyMain.java:384)
	at groovy.ui.GroovyMain.process(GroovyMain.java:370)
	at groovy.ui.GroovyMain.processArgs(GroovyMain.java:129)
	at groovy.ui.GroovyMain.main(GroovyMain.java:109)
	at sun.reflect.NativeMethodAccessorImpl.invoke0(Native Method)
	at sun.reflect.NativeMethodAccessorImpl.invoke(NativeMethodAccessorImpl.java:62)
	at sun.reflect.DelegatingMethodAccessorImpl.invoke(DelegatingMethodAccessorImpl.java:43)
	at java.lang.reflect.Method.invoke(Method.java:498)
	at org.codehaus.groovy.tools.GroovyStarter.rootLoader(GroovyStarter.java:109)
	at org.codehaus.groovy.tools.GroovyStarter.main(GroovyStarter.java:131)
)]]></system-err>
      </testcase>
      <system-out><![CDATA[2018-11-19 12:53:03 - [TEST_SUITE][FAILED] - Prod 3 Sanity Check: Test Cases/Prod 3/Prod 3 - Overview, or Landing Page FAILED because (of) (Stack trace: com.kms.katalon.core.exception.StepFailedException: com.kms.katalon.core.webui.exception.WebElementNotFoundException: Web element with id: 'Object Repository/Page_Overview/div_56499' located by 'By.xpath: //div[(text() = '56,499' or . = '56,499')]' not found
	at com.kms.katalon.core.keyword.internal.KeywordMain.stepFailed(KeywordMain.groovy:32)
	at com.kms.katalon.core.webui.keyword.internal.WebUIKeywordMain.stepFailed(WebUIKeywordMain.groovy:65)
	at com.kms.katalon.core.webui.keyword.builtin.VerifyElementTextKeyword$_verifyElementText_closure1.doCall(VerifyElementTextKeyword.groovy:64)
	at com.kms.katalon.core.webui.keyword.builtin.VerifyElementTextKeyword$_verifyElementText_closure1.call(VerifyElementTextKeyword.groovy)
	at com.kms.katalon.core.webui.keyword.internal.WebUIKeywordMain.runKeyword(WebUIKeywordMain.groovy:21)
	at com.kms.katalon.core.webui.keyword.builtin.VerifyElementTextKeyword.verifyElementText(VerifyElementTextKeyword.groovy:72)
	at com.kms.katalon.core.webui.keyword.builtin.VerifyElementTextKeyword.execute(VerifyElementTextKeyword.groovy:40)
	at com.kms.katalon.core.keyword.internal.KeywordExecutor.executeKeywordForPlatform(KeywordExecutor.groovy:53)
	at com.kms.katalon.core.webui.keyword.WebUiBuiltInKeywords.verifyElementText(WebUiBuiltInKeywords.groovy:3663)
	at com.kms.katalon.core.webui.keyword.WebUiBuiltInKeywords$verifyElementText$10.call(Unknown Source)
	at org.codehaus.groovy.runtime.callsite.CallSiteArray.defaultCall(CallSiteArray.java:48)
	at org.codehaus.groovy.runtime.callsite.AbstractCallSite.call(AbstractCallSite.java:113)
	at org.codehaus.groovy.runtime.callsite.AbstractCallSite.call(AbstractCallSite.java:133)
	at Script1542236160245.run(Script1542236160245.groovy:115)
	at com.kms.katalon.core.main.ScriptEngine.run(ScriptEngine.java:183)
	at com.kms.katalon.core.main.ScriptEngine.runScriptAsRawText(ScriptEngine.java:108)
	at com.kms.katalon.core.main.TestCaseExecutor.runScript(TestCaseExecutor.java:294)
	at com.kms.katalon.core.main.TestCaseExecutor.doExecute(TestCaseExecutor.java:285)
	at com.kms.katalon.core.main.TestCaseExecutor.processExecutionPhase(TestCaseExecutor.java:264)
	at com.kms.katalon.core.main.TestCaseExecutor.accessMainPhase(TestCaseExecutor.java:256)
	at com.kms.katalon.core.main.TestCaseExecutor.execute(TestCaseExecutor.java:200)
	at com.kms.katalon.core.main.TestSuiteExecutor.accessTestCaseMainPhase(TestSuiteExecutor.java:129)
	at com.kms.katalon.core.main.TestSuiteExecutor.accessTestSuiteMainPhase(TestSuiteExecutor.java:112)
	at com.kms.katalon.core.main.TestSuiteExecutor.execute(TestSuiteExecutor.java:81)
	at com.kms.katalon.core.main.TestCaseMain.startTestSuite(TestCaseMain.java:142)
	at com.kms.katalon.core.main.TestCaseMain$startTestSuite$0.call(Unknown Source)
	at org.codehaus.groovy.runtime.callsite.CallSiteArray.defaultCall(CallSiteArray.java:48)
	at org.codehaus.groovy.runtime.callsite.AbstractCallSite.call(AbstractCallSite.java:113)
	at org.codehaus.groovy.runtime.callsite.AbstractCallSite.call(AbstractCallSite.java:141)
	at TempTestSuite1542660782073.run(TempTestSuite1542660782073.groovy:36)
	at groovy.lang.GroovyShell.runScriptOrMainOrTestOrRunnable(GroovyShell.java:263)
	at groovy.lang.GroovyShell.run(GroovyShell.java:518)
	at groovy.lang.GroovyShell.run(GroovyShell.java:507)
	at groovy.ui.GroovyMain.processOnce(GroovyMain.java:653)
	at groovy.ui.GroovyMain.run(GroovyMain.java:384)
	at groovy.ui.GroovyMain.process(GroovyMain.java:370)
	at groovy.ui.GroovyMain.processArgs(GroovyMain.java:129)
	at groovy.ui.GroovyMain.main(GroovyMain.java:109)
	at sun.reflect.NativeMethodAccessorImpl.invoke0(Native Method)
	at sun.reflect.NativeMethodAccessorImpl.invoke(NativeMethodAccessorImpl.java:62)
	at sun.reflect.DelegatingMethodAccessorImpl.invoke(DelegatingMethodAccessorImpl.java:43)
	at java.lang.reflect.Method.invoke(Method.java:498)
	at org.codehaus.groovy.tools.GroovyStarter.rootLoader(GroovyStarter.java:109)
	at org.codehaus.groovy.tools.GroovyStarter.main(GroovyStarter.java:131)
)]]></system-out>
      <system-err><![CDATA[2018-11-19 12:53:03 - [TEST_SUITE][FAILED] - Prod 3 Sanity Check: Test Cases/Prod 3/Prod 3 - Overview, or Landing Page FAILED because (of) (Stack trace: com.kms.katalon.core.exception.StepFailedException: com.kms.katalon.core.webui.exception.WebElementNotFoundException: Web element with id: 'Object Repository/Page_Overview/div_56499' located by 'By.xpath: //div[(text() = '56,499' or . = '56,499')]' not found
	at com.kms.katalon.core.keyword.internal.KeywordMain.stepFailed(KeywordMain.groovy:32)
	at com.kms.katalon.core.webui.keyword.internal.WebUIKeywordMain.stepFailed(WebUIKeywordMain.groovy:65)
	at com.kms.katalon.core.webui.keyword.builtin.VerifyElementTextKeyword$_verifyElementText_closure1.doCall(VerifyElementTextKeyword.groovy:64)
	at com.kms.katalon.core.webui.keyword.builtin.VerifyElementTextKeyword$_verifyElementText_closure1.call(VerifyElementTextKeyword.groovy)
	at com.kms.katalon.core.webui.keyword.internal.WebUIKeywordMain.runKeyword(WebUIKeywordMain.groovy:21)
	at com.kms.katalon.core.webui.keyword.builtin.VerifyElementTextKeyword.verifyElementText(VerifyElementTextKeyword.groovy:72)
	at com.kms.katalon.core.webui.keyword.builtin.VerifyElementTextKeyword.execute(VerifyElementTextKeyword.groovy:40)
	at com.kms.katalon.core.keyword.internal.KeywordExecutor.executeKeywordForPlatform(KeywordExecutor.groovy:53)
	at com.kms.katalon.core.webui.keyword.WebUiBuiltInKeywords.verifyElementText(WebUiBuiltInKeywords.groovy:3663)
	at com.kms.katalon.core.webui.keyword.WebUiBuiltInKeywords$verifyElementText$10.call(Unknown Source)
	at org.codehaus.groovy.runtime.callsite.CallSiteArray.defaultCall(CallSiteArray.java:48)
	at org.codehaus.groovy.runtime.callsite.AbstractCallSite.call(AbstractCallSite.java:113)
	at org.codehaus.groovy.runtime.callsite.AbstractCallSite.call(AbstractCallSite.java:133)
	at Script1542236160245.run(Script1542236160245.groovy:115)
	at com.kms.katalon.core.main.ScriptEngine.run(ScriptEngine.java:183)
	at com.kms.katalon.core.main.ScriptEngine.runScriptAsRawText(ScriptEngine.java:108)
	at com.kms.katalon.core.main.TestCaseExecutor.runScript(TestCaseExecutor.java:294)
	at com.kms.katalon.core.main.TestCaseExecutor.doExecute(TestCaseExecutor.java:285)
	at com.kms.katalon.core.main.TestCaseExecutor.processExecutionPhase(TestCaseExecutor.java:264)
	at com.kms.katalon.core.main.TestCaseExecutor.accessMainPhase(TestCaseExecutor.java:256)
	at com.kms.katalon.core.main.TestCaseExecutor.execute(TestCaseExecutor.java:200)
	at com.kms.katalon.core.main.TestSuiteExecutor.accessTestCaseMainPhase(TestSuiteExecutor.java:129)
	at com.kms.katalon.core.main.TestSuiteExecutor.accessTestSuiteMainPhase(TestSuiteExecutor.java:112)
	at com.kms.katalon.core.main.TestSuiteExecutor.execute(TestSuiteExecutor.java:81)
	at com.kms.katalon.core.main.TestCaseMain.startTestSuite(TestCaseMain.java:142)
	at com.kms.katalon.core.main.TestCaseMain$startTestSuite$0.call(Unknown Source)
	at org.codehaus.groovy.runtime.callsite.CallSiteArray.defaultCall(CallSiteArray.java:48)
	at org.codehaus.groovy.runtime.callsite.AbstractCallSite.call(AbstractCallSite.java:113)
	at org.codehaus.groovy.runtime.callsite.AbstractCallSite.call(AbstractCallSite.java:141)
	at TempTestSuite1542660782073.run(TempTestSuite1542660782073.groovy:36)
	at groovy.lang.GroovyShell.runScriptOrMainOrTestOrRunnable(GroovyShell.java:263)
	at groovy.lang.GroovyShell.run(GroovyShell.java:518)
	at groovy.lang.GroovyShell.run(GroovyShell.java:507)
	at groovy.ui.GroovyMain.processOnce(GroovyMain.java:653)
	at groovy.ui.GroovyMain.run(GroovyMain.java:384)
	at groovy.ui.GroovyMain.process(GroovyMain.java:370)
	at groovy.ui.GroovyMain.processArgs(GroovyMain.java:129)
	at groovy.ui.GroovyMain.main(GroovyMain.java:109)
	at sun.reflect.NativeMethodAccessorImpl.invoke0(Native Method)
	at sun.reflect.NativeMethodAccessorImpl.invoke(NativeMethodAccessorImpl.java:62)
	at sun.reflect.DelegatingMethodAccessorImpl.invoke(DelegatingMethodAccessorImpl.java:43)
	at java.lang.reflect.Method.invoke(Method.java:498)
	at org.codehaus.groovy.tools.GroovyStarter.rootLoader(GroovyStarter.java:109)
	at org.codehaus.groovy.tools.GroovyStarter.main(GroovyStarter.java:131)
)]]></system-err>
   </testsuite>
</testsuites>
