<?xml version="1.0" encoding="UTF-8"?>
<testsuites name="TC1 Sanity Check" time="390" tests="3" failures="2" errors="0">
   <testsuite name="TC1 Sanity Check" tests="3" failures="2" errors="0" time="390" timestamp="2018-10-16 17:30:05" hostname="alahley - 172.16.168.71" id="Test Suites/TC1 Sanity Check">
      <properties>
         <property name="deviceName" value=""/>
         <property name="devicePlatform" value=""/>
         <property name="logFolder" value="/Users/alahley/Katalon Studio/Analytics/Reports/TC1 Sanity Check/20181016_173003"/>
         <property name="logFiles" value="/Users/alahley/Katalon Studio/Analytics/Reports/TC1 Sanity Check/20181016_173003/execution0.log"/>
         <property name="attachments" value="/Users/alahley/Katalon Studio/Analytics/Reports/TC1 Sanity Check/20181016_173003/1539736361764.png, /Users/alahley/Katalon Studio/Analytics/Reports/TC1 Sanity Check/20181016_173003/1539736393826.png, /Users/alahley/Katalon Studio/Analytics/Reports/TC1 Sanity Check/20181016_173003/1539736462771.png"/>
         <property name="hostName" value="alahley - 172.16.168.71"/>
         <property name="os" value="Mac OS X 64bit"/>
         <property name="katalonVersion" value="5.7.0.1"/>
         <property name="browser" value="Firefox 62.0"/>
         <property name="hostAddress" value="172.16.168.71"/>
         <property name="sessionId" value="bf3ad751-6af1-cd4b-aa53-00713abcb2b4"/>
         <property name="seleniumVersion" value="3.7.1"/>
         <property name="proxyInformation" value="ProxyInformation{proxyOption=NO_PROXY, proxyServerType=HTTP, password=, proxyServerAddress=, proxyServerPort=0}"/>
         <property name="platform" value="Mac OS X"/>
      </properties>
      <testcase name="Test Cases/TC1/TC1 - Logging In and Out" classname="Test Cases/TC1/TC1 - Logging In and Out" status="PASSED">
         <system-out><![CDATA[2018-10-16 17:30:06 - [TEST_CASE][PASSED] - Test Cases/TC1/TC1 - Logging In and Out: Test Cases/TC1/TC1 - Logging In and Out

2018-10-16 17:30:06 - [TEST_STEP][PASSED] - openBrowser: Browser is opened with url: 'https://stats.tc1.kontiki.com/login/email'

2018-10-16 17:30:14 - [MESSAGE][PASSED] - Browser is opened with url: 'https://stats.tc1.kontiki.com/login/email'

2018-10-16 17:30:14 - [TEST_STEP][PASSED] - setText: Text 'alahley@kollective.com' is set on object 'Object Repository/Page_Log in/input_email (2)'

2018-10-16 17:30:14 - [MESSAGE][PASSED] - Text 'alahley@kollective.com' is set on object 'Object Repository/Page_Log in/input_email (2)'

2018-10-16 17:30:14 - [TEST_STEP][PASSED] - setEncryptedText: Text ****** has been set on object 'Object Repository/Page_Log in/input_password (2)'

2018-10-16 17:30:14 - [MESSAGE][PASSED] - Text ****** has been set on object 'Object Repository/Page_Log in/input_password (2)'

2018-10-16 17:30:14 - [TEST_STEP][PASSED] - click: Object: 'Object Repository/Page_Log in/input_remember (2)' is clicked on

2018-10-16 17:30:15 - [MESSAGE][PASSED] - Object: 'Object Repository/Page_Log in/input_remember (2)' is clicked on

2018-10-16 17:30:15 - [TEST_STEP][PASSED] - click: Object: 'Object Repository/Page_Log in/input_login-submit (2)' is clicked on

2018-10-16 17:30:19 - [MESSAGE][PASSED] - Object: 'Object Repository/Page_Log in/input_login-submit (2)' is clicked on

2018-10-16 17:30:19 - [TEST_STEP][PASSED] - waitForAngularLoad: Angular is ready.

2018-10-16 17:30:28 - [MESSAGE][PASSED] - Angular is ready.

2018-10-16 17:30:28 - [TEST_STEP][PASSED] - verifyElementPresent: Object 'Object Repository/Page_Overview/a' is present

2018-10-16 17:30:28 - [MESSAGE][WARNING] - Timeout '0' is invalid. Using default page load timeout: '30'

2018-10-16 17:30:28 - [MESSAGE][PASSED] - Object 'Object Repository/Page_Overview/a' is present

2018-10-16 17:30:28 - [TEST_STEP][PASSED] - verifyElementPresent: Object 'Object Repository/Page_Overview/div_Release Notes_flyout-backg (1)' is present

2018-10-16 17:30:28 - [MESSAGE][WARNING] - Timeout '0' is invalid. Using default page load timeout: '30'

2018-10-16 17:30:28 - [MESSAGE][PASSED] - Object 'Object Repository/Page_Overview/div_Release Notes_flyout-backg (1)' is present

2018-10-16 17:30:28 - [TEST_STEP][PASSED] - verifyElementPresent: Object 'Object Repository/Page_Overview/div_Admin_real-image' is present

2018-10-16 17:30:28 - [MESSAGE][WARNING] - Timeout '0' is invalid. Using default page load timeout: '30'

2018-10-16 17:30:28 - [MESSAGE][PASSED] - Object 'Object Repository/Page_Overview/div_Admin_real-image' is present

2018-10-16 17:30:28 - [TEST_STEP][PASSED] - verifyElementPresent: Object 'Object Repository/Page_Overview/div_Release Notes_flyout-backg (1)' is present

2018-10-16 17:30:28 - [MESSAGE][WARNING] - Timeout '0' is invalid. Using default page load timeout: '30'

2018-10-16 17:30:28 - [MESSAGE][PASSED] - Object 'Object Repository/Page_Overview/div_Release Notes_flyout-backg (1)' is present

2018-10-16 17:30:28 - [TEST_STEP][PASSED] - verifyElementPresent: Object 'Object Repository/Page_Overview/i_Admin_lk-icon-arrow-down-car' is present

2018-10-16 17:30:28 - [MESSAGE][WARNING] - Timeout '0' is invalid. Using default page load timeout: '30'

2018-10-16 17:30:28 - [MESSAGE][PASSED] - Object 'Object Repository/Page_Overview/i_Admin_lk-icon-arrow-down-car' is present

2018-10-16 17:30:28 - [TEST_STEP][PASSED] - verifyElementPresent: Object 'Object Repository/Page_Overview/a' is present

2018-10-16 17:30:28 - [MESSAGE][WARNING] - Timeout '0' is invalid. Using default page load timeout: '30'

2018-10-16 17:30:28 - [MESSAGE][PASSED] - Object 'Object Repository/Page_Overview/a' is present

2018-10-16 17:30:28 - [TEST_STEP][PASSED] - verifyElementPresent: Object 'Object Repository/Page_Overview/div_Release Notes_flyout-backg (1)' is present

2018-10-16 17:30:28 - [MESSAGE][WARNING] - Timeout '0' is invalid. Using default page load timeout: '30'

2018-10-16 17:30:28 - [MESSAGE][PASSED] - Object 'Object Repository/Page_Overview/div_Release Notes_flyout-backg (1)' is present

2018-10-16 17:30:28 - [TEST_STEP][PASSED] - verifyElementPresent: Object 'Object Repository/Page_Overview/div_Admin_real-image' is present

2018-10-16 17:30:28 - [MESSAGE][WARNING] - Timeout '0' is invalid. Using default page load timeout: '30'

2018-10-16 17:30:28 - [MESSAGE][PASSED] - Object 'Object Repository/Page_Overview/div_Admin_real-image' is present

2018-10-16 17:30:28 - [TEST_STEP][PASSED] - verifyElementPresent: Object 'Object Repository/Page_Overview/div_Release Notes_flyout-backg (1)' is present

2018-10-16 17:30:28 - [MESSAGE][WARNING] - Timeout '0' is invalid. Using default page load timeout: '30'

2018-10-16 17:30:28 - [MESSAGE][PASSED] - Object 'Object Repository/Page_Overview/div_Release Notes_flyout-backg (1)' is present

2018-10-16 17:30:28 - [TEST_STEP][PASSED] - verifyElementPresent: Object 'Object Repository/Page_Overview/i_Admin_lk-icon-arrow-down-car' is present

2018-10-16 17:30:28 - [MESSAGE][WARNING] - Timeout '0' is invalid. Using default page load timeout: '30'

2018-10-16 17:30:28 - [MESSAGE][PASSED] - Object 'Object Repository/Page_Overview/i_Admin_lk-icon-arrow-down-car' is present

2018-10-16 17:30:28 - [TEST_STEP][PASSED] - verifyElementPresent: Object 'Object Repository/Page_Overview/div_Release Notes_flyout-backg (1)' is present

2018-10-16 17:30:28 - [MESSAGE][WARNING] - Timeout '0' is invalid. Using default page load timeout: '30'

2018-10-16 17:30:28 - [MESSAGE][PASSED] - Object 'Object Repository/Page_Overview/div_Release Notes_flyout-backg (1)' is present

2018-10-16 17:30:28 - [TEST_STEP][PASSED] - verifyElementPresent: Object 'Object Repository/Page_Overview/div_OverviewNetworkNetwork Sum (1)' is present

2018-10-16 17:30:28 - [MESSAGE][WARNING] - Timeout '0' is invalid. Using default page load timeout: '30'

2018-10-16 17:30:28 - [MESSAGE][PASSED] - Object 'Object Repository/Page_Overview/div_OverviewNetworkNetwork Sum (1)' is present

2018-10-16 17:30:28 - [TEST_STEP][PASSED] - verifyElementPresent: Object 'Object Repository/Page_Overview/div_Live EventsOverview' is present

2018-10-16 17:30:28 - [MESSAGE][WARNING] - Timeout '0' is invalid. Using default page load timeout: '30'

2018-10-16 17:30:28 - [MESSAGE][PASSED] - Object 'Object Repository/Page_Overview/div_Live EventsOverview' is present

2018-10-16 17:30:28 - [TEST_STEP][PASSED] - verifyElementPresent: Object 'Object Repository/Page_Overview/div_View your detailed Network (1)' is present

2018-10-16 17:30:28 - [MESSAGE][WARNING] - Timeout '0' is invalid. Using default page load timeout: '30'

2018-10-16 17:30:28 - [MESSAGE][PASSED] - Object 'Object Repository/Page_Overview/div_View your detailed Network (1)' is present

2018-10-16 17:30:28 - [TEST_STEP][PASSED] - verifyElementPresent: Object 'Object Repository/Page_Overview/div_NetworkOverview' is present

2018-10-16 17:30:28 - [MESSAGE][WARNING] - Timeout '0' is invalid. Using default page load timeout: '30'

2018-10-16 17:30:28 - [MESSAGE][PASSED] - Object 'Object Repository/Page_Overview/div_NetworkOverview' is present

2018-10-16 17:30:28 - [TEST_STEP][PASSED] - verifyElementPresent: Object 'Object Repository/Page_Overview/img_Home_img-logo' is present

2018-10-16 17:30:28 - [MESSAGE][WARNING] - Timeout '0' is invalid. Using default page load timeout: '30'

2018-10-16 17:30:28 - [MESSAGE][PASSED] - Object 'Object Repository/Page_Overview/img_Home_img-logo' is present

2018-10-16 17:30:28 - [TEST_STEP][PASSED] - verifyElementPresent: Object 'Object Repository/Page_Overview/div_Release Notes_flyout-backg (1)' is present

2018-10-16 17:30:28 - [MESSAGE][WARNING] - Timeout '0' is invalid. Using default page load timeout: '30'

2018-10-16 17:30:28 - [MESSAGE][PASSED] - Object 'Object Repository/Page_Overview/div_Release Notes_flyout-backg (1)' is present

2018-10-16 17:30:28 - [TEST_STEP][PASSED] - verifyElementPresent: Object 'Object Repository/Page_Overview/div_LookML Dashboards  Dashboa' is present

2018-10-16 17:30:28 - [MESSAGE][WARNING] - Timeout '0' is invalid. Using default page load timeout: '30'

2018-10-16 17:30:28 - [MESSAGE][PASSED] - Object 'Object Repository/Page_Overview/div_LookML Dashboards  Dashboa' is present

2018-10-16 17:30:28 - [TEST_STEP][PASSED] - verifyElementPresent: Object 'Object Repository/Page_Overview/div_Filters Time Filter is in' is present

2018-10-16 17:30:28 - [MESSAGE][WARNING] - Timeout '0' is invalid. Using default page load timeout: '30'

2018-10-16 17:30:28 - [MESSAGE][PASSED] - Object 'Object Repository/Page_Overview/div_Filters Time Filter is in' is present

2018-10-16 17:30:28 - [TEST_STEP][PASSED] - verifyElementPresent: Object 'Object Repository/Page_Overview/div_Live EventsOverview' is present

2018-10-16 17:30:28 - [MESSAGE][WARNING] - Timeout '0' is invalid. Using default page load timeout: '30'

2018-10-16 17:30:28 - [MESSAGE][PASSED] - Object 'Object Repository/Page_Overview/div_Live EventsOverview' is present

2018-10-16 17:30:28 - [TEST_STEP][PASSED] - verifyElementPresent: Object 'Object Repository/Page_Overview/div_View your detailed Network (1)' is present

2018-10-16 17:30:28 - [MESSAGE][WARNING] - Timeout '0' is invalid. Using default page load timeout: '30'

2018-10-16 17:30:28 - [MESSAGE][PASSED] - Object 'Object Repository/Page_Overview/div_View your detailed Network (1)' is present

2018-10-16 17:30:28 - [TEST_STEP][PASSED] - verifyElementPresent: Object 'Object Repository/Page_Overview/div_NetworkOverview' is present

2018-10-16 17:30:28 - [MESSAGE][WARNING] - Timeout '0' is invalid. Using default page load timeout: '30'

2018-10-16 17:30:28 - [MESSAGE][PASSED] - Object 'Object Repository/Page_Overview/div_NetworkOverview' is present

2018-10-16 17:30:28 - [TEST_STEP][PASSED] - verifyElementPresent: Object 'Object Repository/Page_Overview/img_Home_img-logo' is present

2018-10-16 17:30:28 - [MESSAGE][WARNING] - Timeout '0' is invalid. Using default page load timeout: '30'

2018-10-16 17:30:28 - [MESSAGE][PASSED] - Object 'Object Repository/Page_Overview/img_Home_img-logo' is present

2018-10-16 17:30:28 - [TEST_STEP][PASSED] - click: Object: 'Object Repository/Page_Overview/a' is clicked on

2018-10-16 17:30:29 - [MESSAGE][PASSED] - Object: 'Object Repository/Page_Overview/a' is clicked on

2018-10-16 17:30:29 - [TEST_STEP][PASSED] - click: Object: 'Object Repository/Page_Overview/a_Log Out (3)' is clicked on

2018-10-16 17:30:30 - [MESSAGE][PASSED] - Object: 'Object Repository/Page_Overview/a_Log Out (3)' is clicked on

2018-10-16 17:30:30 - [TEST_STEP][PASSED] - verifyElementPresent: Object 'Object Repository/Page_Log in/div_Logout Successful.' is present

2018-10-16 17:30:30 - [MESSAGE][WARNING] - Timeout '0' is invalid. Using default page load timeout: '30'

2018-10-16 17:30:30 - [MESSAGE][PASSED] - Object 'Object Repository/Page_Log in/div_Logout Successful.' is present

2018-10-16 17:30:30 - [TEST_STEP][PASSED] - verifyElementPresent: Object 'Object Repository/Page_Log in/div_Logout Successful.' is present

2018-10-16 17:30:30 - [MESSAGE][WARNING] - Timeout '0' is invalid. Using default page load timeout: '30'

2018-10-16 17:30:30 - [MESSAGE][PASSED] - Object 'Object Repository/Page_Log in/div_Logout Successful.' is present

2018-10-16 17:30:30 - [TEST_STEP][PASSED] - verifyTextPresent: Text 'Logout Successful.' is present on page 

2018-10-16 17:30:30 - [MESSAGE][PASSED] - Text 'Logout Successful.' is present on page 

2018-10-16 17:30:30 - [TEST_STEP][PASSED] - closeBrowser: Browser is closed

2018-10-16 17:30:30 - [MESSAGE][PASSED] - Browser is closed]]></system-out>
         <system-err><![CDATA[]]></system-err>
      </testcase>
      <testcase name="Test Cases/TC1/TC1 - Navigation and CTAs" classname="Test Cases/TC1/TC1 - Navigation and CTAs" status="FAILED">
         <failure type="FAILED" message="(Stack trace: com.kms.katalon.core.exception.StepFailedException: com.kms.katalon.core.webui.exception.WebElementNotFoundException: Web element with id: 'Object Repository/Page_Log in/div_Logout Successful.' located by 'By.xpath: //div[(text() = 'Logout Successful.' or . = 'Logout Successful.')]' not found
	at com.kms.katalon.core.keyword.internal.KeywordMain.stepFailed(KeywordMain.groovy:32)
	at com.kms.katalon.core.webui.keyword.internal.WebUIKeywordMain.stepFailed(WebUIKeywordMain.groovy:65)
	at com.kms.katalon.core.webui.keyword.builtin.VerifyElementPresentKeyword$_verifyElementPresent_closure1.doCall(VerifyElementPresentKeyword.groovy:85)
	at com.kms.katalon.core.webui.keyword.builtin.VerifyElementPresentKeyword$_verifyElementPresent_closure1.call(VerifyElementPresentKeyword.groovy)
	at com.kms.katalon.core.webui.keyword.internal.WebUIKeywordMain.runKeyword(WebUIKeywordMain.groovy:21)
	at com.kms.katalon.core.webui.keyword.builtin.VerifyElementPresentKeyword.verifyElementPresent(VerifyElementPresentKeyword.groovy:92)
	at com.kms.katalon.core.webui.keyword.builtin.VerifyElementPresentKeyword.execute(VerifyElementPresentKeyword.groovy:68)
	at com.kms.katalon.core.keyword.internal.KeywordExecutor.executeKeywordForPlatform(KeywordExecutor.groovy:53)
	at com.kms.katalon.core.webui.keyword.WebUiBuiltInKeywords.verifyElementPresent(WebUiBuiltInKeywords.groovy:1434)
	at com.kms.katalon.core.webui.keyword.WebUiBuiltInKeywords$verifyElementPresent$4.call(Unknown Source)
	at org.codehaus.groovy.runtime.callsite.CallSiteArray.defaultCall(CallSiteArray.java:48)
	at org.codehaus.groovy.runtime.callsite.AbstractCallSite.call(AbstractCallSite.java:113)
	at org.codehaus.groovy.runtime.callsite.AbstractCallSite.call(AbstractCallSite.java:133)
	at Script1538969837653.run(Script1538969837653.groovy:150)
	at com.kms.katalon.core.main.ScriptEngine.run(ScriptEngine.java:183)
	at com.kms.katalon.core.main.ScriptEngine.runScriptAsRawText(ScriptEngine.java:108)
	at com.kms.katalon.core.main.TestCaseExecutor.runScript(TestCaseExecutor.java:294)
	at com.kms.katalon.core.main.TestCaseExecutor.doExecute(TestCaseExecutor.java:285)
	at com.kms.katalon.core.main.TestCaseExecutor.processExecutionPhase(TestCaseExecutor.java:264)
	at com.kms.katalon.core.main.TestCaseExecutor.accessMainPhase(TestCaseExecutor.java:256)
	at com.kms.katalon.core.main.TestCaseExecutor.execute(TestCaseExecutor.java:200)
	at com.kms.katalon.core.main.TestSuiteExecutor.accessTestCaseMainPhase(TestSuiteExecutor.java:129)
	at com.kms.katalon.core.main.TestSuiteExecutor.accessTestSuiteMainPhase(TestSuiteExecutor.java:112)
	at com.kms.katalon.core.main.TestSuiteExecutor.execute(TestSuiteExecutor.java:81)
	at com.kms.katalon.core.main.TestCaseMain.startTestSuite(TestCaseMain.java:142)
	at com.kms.katalon.core.main.TestCaseMain$startTestSuite$0.call(Unknown Source)
	at org.codehaus.groovy.runtime.callsite.CallSiteArray.defaultCall(CallSiteArray.java:48)
	at org.codehaus.groovy.runtime.callsite.AbstractCallSite.call(AbstractCallSite.java:113)
	at org.codehaus.groovy.runtime.callsite.AbstractCallSite.call(AbstractCallSite.java:141)
	at TempTestSuite1539736204149.run(TempTestSuite1539736204149.groovy:36)
	at groovy.lang.GroovyShell.runScriptOrMainOrTestOrRunnable(GroovyShell.java:263)
	at groovy.lang.GroovyShell.run(GroovyShell.java:518)
	at groovy.lang.GroovyShell.run(GroovyShell.java:507)
	at groovy.ui.GroovyMain.processOnce(GroovyMain.java:653)
	at groovy.ui.GroovyMain.run(GroovyMain.java:384)
	at groovy.ui.GroovyMain.process(GroovyMain.java:370)
	at groovy.ui.GroovyMain.processArgs(GroovyMain.java:129)
	at groovy.ui.GroovyMain.main(GroovyMain.java:109)
	at sun.reflect.NativeMethodAccessorImpl.invoke0(Native Method)
	at sun.reflect.NativeMethodAccessorImpl.invoke(NativeMethodAccessorImpl.java:62)
	at sun.reflect.DelegatingMethodAccessorImpl.invoke(DelegatingMethodAccessorImpl.java:43)
	at java.lang.reflect.Method.invoke(Method.java:498)
	at org.codehaus.groovy.tools.GroovyStarter.rootLoader(GroovyStarter.java:109)
	at org.codehaus.groovy.tools.GroovyStarter.main(GroovyStarter.java:131)
)"/>
         <system-out><![CDATA[2018-10-16 17:30:30 - [TEST_CASE][FAILED] - Test Cases/TC1/TC1 - Navigation and CTAs: Test Cases/TC1/TC1 - Navigation and CTAs FAILED because (of) (Stack trace: com.kms.katalon.core.exception.StepFailedException: com.kms.katalon.core.webui.exception.WebElementNotFoundException: Web element with id: 'Object Repository/Page_Log in/div_Logout Successful.' located by 'By.xpath: //div[(text() = 'Logout Successful.' or . = 'Logout Successful.')]' not found
	at com.kms.katalon.core.keyword.internal.KeywordMain.stepFailed(KeywordMain.groovy:32)
	at com.kms.katalon.core.webui.keyword.internal.WebUIKeywordMain.stepFailed(WebUIKeywordMain.groovy:65)
	at com.kms.katalon.core.webui.keyword.builtin.VerifyElementPresentKeyword$_verifyElementPresent_closure1.doCall(VerifyElementPresentKeyword.groovy:85)
	at com.kms.katalon.core.webui.keyword.builtin.VerifyElementPresentKeyword$_verifyElementPresent_closure1.call(VerifyElementPresentKeyword.groovy)
	at com.kms.katalon.core.webui.keyword.internal.WebUIKeywordMain.runKeyword(WebUIKeywordMain.groovy:21)
	at com.kms.katalon.core.webui.keyword.builtin.VerifyElementPresentKeyword.verifyElementPresent(VerifyElementPresentKeyword.groovy:92)
	at com.kms.katalon.core.webui.keyword.builtin.VerifyElementPresentKeyword.execute(VerifyElementPresentKeyword.groovy:68)
	at com.kms.katalon.core.keyword.internal.KeywordExecutor.executeKeywordForPlatform(KeywordExecutor.groovy:53)
	at com.kms.katalon.core.webui.keyword.WebUiBuiltInKeywords.verifyElementPresent(WebUiBuiltInKeywords.groovy:1434)
	at com.kms.katalon.core.webui.keyword.WebUiBuiltInKeywords$verifyElementPresent$4.call(Unknown Source)
	at org.codehaus.groovy.runtime.callsite.CallSiteArray.defaultCall(CallSiteArray.java:48)
	at org.codehaus.groovy.runtime.callsite.AbstractCallSite.call(AbstractCallSite.java:113)
	at org.codehaus.groovy.runtime.callsite.AbstractCallSite.call(AbstractCallSite.java:133)
	at Script1538969837653.run(Script1538969837653.groovy:150)
	at com.kms.katalon.core.main.ScriptEngine.run(ScriptEngine.java:183)
	at com.kms.katalon.core.main.ScriptEngine.runScriptAsRawText(ScriptEngine.java:108)
	at com.kms.katalon.core.main.TestCaseExecutor.runScript(TestCaseExecutor.java:294)
	at com.kms.katalon.core.main.TestCaseExecutor.doExecute(TestCaseExecutor.java:285)
	at com.kms.katalon.core.main.TestCaseExecutor.processExecutionPhase(TestCaseExecutor.java:264)
	at com.kms.katalon.core.main.TestCaseExecutor.accessMainPhase(TestCaseExecutor.java:256)
	at com.kms.katalon.core.main.TestCaseExecutor.execute(TestCaseExecutor.java:200)
	at com.kms.katalon.core.main.TestSuiteExecutor.accessTestCaseMainPhase(TestSuiteExecutor.java:129)
	at com.kms.katalon.core.main.TestSuiteExecutor.accessTestSuiteMainPhase(TestSuiteExecutor.java:112)
	at com.kms.katalon.core.main.TestSuiteExecutor.execute(TestSuiteExecutor.java:81)
	at com.kms.katalon.core.main.TestCaseMain.startTestSuite(TestCaseMain.java:142)
	at com.kms.katalon.core.main.TestCaseMain$startTestSuite$0.call(Unknown Source)
	at org.codehaus.groovy.runtime.callsite.CallSiteArray.defaultCall(CallSiteArray.java:48)
	at org.codehaus.groovy.runtime.callsite.AbstractCallSite.call(AbstractCallSite.java:113)
	at org.codehaus.groovy.runtime.callsite.AbstractCallSite.call(AbstractCallSite.java:141)
	at TempTestSuite1539736204149.run(TempTestSuite1539736204149.groovy:36)
	at groovy.lang.GroovyShell.runScriptOrMainOrTestOrRunnable(GroovyShell.java:263)
	at groovy.lang.GroovyShell.run(GroovyShell.java:518)
	at groovy.lang.GroovyShell.run(GroovyShell.java:507)
	at groovy.ui.GroovyMain.processOnce(GroovyMain.java:653)
	at groovy.ui.GroovyMain.run(GroovyMain.java:384)
	at groovy.ui.GroovyMain.process(GroovyMain.java:370)
	at groovy.ui.GroovyMain.processArgs(GroovyMain.java:129)
	at groovy.ui.GroovyMain.main(GroovyMain.java:109)
	at sun.reflect.NativeMethodAccessorImpl.invoke0(Native Method)
	at sun.reflect.NativeMethodAccessorImpl.invoke(NativeMethodAccessorImpl.java:62)
	at sun.reflect.DelegatingMethodAccessorImpl.invoke(DelegatingMethodAccessorImpl.java:43)
	at java.lang.reflect.Method.invoke(Method.java:498)
	at org.codehaus.groovy.tools.GroovyStarter.rootLoader(GroovyStarter.java:109)
	at org.codehaus.groovy.tools.GroovyStarter.main(GroovyStarter.java:131)
)

2018-10-16 17:30:30 - [TEST_STEP][PASSED] - openBrowser: Browser is opened with url: 'https://stats.tc1.kontiki.com/login/email'

2018-10-16 17:30:37 - [MESSAGE][PASSED] - Browser is opened with url: 'https://stats.tc1.kontiki.com/login/email'

2018-10-16 17:30:37 - [TEST_STEP][PASSED] - setText: Text 'alahley@kollective.com' is set on object 'Object Repository/Page_Log in/input_email (2)'

2018-10-16 17:30:37 - [MESSAGE][PASSED] - Text 'alahley@kollective.com' is set on object 'Object Repository/Page_Log in/input_email (2)'

2018-10-16 17:30:37 - [TEST_STEP][PASSED] - setEncryptedText: Text ****** has been set on object 'Object Repository/Page_Log in/input_password (2)'

2018-10-16 17:30:37 - [MESSAGE][PASSED] - Text ****** has been set on object 'Object Repository/Page_Log in/input_password (2)'

2018-10-16 17:30:37 - [TEST_STEP][PASSED] - click: Object: 'Object Repository/Page_Log in/input_remember (2)' is clicked on

2018-10-16 17:30:37 - [MESSAGE][PASSED] - Object: 'Object Repository/Page_Log in/input_remember (2)' is clicked on

2018-10-16 17:30:37 - [TEST_STEP][PASSED] - click: Object: 'Object Repository/Page_Log in/input_login-submit (2)' is clicked on

2018-10-16 17:30:41 - [MESSAGE][PASSED] - Object: 'Object Repository/Page_Log in/input_login-submit (2)' is clicked on

2018-10-16 17:30:41 - [TEST_STEP][PASSED] - waitForAngularLoad: Angular is ready.

2018-10-16 17:30:43 - [MESSAGE][PASSED] - Angular is ready.

2018-10-16 17:30:43 - [TEST_STEP][PASSED] - waitForPageLoad: Wait for page load successfully

2018-10-16 17:30:43 - [MESSAGE][WARNING] - Timeout '0' is invalid. Using default page load timeout: '30'

2018-10-16 17:30:43 - [MESSAGE][PASSED] - Wait for page load successfully

2018-10-16 17:30:43 - [TEST_STEP][PASSED] - verifyElementVisible: Object 'Object Repository/Page_Network Summary/a_Overview' is visible

2018-10-16 17:30:44 - [MESSAGE][PASSED] - Object 'Object Repository/Page_Network Summary/a_Overview' is visible

2018-10-16 17:30:44 - [TEST_STEP][PASSED] - verifyElementVisible: Object 'Object Repository/Page_Overview/a_Go to Live Event Summary' is visible

2018-10-16 17:30:44 - [MESSAGE][PASSED] - Object 'Object Repository/Page_Overview/a_Go to Live Event Summary' is visible

2018-10-16 17:30:44 - [TEST_STEP][PASSED] - click: Object: 'Object Repository/Page_Overview/a_Go to Live Event Summary' is clicked on

2018-10-16 17:30:46 - [MESSAGE][PASSED] - Object: 'Object Repository/Page_Overview/a_Go to Live Event Summary' is clicked on

2018-10-16 17:30:46 - [TEST_STEP][PASSED] - waitForAngularLoad: Angular is ready.

2018-10-16 17:30:49 - [MESSAGE][PASSED] - Angular is ready.

2018-10-16 17:30:49 - [TEST_STEP][PASSED] - verifyElementText: Actual text and expected text of test object 'Object Repository/Page_Live Event Summary/div_Live Event Summary' are matched.

2018-10-16 17:30:50 - [MESSAGE][PASSED] - Actual text and expected text of test object 'Object Repository/Page_Live Event Summary/div_Live Event Summary' are matched.

2018-10-16 17:30:50 - [TEST_STEP][PASSED] - click: Object: 'Object Repository/Page_Network Summary/a_Overview' is clicked on

2018-10-16 17:30:53 - [MESSAGE][PASSED] - Object: 'Object Repository/Page_Network Summary/a_Overview' is clicked on

2018-10-16 17:30:53 - [TEST_STEP][PASSED] - waitForAngularLoad: Angular is ready.

2018-10-16 17:30:55 - [MESSAGE][PASSED] - Angular is ready.

2018-10-16 17:30:55 - [TEST_STEP][PASSED] - verifyElementVisible: Object 'Object Repository/Page_Overview/a_Go to VoD Summary' is visible

2018-10-16 17:30:56 - [MESSAGE][PASSED] - Object 'Object Repository/Page_Overview/a_Go to VoD Summary' is visible

2018-10-16 17:30:56 - [TEST_STEP][PASSED] - click: Object: 'Object Repository/Page_Overview/a_Go to VoD Summary' is clicked on

2018-10-16 17:30:58 - [MESSAGE][PASSED] - Object: 'Object Repository/Page_Overview/a_Go to VoD Summary' is clicked on

2018-10-16 17:30:58 - [TEST_STEP][PASSED] - waitForAngularLoad: Angular is ready.

2018-10-16 17:31:05 - [MESSAGE][PASSED] - Angular is ready.

2018-10-16 17:31:05 - [TEST_STEP][PASSED] - verifyElementText: Actual text and expected text of test object 'Object Repository/Page_Video on Demand Summary/div_Video on Demand Summary' are matched.

2018-10-16 17:31:05 - [MESSAGE][PASSED] - Actual text and expected text of test object 'Object Repository/Page_Video on Demand Summary/div_Video on Demand Summary' are matched.

2018-10-16 17:31:05 - [TEST_STEP][PASSED] - click: Object: 'Object Repository/Page_Network Summary/a_Overview' is clicked on

2018-10-16 17:31:07 - [MESSAGE][PASSED] - Object: 'Object Repository/Page_Network Summary/a_Overview' is clicked on

2018-10-16 17:31:07 - [TEST_STEP][PASSED] - waitForAngularLoad: Angular is ready.

2018-10-16 17:31:09 - [MESSAGE][PASSED] - Angular is ready.

2018-10-16 17:31:09 - [TEST_STEP][PASSED] - verifyElementVisible: Object 'Object Repository/Page_Overview/a_Go to Network Summary' is visible

2018-10-16 17:31:10 - [MESSAGE][PASSED] - Object 'Object Repository/Page_Overview/a_Go to Network Summary' is visible

2018-10-16 17:31:10 - [TEST_STEP][PASSED] - click: Object: 'Object Repository/Page_Overview/a_Go to Network Summary' is clicked on

2018-10-16 17:31:13 - [MESSAGE][PASSED] - Object: 'Object Repository/Page_Overview/a_Go to Network Summary' is clicked on

2018-10-16 17:31:13 - [TEST_STEP][PASSED] - waitForAngularLoad: Angular is ready.

2018-10-16 17:31:20 - [MESSAGE][PASSED] - Angular is ready.

2018-10-16 17:31:20 - [TEST_STEP][PASSED] - verifyElementText: Actual text and expected text of test object 'Object Repository/Page_Network Summary/div_Network Summary' are matched.

2018-10-16 17:31:21 - [MESSAGE][PASSED] - Actual text and expected text of test object 'Object Repository/Page_Network Summary/div_Network Summary' are matched.

2018-10-16 17:31:21 - [TEST_STEP][PASSED] - click: Object: 'Object Repository/Page_Network Summary/a_Overview' is clicked on

2018-10-16 17:31:25 - [MESSAGE][PASSED] - Object: 'Object Repository/Page_Network Summary/a_Overview' is clicked on

2018-10-16 17:31:25 - [TEST_STEP][PASSED] - waitForAngularLoad: Angular is ready.

2018-10-16 17:31:26 - [MESSAGE][PASSED] - Angular is ready.

2018-10-16 17:31:26 - [TEST_STEP][PASSED] - click: Object: 'Object Repository/Page_Overview/a_Network' is clicked on

2018-10-16 17:31:27 - [MESSAGE][PASSED] - Object: 'Object Repository/Page_Overview/a_Network' is clicked on

2018-10-16 17:31:27 - [TEST_STEP][PASSED] - verifyElementPresent: Object 'Object Repository/Page_Overview/a_Network Summary' is present

2018-10-16 17:31:27 - [MESSAGE][WARNING] - Timeout '0' is invalid. Using default page load timeout: '30'

2018-10-16 17:31:27 - [MESSAGE][PASSED] - Object 'Object Repository/Page_Overview/a_Network Summary' is present

2018-10-16 17:31:27 - [TEST_STEP][PASSED] - verifyElementClickable: Object 'Object Repository/Page_Overview/a_Network Summary' is clickable

2018-10-16 17:31:27 - [MESSAGE][PASSED] - Object 'Object Repository/Page_Overview/a_Network Summary' is clickable

2018-10-16 17:31:27 - [TEST_STEP][PASSED] - click: Object: 'Object Repository/Page_Overview/a_Network Summary' is clicked on

2018-10-16 17:31:30 - [MESSAGE][PASSED] - Object: 'Object Repository/Page_Overview/a_Network Summary' is clicked on

2018-10-16 17:31:30 - [TEST_STEP][PASSED] - waitForAngularLoad: Angular is ready.

2018-10-16 17:31:35 - [MESSAGE][PASSED] - Angular is ready.

2018-10-16 17:31:35 - [TEST_STEP][PASSED] - click: Object: 'Object Repository/Page_Overview/a_Network' is clicked on

2018-10-16 17:31:38 - [MESSAGE][PASSED] - Object: 'Object Repository/Page_Overview/a_Network' is clicked on

2018-10-16 17:31:38 - [TEST_STEP][PASSED] - verifyElementPresent: Object 'Object Repository/Page_Network Summary/a_Network Content' is present

2018-10-16 17:31:38 - [MESSAGE][WARNING] - Timeout '0' is invalid. Using default page load timeout: '30'

2018-10-16 17:31:38 - [MESSAGE][PASSED] - Object 'Object Repository/Page_Network Summary/a_Network Content' is present

2018-10-16 17:31:38 - [TEST_STEP][PASSED] - verifyElementClickable: Object 'Object Repository/Page_Network Summary/a_Network Content' is clickable

2018-10-16 17:31:38 - [MESSAGE][PASSED] - Object 'Object Repository/Page_Network Summary/a_Network Content' is clickable

2018-10-16 17:31:38 - [TEST_STEP][PASSED] - click: Object: 'Object Repository/Page_Network Summary/a_Network Content' is clicked on

2018-10-16 17:31:41 - [MESSAGE][PASSED] - Object: 'Object Repository/Page_Network Summary/a_Network Content' is clicked on

2018-10-16 17:31:41 - [TEST_STEP][PASSED] - waitForAngularLoad: Angular is ready.

2018-10-16 17:31:53 - [MESSAGE][PASSED] - Angular is ready.

2018-10-16 17:31:53 - [TEST_STEP][PASSED] - click: Object: 'Object Repository/Page_Overview/a_Network' is clicked on

2018-10-16 17:31:53 - [MESSAGE][PASSED] - Object: 'Object Repository/Page_Overview/a_Network' is clicked on

2018-10-16 17:31:53 - [TEST_STEP][PASSED] - verifyElementPresent: Object 'Object Repository/Page_Network Content/a_Network Locality' is present

2018-10-16 17:31:53 - [MESSAGE][WARNING] - Timeout '0' is invalid. Using default page load timeout: '30'

2018-10-16 17:31:53 - [MESSAGE][PASSED] - Object 'Object Repository/Page_Network Content/a_Network Locality' is present

2018-10-16 17:31:53 - [TEST_STEP][PASSED] - verifyElementClickable: Object 'Object Repository/Page_Network Content/a_Network Locality' is clickable

2018-10-16 17:31:53 - [MESSAGE][PASSED] - Object 'Object Repository/Page_Network Content/a_Network Locality' is clickable

2018-10-16 17:31:53 - [TEST_STEP][PASSED] - click: Object: 'Object Repository/Page_Network Content/a_Network Locality' is clicked on

2018-10-16 17:31:56 - [MESSAGE][PASSED] - Object: 'Object Repository/Page_Network Content/a_Network Locality' is clicked on

2018-10-16 17:31:56 - [TEST_STEP][PASSED] - waitForAngularLoad: Angular is ready.

2018-10-16 17:32:01 - [MESSAGE][PASSED] - Angular is ready.

2018-10-16 17:32:01 - [TEST_STEP][PASSED] - click: Object: 'Object Repository/Page_Network Locality/a_Live Events' is clicked on

2018-10-16 17:32:01 - [MESSAGE][PASSED] - Object: 'Object Repository/Page_Network Locality/a_Live Events' is clicked on

2018-10-16 17:32:01 - [TEST_STEP][PASSED] - verifyElementPresent: Object 'Object Repository/Page_Network Locality/a_Live Event Summary' is present

2018-10-16 17:32:01 - [MESSAGE][WARNING] - Timeout '0' is invalid. Using default page load timeout: '30'

2018-10-16 17:32:01 - [MESSAGE][PASSED] - Object 'Object Repository/Page_Network Locality/a_Live Event Summary' is present

2018-10-16 17:32:01 - [TEST_STEP][PASSED] - verifyElementClickable: Object 'Object Repository/Page_Network Locality/a_Live Event Summary' is clickable

2018-10-16 17:32:01 - [MESSAGE][PASSED] - Object 'Object Repository/Page_Network Locality/a_Live Event Summary' is clickable

2018-10-16 17:32:01 - [TEST_STEP][PASSED] - verifyElementPresent: Object 'Object Repository/Page_Live Event Summary/a_Live Event' is present

2018-10-16 17:32:01 - [MESSAGE][WARNING] - Timeout '0' is invalid. Using default page load timeout: '30'

2018-10-16 17:32:01 - [MESSAGE][PASSED] - Object 'Object Repository/Page_Live Event Summary/a_Live Event' is present

2018-10-16 17:32:01 - [TEST_STEP][PASSED] - verifyElementClickable: Object 'Object Repository/Page_Live Event Summary/a_Live Event' is clickable

2018-10-16 17:32:01 - [MESSAGE][PASSED] - Object 'Object Repository/Page_Live Event Summary/a_Live Event' is clickable

2018-10-16 17:32:01 - [TEST_STEP][PASSED] - verifyElementPresent: Object 'Object Repository/Page_Live Event/a_Live (In Progress) Event' is present

2018-10-16 17:32:01 - [MESSAGE][WARNING] - Timeout '0' is invalid. Using default page load timeout: '30'

2018-10-16 17:32:02 - [MESSAGE][PASSED] - Object 'Object Repository/Page_Live Event/a_Live (In Progress) Event' is present

2018-10-16 17:32:02 - [TEST_STEP][PASSED] - verifyElementClickable: Object 'Object Repository/Page_Live Event/a_Live (In Progress) Event' is clickable

2018-10-16 17:32:02 - [MESSAGE][PASSED] - Object 'Object Repository/Page_Live Event/a_Live (In Progress) Event' is clickable

2018-10-16 17:32:02 - [TEST_STEP][PASSED] - click: Object: 'Object Repository/Page_Live (In Progress) Event/a_Video on Demand' is clicked on

2018-10-16 17:32:02 - [MESSAGE][PASSED] - Object: 'Object Repository/Page_Live (In Progress) Event/a_Video on Demand' is clicked on

2018-10-16 17:32:02 - [TEST_STEP][PASSED] - verifyElementPresent: Object 'Object Repository/Page_Live (In Progress) Event/a_Video on Demand Summary' is present

2018-10-16 17:32:02 - [MESSAGE][WARNING] - Timeout '0' is invalid. Using default page load timeout: '30'

2018-10-16 17:32:02 - [MESSAGE][PASSED] - Object 'Object Repository/Page_Live (In Progress) Event/a_Video on Demand Summary' is present

2018-10-16 17:32:02 - [TEST_STEP][PASSED] - verifyElementClickable: Object 'Object Repository/Page_Live (In Progress) Event/a_Video on Demand Summary' is clickable

2018-10-16 17:32:02 - [MESSAGE][PASSED] - Object 'Object Repository/Page_Live (In Progress) Event/a_Video on Demand Summary' is clickable

2018-10-16 17:32:02 - [TEST_STEP][PASSED] - verifyElementPresent: Object 'Object Repository/Page_Video on Demand Summary/a_Video on Demand_1' is present

2018-10-16 17:32:02 - [MESSAGE][WARNING] - Timeout '0' is invalid. Using default page load timeout: '30'

2018-10-16 17:32:02 - [MESSAGE][PASSED] - Object 'Object Repository/Page_Video on Demand Summary/a_Video on Demand_1' is present

2018-10-16 17:32:02 - [TEST_STEP][PASSED] - verifyElementClickable: Object 'Object Repository/Page_Video on Demand Summary/a_Video on Demand_1' is clickable

2018-10-16 17:32:02 - [MESSAGE][PASSED] - Object 'Object Repository/Page_Video on Demand Summary/a_Video on Demand_1' is clickable

2018-10-16 17:32:02 - [TEST_STEP][PASSED] - verifyElementPresent: Object 'Object Repository/Page_Video on Demand/a_SCCM' is present

2018-10-16 17:32:02 - [MESSAGE][WARNING] - Timeout '0' is invalid. Using default page load timeout: '30'

2018-10-16 17:32:02 - [MESSAGE][PASSED] - Object 'Object Repository/Page_Video on Demand/a_SCCM' is present

2018-10-16 17:32:02 - [TEST_STEP][PASSED] - verifyElementClickable: Object 'Object Repository/Page_Video on Demand/a_SCCM' is clickable

2018-10-16 17:32:02 - [MESSAGE][PASSED] - Object 'Object Repository/Page_Video on Demand/a_SCCM' is clickable

2018-10-16 17:32:02 - [TEST_STEP][PASSED] - click: Object: 'Object Repository/Page_Video on Demand/a_SCCM' is clicked on

2018-10-16 17:32:04 - [MESSAGE][PASSED] - Object: 'Object Repository/Page_Video on Demand/a_SCCM' is clicked on

2018-10-16 17:32:04 - [TEST_STEP][PASSED] - waitForAngularLoad: Angular is ready.

2018-10-16 17:32:08 - [MESSAGE][PASSED] - Angular is ready.

2018-10-16 17:32:08 - [TEST_STEP][PASSED] - click: Object: 'Object Repository/Page_Overview/a' is clicked on

2018-10-16 17:32:09 - [MESSAGE][PASSED] - Object: 'Object Repository/Page_Overview/a' is clicked on

2018-10-16 17:32:09 - [TEST_STEP][PASSED] - click: Object: 'Object Repository/Page_Overview/a_Log Out (3)' is clicked on

2018-10-16 17:32:10 - [MESSAGE][PASSED] - Object: 'Object Repository/Page_Overview/a_Log Out (3)' is clicked on

2018-10-16 17:32:10 - [TEST_STEP][FAILED] - verifyElementPresent: com.kms.katalon.core.webui.exception.WebElementNotFoundException: Web element with id: 'Object Repository/Page_Log in/div_Logout Successful.' located by 'By.xpath: //div[(text() = 'Logout Successful.' or . = 'Logout Successful.')]' not found

2018-10-16 17:32:10 - [MESSAGE][WARNING] - Timeout '0' is invalid. Using default page load timeout: '30'

2018-10-16 17:32:41 - [MESSAGE][FAILED] - com.kms.katalon.core.webui.exception.WebElementNotFoundException: Web element with id: 'Object Repository/Page_Log in/div_Logout Successful.' located by 'By.xpath: //div[(text() = 'Logout Successful.' or . = 'Logout Successful.')]' not found
[[ATTACHMENT|/Users/alahley/Katalon Studio/Analytics/Reports/TC1 Sanity Check/20181016_173003/1539736361764.png]]

2018-10-16 17:32:41 - [TEST_STEP][FAILED] - verifyElementPresent: com.kms.katalon.core.webui.exception.WebElementNotFoundException: Web element with id: 'Object Repository/Page_Log in/div_Logout Successful.' located by 'By.xpath: //div[(text() = 'Logout Successful.' or . = 'Logout Successful.')]' not found

2018-10-16 17:32:41 - [MESSAGE][WARNING] - Timeout '0' is invalid. Using default page load timeout: '30'

2018-10-16 17:33:13 - [MESSAGE][FAILED] - com.kms.katalon.core.webui.exception.WebElementNotFoundException: Web element with id: 'Object Repository/Page_Log in/div_Logout Successful.' located by 'By.xpath: //div[(text() = 'Logout Successful.' or . = 'Logout Successful.')]' not found
[[ATTACHMENT|/Users/alahley/Katalon Studio/Analytics/Reports/TC1 Sanity Check/20181016_173003/1539736393826.png]]

2018-10-16 17:33:13 - [TEST_STEP][FAILED] - verifyTextPresent: Text 'Logout Successful.' is not present on page 

2018-10-16 17:33:14 - [MESSAGE][FAILED] - Text 'Logout Successful.' is not present on page 

2018-10-16 17:33:14 - [TEST_STEP][PASSED] - closeBrowser: Browser is closed

2018-10-16 17:33:14 - [MESSAGE][PASSED] - Browser is closed]]></system-out>
         <system-err><![CDATA[2018-10-16 17:30:30 - [TEST_CASE][FAILED] - Test Cases/TC1/TC1 - Navigation and CTAs: Test Cases/TC1/TC1 - Navigation and CTAs FAILED because (of) (Stack trace: com.kms.katalon.core.exception.StepFailedException: com.kms.katalon.core.webui.exception.WebElementNotFoundException: Web element with id: 'Object Repository/Page_Log in/div_Logout Successful.' located by 'By.xpath: //div[(text() = 'Logout Successful.' or . = 'Logout Successful.')]' not found
	at com.kms.katalon.core.keyword.internal.KeywordMain.stepFailed(KeywordMain.groovy:32)
	at com.kms.katalon.core.webui.keyword.internal.WebUIKeywordMain.stepFailed(WebUIKeywordMain.groovy:65)
	at com.kms.katalon.core.webui.keyword.builtin.VerifyElementPresentKeyword$_verifyElementPresent_closure1.doCall(VerifyElementPresentKeyword.groovy:85)
	at com.kms.katalon.core.webui.keyword.builtin.VerifyElementPresentKeyword$_verifyElementPresent_closure1.call(VerifyElementPresentKeyword.groovy)
	at com.kms.katalon.core.webui.keyword.internal.WebUIKeywordMain.runKeyword(WebUIKeywordMain.groovy:21)
	at com.kms.katalon.core.webui.keyword.builtin.VerifyElementPresentKeyword.verifyElementPresent(VerifyElementPresentKeyword.groovy:92)
	at com.kms.katalon.core.webui.keyword.builtin.VerifyElementPresentKeyword.execute(VerifyElementPresentKeyword.groovy:68)
	at com.kms.katalon.core.keyword.internal.KeywordExecutor.executeKeywordForPlatform(KeywordExecutor.groovy:53)
	at com.kms.katalon.core.webui.keyword.WebUiBuiltInKeywords.verifyElementPresent(WebUiBuiltInKeywords.groovy:1434)
	at com.kms.katalon.core.webui.keyword.WebUiBuiltInKeywords$verifyElementPresent$4.call(Unknown Source)
	at org.codehaus.groovy.runtime.callsite.CallSiteArray.defaultCall(CallSiteArray.java:48)
	at org.codehaus.groovy.runtime.callsite.AbstractCallSite.call(AbstractCallSite.java:113)
	at org.codehaus.groovy.runtime.callsite.AbstractCallSite.call(AbstractCallSite.java:133)
	at Script1538969837653.run(Script1538969837653.groovy:150)
	at com.kms.katalon.core.main.ScriptEngine.run(ScriptEngine.java:183)
	at com.kms.katalon.core.main.ScriptEngine.runScriptAsRawText(ScriptEngine.java:108)
	at com.kms.katalon.core.main.TestCaseExecutor.runScript(TestCaseExecutor.java:294)
	at com.kms.katalon.core.main.TestCaseExecutor.doExecute(TestCaseExecutor.java:285)
	at com.kms.katalon.core.main.TestCaseExecutor.processExecutionPhase(TestCaseExecutor.java:264)
	at com.kms.katalon.core.main.TestCaseExecutor.accessMainPhase(TestCaseExecutor.java:256)
	at com.kms.katalon.core.main.TestCaseExecutor.execute(TestCaseExecutor.java:200)
	at com.kms.katalon.core.main.TestSuiteExecutor.accessTestCaseMainPhase(TestSuiteExecutor.java:129)
	at com.kms.katalon.core.main.TestSuiteExecutor.accessTestSuiteMainPhase(TestSuiteExecutor.java:112)
	at com.kms.katalon.core.main.TestSuiteExecutor.execute(TestSuiteExecutor.java:81)
	at com.kms.katalon.core.main.TestCaseMain.startTestSuite(TestCaseMain.java:142)
	at com.kms.katalon.core.main.TestCaseMain$startTestSuite$0.call(Unknown Source)
	at org.codehaus.groovy.runtime.callsite.CallSiteArray.defaultCall(CallSiteArray.java:48)
	at org.codehaus.groovy.runtime.callsite.AbstractCallSite.call(AbstractCallSite.java:113)
	at org.codehaus.groovy.runtime.callsite.AbstractCallSite.call(AbstractCallSite.java:141)
	at TempTestSuite1539736204149.run(TempTestSuite1539736204149.groovy:36)
	at groovy.lang.GroovyShell.runScriptOrMainOrTestOrRunnable(GroovyShell.java:263)
	at groovy.lang.GroovyShell.run(GroovyShell.java:518)
	at groovy.lang.GroovyShell.run(GroovyShell.java:507)
	at groovy.ui.GroovyMain.processOnce(GroovyMain.java:653)
	at groovy.ui.GroovyMain.run(GroovyMain.java:384)
	at groovy.ui.GroovyMain.process(GroovyMain.java:370)
	at groovy.ui.GroovyMain.processArgs(GroovyMain.java:129)
	at groovy.ui.GroovyMain.main(GroovyMain.java:109)
	at sun.reflect.NativeMethodAccessorImpl.invoke0(Native Method)
	at sun.reflect.NativeMethodAccessorImpl.invoke(NativeMethodAccessorImpl.java:62)
	at sun.reflect.DelegatingMethodAccessorImpl.invoke(DelegatingMethodAccessorImpl.java:43)
	at java.lang.reflect.Method.invoke(Method.java:498)
	at org.codehaus.groovy.tools.GroovyStarter.rootLoader(GroovyStarter.java:109)
	at org.codehaus.groovy.tools.GroovyStarter.main(GroovyStarter.java:131)
)]]></system-err>
      </testcase>
      <testcase name="Test Cases/TC1/TC1 - Fixture Data Validation" classname="Test Cases/TC1/TC1 - Fixture Data Validation" status="FAILED">
         <failure type="FAILED" message="(Stack trace: com.kms.katalon.core.exception.StepFailedException: Verify element text of test object 'Object Repository/Page_Overview/div_15421.6' FAILED. (Root cause: org.openqa.selenium.StaleElementReferenceException: The element reference of &lt;div class=&quot;vis-single-value-value with-text&quot;> is stale; either the element is no longer attached to the DOM, it is not in the current frame context, or the document has been refreshed
For documentation on this error, please visit: http://seleniumhq.org/exceptions/stale_element_reference.html
Build info: version: '3.7.1', revision: '8a0099a', time: '2017-11-06T21:07:36.161Z'
System info: host: 'Adams-MacBook-Right.local', ip: 'fe80:0:0:0:105f:a069:7b01:739b%en0', os.name: 'Mac OS X', os.arch: 'x86_64', os.version: '10.13.6', java.version: '1.8.0_181'
Driver info: com.kms.katalon.core.webui.driver.firefox.CGeckoDriver
Capabilities {acceptInsecureCerts: true, browserName: firefox, browserVersion: 62.0.2, javascriptEnabled: true, moz:accessibilityChecks: false, moz:headless: false, moz:processID: 1494, moz:profile: /var/folders/jr/7vywd_6j2l1..., moz:useNonSpecCompliantPointerOrigin: false, moz:webdriverClick: true, pageLoadStrategy: normal, platform: MAC, platformName: MAC, platformVersion: 17.7.0, proxy: Proxy(direct), rotatable: false, timeouts: {implicit: 0, pageLoad: 300000, script: 30000}}
Session ID: 229f2827-78e1-d64f-99d9-4bcee3581d9a)
	at com.kms.katalon.core.keyword.internal.KeywordMain.stepFailed(KeywordMain.groovy:32)
	at com.kms.katalon.core.webui.keyword.internal.WebUIKeywordMain.stepFailed(WebUIKeywordMain.groovy:65)
	at com.kms.katalon.core.webui.keyword.internal.WebUIKeywordMain.runKeyword(WebUIKeywordMain.groovy:27)
	at com.kms.katalon.core.webui.keyword.builtin.VerifyElementTextKeyword.verifyElementText(VerifyElementTextKeyword.groovy:72)
	at com.kms.katalon.core.webui.keyword.builtin.VerifyElementTextKeyword.execute(VerifyElementTextKeyword.groovy:40)
	at com.kms.katalon.core.keyword.internal.KeywordExecutor.executeKeywordForPlatform(KeywordExecutor.groovy:53)
	at com.kms.katalon.core.webui.keyword.WebUiBuiltInKeywords.verifyElementText(WebUiBuiltInKeywords.groovy:3663)
	at com.kms.katalon.core.webui.keyword.WebUiBuiltInKeywords$verifyElementText$10.call(Unknown Source)
	at org.codehaus.groovy.runtime.callsite.CallSiteArray.defaultCall(CallSiteArray.java:48)
	at org.codehaus.groovy.runtime.callsite.AbstractCallSite.call(AbstractCallSite.java:113)
	at org.codehaus.groovy.runtime.callsite.AbstractCallSite.call(AbstractCallSite.java:133)
	at Script1538587271633.run(Script1538587271633.groovy:224)
	at com.kms.katalon.core.main.ScriptEngine.run(ScriptEngine.java:183)
	at com.kms.katalon.core.main.ScriptEngine.runScriptAsRawText(ScriptEngine.java:108)
	at com.kms.katalon.core.main.TestCaseExecutor.runScript(TestCaseExecutor.java:294)
	at com.kms.katalon.core.main.TestCaseExecutor.doExecute(TestCaseExecutor.java:285)
	at com.kms.katalon.core.main.TestCaseExecutor.processExecutionPhase(TestCaseExecutor.java:264)
	at com.kms.katalon.core.main.TestCaseExecutor.accessMainPhase(TestCaseExecutor.java:256)
	at com.kms.katalon.core.main.TestCaseExecutor.execute(TestCaseExecutor.java:200)
	at com.kms.katalon.core.main.TestSuiteExecutor.accessTestCaseMainPhase(TestSuiteExecutor.java:129)
	at com.kms.katalon.core.main.TestSuiteExecutor.accessTestSuiteMainPhase(TestSuiteExecutor.java:112)
	at com.kms.katalon.core.main.TestSuiteExecutor.execute(TestSuiteExecutor.java:81)
	at com.kms.katalon.core.main.TestCaseMain.startTestSuite(TestCaseMain.java:142)
	at com.kms.katalon.core.main.TestCaseMain$startTestSuite$0.call(Unknown Source)
	at org.codehaus.groovy.runtime.callsite.CallSiteArray.defaultCall(CallSiteArray.java:48)
	at org.codehaus.groovy.runtime.callsite.AbstractCallSite.call(AbstractCallSite.java:113)
	at org.codehaus.groovy.runtime.callsite.AbstractCallSite.call(AbstractCallSite.java:141)
	at TempTestSuite1539736204149.run(TempTestSuite1539736204149.groovy:36)
	at groovy.lang.GroovyShell.runScriptOrMainOrTestOrRunnable(GroovyShell.java:263)
	at groovy.lang.GroovyShell.run(GroovyShell.java:518)
	at groovy.lang.GroovyShell.run(GroovyShell.java:507)
	at groovy.ui.GroovyMain.processOnce(GroovyMain.java:653)
	at groovy.ui.GroovyMain.run(GroovyMain.java:384)
	at groovy.ui.GroovyMain.process(GroovyMain.java:370)
	at groovy.ui.GroovyMain.processArgs(GroovyMain.java:129)
	at groovy.ui.GroovyMain.main(GroovyMain.java:109)
	at sun.reflect.NativeMethodAccessorImpl.invoke0(Native Method)
	at sun.reflect.NativeMethodAccessorImpl.invoke(NativeMethodAccessorImpl.java:62)
	at sun.reflect.DelegatingMethodAccessorImpl.invoke(DelegatingMethodAccessorImpl.java:43)
	at java.lang.reflect.Method.invoke(Method.java:498)
	at org.codehaus.groovy.tools.GroovyStarter.rootLoader(GroovyStarter.java:109)
	at org.codehaus.groovy.tools.GroovyStarter.main(GroovyStarter.java:131)
)"/>
         <system-out><![CDATA[2018-10-16 17:33:14 - [TEST_CASE][FAILED] - Test Cases/TC1/TC1 - Fixture Data Validation: Test Cases/TC1/TC1 - Fixture Data Validation FAILED because (of) (Stack trace: com.kms.katalon.core.exception.StepFailedException: Verify element text of test object 'Object Repository/Page_Overview/div_15421.6' FAILED. (Root cause: org.openqa.selenium.StaleElementReferenceException: The element reference of <div class="vis-single-value-value with-text"> is stale; either the element is no longer attached to the DOM, it is not in the current frame context, or the document has been refreshed
For documentation on this error, please visit: http://seleniumhq.org/exceptions/stale_element_reference.html
Build info: version: '3.7.1', revision: '8a0099a', time: '2017-11-06T21:07:36.161Z'
System info: host: 'Adams-MacBook-Right.local', ip: 'fe80:0:0:0:105f:a069:7b01:739b%en0', os.name: 'Mac OS X', os.arch: 'x86_64', os.version: '10.13.6', java.version: '1.8.0_181'
Driver info: com.kms.katalon.core.webui.driver.firefox.CGeckoDriver
Capabilities {acceptInsecureCerts: true, browserName: firefox, browserVersion: 62.0.2, javascriptEnabled: true, moz:accessibilityChecks: false, moz:headless: false, moz:processID: 1494, moz:profile: /var/folders/jr/7vywd_6j2l1..., moz:useNonSpecCompliantPointerOrigin: false, moz:webdriverClick: true, pageLoadStrategy: normal, platform: MAC, platformName: MAC, platformVersion: 17.7.0, proxy: Proxy(direct), rotatable: false, timeouts: {implicit: 0, pageLoad: 300000, script: 30000}}
Session ID: 229f2827-78e1-d64f-99d9-4bcee3581d9a)
	at com.kms.katalon.core.keyword.internal.KeywordMain.stepFailed(KeywordMain.groovy:32)
	at com.kms.katalon.core.webui.keyword.internal.WebUIKeywordMain.stepFailed(WebUIKeywordMain.groovy:65)
	at com.kms.katalon.core.webui.keyword.internal.WebUIKeywordMain.runKeyword(WebUIKeywordMain.groovy:27)
	at com.kms.katalon.core.webui.keyword.builtin.VerifyElementTextKeyword.verifyElementText(VerifyElementTextKeyword.groovy:72)
	at com.kms.katalon.core.webui.keyword.builtin.VerifyElementTextKeyword.execute(VerifyElementTextKeyword.groovy:40)
	at com.kms.katalon.core.keyword.internal.KeywordExecutor.executeKeywordForPlatform(KeywordExecutor.groovy:53)
	at com.kms.katalon.core.webui.keyword.WebUiBuiltInKeywords.verifyElementText(WebUiBuiltInKeywords.groovy:3663)
	at com.kms.katalon.core.webui.keyword.WebUiBuiltInKeywords$verifyElementText$10.call(Unknown Source)
	at org.codehaus.groovy.runtime.callsite.CallSiteArray.defaultCall(CallSiteArray.java:48)
	at org.codehaus.groovy.runtime.callsite.AbstractCallSite.call(AbstractCallSite.java:113)
	at org.codehaus.groovy.runtime.callsite.AbstractCallSite.call(AbstractCallSite.java:133)
	at Script1538587271633.run(Script1538587271633.groovy:224)
	at com.kms.katalon.core.main.ScriptEngine.run(ScriptEngine.java:183)
	at com.kms.katalon.core.main.ScriptEngine.runScriptAsRawText(ScriptEngine.java:108)
	at com.kms.katalon.core.main.TestCaseExecutor.runScript(TestCaseExecutor.java:294)
	at com.kms.katalon.core.main.TestCaseExecutor.doExecute(TestCaseExecutor.java:285)
	at com.kms.katalon.core.main.TestCaseExecutor.processExecutionPhase(TestCaseExecutor.java:264)
	at com.kms.katalon.core.main.TestCaseExecutor.accessMainPhase(TestCaseExecutor.java:256)
	at com.kms.katalon.core.main.TestCaseExecutor.execute(TestCaseExecutor.java:200)
	at com.kms.katalon.core.main.TestSuiteExecutor.accessTestCaseMainPhase(TestSuiteExecutor.java:129)
	at com.kms.katalon.core.main.TestSuiteExecutor.accessTestSuiteMainPhase(TestSuiteExecutor.java:112)
	at com.kms.katalon.core.main.TestSuiteExecutor.execute(TestSuiteExecutor.java:81)
	at com.kms.katalon.core.main.TestCaseMain.startTestSuite(TestCaseMain.java:142)
	at com.kms.katalon.core.main.TestCaseMain$startTestSuite$0.call(Unknown Source)
	at org.codehaus.groovy.runtime.callsite.CallSiteArray.defaultCall(CallSiteArray.java:48)
	at org.codehaus.groovy.runtime.callsite.AbstractCallSite.call(AbstractCallSite.java:113)
	at org.codehaus.groovy.runtime.callsite.AbstractCallSite.call(AbstractCallSite.java:141)
	at TempTestSuite1539736204149.run(TempTestSuite1539736204149.groovy:36)
	at groovy.lang.GroovyShell.runScriptOrMainOrTestOrRunnable(GroovyShell.java:263)
	at groovy.lang.GroovyShell.run(GroovyShell.java:518)
	at groovy.lang.GroovyShell.run(GroovyShell.java:507)
	at groovy.ui.GroovyMain.processOnce(GroovyMain.java:653)
	at groovy.ui.GroovyMain.run(GroovyMain.java:384)
	at groovy.ui.GroovyMain.process(GroovyMain.java:370)
	at groovy.ui.GroovyMain.processArgs(GroovyMain.java:129)
	at groovy.ui.GroovyMain.main(GroovyMain.java:109)
	at sun.reflect.NativeMethodAccessorImpl.invoke0(Native Method)
	at sun.reflect.NativeMethodAccessorImpl.invoke(NativeMethodAccessorImpl.java:62)
	at sun.reflect.DelegatingMethodAccessorImpl.invoke(DelegatingMethodAccessorImpl.java:43)
	at java.lang.reflect.Method.invoke(Method.java:498)
	at org.codehaus.groovy.tools.GroovyStarter.rootLoader(GroovyStarter.java:109)
	at org.codehaus.groovy.tools.GroovyStarter.main(GroovyStarter.java:131)
)

2018-10-16 17:33:14 - [TEST_STEP][PASSED] - openBrowser: Browser is opened with url: 'https://stats.tc1.kontiki.com/login/email'

2018-10-16 17:33:22 - [MESSAGE][PASSED] - Browser is opened with url: 'https://stats.tc1.kontiki.com/login/email'

2018-10-16 17:33:22 - [TEST_STEP][PASSED] - setText: Text 'alahley@kollective.com' is set on object 'Object Repository/Page_Log in/input_email'

2018-10-16 17:33:23 - [MESSAGE][PASSED] - Text 'alahley@kollective.com' is set on object 'Object Repository/Page_Log in/input_email'

2018-10-16 17:33:23 - [TEST_STEP][PASSED] - setEncryptedText: Text ****** has been set on object 'Object Repository/Page_Log in/input_password'

2018-10-16 17:33:23 - [MESSAGE][PASSED] - Text ****** has been set on object 'Object Repository/Page_Log in/input_password'

2018-10-16 17:33:23 - [TEST_STEP][PASSED] - click: Object: 'Object Repository/Page_Log in/input_remember' is clicked on

2018-10-16 17:33:23 - [MESSAGE][PASSED] - Object: 'Object Repository/Page_Log in/input_remember' is clicked on

2018-10-16 17:33:23 - [TEST_STEP][PASSED] - click: Object: 'Object Repository/Page_Log in/input_login-submit' is clicked on

2018-10-16 17:33:28 - [MESSAGE][PASSED] - Object: 'Object Repository/Page_Log in/input_login-submit' is clicked on

2018-10-16 17:33:28 - [TEST_STEP][PASSED] - waitForAngularLoad: Angular is ready.

2018-10-16 17:33:30 - [MESSAGE][PASSED] - Angular is ready.

2018-10-16 17:33:30 - [TEST_STEP][PASSED] - click: Object: 'Object Repository/Page_Overview/strong_Filters' is clicked on

2018-10-16 17:33:31 - [MESSAGE][PASSED] - Object: 'Object Repository/Page_Overview/strong_Filters' is clicked on

2018-10-16 17:33:31 - [TEST_STEP][PASSED] - selectOptionByValue: All options with value 'string:year' are selected in object 'Object Repository/Page_Overview/select_is in the pastis on the'  using regular expression

2018-10-16 17:33:32 - [MESSAGE][PASSED] - All options with value 'string:year' are selected in object 'Object Repository/Page_Overview/select_is in the pastis on the'  using regular expression

2018-10-16 17:33:32 - [TEST_STEP][PASSED] - setText: Text '2017' is set on object 'Object Repository/Page_Overview/input_Time Filter_form-control'

2018-10-16 17:33:32 - [MESSAGE][PASSED] - Text '2017' is set on object 'Object Repository/Page_Overview/input_Time Filter_form-control'

2018-10-16 17:33:32 - [TEST_STEP][PASSED] - waitForAngularLoad: Angular is ready.

2018-10-16 17:33:32 - [MESSAGE][PASSED] - Angular is ready.

2018-10-16 17:33:32 - [TEST_STEP][PASSED] - click: Object: 'Object Repository/Page_Overview/button_Run' is clicked on

2018-10-16 17:33:33 - [MESSAGE][PASSED] - Object: 'Object Repository/Page_Overview/button_Run' is clicked on

2018-10-16 17:33:33 - [TEST_STEP][PASSED] - waitForAngularLoad: Angular is ready.

2018-10-16 17:33:49 - [MESSAGE][PASSED] - Angular is ready.

2018-10-16 17:33:49 - [TEST_STEP][PASSED] - click: Object: 'Object Repository/Page_Overview/i_Stop_lk-icon-gear' is clicked on

2018-10-16 17:33:49 - [MESSAGE][PASSED] - Object: 'Object Repository/Page_Overview/i_Stop_lk-icon-gear' is clicked on

2018-10-16 17:33:49 - [TEST_STEP][PASSED] - click: Object: 'Object Repository/Page_Overview/a_Clear Cache  Refresh' is clicked on

2018-10-16 17:33:50 - [MESSAGE][PASSED] - Object: 'Object Repository/Page_Overview/a_Clear Cache  Refresh' is clicked on

2018-10-16 17:33:50 - [TEST_STEP][PASSED] - waitForAngularLoad: Angular is ready.

2018-10-16 17:33:59 - [MESSAGE][PASSED] - Angular is ready.

2018-10-16 17:33:59 - [TEST_STEP][PASSED] - waitForPageLoad: Wait for page load successfully

2018-10-16 17:33:59 - [MESSAGE][WARNING] - Timeout '0' is invalid. Using default page load timeout: '30'

2018-10-16 17:33:59 - [MESSAGE][PASSED] - Wait for page load successfully

2018-10-16 17:33:59 - [TEST_STEP][PASSED] - verifyElementText: Actual text and expected text of test object 'Object Repository/Page_Overview/div_Total Live Events' are matched.

2018-10-16 17:33:59 - [MESSAGE][PASSED] - Actual text and expected text of test object 'Object Repository/Page_Overview/div_Total Live Events' are matched.

2018-10-16 17:33:59 - [TEST_STEP][PASSED] - verifyElementText: Actual text and expected text of test object 'Object Repository/Page_Overview/div_2563' are matched.

2018-10-16 17:33:59 - [MESSAGE][PASSED] - Actual text and expected text of test object 'Object Repository/Page_Overview/div_2563' are matched.

2018-10-16 17:33:59 - [TEST_STEP][PASSED] - verifyElementText: Actual text and expected text of test object 'Object Repository/Page_Live Event Summary/div_Average Monthly Events' are matched.

2018-10-16 17:33:59 - [MESSAGE][PASSED] - Actual text and expected text of test object 'Object Repository/Page_Live Event Summary/div_Average Monthly Events' are matched.

2018-10-16 17:33:59 - [TEST_STEP][PASSED] - verifyElementText: Actual text and expected text of test object 'Object Repository/Page_Overview/div_226' are matched.

2018-10-16 17:33:59 - [MESSAGE][PASSED] - Actual text and expected text of test object 'Object Repository/Page_Overview/div_226' are matched.

2018-10-16 17:33:59 - [TEST_STEP][PASSED] - verifyElementText: Actual text and expected text of test object 'Object Repository/Page_Overview/div_Unique Viewers' are matched.

2018-10-16 17:33:59 - [MESSAGE][PASSED] - Actual text and expected text of test object 'Object Repository/Page_Overview/div_Unique Viewers' are matched.

2018-10-16 17:33:59 - [TEST_STEP][PASSED] - verifyElementText: Actual text and expected text of test object 'Object Repository/Page_Overview/div_14388' are matched.

2018-10-16 17:33:59 - [MESSAGE][PASSED] - Actual text and expected text of test object 'Object Repository/Page_Overview/div_14388' are matched.

2018-10-16 17:33:59 - [TEST_STEP][PASSED] - verifyElementText: Actual text and expected text of test object 'Object Repository/Page_Live Event Summary/div_Average Monthly Views' are matched.

2018-10-16 17:33:59 - [MESSAGE][PASSED] - Actual text and expected text of test object 'Object Repository/Page_Live Event Summary/div_Average Monthly Views' are matched.

2018-10-16 17:33:59 - [TEST_STEP][PASSED] - verifyElementText: Actual text and expected text of test object 'Object Repository/Page_Overview/div_7762' are matched.

2018-10-16 17:33:59 - [MESSAGE][PASSED] - Actual text and expected text of test object 'Object Repository/Page_Overview/div_7762' are matched.

2018-10-16 17:33:59 - [TEST_STEP][PASSED] - verifyElementText: Actual text and expected text of test object 'Object Repository/Page_Overview/div_Total Videos' are matched.

2018-10-16 17:33:59 - [MESSAGE][PASSED] - Actual text and expected text of test object 'Object Repository/Page_Overview/div_Total Videos' are matched.

2018-10-16 17:33:59 - [TEST_STEP][PASSED] - verifyElementText: Actual text and expected text of test object 'Object Repository/Page_Overview/div_1585' are matched.

2018-10-16 17:33:59 - [MESSAGE][PASSED] - Actual text and expected text of test object 'Object Repository/Page_Overview/div_1585' are matched.

2018-10-16 17:33:59 - [TEST_STEP][PASSED] - verifyElementText: Actual text and expected text of test object 'Object Repository/Page_Overview/div_Total Views' are matched.

2018-10-16 17:33:59 - [MESSAGE][PASSED] - Actual text and expected text of test object 'Object Repository/Page_Overview/div_Total Views' are matched.

2018-10-16 17:33:59 - [TEST_STEP][PASSED] - verifyElementText: Actual text and expected text of test object 'Object Repository/Page_Overview/div_17443' are matched.

2018-10-16 17:33:59 - [MESSAGE][PASSED] - Actual text and expected text of test object 'Object Repository/Page_Overview/div_17443' are matched.

2018-10-16 17:33:59 - [TEST_STEP][PASSED] - verifyElementText: Actual text and expected text of test object 'Object Repository/Page_Overview/div_Unique Viewers' are matched.

2018-10-16 17:33:59 - [MESSAGE][PASSED] - Actual text and expected text of test object 'Object Repository/Page_Overview/div_Unique Viewers' are matched.

2018-10-16 17:33:59 - [TEST_STEP][PASSED] - verifyElementText: Actual text and expected text of test object 'Object Repository/Page_Overview/div_11413 (1)' are matched.

2018-10-16 17:33:59 - [MESSAGE][PASSED] - Actual text and expected text of test object 'Object Repository/Page_Overview/div_11413 (1)' are matched.

2018-10-16 17:33:59 - [TEST_STEP][PASSED] - verifyElementText: Actual text and expected text of test object 'Object Repository/Page_Overview/div_Total Hours Watched' are matched.

2018-10-16 17:33:59 - [MESSAGE][PASSED] - Actual text and expected text of test object 'Object Repository/Page_Overview/div_Total Hours Watched' are matched.

2018-10-16 17:33:59 - [TEST_STEP][PASSED] - verifyElementText: Actual text and expected text of test object 'Object Repository/Page_Overview/div_1404.1 (1)' are matched.

2018-10-16 17:33:59 - [MESSAGE][PASSED] - Actual text and expected text of test object 'Object Repository/Page_Overview/div_1404.1 (1)' are matched.

2018-10-16 17:33:59 - [TEST_STEP][PASSED] - verifyElementText: Actual text and expected text of test object 'Object Repository/Page_Overview/div_Unique Agents' are matched.

2018-10-16 17:34:00 - [MESSAGE][PASSED] - Actual text and expected text of test object 'Object Repository/Page_Overview/div_Unique Agents' are matched.

2018-10-16 17:34:00 - [TEST_STEP][PASSED] - verifyElementText: Actual text and expected text of test object 'Object Repository/Page_Overview/div_10905' are matched.

2018-10-16 17:34:00 - [MESSAGE][PASSED] - Actual text and expected text of test object 'Object Repository/Page_Overview/div_10905' are matched.

2018-10-16 17:34:00 - [TEST_STEP][PASSED] - verifyElementText: Actual text and expected text of test object 'Object Repository/Page_Overview/div_Deliveries' are matched.

2018-10-16 17:34:00 - [MESSAGE][PASSED] - Actual text and expected text of test object 'Object Repository/Page_Overview/div_Deliveries' are matched.

2018-10-16 17:34:00 - [TEST_STEP][PASSED] - verifyElementText: Actual text and expected text of test object 'Object Repository/Page_Overview/div_67512' are matched.

2018-10-16 17:34:00 - [MESSAGE][PASSED] - Actual text and expected text of test object 'Object Repository/Page_Overview/div_67512' are matched.

2018-10-16 17:34:00 - [TEST_STEP][PASSED] - verifyElementText: Actual text and expected text of test object 'Object Repository/Page_Overview/div_Saved GB' are matched.

2018-10-16 17:34:00 - [MESSAGE][PASSED] - Actual text and expected text of test object 'Object Repository/Page_Overview/div_Saved GB' are matched.

2018-10-16 17:34:00 - [TEST_STEP][PASSED] - verifyElementText: Actual text and expected text of test object 'Object Repository/Page_Overview/div_1573' are matched.

2018-10-16 17:34:00 - [MESSAGE][PASSED] - Actual text and expected text of test object 'Object Repository/Page_Overview/div_1573' are matched.

2018-10-16 17:34:00 - [TEST_STEP][PASSED] - verifyElementText: Actual text and expected text of test object 'Object Repository/Page_Overview/div_Total GB' are matched.

2018-10-16 17:34:00 - [MESSAGE][PASSED] - Actual text and expected text of test object 'Object Repository/Page_Overview/div_Total GB' are matched.

2018-10-16 17:34:00 - [TEST_STEP][PASSED] - verifyElementText: Actual text and expected text of test object 'Object Repository/Page_Overview/div_3865.08 (1)' are matched.

2018-10-16 17:34:00 - [MESSAGE][PASSED] - Actual text and expected text of test object 'Object Repository/Page_Overview/div_3865.08 (1)' are matched.

2018-10-16 17:34:00 - [TEST_STEP][PASSED] - verifyElementPresent: Object 'Object Repository/Page_Overview/div_Peering Efficiency' is present

2018-10-16 17:34:00 - [MESSAGE][WARNING] - Timeout '0' is invalid. Using default page load timeout: '30'

2018-10-16 17:34:00 - [MESSAGE][PASSED] - Object 'Object Repository/Page_Overview/div_Peering Efficiency' is present

2018-10-16 17:34:00 - [TEST_STEP][PASSED] - verifyElementPresent: Object 'Object Repository/Page_Overview/div_41' is present

2018-10-16 17:34:00 - [MESSAGE][WARNING] - Timeout '0' is invalid. Using default page load timeout: '30'

2018-10-16 17:34:00 - [MESSAGE][PASSED] - Object 'Object Repository/Page_Overview/div_41' is present

2018-10-16 17:34:00 - [TEST_STEP][PASSED] - verifyElementPresent: Object 'Object Repository/Page_Overview/div_VoD Summary Peering Effici' is present

2018-10-16 17:34:00 - [MESSAGE][WARNING] - Timeout '0' is invalid. Using default page load timeout: '30'

2018-10-16 17:34:00 - [MESSAGE][PASSED] - Object 'Object Repository/Page_Overview/div_VoD Summary Peering Effici' is present

2018-10-16 17:34:00 - [TEST_STEP][PASSED] - verifyElementPresent: Object 'Object Repository/Page_Overview/a_Go to VoD Summary (1)' is present

2018-10-16 17:34:00 - [MESSAGE][WARNING] - Timeout '0' is invalid. Using default page load timeout: '30'

2018-10-16 17:34:00 - [MESSAGE][PASSED] - Object 'Object Repository/Page_Overview/a_Go to VoD Summary (1)' is present

2018-10-16 17:34:00 - [TEST_STEP][PASSED] - verifyElementPresent: Object 'Object Repository/Page_Overview/div_Peering Efficiency' is present

2018-10-16 17:34:00 - [MESSAGE][WARNING] - Timeout '0' is invalid. Using default page load timeout: '30'

2018-10-16 17:34:00 - [MESSAGE][PASSED] - Object 'Object Repository/Page_Overview/div_Peering Efficiency' is present

2018-10-16 17:34:00 - [TEST_STEP][PASSED] - verifyElementPresent: Object 'Object Repository/Page_Overview/div_Peering Efficiency (1)' is present

2018-10-16 17:34:00 - [MESSAGE][WARNING] - Timeout '0' is invalid. Using default page load timeout: '30'

2018-10-16 17:34:00 - [MESSAGE][PASSED] - Object 'Object Repository/Page_Overview/div_Peering Efficiency (1)' is present

2018-10-16 17:34:00 - [TEST_STEP][PASSED] - verifyElementPresent: Object 'Object Repository/Page_Overview/div_Live Views' is present

2018-10-16 17:34:00 - [MESSAGE][WARNING] - Timeout '0' is invalid. Using default page load timeout: '30'

2018-10-16 17:34:00 - [MESSAGE][PASSED] - Object 'Object Repository/Page_Overview/div_Live Views' is present

2018-10-16 17:34:00 - [TEST_STEP][PASSED] - verifyElementPresent: Object 'Object Repository/Page_Overview/div_Live Events' is present

2018-10-16 17:34:00 - [MESSAGE][WARNING] - Timeout '0' is invalid. Using default page load timeout: '30'

2018-10-16 17:34:00 - [MESSAGE][PASSED] - Object 'Object Repository/Page_Overview/div_Live Events' is present

2018-10-16 17:34:00 - [TEST_STEP][PASSED] - verifyElementPresent: Object 'Object Repository/Page_Overview/span_VoD Views' is present

2018-10-16 17:34:00 - [MESSAGE][WARNING] - Timeout '0' is invalid. Using default page load timeout: '30'

2018-10-16 17:34:00 - [MESSAGE][PASSED] - Object 'Object Repository/Page_Overview/span_VoD Views' is present

2018-10-16 17:34:00 - [TEST_STEP][PASSED] - verifyElementPresent: Object 'Object Repository/Page_Overview/div_VoD over time' is present

2018-10-16 17:34:00 - [MESSAGE][WARNING] - Timeout '0' is invalid. Using default page load timeout: '30'

2018-10-16 17:34:00 - [MESSAGE][PASSED] - Object 'Object Repository/Page_Overview/div_VoD over time' is present

2018-10-16 17:34:00 - [TEST_STEP][PASSED] - verifyElementPresent: Object 'Object Repository/Page_Overview/span_Deliveries by Month' is present

2018-10-16 17:34:00 - [MESSAGE][WARNING] - Timeout '0' is invalid. Using default page load timeout: '30'

2018-10-16 17:34:00 - [MESSAGE][PASSED] - Object 'Object Repository/Page_Overview/span_Deliveries by Month' is present

2018-10-16 17:34:00 - [TEST_STEP][PASSED] - verifyElementPresent: Object 'Object Repository/Page_Overview/a_Go to Live Event Summary' is present

2018-10-16 17:34:00 - [MESSAGE][WARNING] - Timeout '0' is invalid. Using default page load timeout: '30'

2018-10-16 17:34:00 - [MESSAGE][PASSED] - Object 'Object Repository/Page_Overview/a_Go to Live Event Summary' is present

2018-10-16 17:34:00 - [TEST_STEP][PASSED] - verifyElementPresent: Object 'Object Repository/Page_Overview/a_Go to VoD Summary' is present

2018-10-16 17:34:00 - [MESSAGE][WARNING] - Timeout '0' is invalid. Using default page load timeout: '30'

2018-10-16 17:34:00 - [MESSAGE][PASSED] - Object 'Object Repository/Page_Overview/a_Go to VoD Summary' is present

2018-10-16 17:34:00 - [TEST_STEP][PASSED] - verifyElementPresent: Object 'Object Repository/Page_Overview/a_Go to Network Summary' is present

2018-10-16 17:34:00 - [MESSAGE][WARNING] - Timeout '0' is invalid. Using default page load timeout: '30'

2018-10-16 17:34:00 - [MESSAGE][PASSED] - Object 'Object Repository/Page_Overview/a_Go to Network Summary' is present

2018-10-16 17:34:00 - [TEST_STEP][PASSED] - waitForAngularLoad: Angular is ready.

2018-10-16 17:34:00 - [MESSAGE][PASSED] - Angular is ready.

2018-10-16 17:34:00 - [TEST_STEP][PASSED] - navigateToUrl: Navigate to 'https://stats.tc1.kontiki.com/admin/users?sorts=last_name%20asc&name=demo' successfully

2018-10-16 17:34:03 - [MESSAGE][PASSED] - Navigate to 'https://stats.tc1.kontiki.com/admin/users?sorts=last_name%20asc&name=demo' successfully

2018-10-16 17:34:03 - [TEST_STEP][PASSED] - waitForAngularLoad: Angular is ready.

2018-10-16 17:34:03 - [MESSAGE][PASSED] - Angular is ready.

2018-10-16 17:34:03 - [TEST_STEP][PASSED] - click: Object: 'Object Repository/Page_Users/a_Sudo' is clicked on

2018-10-16 17:34:07 - [MESSAGE][PASSED] - Object: 'Object Repository/Page_Users/a_Sudo' is clicked on

2018-10-16 17:34:07 - [TEST_STEP][PASSED] - waitForPageLoad: Wait for page load successfully

2018-10-16 17:34:07 - [MESSAGE][WARNING] - Timeout '0' is invalid. Using default page load timeout: '30'

2018-10-16 17:34:07 - [MESSAGE][PASSED] - Wait for page load successfully

2018-10-16 17:34:07 - [TEST_STEP][PASSED] - waitForAngularLoad: Angular is ready.

2018-10-16 17:34:14 - [MESSAGE][PASSED] - Angular is ready.

2018-10-16 17:34:14 - [TEST_STEP][PASSED] - verifyElementText: Actual text and expected text of test object 'Object Repository/Page_Overview/span_You are sudoing as Demo U' are matched.

2018-10-16 17:34:14 - [MESSAGE][PASSED] - Actual text and expected text of test object 'Object Repository/Page_Overview/span_You are sudoing as Demo U' are matched.

2018-10-16 17:34:14 - [TEST_STEP][PASSED] - click: Object: 'Object Repository/Page_Overview/i_Run_lk-icon-gear' is clicked on

2018-10-16 17:34:15 - [MESSAGE][PASSED] - Object: 'Object Repository/Page_Overview/i_Run_lk-icon-gear' is clicked on

2018-10-16 17:34:15 - [TEST_STEP][PASSED] - click: Object: 'Object Repository/Page_Overview/a_Clear Cache  Refresh' is clicked on

2018-10-16 17:34:15 - [MESSAGE][PASSED] - Object: 'Object Repository/Page_Overview/a_Clear Cache  Refresh' is clicked on

2018-10-16 17:34:15 - [TEST_STEP][PASSED] - waitForAngularLoad: Angular is ready.

2018-10-16 17:34:22 - [MESSAGE][PASSED] - Angular is ready.

2018-10-16 17:34:22 - [TEST_STEP][PASSED] - waitForPageLoad: Wait for page load successfully

2018-10-16 17:34:22 - [MESSAGE][WARNING] - Timeout '0' is invalid. Using default page load timeout: '30'

2018-10-16 17:34:22 - [MESSAGE][PASSED] - Wait for page load successfully

2018-10-16 17:34:22 - [TEST_STEP][PASSED] - verifyElementText: Actual text and expected text of test object 'Object Repository/Page_Overview/div_14' are matched.

2018-10-16 17:34:22 - [MESSAGE][PASSED] - Actual text and expected text of test object 'Object Repository/Page_Overview/div_14' are matched.

2018-10-16 17:34:22 - [TEST_STEP][PASSED] - verifyElementText: Actual text and expected text of test object 'Object Repository/Page_Overview/div_4' are matched.

2018-10-16 17:34:22 - [MESSAGE][PASSED] - Actual text and expected text of test object 'Object Repository/Page_Overview/div_4' are matched.

2018-10-16 17:34:22 - [TEST_STEP][PASSED] - verifyElementText: Actual text and expected text of test object 'Object Repository/Page_Overview/div_65282' are matched.

2018-10-16 17:34:22 - [MESSAGE][PASSED] - Actual text and expected text of test object 'Object Repository/Page_Overview/div_65282' are matched.

2018-10-16 17:34:22 - [TEST_STEP][PASSED] - verifyElementText: Actual text and expected text of test object 'Object Repository/Page_Overview/div_16748' are matched.

2018-10-16 17:34:22 - [MESSAGE][PASSED] - Actual text and expected text of test object 'Object Repository/Page_Overview/div_16748' are matched.

2018-10-16 17:34:22 - [TEST_STEP][PASSED] - verifyElementText: Actual text and expected text of test object 'Object Repository/Page_Overview/div_15' are matched.

2018-10-16 17:34:22 - [MESSAGE][PASSED] - Actual text and expected text of test object 'Object Repository/Page_Overview/div_15' are matched.

2018-10-16 17:34:22 - [TEST_STEP][PASSED] - verifyElementText: Actual text and expected text of test object 'Object Repository/Page_Overview/div_185239' are matched.

2018-10-16 17:34:22 - [MESSAGE][PASSED] - Actual text and expected text of test object 'Object Repository/Page_Overview/div_185239' are matched.

2018-10-16 17:34:22 - [TEST_STEP][PASSED] - verifyElementText: Actual text and expected text of test object 'Object Repository/Page_Overview/div_114063' are matched.

2018-10-16 17:34:22 - [MESSAGE][PASSED] - Actual text and expected text of test object 'Object Repository/Page_Overview/div_114063' are matched.

2018-10-16 17:34:22 - [TEST_STEP][FAILED] - verifyElementText: Verify element text of test object 'Object Repository/Page_Overview/div_15421.6' FAILED. (Root cause: org.openqa.selenium.StaleElementReferenceException: The element reference of <div class="vis-single-value-value with-text"> is stale; either the element is no longer attached to the DOM, it is not in the current frame context, or the document has been refreshed
For documentation on this error, please visit: http://seleniumhq.org/exceptions/stale_element_reference.html
Build info: version: '3.7.1', revision: '8a0099a', time: '2017-11-06T21:07:36.161Z'
System info: host: 'Adams-MacBook-Right.local', ip: 'fe80:0:0:0:105f:a069:7b01:739b%en0', os.name: 'Mac OS X', os.arch: 'x86_64', os.version: '10.13.6', java.version: '1.8.0_181'
Driver info: com.kms.katalon.core.webui.driver.firefox.CGeckoDriver
Capabilities {acceptInsecureCerts: true, browserName: firefox, browserVersion: 62.0.2, javascriptEnabled: true, moz:accessibilityChecks: false, moz:headless: false, moz:processID: 1494, moz:profile: /var/folders/jr/7vywd_6j2l1..., moz:useNonSpecCompliantPointerOrigin: false, moz:webdriverClick: true, pageLoadStrategy: normal, platform: MAC, platformName: MAC, platformVersion: 17.7.0, proxy: Proxy(direct), rotatable: false, timeouts: {implicit: 0, pageLoad: 300000, script: 30000}}
Session ID: 229f2827-78e1-d64f-99d9-4bcee3581d9a)

2018-10-16 17:34:23 - [MESSAGE][FAILED] - Verify element text of test object 'Object Repository/Page_Overview/div_15421.6' FAILED. (Root cause: org.openqa.selenium.StaleElementReferenceException: The element reference of <div class="vis-single-value-value with-text"> is stale; either the element is no longer attached to the DOM, it is not in the current frame context, or the document has been refreshed
For documentation on this error, please visit: http://seleniumhq.org/exceptions/stale_element_reference.html
Build info: version: '3.7.1', revision: '8a0099a', time: '2017-11-06T21:07:36.161Z'
System info: host: 'Adams-MacBook-Right.local', ip: 'fe80:0:0:0:105f:a069:7b01:739b%en0', os.name: 'Mac OS X', os.arch: 'x86_64', os.version: '10.13.6', java.version: '1.8.0_181'
Driver info: com.kms.katalon.core.webui.driver.firefox.CGeckoDriver
Capabilities {acceptInsecureCerts: true, browserName: firefox, browserVersion: 62.0.2, javascriptEnabled: true, moz:accessibilityChecks: false, moz:headless: false, moz:processID: 1494, moz:profile: /var/folders/jr/7vywd_6j2l1..., moz:useNonSpecCompliantPointerOrigin: false, moz:webdriverClick: true, pageLoadStrategy: normal, platform: MAC, platformName: MAC, platformVersion: 17.7.0, proxy: Proxy(direct), rotatable: false, timeouts: {implicit: 0, pageLoad: 300000, script: 30000}}
Session ID: 229f2827-78e1-d64f-99d9-4bcee3581d9a)
[[ATTACHMENT|/Users/alahley/Katalon Studio/Analytics/Reports/TC1 Sanity Check/20181016_173003/1539736462771.png]]

2018-10-16 17:34:23 - [TEST_STEP][PASSED] - verifyElementText: Actual text and expected text of test object 'Object Repository/Page_Overview/div_364941' are matched.

2018-10-16 17:34:23 - [MESSAGE][PASSED] - Actual text and expected text of test object 'Object Repository/Page_Overview/div_364941' are matched.

2018-10-16 17:34:23 - [TEST_STEP][PASSED] - verifyElementText: Actual text and expected text of test object 'Object Repository/Page_Overview/div_717419' are matched.

2018-10-16 17:34:23 - [MESSAGE][PASSED] - Actual text and expected text of test object 'Object Repository/Page_Overview/div_717419' are matched.

2018-10-16 17:34:23 - [TEST_STEP][PASSED] - verifyElementText: Actual text and expected text of test object 'Object Repository/Page_Overview/div_22536' are matched.

2018-10-16 17:34:23 - [MESSAGE][PASSED] - Actual text and expected text of test object 'Object Repository/Page_Overview/div_22536' are matched.

2018-10-16 17:34:23 - [TEST_STEP][PASSED] - verifyElementText: Actual text and expected text of test object 'Object Repository/Page_Overview/div_24669.05' are matched.

2018-10-16 17:34:23 - [MESSAGE][PASSED] - Actual text and expected text of test object 'Object Repository/Page_Overview/div_24669.05' are matched.

2018-10-16 17:34:23 - [TEST_STEP][PASSED] - verifyElementText: Actual text and expected text of test object 'Object Repository/Page_Overview/div_91' are matched.

2018-10-16 17:34:23 - [MESSAGE][PASSED] - Actual text and expected text of test object 'Object Repository/Page_Overview/div_91' are matched.

2018-10-16 17:34:23 - [TEST_STEP][PASSED] - closeBrowser: Browser is closed

2018-10-16 17:34:23 - [MESSAGE][PASSED] - Browser is closed]]></system-out>
         <system-err><![CDATA[2018-10-16 17:33:14 - [TEST_CASE][FAILED] - Test Cases/TC1/TC1 - Fixture Data Validation: Test Cases/TC1/TC1 - Fixture Data Validation FAILED because (of) (Stack trace: com.kms.katalon.core.exception.StepFailedException: Verify element text of test object 'Object Repository/Page_Overview/div_15421.6' FAILED. (Root cause: org.openqa.selenium.StaleElementReferenceException: The element reference of <div class="vis-single-value-value with-text"> is stale; either the element is no longer attached to the DOM, it is not in the current frame context, or the document has been refreshed
For documentation on this error, please visit: http://seleniumhq.org/exceptions/stale_element_reference.html
Build info: version: '3.7.1', revision: '8a0099a', time: '2017-11-06T21:07:36.161Z'
System info: host: 'Adams-MacBook-Right.local', ip: 'fe80:0:0:0:105f:a069:7b01:739b%en0', os.name: 'Mac OS X', os.arch: 'x86_64', os.version: '10.13.6', java.version: '1.8.0_181'
Driver info: com.kms.katalon.core.webui.driver.firefox.CGeckoDriver
Capabilities {acceptInsecureCerts: true, browserName: firefox, browserVersion: 62.0.2, javascriptEnabled: true, moz:accessibilityChecks: false, moz:headless: false, moz:processID: 1494, moz:profile: /var/folders/jr/7vywd_6j2l1..., moz:useNonSpecCompliantPointerOrigin: false, moz:webdriverClick: true, pageLoadStrategy: normal, platform: MAC, platformName: MAC, platformVersion: 17.7.0, proxy: Proxy(direct), rotatable: false, timeouts: {implicit: 0, pageLoad: 300000, script: 30000}}
Session ID: 229f2827-78e1-d64f-99d9-4bcee3581d9a)
	at com.kms.katalon.core.keyword.internal.KeywordMain.stepFailed(KeywordMain.groovy:32)
	at com.kms.katalon.core.webui.keyword.internal.WebUIKeywordMain.stepFailed(WebUIKeywordMain.groovy:65)
	at com.kms.katalon.core.webui.keyword.internal.WebUIKeywordMain.runKeyword(WebUIKeywordMain.groovy:27)
	at com.kms.katalon.core.webui.keyword.builtin.VerifyElementTextKeyword.verifyElementText(VerifyElementTextKeyword.groovy:72)
	at com.kms.katalon.core.webui.keyword.builtin.VerifyElementTextKeyword.execute(VerifyElementTextKeyword.groovy:40)
	at com.kms.katalon.core.keyword.internal.KeywordExecutor.executeKeywordForPlatform(KeywordExecutor.groovy:53)
	at com.kms.katalon.core.webui.keyword.WebUiBuiltInKeywords.verifyElementText(WebUiBuiltInKeywords.groovy:3663)
	at com.kms.katalon.core.webui.keyword.WebUiBuiltInKeywords$verifyElementText$10.call(Unknown Source)
	at org.codehaus.groovy.runtime.callsite.CallSiteArray.defaultCall(CallSiteArray.java:48)
	at org.codehaus.groovy.runtime.callsite.AbstractCallSite.call(AbstractCallSite.java:113)
	at org.codehaus.groovy.runtime.callsite.AbstractCallSite.call(AbstractCallSite.java:133)
	at Script1538587271633.run(Script1538587271633.groovy:224)
	at com.kms.katalon.core.main.ScriptEngine.run(ScriptEngine.java:183)
	at com.kms.katalon.core.main.ScriptEngine.runScriptAsRawText(ScriptEngine.java:108)
	at com.kms.katalon.core.main.TestCaseExecutor.runScript(TestCaseExecutor.java:294)
	at com.kms.katalon.core.main.TestCaseExecutor.doExecute(TestCaseExecutor.java:285)
	at com.kms.katalon.core.main.TestCaseExecutor.processExecutionPhase(TestCaseExecutor.java:264)
	at com.kms.katalon.core.main.TestCaseExecutor.accessMainPhase(TestCaseExecutor.java:256)
	at com.kms.katalon.core.main.TestCaseExecutor.execute(TestCaseExecutor.java:200)
	at com.kms.katalon.core.main.TestSuiteExecutor.accessTestCaseMainPhase(TestSuiteExecutor.java:129)
	at com.kms.katalon.core.main.TestSuiteExecutor.accessTestSuiteMainPhase(TestSuiteExecutor.java:112)
	at com.kms.katalon.core.main.TestSuiteExecutor.execute(TestSuiteExecutor.java:81)
	at com.kms.katalon.core.main.TestCaseMain.startTestSuite(TestCaseMain.java:142)
	at com.kms.katalon.core.main.TestCaseMain$startTestSuite$0.call(Unknown Source)
	at org.codehaus.groovy.runtime.callsite.CallSiteArray.defaultCall(CallSiteArray.java:48)
	at org.codehaus.groovy.runtime.callsite.AbstractCallSite.call(AbstractCallSite.java:113)
	at org.codehaus.groovy.runtime.callsite.AbstractCallSite.call(AbstractCallSite.java:141)
	at TempTestSuite1539736204149.run(TempTestSuite1539736204149.groovy:36)
	at groovy.lang.GroovyShell.runScriptOrMainOrTestOrRunnable(GroovyShell.java:263)
	at groovy.lang.GroovyShell.run(GroovyShell.java:518)
	at groovy.lang.GroovyShell.run(GroovyShell.java:507)
	at groovy.ui.GroovyMain.processOnce(GroovyMain.java:653)
	at groovy.ui.GroovyMain.run(GroovyMain.java:384)
	at groovy.ui.GroovyMain.process(GroovyMain.java:370)
	at groovy.ui.GroovyMain.processArgs(GroovyMain.java:129)
	at groovy.ui.GroovyMain.main(GroovyMain.java:109)
	at sun.reflect.NativeMethodAccessorImpl.invoke0(Native Method)
	at sun.reflect.NativeMethodAccessorImpl.invoke(NativeMethodAccessorImpl.java:62)
	at sun.reflect.DelegatingMethodAccessorImpl.invoke(DelegatingMethodAccessorImpl.java:43)
	at java.lang.reflect.Method.invoke(Method.java:498)
	at org.codehaus.groovy.tools.GroovyStarter.rootLoader(GroovyStarter.java:109)
	at org.codehaus.groovy.tools.GroovyStarter.main(GroovyStarter.java:131)
)]]></system-err>
      </testcase>
      <testcase name="Test Cases/TC1/TC1 - Summary and Detail pages" classname="Test Cases/TC1/TC1 - Summary and Detail pages" status="PASSED">
         <system-out><![CDATA[2018-10-16 17:34:23 - [TEST_CASE][PASSED] - Test Cases/TC1/TC1 - Summary and Detail pages: Test Cases/TC1/TC1 - Summary and Detail pages

2018-10-16 17:34:23 - [TEST_STEP][PASSED] - openBrowser: Browser is opened with url: 'https://stats.tc1.kontiki.com/login/email'

2018-10-16 17:34:30 - [MESSAGE][PASSED] - Browser is opened with url: 'https://stats.tc1.kontiki.com/login/email'

2018-10-16 17:34:30 - [TEST_STEP][PASSED] - setText: Text 'alahley@kollective.com' is set on object 'Object Repository/Page_Log in/input_email (2)'

2018-10-16 17:34:30 - [MESSAGE][PASSED] - Text 'alahley@kollective.com' is set on object 'Object Repository/Page_Log in/input_email (2)'

2018-10-16 17:34:30 - [TEST_STEP][PASSED] - setEncryptedText: Text ****** has been set on object 'Object Repository/Page_Log in/input_password (2)'

2018-10-16 17:34:30 - [MESSAGE][PASSED] - Text ****** has been set on object 'Object Repository/Page_Log in/input_password (2)'

2018-10-16 17:34:30 - [TEST_STEP][PASSED] - click: Object: 'Object Repository/Page_Log in/input_remember (2)' is clicked on

2018-10-16 17:34:30 - [MESSAGE][PASSED] - Object: 'Object Repository/Page_Log in/input_remember (2)' is clicked on

2018-10-16 17:34:30 - [TEST_STEP][PASSED] - click: Object: 'Object Repository/Page_Log in/input_login-submit (2)' is clicked on

2018-10-16 17:34:35 - [MESSAGE][PASSED] - Object: 'Object Repository/Page_Log in/input_login-submit (2)' is clicked on

2018-10-16 17:34:35 - [TEST_STEP][PASSED] - waitForAngularLoad: Angular is ready.

2018-10-16 17:34:37 - [MESSAGE][PASSED] - Angular is ready.

2018-10-16 17:34:37 - [TEST_STEP][PASSED] - waitForPageLoad: Wait for page load successfully

2018-10-16 17:34:37 - [MESSAGE][WARNING] - Timeout '0' is invalid. Using default page load timeout: '30'

2018-10-16 17:34:37 - [MESSAGE][PASSED] - Wait for page load successfully

2018-10-16 17:34:37 - [TEST_STEP][PASSED] - navigateToUrl: Navigate to 'https://stats.tc1.kontiki.com/dashboards/analytics_external::network_summary?time_filter=6%20months&filter_config=%7B%22time_filter%22:%5B%7B%22type%22:%22past%22,%22values%22:%5B%7B%22constant%22:%226%22,%22unit%22:%22mo%22%7D,%7B%7D%5D,%22id%22:2%7D%5D%7D' successfully

2018-10-16 17:34:58 - [MESSAGE][PASSED] - Navigate to 'https://stats.tc1.kontiki.com/dashboards/analytics_external::network_summary?time_filter=6%20months&filter_config=%7B%22time_filter%22:%5B%7B%22type%22:%22past%22,%22values%22:%5B%7B%22constant%22:%226%22,%22unit%22:%22mo%22%7D,%7B%7D%5D,%22id%22:2%7D%5D%7D' successfully

2018-10-16 17:34:58 - [TEST_STEP][PASSED] - waitForAngularLoad: Angular is ready.

2018-10-16 17:34:59 - [MESSAGE][PASSED] - Angular is ready.

2018-10-16 17:34:59 - [TEST_STEP][PASSED] - waitForPageLoad: Wait for page load successfully

2018-10-16 17:34:59 - [MESSAGE][WARNING] - Timeout '0' is invalid. Using default page load timeout: '30'

2018-10-16 17:34:59 - [MESSAGE][PASSED] - Wait for page load successfully

2018-10-16 17:34:59 - [TEST_STEP][PASSED] - navigateToUrl: Navigate to 'https://stats.tc1.kontiki.com/dashboards/analytics_external::network_content?content_moid_filter=9970298c-d6fd-4739-8cb6-01c7a003a5fb&format_moid_filter=&time_filter=&filter_config=%7B%22content_moid_filter%22:%5B%7B%22type%22:%22%3D%22,%22values%22:%5B%7B%22constant%22:%229970298c-d6fd-4739-8cb6-01c7a003a5fb%22%7D,%7B%7D%5D,%22id%22:0%7D%5D,%22format_moid_filter%22:%5B%7B%22type%22:%22%3D%22,%22values%22:%5B%7B%22constant%22:%22%22%7D,%7B%7D%5D,%22id%22:1%7D%5D,%22time_filter%22:%5B%7B%22type%22:%22advanced%22,%22values%22:%5B%7B%22constant%22:null%7D,%7B%7D%5D,%22id%22:2%7D%5D%7D' successfully

2018-10-16 17:35:02 - [MESSAGE][PASSED] - Navigate to 'https://stats.tc1.kontiki.com/dashboards/analytics_external::network_content?content_moid_filter=9970298c-d6fd-4739-8cb6-01c7a003a5fb&format_moid_filter=&time_filter=&filter_config=%7B%22content_moid_filter%22:%5B%7B%22type%22:%22%3D%22,%22values%22:%5B%7B%22constant%22:%229970298c-d6fd-4739-8cb6-01c7a003a5fb%22%7D,%7B%7D%5D,%22id%22:0%7D%5D,%22format_moid_filter%22:%5B%7B%22type%22:%22%3D%22,%22values%22:%5B%7B%22constant%22:%22%22%7D,%7B%7D%5D,%22id%22:1%7D%5D,%22time_filter%22:%5B%7B%22type%22:%22advanced%22,%22values%22:%5B%7B%22constant%22:null%7D,%7B%7D%5D,%22id%22:2%7D%5D%7D' successfully

2018-10-16 17:35:02 - [TEST_STEP][PASSED] - waitForAngularLoad: Angular is ready.

2018-10-16 17:35:11 - [MESSAGE][PASSED] - Angular is ready.

2018-10-16 17:35:11 - [TEST_STEP][PASSED] - waitForPageLoad: Wait for page load successfully

2018-10-16 17:35:11 - [MESSAGE][WARNING] - Timeout '0' is invalid. Using default page load timeout: '30'

2018-10-16 17:35:11 - [MESSAGE][PASSED] - Wait for page load successfully

2018-10-16 17:35:11 - [TEST_STEP][PASSED] - navigateToUrl: Navigate to 'https://stats.tc1.kontiki.com/dashboards/analytics_external::network_locality?Locality=Network%203&Last%20Delivery%20Time=6%20months&Last%20Report%20Time=&External%20IP=&filter_config=%7B%22Last%20Delivery%20Time%22:%5B%7B%22type%22:%22past%22,%22values%22:%5B%7B%22constant%22:%226%22,%22unit%22:%22mo%22%7D,%7B%7D%5D,%22id%22:0%7D%5D,%22Last%20Report%20Time%22:%5B%7B%22type%22:%22anytime%22,%22values%22:%5B%7B%7D,%7B%7D%5D,%22id%22:1%7D%5D,%22Locality%22:%5B%7B%22type%22:%22%3D%22,%22values%22:%5B%7B%22constant%22:%22Network%203%22%7D,%7B%7D%5D,%22id%22:2%7D%5D,%22External%20IP%22:%5B%7B%22type%22:%22%3D%22,%22values%22:%5B%7B%22constant%22:%22%22%7D,%7B%7D%5D,%22id%22:3%7D%5D%7D' successfully

2018-10-16 17:35:13 - [MESSAGE][PASSED] - Navigate to 'https://stats.tc1.kontiki.com/dashboards/analytics_external::network_locality?Locality=Network%203&Last%20Delivery%20Time=6%20months&Last%20Report%20Time=&External%20IP=&filter_config=%7B%22Last%20Delivery%20Time%22:%5B%7B%22type%22:%22past%22,%22values%22:%5B%7B%22constant%22:%226%22,%22unit%22:%22mo%22%7D,%7B%7D%5D,%22id%22:0%7D%5D,%22Last%20Report%20Time%22:%5B%7B%22type%22:%22anytime%22,%22values%22:%5B%7B%7D,%7B%7D%5D,%22id%22:1%7D%5D,%22Locality%22:%5B%7B%22type%22:%22%3D%22,%22values%22:%5B%7B%22constant%22:%22Network%203%22%7D,%7B%7D%5D,%22id%22:2%7D%5D,%22External%20IP%22:%5B%7B%22type%22:%22%3D%22,%22values%22:%5B%7B%22constant%22:%22%22%7D,%7B%7D%5D,%22id%22:3%7D%5D%7D' successfully

2018-10-16 17:35:13 - [TEST_STEP][PASSED] - waitForAngularLoad: Angular is ready.

2018-10-16 17:35:18 - [MESSAGE][PASSED] - Angular is ready.

2018-10-16 17:35:18 - [TEST_STEP][PASSED] - waitForPageLoad: Wait for page load successfully

2018-10-16 17:35:18 - [MESSAGE][WARNING] - Timeout '0' is invalid. Using default page load timeout: '30'

2018-10-16 17:35:18 - [MESSAGE][PASSED] - Wait for page load successfully

2018-10-16 17:35:18 - [TEST_STEP][PASSED] - navigateToUrl: Navigate to 'https://stats.tc1.kontiki.com/dashboards/analytics_external::live_event_summary?time_filter=6%20months&title_filter=&filter_config=%7B%22time_filter%22:%5B%7B%22type%22:%22past%22,%22values%22:%5B%7B%22constant%22:%226%22,%22unit%22:%22mo%22%7D,%7B%7D%5D,%22id%22:4%7D%5D,%22title_filter%22:%5B%7B%22type%22:%22%3D%22,%22values%22:%5B%7B%22constant%22:%22%22%7D,%7B%7D%5D,%22id%22:5%7D%5D%7D' successfully

2018-10-16 17:35:21 - [MESSAGE][PASSED] - Navigate to 'https://stats.tc1.kontiki.com/dashboards/analytics_external::live_event_summary?time_filter=6%20months&title_filter=&filter_config=%7B%22time_filter%22:%5B%7B%22type%22:%22past%22,%22values%22:%5B%7B%22constant%22:%226%22,%22unit%22:%22mo%22%7D,%7B%7D%5D,%22id%22:4%7D%5D,%22title_filter%22:%5B%7B%22type%22:%22%3D%22,%22values%22:%5B%7B%22constant%22:%22%22%7D,%7B%7D%5D,%22id%22:5%7D%5D%7D' successfully

2018-10-16 17:35:21 - [TEST_STEP][PASSED] - waitForAngularLoad: Angular is ready.

2018-10-16 17:35:24 - [MESSAGE][PASSED] - Angular is ready.

2018-10-16 17:35:24 - [TEST_STEP][PASSED] - waitForPageLoad: Wait for page load successfully

2018-10-16 17:35:24 - [MESSAGE][WARNING] - Timeout '0' is invalid. Using default page load timeout: '30'

2018-10-16 17:35:24 - [MESSAGE][PASSED] - Wait for page load successfully

2018-10-16 17:35:24 - [TEST_STEP][PASSED] - navigateToUrl: Navigate to 'https://stats.tc1.kontiki.com/dashboards/analytics_external::live_event?content_moid_filter=19327ed2-fa1b-4412-8acd-0fccfcef56b8&time_filter=&filter_config=%7B%22content_moid_filter%22:%5B%7B%22type%22:%22%3D%22,%22values%22:%5B%7B%22constant%22:%2219327ed2-fa1b-4412-8acd-0fccfcef56b8%22%7D,%7B%7D%5D,%22id%22:0%7D%5D,%22time_filter%22:%5B%7B%22type%22:%22advanced%22,%22values%22:%5B%7B%22constant%22:null%7D,%7B%7D%5D,%22id%22:1%7D%5D%7D' successfully

2018-10-16 17:35:26 - [MESSAGE][PASSED] - Navigate to 'https://stats.tc1.kontiki.com/dashboards/analytics_external::live_event?content_moid_filter=19327ed2-fa1b-4412-8acd-0fccfcef56b8&time_filter=&filter_config=%7B%22content_moid_filter%22:%5B%7B%22type%22:%22%3D%22,%22values%22:%5B%7B%22constant%22:%2219327ed2-fa1b-4412-8acd-0fccfcef56b8%22%7D,%7B%7D%5D,%22id%22:0%7D%5D,%22time_filter%22:%5B%7B%22type%22:%22advanced%22,%22values%22:%5B%7B%22constant%22:null%7D,%7B%7D%5D,%22id%22:1%7D%5D%7D' successfully

2018-10-16 17:35:26 - [TEST_STEP][PASSED] - waitForAngularLoad: Angular is ready.

2018-10-16 17:35:35 - [MESSAGE][PASSED] - Angular is ready.

2018-10-16 17:35:35 - [TEST_STEP][PASSED] - waitForPageLoad: Wait for page load successfully

2018-10-16 17:35:35 - [MESSAGE][WARNING] - Timeout '0' is invalid. Using default page load timeout: '30'

2018-10-16 17:35:35 - [MESSAGE][PASSED] - Wait for page load successfully

2018-10-16 17:35:35 - [TEST_STEP][PASSED] - navigateToUrl: Navigate to 'https://stats.tc1.kontiki.com/dashboards/analytics_external::live_event_in_progress?content_moid_filter=&time_filter=2%20weeks&filter_config=%7B%22content_moid_filter%22:%5B%7B%22type%22:%22%3D%22,%22values%22:%5B%7B%22constant%22:%22%22%7D,%7B%7D%5D,%22id%22:0%7D%5D,%22time_filter%22:%5B%7B%22type%22:%22past%22,%22values%22:%5B%7B%22constant%22:%222%22,%22unit%22:%22wk%22%7D%5D,%22id%22:1%7D%5D%7D' successfully

2018-10-16 17:35:38 - [MESSAGE][PASSED] - Navigate to 'https://stats.tc1.kontiki.com/dashboards/analytics_external::live_event_in_progress?content_moid_filter=&time_filter=2%20weeks&filter_config=%7B%22content_moid_filter%22:%5B%7B%22type%22:%22%3D%22,%22values%22:%5B%7B%22constant%22:%22%22%7D,%7B%7D%5D,%22id%22:0%7D%5D,%22time_filter%22:%5B%7B%22type%22:%22past%22,%22values%22:%5B%7B%22constant%22:%222%22,%22unit%22:%22wk%22%7D%5D,%22id%22:1%7D%5D%7D' successfully

2018-10-16 17:35:38 - [TEST_STEP][PASSED] - waitForAngularLoad: Angular is ready.

2018-10-16 17:35:48 - [MESSAGE][PASSED] - Angular is ready.

2018-10-16 17:35:48 - [TEST_STEP][PASSED] - waitForPageLoad: Wait for page load successfully

2018-10-16 17:35:48 - [MESSAGE][WARNING] - Timeout '0' is invalid. Using default page load timeout: '30'

2018-10-16 17:35:48 - [MESSAGE][PASSED] - Wait for page load successfully

2018-10-16 17:35:48 - [TEST_STEP][PASSED] - navigateToUrl: Navigate to 'https://stats.tc1.kontiki.com/dashboards/analytics_external::vod_summary?time_filter=6%20months&event_filter=&filter_config=%7B%22time_filter%22:%5B%7B%22type%22:%22past%22,%22values%22:%5B%7B%22constant%22:%226%22,%22unit%22:%22mo%22%7D,%7B%7D%5D,%22id%22:4%7D%5D,%22event_filter%22:%5B%7B%22type%22:%22%3D%22,%22values%22:%5B%7B%22constant%22:%22%22%7D,%7B%7D%5D,%22id%22:5%7D%5D%7D' successfully

2018-10-16 17:35:50 - [MESSAGE][PASSED] - Navigate to 'https://stats.tc1.kontiki.com/dashboards/analytics_external::vod_summary?time_filter=6%20months&event_filter=&filter_config=%7B%22time_filter%22:%5B%7B%22type%22:%22past%22,%22values%22:%5B%7B%22constant%22:%226%22,%22unit%22:%22mo%22%7D,%7B%7D%5D,%22id%22:4%7D%5D,%22event_filter%22:%5B%7B%22type%22:%22%3D%22,%22values%22:%5B%7B%22constant%22:%22%22%7D,%7B%7D%5D,%22id%22:5%7D%5D%7D' successfully

2018-10-16 17:35:50 - [TEST_STEP][PASSED] - waitForAngularLoad: Angular is ready.

2018-10-16 17:35:52 - [MESSAGE][PASSED] - Angular is ready.

2018-10-16 17:35:52 - [TEST_STEP][PASSED] - waitForPageLoad: Wait for page load successfully

2018-10-16 17:35:52 - [MESSAGE][WARNING] - Timeout '0' is invalid. Using default page load timeout: '30'

2018-10-16 17:35:52 - [MESSAGE][PASSED] - Wait for page load successfully

2018-10-16 17:35:52 - [TEST_STEP][PASSED] - navigateToUrl: Navigate to 'https://stats.tc1.kontiki.com/dashboards/analytics_external::vod_performance?content_moid_filter=0949aa27-9641-47c9-9df5-26c15ddab3fc&time_filter=&filter_config=%7B%22content_moid_filter%22:%5B%7B%22type%22:%22%3D%22,%22values%22:%5B%7B%22constant%22:%220949aa27-9641-47c9-9df5-26c15ddab3fc%22%7D,%7B%7D%5D,%22id%22:0%7D%5D,%22time_filter%22:%5B%7B%22type%22:%22advanced%22,%22values%22:%5B%7B%22constant%22:null%7D,%7B%7D%5D,%22id%22:1%7D%5D%7D' successfully

2018-10-16 17:35:54 - [MESSAGE][PASSED] - Navigate to 'https://stats.tc1.kontiki.com/dashboards/analytics_external::vod_performance?content_moid_filter=0949aa27-9641-47c9-9df5-26c15ddab3fc&time_filter=&filter_config=%7B%22content_moid_filter%22:%5B%7B%22type%22:%22%3D%22,%22values%22:%5B%7B%22constant%22:%220949aa27-9641-47c9-9df5-26c15ddab3fc%22%7D,%7B%7D%5D,%22id%22:0%7D%5D,%22time_filter%22:%5B%7B%22type%22:%22advanced%22,%22values%22:%5B%7B%22constant%22:null%7D,%7B%7D%5D,%22id%22:1%7D%5D%7D' successfully

2018-10-16 17:35:54 - [TEST_STEP][PASSED] - waitForAngularLoad: Angular is ready.

2018-10-16 17:35:58 - [MESSAGE][PASSED] - Angular is ready.

2018-10-16 17:35:58 - [TEST_STEP][PASSED] - waitForPageLoad: Wait for page load successfully

2018-10-16 17:35:58 - [MESSAGE][WARNING] - Timeout '0' is invalid. Using default page load timeout: '30'

2018-10-16 17:35:58 - [MESSAGE][PASSED] - Wait for page load successfully

2018-10-16 17:35:58 - [TEST_STEP][PASSED] - navigateToUrl: Navigate to 'https://stats.tc1.kontiki.com/dashboards/sccm_users::sccm_summary?time_filter=6%20months&filter_config=%7B%22time_filter%22:%5B%7B%22type%22:%22past%22,%22values%22:%5B%7B%22constant%22:%226%22,%22unit%22:%22mo%22%7D,%7B%7D%5D,%22id%22:2%7D%5D%7D' successfully

2018-10-16 17:36:00 - [MESSAGE][PASSED] - Navigate to 'https://stats.tc1.kontiki.com/dashboards/sccm_users::sccm_summary?time_filter=6%20months&filter_config=%7B%22time_filter%22:%5B%7B%22type%22:%22past%22,%22values%22:%5B%7B%22constant%22:%226%22,%22unit%22:%22mo%22%7D,%7B%7D%5D,%22id%22:2%7D%5D%7D' successfully

2018-10-16 17:36:00 - [TEST_STEP][PASSED] - waitForAngularLoad: Angular is ready.

2018-10-16 17:36:03 - [MESSAGE][PASSED] - Angular is ready.

2018-10-16 17:36:03 - [TEST_STEP][PASSED] - click: Object: 'Object Repository/Page_Overview/a' is clicked on

2018-10-16 17:36:05 - [MESSAGE][PASSED] - Object: 'Object Repository/Page_Overview/a' is clicked on

2018-10-16 17:36:05 - [TEST_STEP][PASSED] - click: Object: 'Object Repository/Page_Overview/a_Log Out (3)' is clicked on

2018-10-16 17:36:06 - [MESSAGE][PASSED] - Object: 'Object Repository/Page_Overview/a_Log Out (3)' is clicked on

2018-10-16 17:36:06 - [TEST_STEP][PASSED] - waitForPageLoad: Wait for page load successfully

2018-10-16 17:36:06 - [MESSAGE][WARNING] - Timeout '0' is invalid. Using default page load timeout: '30'

2018-10-16 17:36:06 - [MESSAGE][PASSED] - Wait for page load successfully

2018-10-16 17:36:06 - [TEST_STEP][PASSED] - verifyElementPresent: Object 'Object Repository/Page_Log in/div_Logout Successful.' is present

2018-10-16 17:36:06 - [MESSAGE][WARNING] - Timeout '0' is invalid. Using default page load timeout: '30'

2018-10-16 17:36:06 - [MESSAGE][PASSED] - Object 'Object Repository/Page_Log in/div_Logout Successful.' is present

2018-10-16 17:36:06 - [TEST_STEP][PASSED] - verifyElementPresent: Object 'Object Repository/Page_Log in/div_Logout Successful.' is present

2018-10-16 17:36:06 - [MESSAGE][WARNING] - Timeout '0' is invalid. Using default page load timeout: '30'

2018-10-16 17:36:06 - [MESSAGE][PASSED] - Object 'Object Repository/Page_Log in/div_Logout Successful.' is present

2018-10-16 17:36:06 - [TEST_STEP][PASSED] - verifyTextPresent: Text 'Logout Successful.' is present on page 

2018-10-16 17:36:06 - [MESSAGE][PASSED] - Text 'Logout Successful.' is present on page 

2018-10-16 17:36:06 - [TEST_STEP][PASSED] - closeBrowser: Browser is closed

2018-10-16 17:36:07 - [MESSAGE][PASSED] - Browser is closed]]></system-out>
         <system-err><![CDATA[]]></system-err>
      </testcase>
      <testcase name="Test Cases/TC1/TC1 - Overview, or Landing Page" classname="Test Cases/TC1/TC1 - Overview, or Landing Page" status="PASSED">
         <system-out><![CDATA[2018-10-16 17:36:07 - [TEST_CASE][PASSED] - Test Cases/TC1/TC1 - Overview, or Landing Page: Test Cases/TC1/TC1 - Overview, or Landing Page

2018-10-16 17:36:07 - [TEST_STEP][PASSED] - openBrowser: Browser is opened with url: 'https://stats.tc1.kontiki.com/login/email'

2018-10-16 17:36:13 - [MESSAGE][PASSED] - Browser is opened with url: 'https://stats.tc1.kontiki.com/login/email'

2018-10-16 17:36:13 - [TEST_STEP][PASSED] - setText: Text 'alahley@kollective.com' is set on object 'Object Repository/Page_Log in/input_email'

2018-10-16 17:36:13 - [MESSAGE][PASSED] - Text 'alahley@kollective.com' is set on object 'Object Repository/Page_Log in/input_email'

2018-10-16 17:36:13 - [TEST_STEP][PASSED] - setEncryptedText: Text ****** has been set on object 'Object Repository/Page_Log in/input_password'

2018-10-16 17:36:13 - [MESSAGE][PASSED] - Text ****** has been set on object 'Object Repository/Page_Log in/input_password'

2018-10-16 17:36:13 - [TEST_STEP][PASSED] - click: Object: 'Object Repository/Page_Log in/input_remember' is clicked on

2018-10-16 17:36:13 - [MESSAGE][PASSED] - Object: 'Object Repository/Page_Log in/input_remember' is clicked on

2018-10-16 17:36:13 - [TEST_STEP][PASSED] - click: Object: 'Object Repository/Page_Log in/input_login-submit' is clicked on

2018-10-16 17:36:17 - [MESSAGE][PASSED] - Object: 'Object Repository/Page_Log in/input_login-submit' is clicked on

2018-10-16 17:36:17 - [TEST_STEP][PASSED] - waitForAngularLoad: Angular is ready.

2018-10-16 17:36:20 - [MESSAGE][PASSED] - Angular is ready.

2018-10-16 17:36:20 - [TEST_STEP][PASSED] - click: Object: 'Object Repository/Page_Overview/strong_Filters' is clicked on

2018-10-16 17:36:20 - [MESSAGE][PASSED] - Object: 'Object Repository/Page_Overview/strong_Filters' is clicked on

2018-10-16 17:36:20 - [TEST_STEP][PASSED] - selectOptionByValue: All options with value 'string:year' are selected in object 'Object Repository/Page_Overview/select_is in the pastis on the'  using regular expression

2018-10-16 17:36:21 - [MESSAGE][PASSED] - All options with value 'string:year' are selected in object 'Object Repository/Page_Overview/select_is in the pastis on the'  using regular expression

2018-10-16 17:36:21 - [TEST_STEP][PASSED] - setText: Text '2017' is set on object 'Object Repository/Page_Overview/input_Time Filter_form-control'

2018-10-16 17:36:21 - [MESSAGE][PASSED] - Text '2017' is set on object 'Object Repository/Page_Overview/input_Time Filter_form-control'

2018-10-16 17:36:21 - [TEST_STEP][PASSED] - waitForAngularLoad: Angular is ready.

2018-10-16 17:36:21 - [MESSAGE][PASSED] - Angular is ready.

2018-10-16 17:36:21 - [TEST_STEP][PASSED] - click: Object: 'Object Repository/Page_Overview/button_Run' is clicked on

2018-10-16 17:36:21 - [MESSAGE][PASSED] - Object: 'Object Repository/Page_Overview/button_Run' is clicked on

2018-10-16 17:36:21 - [TEST_STEP][PASSED] - waitForAngularLoad: Angular is ready.

2018-10-16 17:36:24 - [MESSAGE][PASSED] - Angular is ready.

2018-10-16 17:36:24 - [TEST_STEP][PASSED] - click: Object: 'Object Repository/Page_Overview/i_Stop_lk-icon-gear' is clicked on

2018-10-16 17:36:24 - [MESSAGE][PASSED] - Object: 'Object Repository/Page_Overview/i_Stop_lk-icon-gear' is clicked on

2018-10-16 17:36:24 - [TEST_STEP][PASSED] - click: Object: 'Object Repository/Page_Overview/a_Clear Cache  Refresh' is clicked on

2018-10-16 17:36:25 - [MESSAGE][PASSED] - Object: 'Object Repository/Page_Overview/a_Clear Cache  Refresh' is clicked on

2018-10-16 17:36:25 - [TEST_STEP][PASSED] - waitForAngularLoad: Angular is ready.

2018-10-16 17:36:34 - [MESSAGE][PASSED] - Angular is ready.

2018-10-16 17:36:34 - [TEST_STEP][PASSED] - waitForPageLoad: Wait for page load successfully

2018-10-16 17:36:34 - [MESSAGE][WARNING] - Timeout '0' is invalid. Using default page load timeout: '30'

2018-10-16 17:36:34 - [MESSAGE][PASSED] - Wait for page load successfully

2018-10-16 17:36:34 - [TEST_STEP][PASSED] - verifyElementText: Actual text and expected text of test object 'Object Repository/Page_Overview/div_Total Live Events' are matched.

2018-10-16 17:36:34 - [MESSAGE][PASSED] - Actual text and expected text of test object 'Object Repository/Page_Overview/div_Total Live Events' are matched.

2018-10-16 17:36:34 - [TEST_STEP][PASSED] - verifyElementText: Actual text and expected text of test object 'Object Repository/Page_Overview/div_2563' are matched.

2018-10-16 17:36:34 - [MESSAGE][PASSED] - Actual text and expected text of test object 'Object Repository/Page_Overview/div_2563' are matched.

2018-10-16 17:36:34 - [TEST_STEP][PASSED] - verifyElementText: Actual text and expected text of test object 'Object Repository/Page_Live Event Summary/div_Average Monthly Events' are matched.

2018-10-16 17:36:34 - [MESSAGE][PASSED] - Actual text and expected text of test object 'Object Repository/Page_Live Event Summary/div_Average Monthly Events' are matched.

2018-10-16 17:36:34 - [TEST_STEP][PASSED] - verifyElementText: Actual text and expected text of test object 'Object Repository/Page_Overview/div_226' are matched.

2018-10-16 17:36:34 - [MESSAGE][PASSED] - Actual text and expected text of test object 'Object Repository/Page_Overview/div_226' are matched.

2018-10-16 17:36:34 - [TEST_STEP][PASSED] - verifyElementText: Actual text and expected text of test object 'Object Repository/Page_Overview/div_Unique Viewers' are matched.

2018-10-16 17:36:34 - [MESSAGE][PASSED] - Actual text and expected text of test object 'Object Repository/Page_Overview/div_Unique Viewers' are matched.

2018-10-16 17:36:34 - [TEST_STEP][PASSED] - verifyElementText: Actual text and expected text of test object 'Object Repository/Page_Overview/div_10079' are matched.

2018-10-16 17:36:34 - [MESSAGE][PASSED] - Actual text and expected text of test object 'Object Repository/Page_Overview/div_10079' are matched.

2018-10-16 17:36:34 - [TEST_STEP][PASSED] - verifyElementText: Actual text and expected text of test object 'Object Repository/Page_Live Event Summary/div_Average Monthly Views' are matched.

2018-10-16 17:36:34 - [MESSAGE][PASSED] - Actual text and expected text of test object 'Object Repository/Page_Live Event Summary/div_Average Monthly Views' are matched.

2018-10-16 17:36:34 - [TEST_STEP][PASSED] - verifyElementText: Actual text and expected text of test object 'Object Repository/Page_Overview/div_7762' are matched.

2018-10-16 17:36:34 - [MESSAGE][PASSED] - Actual text and expected text of test object 'Object Repository/Page_Overview/div_7762' are matched.

2018-10-16 17:36:34 - [TEST_STEP][PASSED] - verifyElementText: Actual text and expected text of test object 'Object Repository/Page_Overview/div_Total Videos' are matched.

2018-10-16 17:36:34 - [MESSAGE][PASSED] - Actual text and expected text of test object 'Object Repository/Page_Overview/div_Total Videos' are matched.

2018-10-16 17:36:34 - [TEST_STEP][PASSED] - verifyElementText: Actual text and expected text of test object 'Object Repository/Page_Overview/div_1585' are matched.

2018-10-16 17:36:34 - [MESSAGE][PASSED] - Actual text and expected text of test object 'Object Repository/Page_Overview/div_1585' are matched.

2018-10-16 17:36:34 - [TEST_STEP][PASSED] - verifyElementText: Actual text and expected text of test object 'Object Repository/Page_Overview/div_Total Views' are matched.

2018-10-16 17:36:34 - [MESSAGE][PASSED] - Actual text and expected text of test object 'Object Repository/Page_Overview/div_Total Views' are matched.

2018-10-16 17:36:34 - [TEST_STEP][PASSED] - verifyElementText: Actual text and expected text of test object 'Object Repository/Page_Overview/div_11413' are matched.

2018-10-16 17:36:34 - [MESSAGE][PASSED] - Actual text and expected text of test object 'Object Repository/Page_Overview/div_11413' are matched.

2018-10-16 17:36:34 - [TEST_STEP][PASSED] - verifyElementText: Actual text and expected text of test object 'Object Repository/Page_Overview/div_Unique Viewers' are matched.

2018-10-16 17:36:35 - [MESSAGE][PASSED] - Actual text and expected text of test object 'Object Repository/Page_Overview/div_Unique Viewers' are matched.

2018-10-16 17:36:35 - [TEST_STEP][PASSED] - verifyElementText: Actual text and expected text of test object 'Object Repository/Page_Overview/div_17443' are matched.

2018-10-16 17:36:35 - [MESSAGE][PASSED] - Actual text and expected text of test object 'Object Repository/Page_Overview/div_17443' are matched.

2018-10-16 17:36:35 - [TEST_STEP][PASSED] - verifyElementText: Actual text and expected text of test object 'Object Repository/Page_Overview/div_Total Hours Watched' are matched.

2018-10-16 17:36:35 - [MESSAGE][PASSED] - Actual text and expected text of test object 'Object Repository/Page_Overview/div_Total Hours Watched' are matched.

2018-10-16 17:36:35 - [TEST_STEP][PASSED] - verifyElementText: Actual text and expected text of test object 'Object Repository/Page_Overview/div_1404.1' are matched.

2018-10-16 17:36:35 - [MESSAGE][PASSED] - Actual text and expected text of test object 'Object Repository/Page_Overview/div_1404.1' are matched.

2018-10-16 17:36:35 - [TEST_STEP][PASSED] - verifyElementText: Actual text and expected text of test object 'Object Repository/Page_Overview/div_Unique Agents' are matched.

2018-10-16 17:36:35 - [MESSAGE][PASSED] - Actual text and expected text of test object 'Object Repository/Page_Overview/div_Unique Agents' are matched.

2018-10-16 17:36:35 - [TEST_STEP][PASSED] - verifyElementText: Actual text and expected text of test object 'Object Repository/Page_Overview/div_10905' are matched.

2018-10-16 17:36:35 - [MESSAGE][PASSED] - Actual text and expected text of test object 'Object Repository/Page_Overview/div_10905' are matched.

2018-10-16 17:36:35 - [TEST_STEP][PASSED] - verifyElementText: Actual text and expected text of test object 'Object Repository/Page_Overview/div_Deliveries' are matched.

2018-10-16 17:36:35 - [MESSAGE][PASSED] - Actual text and expected text of test object 'Object Repository/Page_Overview/div_Deliveries' are matched.

2018-10-16 17:36:35 - [TEST_STEP][PASSED] - verifyElementText: Actual text and expected text of test object 'Object Repository/Page_Overview/div_67512' are matched.

2018-10-16 17:36:35 - [MESSAGE][PASSED] - Actual text and expected text of test object 'Object Repository/Page_Overview/div_67512' are matched.

2018-10-16 17:36:35 - [TEST_STEP][PASSED] - verifyElementText: Actual text and expected text of test object 'Object Repository/Page_Overview/div_Saved GB' are matched.

2018-10-16 17:36:35 - [MESSAGE][PASSED] - Actual text and expected text of test object 'Object Repository/Page_Overview/div_Saved GB' are matched.

2018-10-16 17:36:35 - [TEST_STEP][PASSED] - verifyElementText: Actual text and expected text of test object 'Object Repository/Page_Overview/div_1573' are matched.

2018-10-16 17:36:35 - [MESSAGE][PASSED] - Actual text and expected text of test object 'Object Repository/Page_Overview/div_1573' are matched.

2018-10-16 17:36:35 - [TEST_STEP][PASSED] - verifyElementText: Actual text and expected text of test object 'Object Repository/Page_Overview/div_Total GB' are matched.

2018-10-16 17:36:35 - [MESSAGE][PASSED] - Actual text and expected text of test object 'Object Repository/Page_Overview/div_Total GB' are matched.

2018-10-16 17:36:35 - [TEST_STEP][PASSED] - verifyElementText: Actual text and expected text of test object 'Object Repository/Page_Overview/div_3865.08' are matched.

2018-10-16 17:36:35 - [MESSAGE][PASSED] - Actual text and expected text of test object 'Object Repository/Page_Overview/div_3865.08' are matched.

2018-10-16 17:36:35 - [TEST_STEP][PASSED] - verifyElementPresent: Object 'Object Repository/Page_Overview/div_Peering Efficiency' is present

2018-10-16 17:36:35 - [MESSAGE][WARNING] - Timeout '0' is invalid. Using default page load timeout: '30'

2018-10-16 17:36:35 - [MESSAGE][PASSED] - Object 'Object Repository/Page_Overview/div_Peering Efficiency' is present

2018-10-16 17:36:35 - [TEST_STEP][PASSED] - verifyElementPresent: Object 'Object Repository/Page_Overview/div_41' is present

2018-10-16 17:36:35 - [MESSAGE][WARNING] - Timeout '0' is invalid. Using default page load timeout: '30'

2018-10-16 17:36:35 - [MESSAGE][PASSED] - Object 'Object Repository/Page_Overview/div_41' is present

2018-10-16 17:36:35 - [TEST_STEP][PASSED] - verifyElementPresent: Object 'Object Repository/Page_Overview/div_VoD Summary Peering Effici' is present

2018-10-16 17:36:35 - [MESSAGE][WARNING] - Timeout '0' is invalid. Using default page load timeout: '30'

2018-10-16 17:36:35 - [MESSAGE][PASSED] - Object 'Object Repository/Page_Overview/div_VoD Summary Peering Effici' is present

2018-10-16 17:36:35 - [TEST_STEP][PASSED] - verifyElementPresent: Object 'Object Repository/Page_Overview/a_Go to VoD Summary (1)' is present

2018-10-16 17:36:35 - [MESSAGE][WARNING] - Timeout '0' is invalid. Using default page load timeout: '30'

2018-10-16 17:36:35 - [MESSAGE][PASSED] - Object 'Object Repository/Page_Overview/a_Go to VoD Summary (1)' is present

2018-10-16 17:36:35 - [TEST_STEP][PASSED] - verifyElementPresent: Object 'Object Repository/Page_Overview/div_Peering Efficiency' is present

2018-10-16 17:36:35 - [MESSAGE][WARNING] - Timeout '0' is invalid. Using default page load timeout: '30'

2018-10-16 17:36:35 - [MESSAGE][PASSED] - Object 'Object Repository/Page_Overview/div_Peering Efficiency' is present

2018-10-16 17:36:35 - [TEST_STEP][PASSED] - verifyElementPresent: Object 'Object Repository/Page_Overview/div_Peering Efficiency (1)' is present

2018-10-16 17:36:35 - [MESSAGE][WARNING] - Timeout '0' is invalid. Using default page load timeout: '30'

2018-10-16 17:36:35 - [MESSAGE][PASSED] - Object 'Object Repository/Page_Overview/div_Peering Efficiency (1)' is present

2018-10-16 17:36:35 - [TEST_STEP][PASSED] - verifyElementPresent: Object 'Object Repository/Page_Overview/div_Live Views' is present

2018-10-16 17:36:35 - [MESSAGE][WARNING] - Timeout '0' is invalid. Using default page load timeout: '30'

2018-10-16 17:36:35 - [MESSAGE][PASSED] - Object 'Object Repository/Page_Overview/div_Live Views' is present

2018-10-16 17:36:35 - [TEST_STEP][PASSED] - verifyElementPresent: Object 'Object Repository/Page_Overview/div_Live Events' is present

2018-10-16 17:36:35 - [MESSAGE][WARNING] - Timeout '0' is invalid. Using default page load timeout: '30'

2018-10-16 17:36:35 - [MESSAGE][PASSED] - Object 'Object Repository/Page_Overview/div_Live Events' is present

2018-10-16 17:36:35 - [TEST_STEP][PASSED] - verifyElementPresent: Object 'Object Repository/Page_Overview/span_VoD Views' is present

2018-10-16 17:36:35 - [MESSAGE][WARNING] - Timeout '0' is invalid. Using default page load timeout: '30'

2018-10-16 17:36:35 - [MESSAGE][PASSED] - Object 'Object Repository/Page_Overview/span_VoD Views' is present

2018-10-16 17:36:35 - [TEST_STEP][PASSED] - verifyElementPresent: Object 'Object Repository/Page_Overview/div_VoD over time' is present

2018-10-16 17:36:35 - [MESSAGE][WARNING] - Timeout '0' is invalid. Using default page load timeout: '30'

2018-10-16 17:36:35 - [MESSAGE][PASSED] - Object 'Object Repository/Page_Overview/div_VoD over time' is present

2018-10-16 17:36:35 - [TEST_STEP][PASSED] - verifyElementPresent: Object 'Object Repository/Page_Overview/span_Deliveries by Month' is present

2018-10-16 17:36:35 - [MESSAGE][WARNING] - Timeout '0' is invalid. Using default page load timeout: '30'

2018-10-16 17:36:35 - [MESSAGE][PASSED] - Object 'Object Repository/Page_Overview/span_Deliveries by Month' is present

2018-10-16 17:36:35 - [TEST_STEP][PASSED] - verifyElementPresent: Object 'Object Repository/Page_Overview/a_Go to Live Event Summary' is present

2018-10-16 17:36:35 - [MESSAGE][WARNING] - Timeout '0' is invalid. Using default page load timeout: '30'

2018-10-16 17:36:35 - [MESSAGE][PASSED] - Object 'Object Repository/Page_Overview/a_Go to Live Event Summary' is present

2018-10-16 17:36:35 - [TEST_STEP][PASSED] - verifyElementPresent: Object 'Object Repository/Page_Overview/a_Go to VoD Summary' is present

2018-10-16 17:36:35 - [MESSAGE][WARNING] - Timeout '0' is invalid. Using default page load timeout: '30'

2018-10-16 17:36:35 - [MESSAGE][PASSED] - Object 'Object Repository/Page_Overview/a_Go to VoD Summary' is present

2018-10-16 17:36:35 - [TEST_STEP][PASSED] - verifyElementPresent: Object 'Object Repository/Page_Overview/a_Go to Network Summary' is present

2018-10-16 17:36:35 - [MESSAGE][WARNING] - Timeout '0' is invalid. Using default page load timeout: '30'

2018-10-16 17:36:35 - [MESSAGE][PASSED] - Object 'Object Repository/Page_Overview/a_Go to Network Summary' is present

2018-10-16 17:36:35 - [TEST_STEP][PASSED] - closeBrowser: Browser is closed

2018-10-16 17:36:35 - [MESSAGE][PASSED] - Browser is closed]]></system-out>
         <system-err><![CDATA[]]></system-err>
      </testcase>
      <system-out><![CDATA[2018-10-16 17:30:05 - [TEST_SUITE][FAILED] - TC1 Sanity Check: Test Cases/TC1/TC1 - Navigation and CTAs FAILED because (of) (Stack trace: com.kms.katalon.core.exception.StepFailedException: com.kms.katalon.core.webui.exception.WebElementNotFoundException: Web element with id: 'Object Repository/Page_Log in/div_Logout Successful.' located by 'By.xpath: //div[(text() = 'Logout Successful.' or . = 'Logout Successful.')]' not found
	at com.kms.katalon.core.keyword.internal.KeywordMain.stepFailed(KeywordMain.groovy:32)
	at com.kms.katalon.core.webui.keyword.internal.WebUIKeywordMain.stepFailed(WebUIKeywordMain.groovy:65)
	at com.kms.katalon.core.webui.keyword.builtin.VerifyElementPresentKeyword$_verifyElementPresent_closure1.doCall(VerifyElementPresentKeyword.groovy:85)
	at com.kms.katalon.core.webui.keyword.builtin.VerifyElementPresentKeyword$_verifyElementPresent_closure1.call(VerifyElementPresentKeyword.groovy)
	at com.kms.katalon.core.webui.keyword.internal.WebUIKeywordMain.runKeyword(WebUIKeywordMain.groovy:21)
	at com.kms.katalon.core.webui.keyword.builtin.VerifyElementPresentKeyword.verifyElementPresent(VerifyElementPresentKeyword.groovy:92)
	at com.kms.katalon.core.webui.keyword.builtin.VerifyElementPresentKeyword.execute(VerifyElementPresentKeyword.groovy:68)
	at com.kms.katalon.core.keyword.internal.KeywordExecutor.executeKeywordForPlatform(KeywordExecutor.groovy:53)
	at com.kms.katalon.core.webui.keyword.WebUiBuiltInKeywords.verifyElementPresent(WebUiBuiltInKeywords.groovy:1434)
	at com.kms.katalon.core.webui.keyword.WebUiBuiltInKeywords$verifyElementPresent$4.call(Unknown Source)
	at org.codehaus.groovy.runtime.callsite.CallSiteArray.defaultCall(CallSiteArray.java:48)
	at org.codehaus.groovy.runtime.callsite.AbstractCallSite.call(AbstractCallSite.java:113)
	at org.codehaus.groovy.runtime.callsite.AbstractCallSite.call(AbstractCallSite.java:133)
	at Script1538969837653.run(Script1538969837653.groovy:150)
	at com.kms.katalon.core.main.ScriptEngine.run(ScriptEngine.java:183)
	at com.kms.katalon.core.main.ScriptEngine.runScriptAsRawText(ScriptEngine.java:108)
	at com.kms.katalon.core.main.TestCaseExecutor.runScript(TestCaseExecutor.java:294)
	at com.kms.katalon.core.main.TestCaseExecutor.doExecute(TestCaseExecutor.java:285)
	at com.kms.katalon.core.main.TestCaseExecutor.processExecutionPhase(TestCaseExecutor.java:264)
	at com.kms.katalon.core.main.TestCaseExecutor.accessMainPhase(TestCaseExecutor.java:256)
	at com.kms.katalon.core.main.TestCaseExecutor.execute(TestCaseExecutor.java:200)
	at com.kms.katalon.core.main.TestSuiteExecutor.accessTestCaseMainPhase(TestSuiteExecutor.java:129)
	at com.kms.katalon.core.main.TestSuiteExecutor.accessTestSuiteMainPhase(TestSuiteExecutor.java:112)
	at com.kms.katalon.core.main.TestSuiteExecutor.execute(TestSuiteExecutor.java:81)
	at com.kms.katalon.core.main.TestCaseMain.startTestSuite(TestCaseMain.java:142)
	at com.kms.katalon.core.main.TestCaseMain$startTestSuite$0.call(Unknown Source)
	at org.codehaus.groovy.runtime.callsite.CallSiteArray.defaultCall(CallSiteArray.java:48)
	at org.codehaus.groovy.runtime.callsite.AbstractCallSite.call(AbstractCallSite.java:113)
	at org.codehaus.groovy.runtime.callsite.AbstractCallSite.call(AbstractCallSite.java:141)
	at TempTestSuite1539736204149.run(TempTestSuite1539736204149.groovy:36)
	at groovy.lang.GroovyShell.runScriptOrMainOrTestOrRunnable(GroovyShell.java:263)
	at groovy.lang.GroovyShell.run(GroovyShell.java:518)
	at groovy.lang.GroovyShell.run(GroovyShell.java:507)
	at groovy.ui.GroovyMain.processOnce(GroovyMain.java:653)
	at groovy.ui.GroovyMain.run(GroovyMain.java:384)
	at groovy.ui.GroovyMain.process(GroovyMain.java:370)
	at groovy.ui.GroovyMain.processArgs(GroovyMain.java:129)
	at groovy.ui.GroovyMain.main(GroovyMain.java:109)
	at sun.reflect.NativeMethodAccessorImpl.invoke0(Native Method)
	at sun.reflect.NativeMethodAccessorImpl.invoke(NativeMethodAccessorImpl.java:62)
	at sun.reflect.DelegatingMethodAccessorImpl.invoke(DelegatingMethodAccessorImpl.java:43)
	at java.lang.reflect.Method.invoke(Method.java:498)
	at org.codehaus.groovy.tools.GroovyStarter.rootLoader(GroovyStarter.java:109)
	at org.codehaus.groovy.tools.GroovyStarter.main(GroovyStarter.java:131)
)]]></system-out>
      <system-err><![CDATA[2018-10-16 17:30:05 - [TEST_SUITE][FAILED] - TC1 Sanity Check: Test Cases/TC1/TC1 - Navigation and CTAs FAILED because (of) (Stack trace: com.kms.katalon.core.exception.StepFailedException: com.kms.katalon.core.webui.exception.WebElementNotFoundException: Web element with id: 'Object Repository/Page_Log in/div_Logout Successful.' located by 'By.xpath: //div[(text() = 'Logout Successful.' or . = 'Logout Successful.')]' not found
	at com.kms.katalon.core.keyword.internal.KeywordMain.stepFailed(KeywordMain.groovy:32)
	at com.kms.katalon.core.webui.keyword.internal.WebUIKeywordMain.stepFailed(WebUIKeywordMain.groovy:65)
	at com.kms.katalon.core.webui.keyword.builtin.VerifyElementPresentKeyword$_verifyElementPresent_closure1.doCall(VerifyElementPresentKeyword.groovy:85)
	at com.kms.katalon.core.webui.keyword.builtin.VerifyElementPresentKeyword$_verifyElementPresent_closure1.call(VerifyElementPresentKeyword.groovy)
	at com.kms.katalon.core.webui.keyword.internal.WebUIKeywordMain.runKeyword(WebUIKeywordMain.groovy:21)
	at com.kms.katalon.core.webui.keyword.builtin.VerifyElementPresentKeyword.verifyElementPresent(VerifyElementPresentKeyword.groovy:92)
	at com.kms.katalon.core.webui.keyword.builtin.VerifyElementPresentKeyword.execute(VerifyElementPresentKeyword.groovy:68)
	at com.kms.katalon.core.keyword.internal.KeywordExecutor.executeKeywordForPlatform(KeywordExecutor.groovy:53)
	at com.kms.katalon.core.webui.keyword.WebUiBuiltInKeywords.verifyElementPresent(WebUiBuiltInKeywords.groovy:1434)
	at com.kms.katalon.core.webui.keyword.WebUiBuiltInKeywords$verifyElementPresent$4.call(Unknown Source)
	at org.codehaus.groovy.runtime.callsite.CallSiteArray.defaultCall(CallSiteArray.java:48)
	at org.codehaus.groovy.runtime.callsite.AbstractCallSite.call(AbstractCallSite.java:113)
	at org.codehaus.groovy.runtime.callsite.AbstractCallSite.call(AbstractCallSite.java:133)
	at Script1538969837653.run(Script1538969837653.groovy:150)
	at com.kms.katalon.core.main.ScriptEngine.run(ScriptEngine.java:183)
	at com.kms.katalon.core.main.ScriptEngine.runScriptAsRawText(ScriptEngine.java:108)
	at com.kms.katalon.core.main.TestCaseExecutor.runScript(TestCaseExecutor.java:294)
	at com.kms.katalon.core.main.TestCaseExecutor.doExecute(TestCaseExecutor.java:285)
	at com.kms.katalon.core.main.TestCaseExecutor.processExecutionPhase(TestCaseExecutor.java:264)
	at com.kms.katalon.core.main.TestCaseExecutor.accessMainPhase(TestCaseExecutor.java:256)
	at com.kms.katalon.core.main.TestCaseExecutor.execute(TestCaseExecutor.java:200)
	at com.kms.katalon.core.main.TestSuiteExecutor.accessTestCaseMainPhase(TestSuiteExecutor.java:129)
	at com.kms.katalon.core.main.TestSuiteExecutor.accessTestSuiteMainPhase(TestSuiteExecutor.java:112)
	at com.kms.katalon.core.main.TestSuiteExecutor.execute(TestSuiteExecutor.java:81)
	at com.kms.katalon.core.main.TestCaseMain.startTestSuite(TestCaseMain.java:142)
	at com.kms.katalon.core.main.TestCaseMain$startTestSuite$0.call(Unknown Source)
	at org.codehaus.groovy.runtime.callsite.CallSiteArray.defaultCall(CallSiteArray.java:48)
	at org.codehaus.groovy.runtime.callsite.AbstractCallSite.call(AbstractCallSite.java:113)
	at org.codehaus.groovy.runtime.callsite.AbstractCallSite.call(AbstractCallSite.java:141)
	at TempTestSuite1539736204149.run(TempTestSuite1539736204149.groovy:36)
	at groovy.lang.GroovyShell.runScriptOrMainOrTestOrRunnable(GroovyShell.java:263)
	at groovy.lang.GroovyShell.run(GroovyShell.java:518)
	at groovy.lang.GroovyShell.run(GroovyShell.java:507)
	at groovy.ui.GroovyMain.processOnce(GroovyMain.java:653)
	at groovy.ui.GroovyMain.run(GroovyMain.java:384)
	at groovy.ui.GroovyMain.process(GroovyMain.java:370)
	at groovy.ui.GroovyMain.processArgs(GroovyMain.java:129)
	at groovy.ui.GroovyMain.main(GroovyMain.java:109)
	at sun.reflect.NativeMethodAccessorImpl.invoke0(Native Method)
	at sun.reflect.NativeMethodAccessorImpl.invoke(NativeMethodAccessorImpl.java:62)
	at sun.reflect.DelegatingMethodAccessorImpl.invoke(DelegatingMethodAccessorImpl.java:43)
	at java.lang.reflect.Method.invoke(Method.java:498)
	at org.codehaus.groovy.tools.GroovyStarter.rootLoader(GroovyStarter.java:109)
	at org.codehaus.groovy.tools.GroovyStarter.main(GroovyStarter.java:131)
)]]></system-err>
   </testsuite>
</testsuites>
