<?xml version="1.0" encoding="UTF-8"?>
<testsuites name="Prod 3 Sanity Check" time="608" tests="3" failures="3" errors="0">
   <testsuite name="Prod 3 Sanity Check" tests="3" failures="3" errors="0" time="608" timestamp="2018-11-19 13:19:46" hostname="alahley - 172.16.168.60" id="Test Suites/Prod 3 Sanity Check">
      <properties>
         <property name="deviceName" value=""/>
         <property name="devicePlatform" value=""/>
         <property name="logFolder" value="/Users/alahley/Katalon Studio/Analytics/Reports/Prod 3 Sanity Check/20181119_131945"/>
         <property name="logFiles" value="/Users/alahley/Katalon Studio/Analytics/Reports/Prod 3 Sanity Check/20181119_131945/execution0.log"/>
         <property name="attachments" value="/Users/alahley/Katalon Studio/Analytics/Reports/Prod 3 Sanity Check/20181119_131945/1542662507509.png, /Users/alahley/Katalon Studio/Analytics/Reports/Prod 3 Sanity Check/20181119_131945/1542662608954.png, /Users/alahley/Katalon Studio/Analytics/Reports/Prod 3 Sanity Check/20181119_131945/1542662609135.png, /Users/alahley/Katalon Studio/Analytics/Reports/Prod 3 Sanity Check/20181119_131945/1542662707067.png, /Users/alahley/Katalon Studio/Analytics/Reports/Prod 3 Sanity Check/20181119_131945/1542662707356.png"/>
         <property name="hostName" value="alahley - 172.16.168.60"/>
         <property name="os" value="Mac OS X 64bit"/>
         <property name="katalonVersion" value="4.1.0.2"/>
         <property name="browser" value="Firefox 62.0"/>
         <property name="hostAddress" value="172.16.168.60"/>
         <property name="sessionId" value="66803d80-d7de-d24f-9897-0c01b40d604d"/>
         <property name="seleniumVersion" value="3.7.1"/>
         <property name="proxyInformation" value="ProxyInformation{proxyOption=NO_PROXY, proxyServerType=HTTP, password=, proxyServerAddress=, proxyServerPort=0}"/>
         <property name="platform" value="Mac OS X"/>
      </properties>
      <testcase name="Test Cases/Prod 3/Prod 3 - Logging In and Out" classname="Test Cases/Prod 3/Prod 3 - Logging In and Out" status="PASSED">
         <system-out><![CDATA[2018-11-19 13:19:46 - [TEST_CASE][PASSED] - Test Cases/Prod 3/Prod 3 - Logging In and Out: Test Cases/Prod 3/Prod 3 - Logging In and Out

2018-11-19 13:19:47 - [TEST_STEP][PASSED] - openBrowser: Browser is opened with url: 'https://stats.ac1.kontiki.com/login/email'

2018-11-19 13:19:53 - [MESSAGE][PASSED] - Browser is opened with url: 'https://stats.ac1.kontiki.com/login/email'

2018-11-19 13:19:53 - [TEST_STEP][PASSED] - setText: Text 'alahley@kollective.com' is set on object 'Object Repository/Page_Log in/input_email (2)'

2018-11-19 13:19:53 - [MESSAGE][PASSED] - Text 'alahley@kollective.com' is set on object 'Object Repository/Page_Log in/input_email (2)'

2018-11-19 13:19:53 - [TEST_STEP][PASSED] - setEncryptedText: Text ****** has been set on object 'Object Repository/Page_Log in/input_password (2)'

2018-11-19 13:19:53 - [MESSAGE][PASSED] - Text ****** has been set on object 'Object Repository/Page_Log in/input_password (2)'

2018-11-19 13:19:53 - [TEST_STEP][PASSED] - click: Object: 'Object Repository/Page_Log in/input_remember (2)' is clicked on

2018-11-19 13:19:53 - [MESSAGE][PASSED] - Object: 'Object Repository/Page_Log in/input_remember (2)' is clicked on

2018-11-19 13:19:53 - [TEST_STEP][PASSED] - click: Object: 'Object Repository/Page_Log in/input_login-submit (2)' is clicked on

2018-11-19 13:19:57 - [MESSAGE][PASSED] - Object: 'Object Repository/Page_Log in/input_login-submit (2)' is clicked on

2018-11-19 13:19:57 - [TEST_STEP][PASSED] - waitForAngularLoad: Angular is ready.

2018-11-19 13:20:00 - [MESSAGE][PASSED] - Angular is ready.

2018-11-19 13:20:00 - [TEST_STEP][PASSED] - verifyElementPresent: Object 'Object Repository/Page_Overview/a' is present

2018-11-19 13:20:00 - [MESSAGE][WARNING] - Timeout '0' is invalid. Using default page load timeout: '30'

2018-11-19 13:20:00 - [MESSAGE][PASSED] - Object 'Object Repository/Page_Overview/a' is present

2018-11-19 13:20:00 - [TEST_STEP][PASSED] - verifyElementPresent: Object 'Object Repository/Page_Overview/div_Release Notes_flyout-backg (1)' is present

2018-11-19 13:20:00 - [MESSAGE][WARNING] - Timeout '0' is invalid. Using default page load timeout: '30'

2018-11-19 13:20:01 - [MESSAGE][PASSED] - Object 'Object Repository/Page_Overview/div_Release Notes_flyout-backg (1)' is present

2018-11-19 13:20:01 - [TEST_STEP][PASSED] - verifyElementPresent: Object 'Object Repository/Page_Overview/div_Admin_real-image' is present

2018-11-19 13:20:01 - [MESSAGE][WARNING] - Timeout '0' is invalid. Using default page load timeout: '30'

2018-11-19 13:20:01 - [MESSAGE][PASSED] - Object 'Object Repository/Page_Overview/div_Admin_real-image' is present

2018-11-19 13:20:01 - [TEST_STEP][PASSED] - verifyElementPresent: Object 'Object Repository/Page_Overview/div_Release Notes_flyout-backg (1)' is present

2018-11-19 13:20:01 - [MESSAGE][WARNING] - Timeout '0' is invalid. Using default page load timeout: '30'

2018-11-19 13:20:01 - [MESSAGE][PASSED] - Object 'Object Repository/Page_Overview/div_Release Notes_flyout-backg (1)' is present

2018-11-19 13:20:01 - [TEST_STEP][PASSED] - verifyElementPresent: Object 'Object Repository/Page_Overview/i_Admin_lk-icon-arrow-down-car' is present

2018-11-19 13:20:01 - [MESSAGE][WARNING] - Timeout '0' is invalid. Using default page load timeout: '30'

2018-11-19 13:20:01 - [MESSAGE][PASSED] - Object 'Object Repository/Page_Overview/i_Admin_lk-icon-arrow-down-car' is present

2018-11-19 13:20:01 - [TEST_STEP][PASSED] - verifyElementPresent: Object 'Object Repository/Page_Overview/div_Live EventsOverview' is present

2018-11-19 13:20:01 - [MESSAGE][WARNING] - Timeout '0' is invalid. Using default page load timeout: '30'

2018-11-19 13:20:01 - [MESSAGE][PASSED] - Object 'Object Repository/Page_Overview/div_Live EventsOverview' is present

2018-11-19 13:20:01 - [TEST_STEP][PASSED] - verifyElementPresent: Object 'Object Repository/Page_Overview/div_View your detailed Network (1)' is present

2018-11-19 13:20:01 - [MESSAGE][WARNING] - Timeout '0' is invalid. Using default page load timeout: '30'

2018-11-19 13:20:01 - [MESSAGE][PASSED] - Object 'Object Repository/Page_Overview/div_View your detailed Network (1)' is present

2018-11-19 13:20:01 - [TEST_STEP][PASSED] - verifyElementPresent: Object 'Object Repository/Page_Overview/div_NetworkOverview' is present

2018-11-19 13:20:01 - [MESSAGE][WARNING] - Timeout '0' is invalid. Using default page load timeout: '30'

2018-11-19 13:20:01 - [MESSAGE][PASSED] - Object 'Object Repository/Page_Overview/div_NetworkOverview' is present

2018-11-19 13:20:01 - [TEST_STEP][PASSED] - verifyElementPresent: Object 'Object Repository/Page_Overview/div_Filters Time Filter is in' is present

2018-11-19 13:20:01 - [MESSAGE][WARNING] - Timeout '0' is invalid. Using default page load timeout: '30'

2018-11-19 13:20:01 - [MESSAGE][PASSED] - Object 'Object Repository/Page_Overview/div_Filters Time Filter is in' is present

2018-11-19 13:20:01 - [TEST_STEP][PASSED] - click: Object: 'Object Repository/Page_Overview/a' is clicked on

2018-11-19 13:20:01 - [MESSAGE][PASSED] - Object: 'Object Repository/Page_Overview/a' is clicked on

2018-11-19 13:20:01 - [TEST_STEP][PASSED] - click: Object: 'Object Repository/Page_Overview/a_Log Out' is clicked on

2018-11-19 13:20:02 - [MESSAGE][PASSED] - Object: 'Object Repository/Page_Overview/a_Log Out' is clicked on

2018-11-19 13:20:02 - [TEST_STEP][PASSED] - verifyElementPresent: Object 'Object Repository/Page_Log in/div_Logout Successful.' is present

2018-11-19 13:20:02 - [MESSAGE][WARNING] - Timeout '0' is invalid. Using default page load timeout: '30'

2018-11-19 13:20:02 - [MESSAGE][PASSED] - Object 'Object Repository/Page_Log in/div_Logout Successful.' is present

2018-11-19 13:20:02 - [TEST_STEP][PASSED] - verifyTextPresent: Text 'Logout Successful.' is present on page 

2018-11-19 13:20:02 - [MESSAGE][PASSED] - Text 'Logout Successful.' is present on page 

2018-11-19 13:20:02 - [TEST_STEP][PASSED] - closeBrowser: Browser is closed

2018-11-19 13:20:03 - [MESSAGE][PASSED] - Browser is closed]]></system-out>
         <system-err><![CDATA[]]></system-err>
      </testcase>
      <testcase name="Test Cases/Prod 3/Prod 3 - Navigation and CTAs" classname="Test Cases/Prod 3/Prod 3 - Navigation and CTAs" status="PASSED">
         <system-out><![CDATA[2018-11-19 13:20:03 - [TEST_CASE][PASSED] - Test Cases/Prod 3/Prod 3 - Navigation and CTAs: Test Cases/Prod 3/Prod 3 - Navigation and CTAs

2018-11-19 13:20:03 - [TEST_STEP][PASSED] - openBrowser: Browser is opened with url: 'https://stats.ac1.kontiki.com/login/email'

2018-11-19 13:20:07 - [MESSAGE][PASSED] - Browser is opened with url: 'https://stats.ac1.kontiki.com/login/email'

2018-11-19 13:20:07 - [TEST_STEP][PASSED] - setText: Text 'alahley@kollective.com' is set on object 'Object Repository/Page_Log in/input_email (2)'

2018-11-19 13:20:07 - [MESSAGE][PASSED] - Text 'alahley@kollective.com' is set on object 'Object Repository/Page_Log in/input_email (2)'

2018-11-19 13:20:07 - [TEST_STEP][PASSED] - setEncryptedText: Text ****** has been set on object 'Object Repository/Page_Log in/input_password (2)'

2018-11-19 13:20:07 - [MESSAGE][PASSED] - Text ****** has been set on object 'Object Repository/Page_Log in/input_password (2)'

2018-11-19 13:20:07 - [TEST_STEP][PASSED] - click: Object: 'Object Repository/Page_Log in/input_remember (2)' is clicked on

2018-11-19 13:20:08 - [MESSAGE][PASSED] - Object: 'Object Repository/Page_Log in/input_remember (2)' is clicked on

2018-11-19 13:20:08 - [TEST_STEP][PASSED] - click: Object: 'Object Repository/Page_Log in/input_login-submit (2)' is clicked on

2018-11-19 13:20:11 - [MESSAGE][PASSED] - Object: 'Object Repository/Page_Log in/input_login-submit (2)' is clicked on

2018-11-19 13:20:11 - [TEST_STEP][PASSED] - waitForAngularLoad: Angular is ready.

2018-11-19 13:20:14 - [MESSAGE][PASSED] - Angular is ready.

2018-11-19 13:20:14 - [TEST_STEP][PASSED] - waitForPageLoad: Wait for page load successfully

2018-11-19 13:20:14 - [MESSAGE][WARNING] - Timeout '0' is invalid. Using default page load timeout: '30'

2018-11-19 13:20:14 - [MESSAGE][PASSED] - Wait for page load successfully

2018-11-19 13:20:14 - [TEST_STEP][PASSED] - verifyElementVisible: Object 'Object Repository/Page_Network Summary/a_Overview' is visible

2018-11-19 13:20:14 - [MESSAGE][PASSED] - Object 'Object Repository/Page_Network Summary/a_Overview' is visible

2018-11-19 13:20:14 - [TEST_STEP][PASSED] - verifyElementVisible: Object 'Object Repository/Page_Overview/a_Go to Live Event Summary' is visible

2018-11-19 13:20:15 - [MESSAGE][PASSED] - Object 'Object Repository/Page_Overview/a_Go to Live Event Summary' is visible

2018-11-19 13:20:15 - [TEST_STEP][PASSED] - click: Object: 'Object Repository/Page_Overview/a_Go to Live Event Summary' is clicked on

2018-11-19 13:20:17 - [MESSAGE][PASSED] - Object: 'Object Repository/Page_Overview/a_Go to Live Event Summary' is clicked on

2018-11-19 13:20:17 - [TEST_STEP][PASSED] - waitForAngularLoad: Angular is ready.

2018-11-19 13:20:21 - [MESSAGE][PASSED] - Angular is ready.

2018-11-19 13:20:21 - [TEST_STEP][PASSED] - verifyElementText: Actual text and expected text of test object 'Object Repository/Page_Live Event Summary/div_Live Event Summary' are matched.

2018-11-19 13:20:21 - [MESSAGE][PASSED] - Actual text and expected text of test object 'Object Repository/Page_Live Event Summary/div_Live Event Summary' are matched.

2018-11-19 13:20:21 - [TEST_STEP][PASSED] - click: Object: 'Object Repository/Page_Network Summary/a_Overview' is clicked on

2018-11-19 13:20:24 - [MESSAGE][PASSED] - Object: 'Object Repository/Page_Network Summary/a_Overview' is clicked on

2018-11-19 13:20:24 - [TEST_STEP][PASSED] - waitForAngularLoad: Angular is ready.

2018-11-19 13:20:26 - [MESSAGE][PASSED] - Angular is ready.

2018-11-19 13:20:26 - [TEST_STEP][PASSED] - verifyElementVisible: Object 'Object Repository/Page_Overview/a_Go to VoD Summary' is visible

2018-11-19 13:20:27 - [MESSAGE][PASSED] - Object 'Object Repository/Page_Overview/a_Go to VoD Summary' is visible

2018-11-19 13:20:27 - [TEST_STEP][PASSED] - click: Object: 'Object Repository/Page_Overview/a_Go to VoD Summary' is clicked on

2018-11-19 13:20:30 - [MESSAGE][PASSED] - Object: 'Object Repository/Page_Overview/a_Go to VoD Summary' is clicked on

2018-11-19 13:20:30 - [TEST_STEP][PASSED] - waitForAngularLoad: Angular is ready.

2018-11-19 13:20:32 - [MESSAGE][PASSED] - Angular is ready.

2018-11-19 13:20:32 - [TEST_STEP][PASSED] - verifyElementText: Actual text and expected text of test object 'Object Repository/Page_Video on Demand Summary/div_Video on Demand Summary' are matched.

2018-11-19 13:20:32 - [MESSAGE][PASSED] - Actual text and expected text of test object 'Object Repository/Page_Video on Demand Summary/div_Video on Demand Summary' are matched.

2018-11-19 13:20:32 - [TEST_STEP][PASSED] - click: Object: 'Object Repository/Page_Network Summary/a_Overview' is clicked on

2018-11-19 13:20:33 - [MESSAGE][PASSED] - Object: 'Object Repository/Page_Network Summary/a_Overview' is clicked on

2018-11-19 13:20:33 - [TEST_STEP][PASSED] - waitForAngularLoad: Angular is ready.

2018-11-19 13:20:34 - [MESSAGE][PASSED] - Angular is ready.

2018-11-19 13:20:34 - [TEST_STEP][PASSED] - verifyElementVisible: Object 'Object Repository/Page_Overview/a_Go to Network Summary' is visible

2018-11-19 13:20:38 - [MESSAGE][PASSED] - Object 'Object Repository/Page_Overview/a_Go to Network Summary' is visible

2018-11-19 13:20:38 - [TEST_STEP][PASSED] - click: Object: 'Object Repository/Page_Overview/a_Go to Network Summary' is clicked on

2018-11-19 13:20:39 - [MESSAGE][PASSED] - Object: 'Object Repository/Page_Overview/a_Go to Network Summary' is clicked on

2018-11-19 13:20:39 - [TEST_STEP][PASSED] - waitForAngularLoad: Angular is ready.

2018-11-19 13:20:46 - [MESSAGE][PASSED] - Angular is ready.

2018-11-19 13:20:46 - [TEST_STEP][PASSED] - verifyElementText: Actual text and expected text of test object 'Object Repository/Page_Network Summary/div_Network Summary' are matched.

2018-11-19 13:20:47 - [MESSAGE][PASSED] - Actual text and expected text of test object 'Object Repository/Page_Network Summary/div_Network Summary' are matched.

2018-11-19 13:20:47 - [TEST_STEP][PASSED] - click: Object: 'Object Repository/Page_Network Summary/a_Overview' is clicked on

2018-11-19 13:20:49 - [MESSAGE][PASSED] - Object: 'Object Repository/Page_Network Summary/a_Overview' is clicked on

2018-11-19 13:20:49 - [TEST_STEP][PASSED] - waitForAngularLoad: Angular is ready.

2018-11-19 13:20:50 - [MESSAGE][PASSED] - Angular is ready.

2018-11-19 13:20:50 - [TEST_STEP][PASSED] - click: Object: 'Object Repository/Page_Overview/a_Network' is clicked on

2018-11-19 13:20:52 - [MESSAGE][PASSED] - Object: 'Object Repository/Page_Overview/a_Network' is clicked on

2018-11-19 13:20:52 - [TEST_STEP][PASSED] - verifyElementPresent: Object 'Object Repository/Page_Overview/a_Network Summary' is present

2018-11-19 13:20:52 - [MESSAGE][WARNING] - Timeout '0' is invalid. Using default page load timeout: '30'

2018-11-19 13:20:52 - [MESSAGE][PASSED] - Object 'Object Repository/Page_Overview/a_Network Summary' is present

2018-11-19 13:20:52 - [TEST_STEP][PASSED] - verifyElementClickable: Object 'Object Repository/Page_Overview/a_Network Summary' is clickable

2018-11-19 13:20:52 - [MESSAGE][PASSED] - Object 'Object Repository/Page_Overview/a_Network Summary' is clickable

2018-11-19 13:20:52 - [TEST_STEP][PASSED] - click: Object: 'Object Repository/Page_Overview/a_Network Summary' is clicked on

2018-11-19 13:20:55 - [MESSAGE][PASSED] - Object: 'Object Repository/Page_Overview/a_Network Summary' is clicked on

2018-11-19 13:20:55 - [TEST_STEP][PASSED] - waitForAngularLoad: Angular is ready.

2018-11-19 13:20:59 - [MESSAGE][PASSED] - Angular is ready.

2018-11-19 13:20:59 - [TEST_STEP][PASSED] - click: Object: 'Object Repository/Page_Overview/a_Network' is clicked on

2018-11-19 13:21:02 - [MESSAGE][PASSED] - Object: 'Object Repository/Page_Overview/a_Network' is clicked on

2018-11-19 13:21:02 - [TEST_STEP][PASSED] - verifyElementPresent: Object 'Object Repository/Page_Network Summary/a_Network Content' is present

2018-11-19 13:21:02 - [MESSAGE][WARNING] - Timeout '0' is invalid. Using default page load timeout: '30'

2018-11-19 13:21:02 - [MESSAGE][PASSED] - Object 'Object Repository/Page_Network Summary/a_Network Content' is present

2018-11-19 13:21:02 - [TEST_STEP][PASSED] - verifyElementClickable: Object 'Object Repository/Page_Network Summary/a_Network Content' is clickable

2018-11-19 13:21:02 - [MESSAGE][PASSED] - Object 'Object Repository/Page_Network Summary/a_Network Content' is clickable

2018-11-19 13:21:02 - [TEST_STEP][PASSED] - click: Object: 'Object Repository/Page_Network Summary/a_Network Content' is clicked on

2018-11-19 13:21:05 - [MESSAGE][PASSED] - Object: 'Object Repository/Page_Network Summary/a_Network Content' is clicked on

2018-11-19 13:21:05 - [TEST_STEP][PASSED] - waitForAngularLoad: Angular is ready.

2018-11-19 13:21:07 - [MESSAGE][PASSED] - Angular is ready.

2018-11-19 13:21:07 - [TEST_STEP][PASSED] - click: Object: 'Object Repository/Page_Overview/a_Network' is clicked on

2018-11-19 13:21:07 - [MESSAGE][PASSED] - Object: 'Object Repository/Page_Overview/a_Network' is clicked on

2018-11-19 13:21:07 - [TEST_STEP][PASSED] - verifyElementPresent: Object 'Object Repository/Page_Network Content/a_Network Locality' is present

2018-11-19 13:21:07 - [MESSAGE][WARNING] - Timeout '0' is invalid. Using default page load timeout: '30'

2018-11-19 13:21:07 - [MESSAGE][PASSED] - Object 'Object Repository/Page_Network Content/a_Network Locality' is present

2018-11-19 13:21:07 - [TEST_STEP][PASSED] - verifyElementClickable: Object 'Object Repository/Page_Network Content/a_Network Locality' is clickable

2018-11-19 13:21:07 - [MESSAGE][PASSED] - Object 'Object Repository/Page_Network Content/a_Network Locality' is clickable

2018-11-19 13:21:07 - [TEST_STEP][PASSED] - click: Object: 'Object Repository/Page_Network Content/a_Network Locality' is clicked on

2018-11-19 13:21:09 - [MESSAGE][PASSED] - Object: 'Object Repository/Page_Network Content/a_Network Locality' is clicked on

2018-11-19 13:21:09 - [TEST_STEP][PASSED] - waitForAngularLoad: Angular is ready.

2018-11-19 13:21:12 - [MESSAGE][PASSED] - Angular is ready.

2018-11-19 13:21:12 - [TEST_STEP][PASSED] - click: Object: 'Object Repository/Page_Network Locality/a_Live Events' is clicked on

2018-11-19 13:21:13 - [MESSAGE][PASSED] - Object: 'Object Repository/Page_Network Locality/a_Live Events' is clicked on

2018-11-19 13:21:13 - [TEST_STEP][PASSED] - verifyElementPresent: Object 'Object Repository/Page_Network Locality/a_Live Event Summary' is present

2018-11-19 13:21:13 - [MESSAGE][WARNING] - Timeout '0' is invalid. Using default page load timeout: '30'

2018-11-19 13:21:13 - [MESSAGE][PASSED] - Object 'Object Repository/Page_Network Locality/a_Live Event Summary' is present

2018-11-19 13:21:13 - [TEST_STEP][PASSED] - verifyElementClickable: Object 'Object Repository/Page_Network Locality/a_Live Event Summary' is clickable

2018-11-19 13:21:13 - [MESSAGE][PASSED] - Object 'Object Repository/Page_Network Locality/a_Live Event Summary' is clickable

2018-11-19 13:21:13 - [TEST_STEP][PASSED] - verifyElementPresent: Object 'Object Repository/Page_Live Event Summary/a_Live Event' is present

2018-11-19 13:21:13 - [MESSAGE][WARNING] - Timeout '0' is invalid. Using default page load timeout: '30'

2018-11-19 13:21:13 - [MESSAGE][PASSED] - Object 'Object Repository/Page_Live Event Summary/a_Live Event' is present

2018-11-19 13:21:13 - [TEST_STEP][PASSED] - verifyElementClickable: Object 'Object Repository/Page_Live Event Summary/a_Live Event' is clickable

2018-11-19 13:21:13 - [MESSAGE][PASSED] - Object 'Object Repository/Page_Live Event Summary/a_Live Event' is clickable

2018-11-19 13:21:13 - [TEST_STEP][PASSED] - verifyElementPresent: Object 'Object Repository/Page_Live Event/a_Live (In Progress) Event' is present

2018-11-19 13:21:13 - [MESSAGE][WARNING] - Timeout '0' is invalid. Using default page load timeout: '30'

2018-11-19 13:21:13 - [MESSAGE][PASSED] - Object 'Object Repository/Page_Live Event/a_Live (In Progress) Event' is present

2018-11-19 13:21:13 - [TEST_STEP][PASSED] - verifyElementClickable: Object 'Object Repository/Page_Live Event/a_Live (In Progress) Event' is clickable

2018-11-19 13:21:13 - [MESSAGE][PASSED] - Object 'Object Repository/Page_Live Event/a_Live (In Progress) Event' is clickable

2018-11-19 13:21:13 - [TEST_STEP][PASSED] - click: Object: 'Object Repository/Page_Live (In Progress) Event/a_Video on Demand' is clicked on

2018-11-19 13:21:14 - [MESSAGE][PASSED] - Object: 'Object Repository/Page_Live (In Progress) Event/a_Video on Demand' is clicked on

2018-11-19 13:21:14 - [TEST_STEP][PASSED] - verifyElementPresent: Object 'Object Repository/Page_Live (In Progress) Event/a_Video on Demand Summary' is present

2018-11-19 13:21:14 - [MESSAGE][WARNING] - Timeout '0' is invalid. Using default page load timeout: '30'

2018-11-19 13:21:14 - [MESSAGE][PASSED] - Object 'Object Repository/Page_Live (In Progress) Event/a_Video on Demand Summary' is present

2018-11-19 13:21:14 - [TEST_STEP][PASSED] - verifyElementClickable: Object 'Object Repository/Page_Live (In Progress) Event/a_Video on Demand Summary' is clickable

2018-11-19 13:21:14 - [MESSAGE][PASSED] - Object 'Object Repository/Page_Live (In Progress) Event/a_Video on Demand Summary' is clickable

2018-11-19 13:21:14 - [TEST_STEP][PASSED] - verifyElementPresent: Object 'Object Repository/Page_Video on Demand Summary/a_Video on Demand_1' is present

2018-11-19 13:21:14 - [MESSAGE][WARNING] - Timeout '0' is invalid. Using default page load timeout: '30'

2018-11-19 13:21:14 - [MESSAGE][PASSED] - Object 'Object Repository/Page_Video on Demand Summary/a_Video on Demand_1' is present

2018-11-19 13:21:14 - [TEST_STEP][PASSED] - verifyElementClickable: Object 'Object Repository/Page_Video on Demand Summary/a_Video on Demand_1' is clickable

2018-11-19 13:21:14 - [MESSAGE][PASSED] - Object 'Object Repository/Page_Video on Demand Summary/a_Video on Demand_1' is clickable

2018-11-19 13:21:14 - [TEST_STEP][PASSED] - verifyElementPresent: Object 'Object Repository/Page_Video on Demand/a_SCCM' is present

2018-11-19 13:21:14 - [MESSAGE][WARNING] - Timeout '0' is invalid. Using default page load timeout: '30'

2018-11-19 13:21:14 - [MESSAGE][PASSED] - Object 'Object Repository/Page_Video on Demand/a_SCCM' is present

2018-11-19 13:21:14 - [TEST_STEP][PASSED] - verifyElementClickable: Object 'Object Repository/Page_Video on Demand/a_SCCM' is clickable

2018-11-19 13:21:14 - [MESSAGE][PASSED] - Object 'Object Repository/Page_Video on Demand/a_SCCM' is clickable

2018-11-19 13:21:14 - [TEST_STEP][PASSED] - click: Object: 'Object Repository/Page_Video on Demand/a_SCCM' is clicked on

2018-11-19 13:21:16 - [MESSAGE][PASSED] - Object: 'Object Repository/Page_Video on Demand/a_SCCM' is clicked on

2018-11-19 13:21:16 - [TEST_STEP][PASSED] - waitForAngularLoad: Angular is ready.

2018-11-19 13:21:18 - [MESSAGE][PASSED] - Angular is ready.

2018-11-19 13:21:18 - [TEST_STEP][PASSED] - click: Object: 'Object Repository/Page_Network Summary/a_Overview' is clicked on

2018-11-19 13:21:21 - [MESSAGE][PASSED] - Object: 'Object Repository/Page_Network Summary/a_Overview' is clicked on

2018-11-19 13:21:21 - [TEST_STEP][PASSED] - waitForAngularLoad: Angular is ready.

2018-11-19 13:21:23 - [MESSAGE][PASSED] - Angular is ready.

2018-11-19 13:21:23 - [TEST_STEP][PASSED] - click: Object: 'Object Repository/Page_SCCM Summary/a' is clicked on

2018-11-19 13:21:24 - [MESSAGE][PASSED] - Object: 'Object Repository/Page_SCCM Summary/a' is clicked on

2018-11-19 13:21:24 - [TEST_STEP][PASSED] - verifyElementPresent: Object 'Object Repository/Page_SCCM Summary/a_Log Out' is present

2018-11-19 13:21:24 - [MESSAGE][WARNING] - Timeout '0' is invalid. Using default page load timeout: '30'

2018-11-19 13:21:24 - [MESSAGE][PASSED] - Object 'Object Repository/Page_SCCM Summary/a_Log Out' is present

2018-11-19 13:21:24 - [TEST_STEP][PASSED] - click: Object: 'Object Repository/Page_SCCM Summary/a_Log Out' is clicked on

2018-11-19 13:21:24 - [MESSAGE][PASSED] - Object: 'Object Repository/Page_SCCM Summary/a_Log Out' is clicked on

2018-11-19 13:21:24 - [TEST_STEP][PASSED] - verifyElementPresent: Object 'Object Repository/Page_Log in/div_Logout Successful.' is present

2018-11-19 13:21:24 - [MESSAGE][WARNING] - Timeout '0' is invalid. Using default page load timeout: '30'

2018-11-19 13:21:24 - [MESSAGE][PASSED] - Object 'Object Repository/Page_Log in/div_Logout Successful.' is present

2018-11-19 13:21:24 - [TEST_STEP][PASSED] - verifyTextPresent: Text 'Logout Successful.' is present on page 

2018-11-19 13:21:24 - [MESSAGE][PASSED] - Text 'Logout Successful.' is present on page 

2018-11-19 13:21:24 - [TEST_STEP][PASSED] - closeBrowser: Browser is closed

2018-11-19 13:21:25 - [MESSAGE][PASSED] - Browser is closed]]></system-out>
         <system-err><![CDATA[]]></system-err>
      </testcase>
      <testcase name="Test Cases/Prod 3/Prod 3 - Overview, or Landing Page" classname="Test Cases/Prod 3/Prod 3 - Overview, or Landing Page" status="FAILED">
         <failure type="FAILED" message="(Stack trace: com.kms.katalon.core.exception.StepFailedException: Actual text '56,496' and expected text '56,499' of test object 'Object Repository/Page_Overview/div_56499' are NOT matched.
	at com.kms.katalon.core.keyword.internal.KeywordMain.stepFailed(KeywordMain.groovy:32)
	at com.kms.katalon.core.webui.keyword.internal.WebUIKeywordMain.stepFailed(WebUIKeywordMain.groovy:65)
	at com.kms.katalon.core.webui.keyword.builtin.VerifyElementTextKeyword$_verifyElementText_closure1.doCall(VerifyElementTextKeyword.groovy:57)
	at com.kms.katalon.core.webui.keyword.builtin.VerifyElementTextKeyword$_verifyElementText_closure1.call(VerifyElementTextKeyword.groovy)
	at com.kms.katalon.core.webui.keyword.internal.WebUIKeywordMain.runKeyword(WebUIKeywordMain.groovy:21)
	at com.kms.katalon.core.webui.keyword.builtin.VerifyElementTextKeyword.verifyElementText(VerifyElementTextKeyword.groovy:72)
	at com.kms.katalon.core.webui.keyword.builtin.VerifyElementTextKeyword.execute(VerifyElementTextKeyword.groovy:40)
	at com.kms.katalon.core.keyword.internal.KeywordExecutor.executeKeywordForPlatform(KeywordExecutor.groovy:53)
	at com.kms.katalon.core.webui.keyword.WebUiBuiltInKeywords.verifyElementText(WebUiBuiltInKeywords.groovy:3663)
	at com.kms.katalon.core.webui.keyword.WebUiBuiltInKeywords$verifyElementText$10.call(Unknown Source)
	at org.codehaus.groovy.runtime.callsite.CallSiteArray.defaultCall(CallSiteArray.java:48)
	at org.codehaus.groovy.runtime.callsite.AbstractCallSite.call(AbstractCallSite.java:113)
	at org.codehaus.groovy.runtime.callsite.AbstractCallSite.call(AbstractCallSite.java:133)
	at Script1542236160245.run(Script1542236160245.groovy:115)
	at com.kms.katalon.core.main.ScriptEngine.run(ScriptEngine.java:183)
	at com.kms.katalon.core.main.ScriptEngine.runScriptAsRawText(ScriptEngine.java:108)
	at com.kms.katalon.core.main.TestCaseExecutor.runScript(TestCaseExecutor.java:294)
	at com.kms.katalon.core.main.TestCaseExecutor.doExecute(TestCaseExecutor.java:285)
	at com.kms.katalon.core.main.TestCaseExecutor.processExecutionPhase(TestCaseExecutor.java:264)
	at com.kms.katalon.core.main.TestCaseExecutor.accessMainPhase(TestCaseExecutor.java:256)
	at com.kms.katalon.core.main.TestCaseExecutor.execute(TestCaseExecutor.java:200)
	at com.kms.katalon.core.main.TestSuiteExecutor.accessTestCaseMainPhase(TestSuiteExecutor.java:129)
	at com.kms.katalon.core.main.TestSuiteExecutor.accessTestSuiteMainPhase(TestSuiteExecutor.java:112)
	at com.kms.katalon.core.main.TestSuiteExecutor.execute(TestSuiteExecutor.java:81)
	at com.kms.katalon.core.main.TestCaseMain.startTestSuite(TestCaseMain.java:142)
	at com.kms.katalon.core.main.TestCaseMain$startTestSuite$0.call(Unknown Source)
	at org.codehaus.groovy.runtime.callsite.CallSiteArray.defaultCall(CallSiteArray.java:48)
	at org.codehaus.groovy.runtime.callsite.AbstractCallSite.call(AbstractCallSite.java:113)
	at org.codehaus.groovy.runtime.callsite.AbstractCallSite.call(AbstractCallSite.java:141)
	at TempTestSuite1542662385301.run(TempTestSuite1542662385301.groovy:36)
	at groovy.lang.GroovyShell.runScriptOrMainOrTestOrRunnable(GroovyShell.java:263)
	at groovy.lang.GroovyShell.run(GroovyShell.java:518)
	at groovy.lang.GroovyShell.run(GroovyShell.java:507)
	at groovy.ui.GroovyMain.processOnce(GroovyMain.java:653)
	at groovy.ui.GroovyMain.run(GroovyMain.java:384)
	at groovy.ui.GroovyMain.process(GroovyMain.java:370)
	at groovy.ui.GroovyMain.processArgs(GroovyMain.java:129)
	at groovy.ui.GroovyMain.main(GroovyMain.java:109)
	at sun.reflect.NativeMethodAccessorImpl.invoke0(Native Method)
	at sun.reflect.NativeMethodAccessorImpl.invoke(NativeMethodAccessorImpl.java:62)
	at sun.reflect.DelegatingMethodAccessorImpl.invoke(DelegatingMethodAccessorImpl.java:43)
	at java.lang.reflect.Method.invoke(Method.java:498)
	at org.codehaus.groovy.tools.GroovyStarter.rootLoader(GroovyStarter.java:109)
	at org.codehaus.groovy.tools.GroovyStarter.main(GroovyStarter.java:131)
)"/>
         <system-out><![CDATA[2018-11-19 13:21:25 - [TEST_CASE][FAILED] - Test Cases/Prod 3/Prod 3 - Overview, or Landing Page: Test Cases/Prod 3/Prod 3 - Overview, or Landing Page FAILED because (of) (Stack trace: com.kms.katalon.core.exception.StepFailedException: Actual text '56,496' and expected text '56,499' of test object 'Object Repository/Page_Overview/div_56499' are NOT matched.
	at com.kms.katalon.core.keyword.internal.KeywordMain.stepFailed(KeywordMain.groovy:32)
	at com.kms.katalon.core.webui.keyword.internal.WebUIKeywordMain.stepFailed(WebUIKeywordMain.groovy:65)
	at com.kms.katalon.core.webui.keyword.builtin.VerifyElementTextKeyword$_verifyElementText_closure1.doCall(VerifyElementTextKeyword.groovy:57)
	at com.kms.katalon.core.webui.keyword.builtin.VerifyElementTextKeyword$_verifyElementText_closure1.call(VerifyElementTextKeyword.groovy)
	at com.kms.katalon.core.webui.keyword.internal.WebUIKeywordMain.runKeyword(WebUIKeywordMain.groovy:21)
	at com.kms.katalon.core.webui.keyword.builtin.VerifyElementTextKeyword.verifyElementText(VerifyElementTextKeyword.groovy:72)
	at com.kms.katalon.core.webui.keyword.builtin.VerifyElementTextKeyword.execute(VerifyElementTextKeyword.groovy:40)
	at com.kms.katalon.core.keyword.internal.KeywordExecutor.executeKeywordForPlatform(KeywordExecutor.groovy:53)
	at com.kms.katalon.core.webui.keyword.WebUiBuiltInKeywords.verifyElementText(WebUiBuiltInKeywords.groovy:3663)
	at com.kms.katalon.core.webui.keyword.WebUiBuiltInKeywords$verifyElementText$10.call(Unknown Source)
	at org.codehaus.groovy.runtime.callsite.CallSiteArray.defaultCall(CallSiteArray.java:48)
	at org.codehaus.groovy.runtime.callsite.AbstractCallSite.call(AbstractCallSite.java:113)
	at org.codehaus.groovy.runtime.callsite.AbstractCallSite.call(AbstractCallSite.java:133)
	at Script1542236160245.run(Script1542236160245.groovy:115)
	at com.kms.katalon.core.main.ScriptEngine.run(ScriptEngine.java:183)
	at com.kms.katalon.core.main.ScriptEngine.runScriptAsRawText(ScriptEngine.java:108)
	at com.kms.katalon.core.main.TestCaseExecutor.runScript(TestCaseExecutor.java:294)
	at com.kms.katalon.core.main.TestCaseExecutor.doExecute(TestCaseExecutor.java:285)
	at com.kms.katalon.core.main.TestCaseExecutor.processExecutionPhase(TestCaseExecutor.java:264)
	at com.kms.katalon.core.main.TestCaseExecutor.accessMainPhase(TestCaseExecutor.java:256)
	at com.kms.katalon.core.main.TestCaseExecutor.execute(TestCaseExecutor.java:200)
	at com.kms.katalon.core.main.TestSuiteExecutor.accessTestCaseMainPhase(TestSuiteExecutor.java:129)
	at com.kms.katalon.core.main.TestSuiteExecutor.accessTestSuiteMainPhase(TestSuiteExecutor.java:112)
	at com.kms.katalon.core.main.TestSuiteExecutor.execute(TestSuiteExecutor.java:81)
	at com.kms.katalon.core.main.TestCaseMain.startTestSuite(TestCaseMain.java:142)
	at com.kms.katalon.core.main.TestCaseMain$startTestSuite$0.call(Unknown Source)
	at org.codehaus.groovy.runtime.callsite.CallSiteArray.defaultCall(CallSiteArray.java:48)
	at org.codehaus.groovy.runtime.callsite.AbstractCallSite.call(AbstractCallSite.java:113)
	at org.codehaus.groovy.runtime.callsite.AbstractCallSite.call(AbstractCallSite.java:141)
	at TempTestSuite1542662385301.run(TempTestSuite1542662385301.groovy:36)
	at groovy.lang.GroovyShell.runScriptOrMainOrTestOrRunnable(GroovyShell.java:263)
	at groovy.lang.GroovyShell.run(GroovyShell.java:518)
	at groovy.lang.GroovyShell.run(GroovyShell.java:507)
	at groovy.ui.GroovyMain.processOnce(GroovyMain.java:653)
	at groovy.ui.GroovyMain.run(GroovyMain.java:384)
	at groovy.ui.GroovyMain.process(GroovyMain.java:370)
	at groovy.ui.GroovyMain.processArgs(GroovyMain.java:129)
	at groovy.ui.GroovyMain.main(GroovyMain.java:109)
	at sun.reflect.NativeMethodAccessorImpl.invoke0(Native Method)
	at sun.reflect.NativeMethodAccessorImpl.invoke(NativeMethodAccessorImpl.java:62)
	at sun.reflect.DelegatingMethodAccessorImpl.invoke(DelegatingMethodAccessorImpl.java:43)
	at java.lang.reflect.Method.invoke(Method.java:498)
	at org.codehaus.groovy.tools.GroovyStarter.rootLoader(GroovyStarter.java:109)
	at org.codehaus.groovy.tools.GroovyStarter.main(GroovyStarter.java:131)
)

2018-11-19 13:21:26 - [TEST_STEP][PASSED] - openBrowser: Browser is opened with url: 'https://stats.ac1.kontiki.com/login/email'

2018-11-19 13:21:30 - [MESSAGE][PASSED] - Browser is opened with url: 'https://stats.ac1.kontiki.com/login/email'

2018-11-19 13:21:30 - [TEST_STEP][PASSED] - setText: Text 'alahley@kollective.com' is set on object 'Object Repository/Page_Log in/input_email'

2018-11-19 13:21:30 - [MESSAGE][PASSED] - Text 'alahley@kollective.com' is set on object 'Object Repository/Page_Log in/input_email'

2018-11-19 13:21:30 - [TEST_STEP][PASSED] - setEncryptedText: Text ****** has been set on object 'Object Repository/Page_Log in/input_password'

2018-11-19 13:21:30 - [MESSAGE][PASSED] - Text ****** has been set on object 'Object Repository/Page_Log in/input_password'

2018-11-19 13:21:30 - [TEST_STEP][PASSED] - click: Object: 'Object Repository/Page_Log in/input_remember' is clicked on

2018-11-19 13:21:30 - [MESSAGE][PASSED] - Object: 'Object Repository/Page_Log in/input_remember' is clicked on

2018-11-19 13:21:30 - [TEST_STEP][PASSED] - click: Object: 'Object Repository/Page_Log in/input_login-submit' is clicked on

2018-11-19 13:21:34 - [MESSAGE][PASSED] - Object: 'Object Repository/Page_Log in/input_login-submit' is clicked on

2018-11-19 13:21:34 - [TEST_STEP][PASSED] - waitForAngularLoad: Angular is ready.

2018-11-19 13:21:36 - [MESSAGE][PASSED] - Angular is ready.

2018-11-19 13:21:36 - [TEST_STEP][PASSED] - click: Object: 'Object Repository/Page_Overview/strong_Filters' is clicked on

2018-11-19 13:21:37 - [MESSAGE][PASSED] - Object: 'Object Repository/Page_Overview/strong_Filters' is clicked on

2018-11-19 13:21:37 - [TEST_STEP][PASSED] - selectOptionByValue: All options with value 'string:year' are selected in object 'Object Repository/Page_Overview/select_is in the pastis on the'  using regular expression

2018-11-19 13:21:37 - [MESSAGE][PASSED] - All options with value 'string:year' are selected in object 'Object Repository/Page_Overview/select_is in the pastis on the'  using regular expression

2018-11-19 13:21:37 - [TEST_STEP][PASSED] - setText: Text '2017' is set on object 'Object Repository/Page_Overview/input_Time Filter_form-control'

2018-11-19 13:21:38 - [MESSAGE][PASSED] - Text '2017' is set on object 'Object Repository/Page_Overview/input_Time Filter_form-control'

2018-11-19 13:21:38 - [TEST_STEP][PASSED] - waitForAngularLoad: Angular is ready.

2018-11-19 13:21:38 - [MESSAGE][PASSED] - Angular is ready.

2018-11-19 13:21:38 - [TEST_STEP][PASSED] - click: Object: 'Object Repository/Page_Overview/button_Run' is clicked on

2018-11-19 13:21:38 - [MESSAGE][PASSED] - Object: 'Object Repository/Page_Overview/button_Run' is clicked on

2018-11-19 13:21:38 - [TEST_STEP][PASSED] - waitForAngularLoad: Angular is ready.

2018-11-19 13:21:40 - [MESSAGE][PASSED] - Angular is ready.

2018-11-19 13:21:40 - [TEST_STEP][PASSED] - click: Object: 'Object Repository/Page_Overview/i_Stop_lk-icon-gear' is clicked on

2018-11-19 13:21:40 - [MESSAGE][PASSED] - Object: 'Object Repository/Page_Overview/i_Stop_lk-icon-gear' is clicked on

2018-11-19 13:21:40 - [TEST_STEP][PASSED] - click: Object: 'Object Repository/Page_Overview/a_Clear Cache  Refresh' is clicked on

2018-11-19 13:21:41 - [MESSAGE][PASSED] - Object: 'Object Repository/Page_Overview/a_Clear Cache  Refresh' is clicked on

2018-11-19 13:21:41 - [TEST_STEP][PASSED] - waitForAngularLoad: Angular is ready.

2018-11-19 13:21:46 - [MESSAGE][PASSED] - Angular is ready.

2018-11-19 13:21:46 - [TEST_STEP][PASSED] - waitForPageLoad: Wait for page load successfully

2018-11-19 13:21:46 - [MESSAGE][WARNING] - Timeout '0' is invalid. Using default page load timeout: '30'

2018-11-19 13:21:46 - [MESSAGE][PASSED] - Wait for page load successfully

2018-11-19 13:21:46 - [TEST_STEP][PASSED] - verifyElementText: Actual text and expected text of test object 'Object Repository/Page_Overview/div_Total Live Events' are matched.

2018-11-19 13:21:46 - [MESSAGE][PASSED] - Actual text and expected text of test object 'Object Repository/Page_Overview/div_Total Live Events' are matched.

2018-11-19 13:21:46 - [TEST_STEP][PASSED] - verifyElementText: Actual text and expected text of test object 'Object Repository/Page_Overview/div_472' are matched.

2018-11-19 13:21:47 - [MESSAGE][PASSED] - Actual text and expected text of test object 'Object Repository/Page_Overview/div_472' are matched.

2018-11-19 13:21:47 - [TEST_STEP][PASSED] - verifyElementText: Actual text and expected text of test object 'Object Repository/Page_Live Event Summary/div_Average Monthly Events' are matched.

2018-11-19 13:21:47 - [MESSAGE][PASSED] - Actual text and expected text of test object 'Object Repository/Page_Live Event Summary/div_Average Monthly Events' are matched.

2018-11-19 13:21:47 - [TEST_STEP][PASSED] - verifyElementText: Actual text and expected text of test object 'Object Repository/Page_Overview/div_46' are matched.

2018-11-19 13:21:47 - [MESSAGE][PASSED] - Actual text and expected text of test object 'Object Repository/Page_Overview/div_46' are matched.

2018-11-19 13:21:47 - [TEST_STEP][PASSED] - verifyElementText: Actual text and expected text of test object 'Object Repository/Page_Overview/div_Unique Viewers' are matched.

2018-11-19 13:21:47 - [MESSAGE][PASSED] - Actual text and expected text of test object 'Object Repository/Page_Overview/div_Unique Viewers' are matched.

2018-11-19 13:21:47 - [TEST_STEP][PASSED] - verifyElementText: Actual text and expected text of test object 'Object Repository/Page_Overview/div_36651' are matched.

2018-11-19 13:21:47 - [MESSAGE][PASSED] - Actual text and expected text of test object 'Object Repository/Page_Overview/div_36651' are matched.

2018-11-19 13:21:47 - [TEST_STEP][PASSED] - verifyElementText: Actual text and expected text of test object 'Object Repository/Page_Live Event Summary/div_Average Monthly Views' are matched.

2018-11-19 13:21:47 - [MESSAGE][PASSED] - Actual text and expected text of test object 'Object Repository/Page_Live Event Summary/div_Average Monthly Views' are matched.

2018-11-19 13:21:47 - [TEST_STEP][PASSED] - verifyElementText: Actual text and expected text of test object 'Object Repository/Page_Overview/div_5316' are matched.

2018-11-19 13:21:47 - [MESSAGE][PASSED] - Actual text and expected text of test object 'Object Repository/Page_Overview/div_5316' are matched.

2018-11-19 13:21:47 - [TEST_STEP][PASSED] - verifyElementText: Actual text and expected text of test object 'Object Repository/Page_Overview/div_Total Videos' are matched.

2018-11-19 13:21:47 - [MESSAGE][PASSED] - Actual text and expected text of test object 'Object Repository/Page_Overview/div_Total Videos' are matched.

2018-11-19 13:21:47 - [TEST_STEP][PASSED] - verifyElementText: Actual text and expected text of test object 'Object Repository/Page_Overview/div_245' are matched.

2018-11-19 13:21:47 - [MESSAGE][PASSED] - Actual text and expected text of test object 'Object Repository/Page_Overview/div_245' are matched.

2018-11-19 13:21:47 - [TEST_STEP][PASSED] - verifyElementText: Actual text and expected text of test object 'Object Repository/Page_Overview/div_Total Views' are matched.

2018-11-19 13:21:47 - [MESSAGE][PASSED] - Actual text and expected text of test object 'Object Repository/Page_Overview/div_Total Views' are matched.

2018-11-19 13:21:47 - [TEST_STEP][PASSED] - verifyElementText: Actual text and expected text of test object 'Object Repository/Page_Overview/div_3748' are matched.

2018-11-19 13:21:47 - [MESSAGE][PASSED] - Actual text and expected text of test object 'Object Repository/Page_Overview/div_3748' are matched.

2018-11-19 13:21:47 - [TEST_STEP][PASSED] - verifyElementText: Actual text and expected text of test object 'Object Repository/Page_Overview/div_Unique Viewers' are matched.

2018-11-19 13:21:47 - [MESSAGE][PASSED] - Actual text and expected text of test object 'Object Repository/Page_Overview/div_Unique Viewers' are matched.

2018-11-19 13:21:47 - [TEST_STEP][PASSED] - verifyElementText: Actual text and expected text of test object 'Object Repository/Page_Overview/div_2683' are matched.

2018-11-19 13:21:47 - [MESSAGE][PASSED] - Actual text and expected text of test object 'Object Repository/Page_Overview/div_2683' are matched.

2018-11-19 13:21:47 - [TEST_STEP][PASSED] - verifyElementText: Actual text and expected text of test object 'Object Repository/Page_Overview/div_Total Hours Watched' are matched.

2018-11-19 13:21:47 - [MESSAGE][PASSED] - Actual text and expected text of test object 'Object Repository/Page_Overview/div_Total Hours Watched' are matched.

2018-11-19 13:21:47 - [TEST_STEP][PASSED] - verifyElementText: Actual text and expected text of test object 'Object Repository/Page_Overview/div_1167.4' are matched.

2018-11-19 13:21:47 - [MESSAGE][PASSED] - Actual text and expected text of test object 'Object Repository/Page_Overview/div_1167.4' are matched.

2018-11-19 13:21:47 - [TEST_STEP][PASSED] - verifyElementText: Actual text and expected text of test object 'Object Repository/Page_Overview/div_Unique Agents' are matched.

2018-11-19 13:21:47 - [MESSAGE][PASSED] - Actual text and expected text of test object 'Object Repository/Page_Overview/div_Unique Agents' are matched.

2018-11-19 13:21:47 - [TEST_STEP][FAILED] - verifyElementText: Actual text '56,496' and expected text '56,499' of test object 'Object Repository/Page_Overview/div_56499' are NOT matched.

2018-11-19 13:21:47 - [MESSAGE][FAILED] - Actual text '56,496' and expected text '56,499' of test object 'Object Repository/Page_Overview/div_56499' are NOT matched.
[[ATTACHMENT|/Users/alahley/Katalon Studio/Analytics/Reports/Prod 3 Sanity Check/20181119_131945/1542662507509.png]]

2018-11-19 13:21:47 - [TEST_STEP][PASSED] - verifyElementText: Actual text and expected text of test object 'Object Repository/Page_Overview/div_Deliveries' are matched.

2018-11-19 13:21:47 - [MESSAGE][PASSED] - Actual text and expected text of test object 'Object Repository/Page_Overview/div_Deliveries' are matched.

2018-11-19 13:21:47 - [TEST_STEP][PASSED] - verifyElementText: Actual text and expected text of test object 'Object Repository/Page_Overview/div_219148' are matched.

2018-11-19 13:21:47 - [MESSAGE][PASSED] - Actual text and expected text of test object 'Object Repository/Page_Overview/div_219148' are matched.

2018-11-19 13:21:47 - [TEST_STEP][PASSED] - verifyElementText: Actual text and expected text of test object 'Object Repository/Page_Overview/div_Saved GB' are matched.

2018-11-19 13:21:47 - [MESSAGE][PASSED] - Actual text and expected text of test object 'Object Repository/Page_Overview/div_Saved GB' are matched.

2018-11-19 13:21:47 - [TEST_STEP][PASSED] - verifyElementText: Actual text and expected text of test object 'Object Repository/Page_Overview/div_15517' are matched.

2018-11-19 13:21:47 - [MESSAGE][PASSED] - Actual text and expected text of test object 'Object Repository/Page_Overview/div_15517' are matched.

2018-11-19 13:21:47 - [TEST_STEP][PASSED] - verifyElementText: Actual text and expected text of test object 'Object Repository/Page_Overview/div_Total GB' are matched.

2018-11-19 13:21:47 - [MESSAGE][PASSED] - Actual text and expected text of test object 'Object Repository/Page_Overview/div_Total GB' are matched.

2018-11-19 13:21:47 - [TEST_STEP][PASSED] - verifyElementText: Actual text and expected text of test object 'Object Repository/Page_Overview/div_21067.65' are matched.

2018-11-19 13:21:47 - [MESSAGE][PASSED] - Actual text and expected text of test object 'Object Repository/Page_Overview/div_21067.65' are matched.

2018-11-19 13:21:47 - [TEST_STEP][PASSED] - verifyElementPresent: Object 'Object Repository/Page_Overview/div_Peering Efficiency' is present

2018-11-19 13:21:47 - [MESSAGE][WARNING] - Timeout '0' is invalid. Using default page load timeout: '30'

2018-11-19 13:21:47 - [MESSAGE][PASSED] - Object 'Object Repository/Page_Overview/div_Peering Efficiency' is present

2018-11-19 13:21:47 - [TEST_STEP][PASSED] - verifyElementPresent: Object 'Object Repository/Page_Overview/div_74' is present

2018-11-19 13:21:47 - [MESSAGE][PASSED] - Object 'Object Repository/Page_Overview/div_74' is present

2018-11-19 13:21:47 - [TEST_STEP][PASSED] - verifyElementPresent: Object 'Object Repository/Page_Overview/div_VoD Summary Peering Effici' is present

2018-11-19 13:21:47 - [MESSAGE][WARNING] - Timeout '0' is invalid. Using default page load timeout: '30'

2018-11-19 13:21:47 - [MESSAGE][PASSED] - Object 'Object Repository/Page_Overview/div_VoD Summary Peering Effici' is present

2018-11-19 13:21:47 - [TEST_STEP][PASSED] - verifyElementPresent: Object 'Object Repository/Page_Overview/a_Go to VoD Summary (1)' is present

2018-11-19 13:21:47 - [MESSAGE][WARNING] - Timeout '0' is invalid. Using default page load timeout: '30'

2018-11-19 13:21:47 - [MESSAGE][PASSED] - Object 'Object Repository/Page_Overview/a_Go to VoD Summary (1)' is present

2018-11-19 13:21:47 - [TEST_STEP][PASSED] - verifyElementPresent: Object 'Object Repository/Page_Overview/div_Peering Efficiency' is present

2018-11-19 13:21:47 - [MESSAGE][WARNING] - Timeout '0' is invalid. Using default page load timeout: '30'

2018-11-19 13:21:47 - [MESSAGE][PASSED] - Object 'Object Repository/Page_Overview/div_Peering Efficiency' is present

2018-11-19 13:21:47 - [TEST_STEP][PASSED] - verifyElementPresent: Object 'Object Repository/Page_Overview/div_Peering Efficiency (1)' is present

2018-11-19 13:21:47 - [MESSAGE][WARNING] - Timeout '0' is invalid. Using default page load timeout: '30'

2018-11-19 13:21:47 - [MESSAGE][PASSED] - Object 'Object Repository/Page_Overview/div_Peering Efficiency (1)' is present

2018-11-19 13:21:47 - [TEST_STEP][PASSED] - verifyElementPresent: Object 'Object Repository/Page_Overview/div_Live Views' is present

2018-11-19 13:21:47 - [MESSAGE][WARNING] - Timeout '0' is invalid. Using default page load timeout: '30'

2018-11-19 13:21:47 - [MESSAGE][PASSED] - Object 'Object Repository/Page_Overview/div_Live Views' is present

2018-11-19 13:21:47 - [TEST_STEP][PASSED] - verifyElementPresent: Object 'Object Repository/Page_Overview/div_Live Events' is present

2018-11-19 13:21:47 - [MESSAGE][WARNING] - Timeout '0' is invalid. Using default page load timeout: '30'

2018-11-19 13:21:48 - [MESSAGE][PASSED] - Object 'Object Repository/Page_Overview/div_Live Events' is present

2018-11-19 13:21:48 - [TEST_STEP][PASSED] - verifyElementPresent: Object 'Object Repository/Page_Overview/span_VoD Views' is present

2018-11-19 13:21:48 - [MESSAGE][WARNING] - Timeout '0' is invalid. Using default page load timeout: '30'

2018-11-19 13:21:48 - [MESSAGE][PASSED] - Object 'Object Repository/Page_Overview/span_VoD Views' is present

2018-11-19 13:21:48 - [TEST_STEP][PASSED] - verifyElementPresent: Object 'Object Repository/Page_Overview/div_VoD over time' is present

2018-11-19 13:21:48 - [MESSAGE][WARNING] - Timeout '0' is invalid. Using default page load timeout: '30'

2018-11-19 13:21:48 - [MESSAGE][PASSED] - Object 'Object Repository/Page_Overview/div_VoD over time' is present

2018-11-19 13:21:48 - [TEST_STEP][PASSED] - verifyElementPresent: Object 'Object Repository/Page_Overview/span_Deliveries by Month' is present

2018-11-19 13:21:48 - [MESSAGE][WARNING] - Timeout '0' is invalid. Using default page load timeout: '30'

2018-11-19 13:21:48 - [MESSAGE][PASSED] - Object 'Object Repository/Page_Overview/span_Deliveries by Month' is present

2018-11-19 13:21:48 - [TEST_STEP][PASSED] - verifyElementPresent: Object 'Object Repository/Page_Overview/a_Go to Live Event Summary' is present

2018-11-19 13:21:48 - [MESSAGE][WARNING] - Timeout '0' is invalid. Using default page load timeout: '30'

2018-11-19 13:21:48 - [MESSAGE][PASSED] - Object 'Object Repository/Page_Overview/a_Go to Live Event Summary' is present

2018-11-19 13:21:48 - [TEST_STEP][PASSED] - verifyElementPresent: Object 'Object Repository/Page_Overview/a_Go to VoD Summary' is present

2018-11-19 13:21:48 - [MESSAGE][WARNING] - Timeout '0' is invalid. Using default page load timeout: '30'

2018-11-19 13:21:48 - [MESSAGE][PASSED] - Object 'Object Repository/Page_Overview/a_Go to VoD Summary' is present

2018-11-19 13:21:48 - [TEST_STEP][PASSED] - verifyElementPresent: Object 'Object Repository/Page_Overview/a_Go to Network Summary' is present

2018-11-19 13:21:48 - [MESSAGE][WARNING] - Timeout '0' is invalid. Using default page load timeout: '30'

2018-11-19 13:21:48 - [MESSAGE][PASSED] - Object 'Object Repository/Page_Overview/a_Go to Network Summary' is present

2018-11-19 13:21:48 - [TEST_STEP][PASSED] - closeBrowser: Browser is closed

2018-11-19 13:21:48 - [MESSAGE][PASSED] - Browser is closed]]></system-out>
         <system-err><![CDATA[2018-11-19 13:21:25 - [TEST_CASE][FAILED] - Test Cases/Prod 3/Prod 3 - Overview, or Landing Page: Test Cases/Prod 3/Prod 3 - Overview, or Landing Page FAILED because (of) (Stack trace: com.kms.katalon.core.exception.StepFailedException: Actual text '56,496' and expected text '56,499' of test object 'Object Repository/Page_Overview/div_56499' are NOT matched.
	at com.kms.katalon.core.keyword.internal.KeywordMain.stepFailed(KeywordMain.groovy:32)
	at com.kms.katalon.core.webui.keyword.internal.WebUIKeywordMain.stepFailed(WebUIKeywordMain.groovy:65)
	at com.kms.katalon.core.webui.keyword.builtin.VerifyElementTextKeyword$_verifyElementText_closure1.doCall(VerifyElementTextKeyword.groovy:57)
	at com.kms.katalon.core.webui.keyword.builtin.VerifyElementTextKeyword$_verifyElementText_closure1.call(VerifyElementTextKeyword.groovy)
	at com.kms.katalon.core.webui.keyword.internal.WebUIKeywordMain.runKeyword(WebUIKeywordMain.groovy:21)
	at com.kms.katalon.core.webui.keyword.builtin.VerifyElementTextKeyword.verifyElementText(VerifyElementTextKeyword.groovy:72)
	at com.kms.katalon.core.webui.keyword.builtin.VerifyElementTextKeyword.execute(VerifyElementTextKeyword.groovy:40)
	at com.kms.katalon.core.keyword.internal.KeywordExecutor.executeKeywordForPlatform(KeywordExecutor.groovy:53)
	at com.kms.katalon.core.webui.keyword.WebUiBuiltInKeywords.verifyElementText(WebUiBuiltInKeywords.groovy:3663)
	at com.kms.katalon.core.webui.keyword.WebUiBuiltInKeywords$verifyElementText$10.call(Unknown Source)
	at org.codehaus.groovy.runtime.callsite.CallSiteArray.defaultCall(CallSiteArray.java:48)
	at org.codehaus.groovy.runtime.callsite.AbstractCallSite.call(AbstractCallSite.java:113)
	at org.codehaus.groovy.runtime.callsite.AbstractCallSite.call(AbstractCallSite.java:133)
	at Script1542236160245.run(Script1542236160245.groovy:115)
	at com.kms.katalon.core.main.ScriptEngine.run(ScriptEngine.java:183)
	at com.kms.katalon.core.main.ScriptEngine.runScriptAsRawText(ScriptEngine.java:108)
	at com.kms.katalon.core.main.TestCaseExecutor.runScript(TestCaseExecutor.java:294)
	at com.kms.katalon.core.main.TestCaseExecutor.doExecute(TestCaseExecutor.java:285)
	at com.kms.katalon.core.main.TestCaseExecutor.processExecutionPhase(TestCaseExecutor.java:264)
	at com.kms.katalon.core.main.TestCaseExecutor.accessMainPhase(TestCaseExecutor.java:256)
	at com.kms.katalon.core.main.TestCaseExecutor.execute(TestCaseExecutor.java:200)
	at com.kms.katalon.core.main.TestSuiteExecutor.accessTestCaseMainPhase(TestSuiteExecutor.java:129)
	at com.kms.katalon.core.main.TestSuiteExecutor.accessTestSuiteMainPhase(TestSuiteExecutor.java:112)
	at com.kms.katalon.core.main.TestSuiteExecutor.execute(TestSuiteExecutor.java:81)
	at com.kms.katalon.core.main.TestCaseMain.startTestSuite(TestCaseMain.java:142)
	at com.kms.katalon.core.main.TestCaseMain$startTestSuite$0.call(Unknown Source)
	at org.codehaus.groovy.runtime.callsite.CallSiteArray.defaultCall(CallSiteArray.java:48)
	at org.codehaus.groovy.runtime.callsite.AbstractCallSite.call(AbstractCallSite.java:113)
	at org.codehaus.groovy.runtime.callsite.AbstractCallSite.call(AbstractCallSite.java:141)
	at TempTestSuite1542662385301.run(TempTestSuite1542662385301.groovy:36)
	at groovy.lang.GroovyShell.runScriptOrMainOrTestOrRunnable(GroovyShell.java:263)
	at groovy.lang.GroovyShell.run(GroovyShell.java:518)
	at groovy.lang.GroovyShell.run(GroovyShell.java:507)
	at groovy.ui.GroovyMain.processOnce(GroovyMain.java:653)
	at groovy.ui.GroovyMain.run(GroovyMain.java:384)
	at groovy.ui.GroovyMain.process(GroovyMain.java:370)
	at groovy.ui.GroovyMain.processArgs(GroovyMain.java:129)
	at groovy.ui.GroovyMain.main(GroovyMain.java:109)
	at sun.reflect.NativeMethodAccessorImpl.invoke0(Native Method)
	at sun.reflect.NativeMethodAccessorImpl.invoke(NativeMethodAccessorImpl.java:62)
	at sun.reflect.DelegatingMethodAccessorImpl.invoke(DelegatingMethodAccessorImpl.java:43)
	at java.lang.reflect.Method.invoke(Method.java:498)
	at org.codehaus.groovy.tools.GroovyStarter.rootLoader(GroovyStarter.java:109)
	at org.codehaus.groovy.tools.GroovyStarter.main(GroovyStarter.java:131)
)]]></system-err>
      </testcase>
      <testcase name="Test Cases/Prod 3/Prod 3 - Summary and Detail pages" classname="Test Cases/Prod 3/Prod 3 - Summary and Detail pages" status="PASSED">
         <system-out><![CDATA[2018-11-19 13:21:48 - [TEST_CASE][PASSED] - Test Cases/Prod 3/Prod 3 - Summary and Detail pages: Test Cases/Prod 3/Prod 3 - Summary and Detail pages

2018-11-19 13:21:48 - [TEST_STEP][PASSED] - openBrowser: Browser is opened with url: 'https://stats.ac1.kontiki.com/login/email'

2018-11-19 13:21:53 - [MESSAGE][PASSED] - Browser is opened with url: 'https://stats.ac1.kontiki.com/login/email'

2018-11-19 13:21:53 - [TEST_STEP][PASSED] - setText: Text 'alahley@kollective.com' is set on object 'Object Repository/Page_Log in/input_email (2)'

2018-11-19 13:21:53 - [MESSAGE][PASSED] - Text 'alahley@kollective.com' is set on object 'Object Repository/Page_Log in/input_email (2)'

2018-11-19 13:21:53 - [TEST_STEP][PASSED] - setEncryptedText: Text ****** has been set on object 'Object Repository/Page_Log in/input_password (2)'

2018-11-19 13:21:53 - [MESSAGE][PASSED] - Text ****** has been set on object 'Object Repository/Page_Log in/input_password (2)'

2018-11-19 13:21:53 - [TEST_STEP][PASSED] - click: Object: 'Object Repository/Page_Log in/input_remember (2)' is clicked on

2018-11-19 13:21:53 - [MESSAGE][PASSED] - Object: 'Object Repository/Page_Log in/input_remember (2)' is clicked on

2018-11-19 13:21:53 - [TEST_STEP][PASSED] - click: Object: 'Object Repository/Page_Log in/input_login-submit (2)' is clicked on

2018-11-19 13:21:57 - [MESSAGE][PASSED] - Object: 'Object Repository/Page_Log in/input_login-submit (2)' is clicked on

2018-11-19 13:21:57 - [TEST_STEP][PASSED] - waitForAngularLoad: Angular is ready.

2018-11-19 13:21:59 - [MESSAGE][PASSED] - Angular is ready.

2018-11-19 13:21:59 - [TEST_STEP][PASSED] - waitForPageLoad: Wait for page load successfully

2018-11-19 13:21:59 - [MESSAGE][WARNING] - Timeout '0' is invalid. Using default page load timeout: '30'

2018-11-19 13:21:59 - [MESSAGE][PASSED] - Wait for page load successfully

2018-11-19 13:21:59 - [TEST_STEP][PASSED] - navigateToUrl: Navigate to 'https://stats.ac1.kontiki.com/dashboards/analytics_external::network_summary?time_filter=6%20months&filter_config=%7B%22time_filter%22:%5B%7B%22type%22:%22past%22,%22values%22:%5B%7B%22constant%22:%226%22,%22unit%22:%22mo%22%7D,%7B%7D%5D,%22id%22:2%7D%5D%7D' successfully

2018-11-19 13:22:01 - [MESSAGE][PASSED] - Navigate to 'https://stats.ac1.kontiki.com/dashboards/analytics_external::network_summary?time_filter=6%20months&filter_config=%7B%22time_filter%22:%5B%7B%22type%22:%22past%22,%22values%22:%5B%7B%22constant%22:%226%22,%22unit%22:%22mo%22%7D,%7B%7D%5D,%22id%22:2%7D%5D%7D' successfully

2018-11-19 13:22:01 - [TEST_STEP][PASSED] - waitForAngularLoad: Angular is ready.

2018-11-19 13:22:07 - [MESSAGE][PASSED] - Angular is ready.

2018-11-19 13:22:07 - [TEST_STEP][PASSED] - waitForPageLoad: Wait for page load successfully

2018-11-19 13:22:07 - [MESSAGE][WARNING] - Timeout '0' is invalid. Using default page load timeout: '30'

2018-11-19 13:22:08 - [MESSAGE][PASSED] - Wait for page load successfully

2018-11-19 13:22:08 - [TEST_STEP][PASSED] - navigateToUrl: Navigate to 'https://stats.ac1.kontiki.com/dashboards/analytics_external::network_content?content_moid_filter=1c2dce91-2a67-b5fd-2f4a-f75b969bcb9a&format_moid_filter=&time_filter=&filter_config=%7B%22content_moid_filter%22:%5B%7B%22type%22:%22%3D%22,%22values%22:%5B%7B%22constant%22:%221c2dce91-2a67-b5fd-2f4a-f75b969bcb9a%22%7D,%7B%7D%5D,%22id%22:0%7D%5D,%22format_moid_filter%22:%5B%7B%22type%22:%22%3D%22,%22values%22:%5B%7B%22constant%22:%22%22%7D,%7B%7D%5D,%22id%22:1%7D%5D,%22time_filter%22:%5B%7B%22type%22:%22advanced%22,%22values%22:%5B%7B%22constant%22:null%7D,%7B%7D%5D,%22id%22:2%7D%5D%7D' successfully

2018-11-19 13:22:11 - [MESSAGE][PASSED] - Navigate to 'https://stats.ac1.kontiki.com/dashboards/analytics_external::network_content?content_moid_filter=1c2dce91-2a67-b5fd-2f4a-f75b969bcb9a&format_moid_filter=&time_filter=&filter_config=%7B%22content_moid_filter%22:%5B%7B%22type%22:%22%3D%22,%22values%22:%5B%7B%22constant%22:%221c2dce91-2a67-b5fd-2f4a-f75b969bcb9a%22%7D,%7B%7D%5D,%22id%22:0%7D%5D,%22format_moid_filter%22:%5B%7B%22type%22:%22%3D%22,%22values%22:%5B%7B%22constant%22:%22%22%7D,%7B%7D%5D,%22id%22:1%7D%5D,%22time_filter%22:%5B%7B%22type%22:%22advanced%22,%22values%22:%5B%7B%22constant%22:null%7D,%7B%7D%5D,%22id%22:2%7D%5D%7D' successfully

2018-11-19 13:22:11 - [TEST_STEP][PASSED] - waitForAngularLoad: Angular is ready.

2018-11-19 13:22:15 - [MESSAGE][PASSED] - Angular is ready.

2018-11-19 13:22:15 - [TEST_STEP][PASSED] - waitForPageLoad: Wait for page load successfully

2018-11-19 13:22:15 - [MESSAGE][WARNING] - Timeout '0' is invalid. Using default page load timeout: '30'

2018-11-19 13:22:15 - [MESSAGE][PASSED] - Wait for page load successfully

2018-11-19 13:22:15 - [TEST_STEP][PASSED] - navigateToUrl: Navigate to 'https://stats.ac1.kontiki.com/dashboards/analytics_external::network_locality?Locality=Mars_HKT&Last%20Delivery%20Time=6%20months&Last%20Report%20Time=&External%20IP=&filter_config=%7B%22Last%20Delivery%20Time%22:%5B%7B%22type%22:%22past%22,%22values%22:%5B%7B%22constant%22:%226%22,%22unit%22:%22mo%22%7D,%7B%7D%5D,%22id%22:0%7D%5D,%22Last%20Report%20Time%22:%5B%7B%22type%22:%22anytime%22,%22values%22:%5B%7B%7D,%7B%7D%5D,%22id%22:1%7D%5D,%22Locality%22:%5B%7B%22type%22:%22advanced%22,%22values%22:%5B%7B%22constant%22:%22Mars_HKT%22%7D,%7B%7D%5D,%22id%22:2%7D%5D,%22External%20IP%22:%5B%7B%22type%22:%22%3D%22,%22values%22:%5B%7B%22constant%22:%22%22%7D,%7B%7D%5D,%22id%22:3%7D%5D%7D' successfully

2018-11-19 13:22:18 - [MESSAGE][PASSED] - Navigate to 'https://stats.ac1.kontiki.com/dashboards/analytics_external::network_locality?Locality=Mars_HKT&Last%20Delivery%20Time=6%20months&Last%20Report%20Time=&External%20IP=&filter_config=%7B%22Last%20Delivery%20Time%22:%5B%7B%22type%22:%22past%22,%22values%22:%5B%7B%22constant%22:%226%22,%22unit%22:%22mo%22%7D,%7B%7D%5D,%22id%22:0%7D%5D,%22Last%20Report%20Time%22:%5B%7B%22type%22:%22anytime%22,%22values%22:%5B%7B%7D,%7B%7D%5D,%22id%22:1%7D%5D,%22Locality%22:%5B%7B%22type%22:%22advanced%22,%22values%22:%5B%7B%22constant%22:%22Mars_HKT%22%7D,%7B%7D%5D,%22id%22:2%7D%5D,%22External%20IP%22:%5B%7B%22type%22:%22%3D%22,%22values%22:%5B%7B%22constant%22:%22%22%7D,%7B%7D%5D,%22id%22:3%7D%5D%7D' successfully

2018-11-19 13:22:18 - [TEST_STEP][PASSED] - waitForAngularLoad: Angular is ready.

2018-11-19 13:22:21 - [MESSAGE][PASSED] - Angular is ready.

2018-11-19 13:22:21 - [TEST_STEP][PASSED] - waitForPageLoad: Wait for page load successfully

2018-11-19 13:22:21 - [MESSAGE][WARNING] - Timeout '0' is invalid. Using default page load timeout: '30'

2018-11-19 13:22:21 - [MESSAGE][PASSED] - Wait for page load successfully

2018-11-19 13:22:21 - [TEST_STEP][PASSED] - navigateToUrl: Navigate to 'https://stats.ac1.kontiki.com/dashboards/analytics_external::live_event_summary?time_filter=6%20months&title_filter=&filter_config=%7B%22time_filter%22:%5B%7B%22type%22:%22past%22,%22values%22:%5B%7B%22constant%22:%226%22,%22unit%22:%22mo%22%7D,%7B%7D%5D,%22id%22:4%7D%5D,%22title_filter%22:%5B%7B%22type%22:%22%3D%22,%22values%22:%5B%7B%22constant%22:%22%22%7D,%7B%7D%5D,%22id%22:5%7D%5D%7D' successfully

2018-11-19 13:22:24 - [MESSAGE][PASSED] - Navigate to 'https://stats.ac1.kontiki.com/dashboards/analytics_external::live_event_summary?time_filter=6%20months&title_filter=&filter_config=%7B%22time_filter%22:%5B%7B%22type%22:%22past%22,%22values%22:%5B%7B%22constant%22:%226%22,%22unit%22:%22mo%22%7D,%7B%7D%5D,%22id%22:4%7D%5D,%22title_filter%22:%5B%7B%22type%22:%22%3D%22,%22values%22:%5B%7B%22constant%22:%22%22%7D,%7B%7D%5D,%22id%22:5%7D%5D%7D' successfully

2018-11-19 13:22:24 - [TEST_STEP][PASSED] - waitForAngularLoad: Angular is ready.

2018-11-19 13:22:26 - [MESSAGE][PASSED] - Angular is ready.

2018-11-19 13:22:26 - [TEST_STEP][PASSED] - waitForPageLoad: Wait for page load successfully

2018-11-19 13:22:26 - [MESSAGE][WARNING] - Timeout '0' is invalid. Using default page load timeout: '30'

2018-11-19 13:22:27 - [MESSAGE][PASSED] - Wait for page load successfully

2018-11-19 13:22:27 - [TEST_STEP][PASSED] - navigateToUrl: Navigate to 'https://stats.ac1.kontiki.com/dashboards/analytics_external::live_event?content_moid_filter=a6ccf98e-ab4e-40ad-9761-4227f31f6420&time_filter=&filter_config=%7B%22content_moid_filter%22:%5B%7B%22type%22:%22%3D%22,%22values%22:%5B%7B%22constant%22:%22a6ccf98e-ab4e-40ad-9761-4227f31f6420%22%7D,%7B%7D%5D,%22id%22:0%7D%5D,%22time_filter%22:%5B%7B%22type%22:%22advanced%22,%22values%22:%5B%7B%22constant%22:null%7D,%7B%7D%5D,%22id%22:1%7D%5D%7D' successfully

2018-11-19 13:22:29 - [MESSAGE][PASSED] - Navigate to 'https://stats.ac1.kontiki.com/dashboards/analytics_external::live_event?content_moid_filter=a6ccf98e-ab4e-40ad-9761-4227f31f6420&time_filter=&filter_config=%7B%22content_moid_filter%22:%5B%7B%22type%22:%22%3D%22,%22values%22:%5B%7B%22constant%22:%22a6ccf98e-ab4e-40ad-9761-4227f31f6420%22%7D,%7B%7D%5D,%22id%22:0%7D%5D,%22time_filter%22:%5B%7B%22type%22:%22advanced%22,%22values%22:%5B%7B%22constant%22:null%7D,%7B%7D%5D,%22id%22:1%7D%5D%7D' successfully

2018-11-19 13:22:29 - [TEST_STEP][PASSED] - waitForAngularLoad: Angular is ready.

2018-11-19 13:22:31 - [MESSAGE][PASSED] - Angular is ready.

2018-11-19 13:22:31 - [TEST_STEP][PASSED] - waitForPageLoad: Wait for page load successfully

2018-11-19 13:22:31 - [MESSAGE][WARNING] - Timeout '0' is invalid. Using default page load timeout: '30'

2018-11-19 13:22:31 - [MESSAGE][PASSED] - Wait for page load successfully

2018-11-19 13:22:31 - [TEST_STEP][PASSED] - navigateToUrl: Navigate to 'https://stats.ac1.kontiki.com/dashboards/analytics_external::live_event_in_progress?content_moid_filter=&time_filter=2%20weeks&filter_config=%7B%22content_moid_filter%22:%5B%7B%22type%22:%22%3D%22,%22values%22:%5B%7B%22constant%22:%22%22%7D,%7B%7D%5D,%22id%22:0%7D%5D,%22time_filter%22:%5B%7B%22type%22:%22past%22,%22values%22:%5B%7B%22constant%22:%222%22,%22unit%22:%22wk%22%7D%5D,%22id%22:1%7D%5D%7D' successfully

2018-11-19 13:22:35 - [MESSAGE][PASSED] - Navigate to 'https://stats.ac1.kontiki.com/dashboards/analytics_external::live_event_in_progress?content_moid_filter=&time_filter=2%20weeks&filter_config=%7B%22content_moid_filter%22:%5B%7B%22type%22:%22%3D%22,%22values%22:%5B%7B%22constant%22:%22%22%7D,%7B%7D%5D,%22id%22:0%7D%5D,%22time_filter%22:%5B%7B%22type%22:%22past%22,%22values%22:%5B%7B%22constant%22:%222%22,%22unit%22:%22wk%22%7D%5D,%22id%22:1%7D%5D%7D' successfully

2018-11-19 13:22:35 - [TEST_STEP][PASSED] - waitForAngularLoad: Angular is ready.

2018-11-19 13:22:39 - [MESSAGE][PASSED] - Angular is ready.

2018-11-19 13:22:39 - [TEST_STEP][PASSED] - waitForPageLoad: Wait for page load successfully

2018-11-19 13:22:39 - [MESSAGE][WARNING] - Timeout '0' is invalid. Using default page load timeout: '30'

2018-11-19 13:22:40 - [MESSAGE][PASSED] - Wait for page load successfully

2018-11-19 13:22:40 - [TEST_STEP][PASSED] - navigateToUrl: Navigate to 'https://stats.ac1.kontiki.com/dashboards/analytics_external::vod_summary?time_filter=6%20months&event_filter=&filter_config=%7B%22time_filter%22:%5B%7B%22type%22:%22past%22,%22values%22:%5B%7B%22constant%22:%226%22,%22unit%22:%22mo%22%7D,%7B%7D%5D,%22id%22:4%7D%5D,%22event_filter%22:%5B%7B%22type%22:%22%3D%22,%22values%22:%5B%7B%22constant%22:%22%22%7D,%7B%7D%5D,%22id%22:5%7D%5D%7D' successfully

2018-11-19 13:22:42 - [MESSAGE][PASSED] - Navigate to 'https://stats.ac1.kontiki.com/dashboards/analytics_external::vod_summary?time_filter=6%20months&event_filter=&filter_config=%7B%22time_filter%22:%5B%7B%22type%22:%22past%22,%22values%22:%5B%7B%22constant%22:%226%22,%22unit%22:%22mo%22%7D,%7B%7D%5D,%22id%22:4%7D%5D,%22event_filter%22:%5B%7B%22type%22:%22%3D%22,%22values%22:%5B%7B%22constant%22:%22%22%7D,%7B%7D%5D,%22id%22:5%7D%5D%7D' successfully

2018-11-19 13:22:42 - [TEST_STEP][PASSED] - waitForAngularLoad: Angular is ready.

2018-11-19 13:22:45 - [MESSAGE][PASSED] - Angular is ready.

2018-11-19 13:22:45 - [TEST_STEP][PASSED] - waitForPageLoad: Wait for page load successfully

2018-11-19 13:22:45 - [MESSAGE][WARNING] - Timeout '0' is invalid. Using default page load timeout: '30'

2018-11-19 13:22:45 - [MESSAGE][PASSED] - Wait for page load successfully

2018-11-19 13:22:45 - [TEST_STEP][PASSED] - navigateToUrl: Navigate to 'https://stats.ac1.kontiki.com/dashboards/analytics_external::vod_performance?content_moid_filter=a34b249a-d56f-4fa7-aa89-32910cce1d9d&time_filter=&filter_config=%7B%22content_moid_filter%22:%5B%7B%22type%22:%22%3D%22,%22values%22:%5B%7B%22constant%22:%22a34b249a-d56f-4fa7-aa89-32910cce1d9d%22%7D,%7B%7D%5D,%22id%22:0%7D%5D,%22time_filter%22:%5B%7B%22type%22:%22advanced%22,%22values%22:%5B%7B%22constant%22:null%7D,%7B%7D%5D,%22id%22:1%7D%5D%7D' successfully

2018-11-19 13:22:47 - [MESSAGE][PASSED] - Navigate to 'https://stats.ac1.kontiki.com/dashboards/analytics_external::vod_performance?content_moid_filter=a34b249a-d56f-4fa7-aa89-32910cce1d9d&time_filter=&filter_config=%7B%22content_moid_filter%22:%5B%7B%22type%22:%22%3D%22,%22values%22:%5B%7B%22constant%22:%22a34b249a-d56f-4fa7-aa89-32910cce1d9d%22%7D,%7B%7D%5D,%22id%22:0%7D%5D,%22time_filter%22:%5B%7B%22type%22:%22advanced%22,%22values%22:%5B%7B%22constant%22:null%7D,%7B%7D%5D,%22id%22:1%7D%5D%7D' successfully

2018-11-19 13:22:47 - [TEST_STEP][PASSED] - waitForAngularLoad: Angular is ready.

2018-11-19 13:22:50 - [MESSAGE][PASSED] - Angular is ready.

2018-11-19 13:22:50 - [TEST_STEP][PASSED] - waitForPageLoad: Wait for page load successfully

2018-11-19 13:22:50 - [MESSAGE][WARNING] - Timeout '0' is invalid. Using default page load timeout: '30'

2018-11-19 13:22:50 - [MESSAGE][PASSED] - Wait for page load successfully

2018-11-19 13:22:50 - [TEST_STEP][PASSED] - navigateToUrl: Navigate to 'https://stats.ac1.kontiki.com/dashboards/sccm_users::sccm_summary?time_filter=6%20months&filter_config=%7B%22time_filter%22:%5B%7B%22type%22:%22past%22,%22values%22:%5B%7B%22constant%22:%226%22,%22unit%22:%22mo%22%7D,%7B%7D%5D,%22id%22:2%7D%5D%7D' successfully

2018-11-19 13:22:53 - [MESSAGE][PASSED] - Navigate to 'https://stats.ac1.kontiki.com/dashboards/sccm_users::sccm_summary?time_filter=6%20months&filter_config=%7B%22time_filter%22:%5B%7B%22type%22:%22past%22,%22values%22:%5B%7B%22constant%22:%226%22,%22unit%22:%22mo%22%7D,%7B%7D%5D,%22id%22:2%7D%5D%7D' successfully

2018-11-19 13:22:53 - [TEST_STEP][PASSED] - waitForAngularLoad: Angular is ready.

2018-11-19 13:22:58 - [MESSAGE][PASSED] - Angular is ready.

2018-11-19 13:22:58 - [TEST_STEP][PASSED] - click: Object: 'Object Repository/Page_Overview/a' is clicked on

2018-11-19 13:22:59 - [MESSAGE][PASSED] - Object: 'Object Repository/Page_Overview/a' is clicked on

2018-11-19 13:22:59 - [TEST_STEP][PASSED] - click: Object: 'Object Repository/Page_Overview/a_Log Out' is clicked on

2018-11-19 13:23:00 - [MESSAGE][PASSED] - Object: 'Object Repository/Page_Overview/a_Log Out' is clicked on

2018-11-19 13:23:00 - [TEST_STEP][PASSED] - waitForPageLoad: Wait for page load successfully

2018-11-19 13:23:00 - [MESSAGE][WARNING] - Timeout '0' is invalid. Using default page load timeout: '30'

2018-11-19 13:23:00 - [MESSAGE][PASSED] - Wait for page load successfully

2018-11-19 13:23:00 - [TEST_STEP][PASSED] - verifyElementPresent: Object 'Object Repository/Page_Log in/div_Logout Successful.' is present

2018-11-19 13:23:00 - [MESSAGE][WARNING] - Timeout '0' is invalid. Using default page load timeout: '30'

2018-11-19 13:23:00 - [MESSAGE][PASSED] - Object 'Object Repository/Page_Log in/div_Logout Successful.' is present

2018-11-19 13:23:00 - [TEST_STEP][PASSED] - verifyElementPresent: Object 'Object Repository/Page_Log in/div_Logout Successful.' is present

2018-11-19 13:23:00 - [MESSAGE][WARNING] - Timeout '0' is invalid. Using default page load timeout: '30'

2018-11-19 13:23:00 - [MESSAGE][PASSED] - Object 'Object Repository/Page_Log in/div_Logout Successful.' is present

2018-11-19 13:23:00 - [TEST_STEP][PASSED] - verifyTextPresent: Text 'Logout Successful.' is present on page 

2018-11-19 13:23:00 - [MESSAGE][PASSED] - Text 'Logout Successful.' is present on page 

2018-11-19 13:23:00 - [TEST_STEP][PASSED] - closeBrowser: Browser is closed

2018-11-19 13:23:01 - [MESSAGE][PASSED] - Browser is closed]]></system-out>
         <system-err><![CDATA[]]></system-err>
      </testcase>
      <testcase name="Test Cases/Prod 3/Prod 3 - Fixture Data Validation" classname="Test Cases/Prod 3/Prod 3 - Fixture Data Validation" status="FAILED">
         <failure type="FAILED" message="(Stack trace: com.kms.katalon.core.exception.StepFailedException: Unable to click on object 'Object Repository/Page_Overview/i_Run_lk-icon-gear' (Root cause: org.openqa.selenium.ElementNotInteractableException: Element &lt;i class=&quot;lk-icon-gear&quot;> could not be scrolled into view
Build info: version: '3.7.1', revision: '8a0099a', time: '2017-11-06T21:07:36.161Z'
System info: host: 'Adams-MacBook-Right.local', ip: 'fe80:0:0:0:8d3:55b9:9b1a:9cc7%en0', os.name: 'Mac OS X', os.arch: 'x86_64', os.version: '10.14.1', java.version: '1.8.0_181'
Driver info: com.kms.katalon.core.webui.driver.firefox.CGeckoDriver
Capabilities {acceptInsecureCerts: true, browserName: firefox, browserVersion: 62.0.2, javascriptEnabled: true, moz:accessibilityChecks: false, moz:geckodriverVersion: 0.23.0, moz:headless: false, moz:processID: 99403, moz:profile: /var/folders/jr/7vywd_6j2l1..., moz:useNonSpecCompliantPointerOrigin: false, moz:webdriverClick: true, pageLoadStrategy: normal, platform: MAC, platformName: MAC, platformVersion: 18.2.0, proxy: Proxy(direct), rotatable: false, timeouts: {implicit: 0, pageLoad: 300000, script: 30000}}
Session ID: 97ea00e4-ee3b-ea4a-9a82-c5ffbf323ce5)
	at com.kms.katalon.core.keyword.internal.KeywordMain.stepFailed(KeywordMain.groovy:32)
	at com.kms.katalon.core.webui.keyword.internal.WebUIKeywordMain.stepFailed(WebUIKeywordMain.groovy:65)
	at com.kms.katalon.core.webui.keyword.internal.WebUIKeywordMain.runKeyword(WebUIKeywordMain.groovy:27)
	at com.kms.katalon.core.webui.keyword.builtin.ClickKeyword.click(ClickKeyword.groovy:86)
	at com.kms.katalon.core.webui.keyword.builtin.ClickKeyword.execute(ClickKeyword.groovy:67)
	at com.kms.katalon.core.keyword.internal.KeywordExecutor.executeKeywordForPlatform(KeywordExecutor.groovy:53)
	at com.kms.katalon.core.webui.keyword.WebUiBuiltInKeywords.click(WebUiBuiltInKeywords.groovy:616)
	at com.kms.katalon.core.webui.keyword.WebUiBuiltInKeywords$click$2.call(Unknown Source)
	at org.codehaus.groovy.runtime.callsite.CallSiteArray.defaultCall(CallSiteArray.java:48)
	at org.codehaus.groovy.runtime.callsite.AbstractCallSite.call(AbstractCallSite.java:113)
	at org.codehaus.groovy.runtime.callsite.AbstractCallSite.call(AbstractCallSite.java:125)
	at Script1542322808315.run(Script1542322808315.groovy:194)
	at com.kms.katalon.core.main.ScriptEngine.run(ScriptEngine.java:183)
	at com.kms.katalon.core.main.ScriptEngine.runScriptAsRawText(ScriptEngine.java:108)
	at com.kms.katalon.core.main.TestCaseExecutor.runScript(TestCaseExecutor.java:294)
	at com.kms.katalon.core.main.TestCaseExecutor.doExecute(TestCaseExecutor.java:285)
	at com.kms.katalon.core.main.TestCaseExecutor.processExecutionPhase(TestCaseExecutor.java:264)
	at com.kms.katalon.core.main.TestCaseExecutor.accessMainPhase(TestCaseExecutor.java:256)
	at com.kms.katalon.core.main.TestCaseExecutor.execute(TestCaseExecutor.java:200)
	at com.kms.katalon.core.main.TestSuiteExecutor.accessTestCaseMainPhase(TestSuiteExecutor.java:129)
	at com.kms.katalon.core.main.TestSuiteExecutor.accessTestSuiteMainPhase(TestSuiteExecutor.java:112)
	at com.kms.katalon.core.main.TestSuiteExecutor.execute(TestSuiteExecutor.java:81)
	at com.kms.katalon.core.main.TestCaseMain.startTestSuite(TestCaseMain.java:142)
	at com.kms.katalon.core.main.TestCaseMain$startTestSuite$0.call(Unknown Source)
	at org.codehaus.groovy.runtime.callsite.CallSiteArray.defaultCall(CallSiteArray.java:48)
	at org.codehaus.groovy.runtime.callsite.AbstractCallSite.call(AbstractCallSite.java:113)
	at org.codehaus.groovy.runtime.callsite.AbstractCallSite.call(AbstractCallSite.java:141)
	at TempTestSuite1542662385301.run(TempTestSuite1542662385301.groovy:36)
	at groovy.lang.GroovyShell.runScriptOrMainOrTestOrRunnable(GroovyShell.java:263)
	at groovy.lang.GroovyShell.run(GroovyShell.java:518)
	at groovy.lang.GroovyShell.run(GroovyShell.java:507)
	at groovy.ui.GroovyMain.processOnce(GroovyMain.java:653)
	at groovy.ui.GroovyMain.run(GroovyMain.java:384)
	at groovy.ui.GroovyMain.process(GroovyMain.java:370)
	at groovy.ui.GroovyMain.processArgs(GroovyMain.java:129)
	at groovy.ui.GroovyMain.main(GroovyMain.java:109)
	at sun.reflect.NativeMethodAccessorImpl.invoke0(Native Method)
	at sun.reflect.NativeMethodAccessorImpl.invoke(NativeMethodAccessorImpl.java:62)
	at sun.reflect.DelegatingMethodAccessorImpl.invoke(DelegatingMethodAccessorImpl.java:43)
	at java.lang.reflect.Method.invoke(Method.java:498)
	at org.codehaus.groovy.tools.GroovyStarter.rootLoader(GroovyStarter.java:109)
	at org.codehaus.groovy.tools.GroovyStarter.main(GroovyStarter.java:131)
)"/>
         <system-out><![CDATA[2018-11-19 13:23:01 - [TEST_CASE][FAILED] - Test Cases/Prod 3/Prod 3 - Fixture Data Validation: Test Cases/Prod 3/Prod 3 - Fixture Data Validation FAILED because (of) (Stack trace: com.kms.katalon.core.exception.StepFailedException: Unable to click on object 'Object Repository/Page_Overview/i_Run_lk-icon-gear' (Root cause: org.openqa.selenium.ElementNotInteractableException: Element <i class="lk-icon-gear"> could not be scrolled into view
Build info: version: '3.7.1', revision: '8a0099a', time: '2017-11-06T21:07:36.161Z'
System info: host: 'Adams-MacBook-Right.local', ip: 'fe80:0:0:0:8d3:55b9:9b1a:9cc7%en0', os.name: 'Mac OS X', os.arch: 'x86_64', os.version: '10.14.1', java.version: '1.8.0_181'
Driver info: com.kms.katalon.core.webui.driver.firefox.CGeckoDriver
Capabilities {acceptInsecureCerts: true, browserName: firefox, browserVersion: 62.0.2, javascriptEnabled: true, moz:accessibilityChecks: false, moz:geckodriverVersion: 0.23.0, moz:headless: false, moz:processID: 99403, moz:profile: /var/folders/jr/7vywd_6j2l1..., moz:useNonSpecCompliantPointerOrigin: false, moz:webdriverClick: true, pageLoadStrategy: normal, platform: MAC, platformName: MAC, platformVersion: 18.2.0, proxy: Proxy(direct), rotatable: false, timeouts: {implicit: 0, pageLoad: 300000, script: 30000}}
Session ID: 97ea00e4-ee3b-ea4a-9a82-c5ffbf323ce5)
	at com.kms.katalon.core.keyword.internal.KeywordMain.stepFailed(KeywordMain.groovy:32)
	at com.kms.katalon.core.webui.keyword.internal.WebUIKeywordMain.stepFailed(WebUIKeywordMain.groovy:65)
	at com.kms.katalon.core.webui.keyword.internal.WebUIKeywordMain.runKeyword(WebUIKeywordMain.groovy:27)
	at com.kms.katalon.core.webui.keyword.builtin.ClickKeyword.click(ClickKeyword.groovy:86)
	at com.kms.katalon.core.webui.keyword.builtin.ClickKeyword.execute(ClickKeyword.groovy:67)
	at com.kms.katalon.core.keyword.internal.KeywordExecutor.executeKeywordForPlatform(KeywordExecutor.groovy:53)
	at com.kms.katalon.core.webui.keyword.WebUiBuiltInKeywords.click(WebUiBuiltInKeywords.groovy:616)
	at com.kms.katalon.core.webui.keyword.WebUiBuiltInKeywords$click$2.call(Unknown Source)
	at org.codehaus.groovy.runtime.callsite.CallSiteArray.defaultCall(CallSiteArray.java:48)
	at org.codehaus.groovy.runtime.callsite.AbstractCallSite.call(AbstractCallSite.java:113)
	at org.codehaus.groovy.runtime.callsite.AbstractCallSite.call(AbstractCallSite.java:125)
	at Script1542322808315.run(Script1542322808315.groovy:194)
	at com.kms.katalon.core.main.ScriptEngine.run(ScriptEngine.java:183)
	at com.kms.katalon.core.main.ScriptEngine.runScriptAsRawText(ScriptEngine.java:108)
	at com.kms.katalon.core.main.TestCaseExecutor.runScript(TestCaseExecutor.java:294)
	at com.kms.katalon.core.main.TestCaseExecutor.doExecute(TestCaseExecutor.java:285)
	at com.kms.katalon.core.main.TestCaseExecutor.processExecutionPhase(TestCaseExecutor.java:264)
	at com.kms.katalon.core.main.TestCaseExecutor.accessMainPhase(TestCaseExecutor.java:256)
	at com.kms.katalon.core.main.TestCaseExecutor.execute(TestCaseExecutor.java:200)
	at com.kms.katalon.core.main.TestSuiteExecutor.accessTestCaseMainPhase(TestSuiteExecutor.java:129)
	at com.kms.katalon.core.main.TestSuiteExecutor.accessTestSuiteMainPhase(TestSuiteExecutor.java:112)
	at com.kms.katalon.core.main.TestSuiteExecutor.execute(TestSuiteExecutor.java:81)
	at com.kms.katalon.core.main.TestCaseMain.startTestSuite(TestCaseMain.java:142)
	at com.kms.katalon.core.main.TestCaseMain$startTestSuite$0.call(Unknown Source)
	at org.codehaus.groovy.runtime.callsite.CallSiteArray.defaultCall(CallSiteArray.java:48)
	at org.codehaus.groovy.runtime.callsite.AbstractCallSite.call(AbstractCallSite.java:113)
	at org.codehaus.groovy.runtime.callsite.AbstractCallSite.call(AbstractCallSite.java:141)
	at TempTestSuite1542662385301.run(TempTestSuite1542662385301.groovy:36)
	at groovy.lang.GroovyShell.runScriptOrMainOrTestOrRunnable(GroovyShell.java:263)
	at groovy.lang.GroovyShell.run(GroovyShell.java:518)
	at groovy.lang.GroovyShell.run(GroovyShell.java:507)
	at groovy.ui.GroovyMain.processOnce(GroovyMain.java:653)
	at groovy.ui.GroovyMain.run(GroovyMain.java:384)
	at groovy.ui.GroovyMain.process(GroovyMain.java:370)
	at groovy.ui.GroovyMain.processArgs(GroovyMain.java:129)
	at groovy.ui.GroovyMain.main(GroovyMain.java:109)
	at sun.reflect.NativeMethodAccessorImpl.invoke0(Native Method)
	at sun.reflect.NativeMethodAccessorImpl.invoke(NativeMethodAccessorImpl.java:62)
	at sun.reflect.DelegatingMethodAccessorImpl.invoke(DelegatingMethodAccessorImpl.java:43)
	at java.lang.reflect.Method.invoke(Method.java:498)
	at org.codehaus.groovy.tools.GroovyStarter.rootLoader(GroovyStarter.java:109)
	at org.codehaus.groovy.tools.GroovyStarter.main(GroovyStarter.java:131)
)

2018-11-19 13:23:01 - [TEST_STEP][PASSED] - openBrowser: Browser is opened with url: 'https://stats.ac1.kontiki.com/login/email'

2018-11-19 13:23:07 - [MESSAGE][PASSED] - Browser is opened with url: 'https://stats.ac1.kontiki.com/login/email'

2018-11-19 13:23:07 - [TEST_STEP][PASSED] - setText: Text 'alahley@kollective.com' is set on object 'Object Repository/Page_Log in/input_email'

2018-11-19 13:23:07 - [MESSAGE][PASSED] - Text 'alahley@kollective.com' is set on object 'Object Repository/Page_Log in/input_email'

2018-11-19 13:23:07 - [TEST_STEP][PASSED] - setEncryptedText: Text ****** has been set on object 'Object Repository/Page_Log in/input_password'

2018-11-19 13:23:07 - [MESSAGE][PASSED] - Text ****** has been set on object 'Object Repository/Page_Log in/input_password'

2018-11-19 13:23:07 - [TEST_STEP][PASSED] - click: Object: 'Object Repository/Page_Log in/input_remember' is clicked on

2018-11-19 13:23:08 - [MESSAGE][PASSED] - Object: 'Object Repository/Page_Log in/input_remember' is clicked on

2018-11-19 13:23:08 - [TEST_STEP][PASSED] - click: Object: 'Object Repository/Page_Log in/input_login-submit' is clicked on

2018-11-19 13:23:11 - [MESSAGE][PASSED] - Object: 'Object Repository/Page_Log in/input_login-submit' is clicked on

2018-11-19 13:23:11 - [TEST_STEP][PASSED] - waitForAngularLoad: Angular is ready.

2018-11-19 13:23:13 - [MESSAGE][PASSED] - Angular is ready.

2018-11-19 13:23:13 - [TEST_STEP][PASSED] - click: Object: 'Object Repository/Page_Overview/strong_Filters' is clicked on

2018-11-19 13:23:14 - [MESSAGE][PASSED] - Object: 'Object Repository/Page_Overview/strong_Filters' is clicked on

2018-11-19 13:23:14 - [TEST_STEP][PASSED] - selectOptionByValue: All options with value 'string:year' are selected in object 'Object Repository/Page_Overview/select_is in the pastis on the'  using regular expression

2018-11-19 13:23:14 - [MESSAGE][PASSED] - All options with value 'string:year' are selected in object 'Object Repository/Page_Overview/select_is in the pastis on the'  using regular expression

2018-11-19 13:23:14 - [TEST_STEP][PASSED] - setText: Text '2017' is set on object 'Object Repository/Page_Overview/input_Time Filter_form-control'

2018-11-19 13:23:15 - [MESSAGE][PASSED] - Text '2017' is set on object 'Object Repository/Page_Overview/input_Time Filter_form-control'

2018-11-19 13:23:15 - [TEST_STEP][PASSED] - waitForAngularLoad: Angular is ready.

2018-11-19 13:23:15 - [MESSAGE][PASSED] - Angular is ready.

2018-11-19 13:23:15 - [TEST_STEP][PASSED] - click: Object: 'Object Repository/Page_Overview/button_Run' is clicked on

2018-11-19 13:23:15 - [MESSAGE][PASSED] - Object: 'Object Repository/Page_Overview/button_Run' is clicked on

2018-11-19 13:23:15 - [TEST_STEP][PASSED] - waitForAngularLoad: Angular is ready.

2018-11-19 13:23:18 - [MESSAGE][PASSED] - Angular is ready.

2018-11-19 13:23:18 - [TEST_STEP][PASSED] - click: Object: 'Object Repository/Page_Overview/i_Stop_lk-icon-gear' is clicked on

2018-11-19 13:23:18 - [MESSAGE][PASSED] - Object: 'Object Repository/Page_Overview/i_Stop_lk-icon-gear' is clicked on

2018-11-19 13:23:18 - [TEST_STEP][PASSED] - click: Object: 'Object Repository/Page_Overview/a_Clear Cache  Refresh' is clicked on

2018-11-19 13:23:18 - [MESSAGE][PASSED] - Object: 'Object Repository/Page_Overview/a_Clear Cache  Refresh' is clicked on

2018-11-19 13:23:18 - [TEST_STEP][PASSED] - waitForAngularLoad: Angular is ready.

2018-11-19 13:23:22 - [MESSAGE][PASSED] - Angular is ready.

2018-11-19 13:23:22 - [TEST_STEP][PASSED] - waitForPageLoad: Wait for page load successfully

2018-11-19 13:23:22 - [MESSAGE][WARNING] - Timeout '0' is invalid. Using default page load timeout: '30'

2018-11-19 13:23:22 - [MESSAGE][PASSED] - Wait for page load successfully

2018-11-19 13:23:22 - [TEST_STEP][PASSED] - verifyElementText: Actual text and expected text of test object 'Object Repository/Page_Overview/div_Total Live Events' are matched.

2018-11-19 13:23:22 - [MESSAGE][PASSED] - Actual text and expected text of test object 'Object Repository/Page_Overview/div_Total Live Events' are matched.

2018-11-19 13:23:22 - [TEST_STEP][PASSED] - verifyElementText: Actual text and expected text of test object 'Object Repository/Page_Overview/div_472' are matched.

2018-11-19 13:23:22 - [MESSAGE][PASSED] - Actual text and expected text of test object 'Object Repository/Page_Overview/div_472' are matched.

2018-11-19 13:23:22 - [TEST_STEP][PASSED] - verifyElementText: Actual text and expected text of test object 'Object Repository/Page_Live Event Summary/div_Average Monthly Events' are matched.

2018-11-19 13:23:22 - [MESSAGE][PASSED] - Actual text and expected text of test object 'Object Repository/Page_Live Event Summary/div_Average Monthly Events' are matched.

2018-11-19 13:23:22 - [TEST_STEP][PASSED] - verifyElementText: Actual text and expected text of test object 'Object Repository/Page_Overview/div_46' are matched.

2018-11-19 13:23:22 - [MESSAGE][PASSED] - Actual text and expected text of test object 'Object Repository/Page_Overview/div_46' are matched.

2018-11-19 13:23:22 - [TEST_STEP][PASSED] - verifyElementText: Actual text and expected text of test object 'Object Repository/Page_Overview/div_Unique Viewers' are matched.

2018-11-19 13:23:22 - [MESSAGE][PASSED] - Actual text and expected text of test object 'Object Repository/Page_Overview/div_Unique Viewers' are matched.

2018-11-19 13:23:22 - [TEST_STEP][PASSED] - verifyElementText: Actual text and expected text of test object 'Object Repository/Page_Overview/div_36651' are matched.

2018-11-19 13:23:22 - [MESSAGE][PASSED] - Actual text and expected text of test object 'Object Repository/Page_Overview/div_36651' are matched.

2018-11-19 13:23:22 - [TEST_STEP][PASSED] - verifyElementText: Actual text and expected text of test object 'Object Repository/Page_Live Event Summary/div_Average Monthly Views' are matched.

2018-11-19 13:23:22 - [MESSAGE][PASSED] - Actual text and expected text of test object 'Object Repository/Page_Live Event Summary/div_Average Monthly Views' are matched.

2018-11-19 13:23:22 - [TEST_STEP][PASSED] - verifyElementText: Actual text and expected text of test object 'Object Repository/Page_Overview/div_5316' are matched.

2018-11-19 13:23:22 - [MESSAGE][PASSED] - Actual text and expected text of test object 'Object Repository/Page_Overview/div_5316' are matched.

2018-11-19 13:23:22 - [TEST_STEP][PASSED] - verifyElementText: Actual text and expected text of test object 'Object Repository/Page_Overview/div_Total Videos' are matched.

2018-11-19 13:23:22 - [MESSAGE][PASSED] - Actual text and expected text of test object 'Object Repository/Page_Overview/div_Total Videos' are matched.

2018-11-19 13:23:22 - [TEST_STEP][PASSED] - verifyElementText: Actual text and expected text of test object 'Object Repository/Page_Overview/div_245' are matched.

2018-11-19 13:23:22 - [MESSAGE][PASSED] - Actual text and expected text of test object 'Object Repository/Page_Overview/div_245' are matched.

2018-11-19 13:23:22 - [TEST_STEP][PASSED] - verifyElementText: Actual text and expected text of test object 'Object Repository/Page_Overview/div_Total Views' are matched.

2018-11-19 13:23:23 - [MESSAGE][PASSED] - Actual text and expected text of test object 'Object Repository/Page_Overview/div_Total Views' are matched.

2018-11-19 13:23:23 - [TEST_STEP][PASSED] - verifyElementText: Actual text and expected text of test object 'Object Repository/Page_Overview/div_3748' are matched.

2018-11-19 13:23:23 - [MESSAGE][PASSED] - Actual text and expected text of test object 'Object Repository/Page_Overview/div_3748' are matched.

2018-11-19 13:23:23 - [TEST_STEP][PASSED] - verifyElementText: Actual text and expected text of test object 'Object Repository/Page_Overview/div_Unique Viewers' are matched.

2018-11-19 13:23:23 - [MESSAGE][PASSED] - Actual text and expected text of test object 'Object Repository/Page_Overview/div_Unique Viewers' are matched.

2018-11-19 13:23:23 - [TEST_STEP][PASSED] - verifyElementText: Actual text and expected text of test object 'Object Repository/Page_Overview/div_2683' are matched.

2018-11-19 13:23:23 - [MESSAGE][PASSED] - Actual text and expected text of test object 'Object Repository/Page_Overview/div_2683' are matched.

2018-11-19 13:23:23 - [TEST_STEP][PASSED] - verifyElementText: Actual text and expected text of test object 'Object Repository/Page_Overview/div_Total Hours Watched' are matched.

2018-11-19 13:23:23 - [MESSAGE][PASSED] - Actual text and expected text of test object 'Object Repository/Page_Overview/div_Total Hours Watched' are matched.

2018-11-19 13:23:23 - [TEST_STEP][PASSED] - verifyElementText: Actual text and expected text of test object 'Object Repository/Page_Overview/div_1167.4' are matched.

2018-11-19 13:23:23 - [MESSAGE][PASSED] - Actual text and expected text of test object 'Object Repository/Page_Overview/div_1167.4' are matched.

2018-11-19 13:23:23 - [TEST_STEP][PASSED] - verifyElementText: Actual text and expected text of test object 'Object Repository/Page_Overview/div_Unique Agents' are matched.

2018-11-19 13:23:23 - [MESSAGE][PASSED] - Actual text and expected text of test object 'Object Repository/Page_Overview/div_Unique Agents' are matched.

2018-11-19 13:23:23 - [TEST_STEP][NOT_RUN] - verifyElementText: NOT_RUN: verifyElementText

2018-11-19 13:23:23 - [MESSAGE][NOT_RUN] - NOT_RUN: verifyElementText

2018-11-19 13:23:23 - [TEST_STEP][PASSED] - verifyElementText: Actual text and expected text of test object 'Object Repository/Page_Overview/div_Deliveries' are matched.

2018-11-19 13:23:23 - [MESSAGE][PASSED] - Actual text and expected text of test object 'Object Repository/Page_Overview/div_Deliveries' are matched.

2018-11-19 13:23:23 - [TEST_STEP][PASSED] - verifyElementText: Actual text and expected text of test object 'Object Repository/Page_Overview/div_219148' are matched.

2018-11-19 13:23:23 - [MESSAGE][PASSED] - Actual text and expected text of test object 'Object Repository/Page_Overview/div_219148' are matched.

2018-11-19 13:23:23 - [TEST_STEP][PASSED] - verifyElementText: Actual text and expected text of test object 'Object Repository/Page_Overview/div_Saved GB' are matched.

2018-11-19 13:23:23 - [MESSAGE][PASSED] - Actual text and expected text of test object 'Object Repository/Page_Overview/div_Saved GB' are matched.

2018-11-19 13:23:23 - [TEST_STEP][PASSED] - verifyElementText: Actual text and expected text of test object 'Object Repository/Page_Overview/div_15517' are matched.

2018-11-19 13:23:23 - [MESSAGE][PASSED] - Actual text and expected text of test object 'Object Repository/Page_Overview/div_15517' are matched.

2018-11-19 13:23:23 - [TEST_STEP][PASSED] - verifyElementText: Actual text and expected text of test object 'Object Repository/Page_Overview/div_Total GB' are matched.

2018-11-19 13:23:23 - [MESSAGE][PASSED] - Actual text and expected text of test object 'Object Repository/Page_Overview/div_Total GB' are matched.

2018-11-19 13:23:23 - [TEST_STEP][PASSED] - verifyElementText: Actual text and expected text of test object 'Object Repository/Page_Overview/div_21067.65' are matched.

2018-11-19 13:23:23 - [MESSAGE][PASSED] - Actual text and expected text of test object 'Object Repository/Page_Overview/div_21067.65' are matched.

2018-11-19 13:23:23 - [TEST_STEP][PASSED] - verifyElementPresent: Object 'Object Repository/Page_Overview/div_Peering Efficiency' is present

2018-11-19 13:23:23 - [MESSAGE][WARNING] - Timeout '0' is invalid. Using default page load timeout: '30'

2018-11-19 13:23:23 - [MESSAGE][PASSED] - Object 'Object Repository/Page_Overview/div_Peering Efficiency' is present

2018-11-19 13:23:23 - [TEST_STEP][PASSED] - verifyElementPresent: Object 'Object Repository/Page_Overview/div_74' is present

2018-11-19 13:23:23 - [MESSAGE][PASSED] - Object 'Object Repository/Page_Overview/div_74' is present

2018-11-19 13:23:23 - [TEST_STEP][PASSED] - verifyElementPresent: Object 'Object Repository/Page_Overview/div_VoD Summary Peering Effici' is present

2018-11-19 13:23:23 - [MESSAGE][WARNING] - Timeout '0' is invalid. Using default page load timeout: '30'

2018-11-19 13:23:23 - [MESSAGE][PASSED] - Object 'Object Repository/Page_Overview/div_VoD Summary Peering Effici' is present

2018-11-19 13:23:23 - [TEST_STEP][PASSED] - verifyElementPresent: Object 'Object Repository/Page_Overview/a_Go to VoD Summary (1)' is present

2018-11-19 13:23:23 - [MESSAGE][WARNING] - Timeout '0' is invalid. Using default page load timeout: '30'

2018-11-19 13:23:23 - [MESSAGE][PASSED] - Object 'Object Repository/Page_Overview/a_Go to VoD Summary (1)' is present

2018-11-19 13:23:23 - [TEST_STEP][PASSED] - verifyElementPresent: Object 'Object Repository/Page_Overview/div_Peering Efficiency' is present

2018-11-19 13:23:23 - [MESSAGE][WARNING] - Timeout '0' is invalid. Using default page load timeout: '30'

2018-11-19 13:23:23 - [MESSAGE][PASSED] - Object 'Object Repository/Page_Overview/div_Peering Efficiency' is present

2018-11-19 13:23:23 - [TEST_STEP][PASSED] - verifyElementPresent: Object 'Object Repository/Page_Overview/div_Peering Efficiency (1)' is present

2018-11-19 13:23:23 - [MESSAGE][WARNING] - Timeout '0' is invalid. Using default page load timeout: '30'

2018-11-19 13:23:23 - [MESSAGE][PASSED] - Object 'Object Repository/Page_Overview/div_Peering Efficiency (1)' is present

2018-11-19 13:23:23 - [TEST_STEP][PASSED] - verifyElementPresent: Object 'Object Repository/Page_Overview/div_Live Views' is present

2018-11-19 13:23:23 - [MESSAGE][WARNING] - Timeout '0' is invalid. Using default page load timeout: '30'

2018-11-19 13:23:23 - [MESSAGE][PASSED] - Object 'Object Repository/Page_Overview/div_Live Views' is present

2018-11-19 13:23:23 - [TEST_STEP][PASSED] - verifyElementPresent: Object 'Object Repository/Page_Overview/div_Live Events' is present

2018-11-19 13:23:23 - [MESSAGE][WARNING] - Timeout '0' is invalid. Using default page load timeout: '30'

2018-11-19 13:23:23 - [MESSAGE][PASSED] - Object 'Object Repository/Page_Overview/div_Live Events' is present

2018-11-19 13:23:23 - [TEST_STEP][PASSED] - verifyElementPresent: Object 'Object Repository/Page_Overview/span_VoD Views' is present

2018-11-19 13:23:23 - [MESSAGE][WARNING] - Timeout '0' is invalid. Using default page load timeout: '30'

2018-11-19 13:23:23 - [MESSAGE][PASSED] - Object 'Object Repository/Page_Overview/span_VoD Views' is present

2018-11-19 13:23:23 - [TEST_STEP][PASSED] - verifyElementPresent: Object 'Object Repository/Page_Overview/div_VoD over time' is present

2018-11-19 13:23:23 - [MESSAGE][WARNING] - Timeout '0' is invalid. Using default page load timeout: '30'

2018-11-19 13:23:23 - [MESSAGE][PASSED] - Object 'Object Repository/Page_Overview/div_VoD over time' is present

2018-11-19 13:23:23 - [TEST_STEP][PASSED] - verifyElementPresent: Object 'Object Repository/Page_Overview/span_Deliveries by Month' is present

2018-11-19 13:23:23 - [MESSAGE][WARNING] - Timeout '0' is invalid. Using default page load timeout: '30'

2018-11-19 13:23:23 - [MESSAGE][PASSED] - Object 'Object Repository/Page_Overview/span_Deliveries by Month' is present

2018-11-19 13:23:23 - [TEST_STEP][PASSED] - verifyElementPresent: Object 'Object Repository/Page_Overview/a_Go to Live Event Summary' is present

2018-11-19 13:23:23 - [MESSAGE][WARNING] - Timeout '0' is invalid. Using default page load timeout: '30'

2018-11-19 13:23:23 - [MESSAGE][PASSED] - Object 'Object Repository/Page_Overview/a_Go to Live Event Summary' is present

2018-11-19 13:23:23 - [TEST_STEP][PASSED] - verifyElementPresent: Object 'Object Repository/Page_Overview/a_Go to VoD Summary' is present

2018-11-19 13:23:23 - [MESSAGE][WARNING] - Timeout '0' is invalid. Using default page load timeout: '30'

2018-11-19 13:23:23 - [MESSAGE][PASSED] - Object 'Object Repository/Page_Overview/a_Go to VoD Summary' is present

2018-11-19 13:23:23 - [TEST_STEP][PASSED] - verifyElementPresent: Object 'Object Repository/Page_Overview/a_Go to Network Summary' is present

2018-11-19 13:23:23 - [MESSAGE][WARNING] - Timeout '0' is invalid. Using default page load timeout: '30'

2018-11-19 13:23:23 - [MESSAGE][PASSED] - Object 'Object Repository/Page_Overview/a_Go to Network Summary' is present

2018-11-19 13:23:23 - [TEST_STEP][PASSED] - waitForAngularLoad: Angular is ready.

2018-11-19 13:23:23 - [MESSAGE][PASSED] - Angular is ready.

2018-11-19 13:23:23 - [TEST_STEP][PASSED] - navigateToUrl: Navigate to 'https://stats.ac1.kontiki.com/admin/users?sorts=last_name%20asc&name=demo%20user' successfully

2018-11-19 13:23:25 - [MESSAGE][PASSED] - Navigate to 'https://stats.ac1.kontiki.com/admin/users?sorts=last_name%20asc&name=demo%20user' successfully

2018-11-19 13:23:25 - [TEST_STEP][PASSED] - waitForAngularLoad: Angular is ready.

2018-11-19 13:23:25 - [MESSAGE][PASSED] - Angular is ready.

2018-11-19 13:23:25 - [TEST_STEP][PASSED] - click: Object: 'Object Repository/Page_Users/a_Sudo' is clicked on

2018-11-19 13:23:27 - [MESSAGE][PASSED] - Object: 'Object Repository/Page_Users/a_Sudo' is clicked on

2018-11-19 13:23:27 - [TEST_STEP][PASSED] - waitForPageLoad: Wait for page load successfully

2018-11-19 13:23:27 - [MESSAGE][WARNING] - Timeout '0' is invalid. Using default page load timeout: '30'

2018-11-19 13:23:27 - [MESSAGE][PASSED] - Wait for page load successfully

2018-11-19 13:23:27 - [TEST_STEP][PASSED] - waitForAngularLoad: Angular is ready.

2018-11-19 13:23:28 - [MESSAGE][PASSED] - Angular is ready.

2018-11-19 13:23:28 - [TEST_STEP][PASSED] - verifyElementText: Actual text and expected text of test object 'Object Repository/Page_Overview/span_You are sudoing as Demo U' are matched.

2018-11-19 13:23:28 - [MESSAGE][PASSED] - Actual text and expected text of test object 'Object Repository/Page_Overview/span_You are sudoing as Demo U' are matched.

2018-11-19 13:23:28 - [TEST_STEP][FAILED] - click: Unable to click on object 'Object Repository/Page_Overview/i_Run_lk-icon-gear' (Root cause: org.openqa.selenium.ElementNotInteractableException: Element <i class="lk-icon-gear"> could not be scrolled into view
Build info: version: '3.7.1', revision: '8a0099a', time: '2017-11-06T21:07:36.161Z'
System info: host: 'Adams-MacBook-Right.local', ip: 'fe80:0:0:0:8d3:55b9:9b1a:9cc7%en0', os.name: 'Mac OS X', os.arch: 'x86_64', os.version: '10.14.1', java.version: '1.8.0_181'
Driver info: com.kms.katalon.core.webui.driver.firefox.CGeckoDriver
Capabilities {acceptInsecureCerts: true, browserName: firefox, browserVersion: 62.0.2, javascriptEnabled: true, moz:accessibilityChecks: false, moz:geckodriverVersion: 0.23.0, moz:headless: false, moz:processID: 99403, moz:profile: /var/folders/jr/7vywd_6j2l1..., moz:useNonSpecCompliantPointerOrigin: false, moz:webdriverClick: true, pageLoadStrategy: normal, platform: MAC, platformName: MAC, platformVersion: 18.2.0, proxy: Proxy(direct), rotatable: false, timeouts: {implicit: 0, pageLoad: 300000, script: 30000}}
Session ID: 97ea00e4-ee3b-ea4a-9a82-c5ffbf323ce5)

2018-11-19 13:23:29 - [MESSAGE][FAILED] - Unable to click on object 'Object Repository/Page_Overview/i_Run_lk-icon-gear' (Root cause: org.openqa.selenium.ElementNotInteractableException: Element <i class="lk-icon-gear"> could not be scrolled into view
Build info: version: '3.7.1', revision: '8a0099a', time: '2017-11-06T21:07:36.161Z'
System info: host: 'Adams-MacBook-Right.local', ip: 'fe80:0:0:0:8d3:55b9:9b1a:9cc7%en0', os.name: 'Mac OS X', os.arch: 'x86_64', os.version: '10.14.1', java.version: '1.8.0_181'
Driver info: com.kms.katalon.core.webui.driver.firefox.CGeckoDriver
Capabilities {acceptInsecureCerts: true, browserName: firefox, browserVersion: 62.0.2, javascriptEnabled: true, moz:accessibilityChecks: false, moz:geckodriverVersion: 0.23.0, moz:headless: false, moz:processID: 99403, moz:profile: /var/folders/jr/7vywd_6j2l1..., moz:useNonSpecCompliantPointerOrigin: false, moz:webdriverClick: true, pageLoadStrategy: normal, platform: MAC, platformName: MAC, platformVersion: 18.2.0, proxy: Proxy(direct), rotatable: false, timeouts: {implicit: 0, pageLoad: 300000, script: 30000}}
Session ID: 97ea00e4-ee3b-ea4a-9a82-c5ffbf323ce5)
[[ATTACHMENT|/Users/alahley/Katalon Studio/Analytics/Reports/Prod 3 Sanity Check/20181119_131945/1542662608954.png]]

2018-11-19 13:23:29 - [TEST_STEP][FAILED] - click: Unable to click on object 'Object Repository/Page_Overview/a_Clear Cache  Refresh' (Root cause: org.openqa.selenium.ElementNotInteractableException: Element <a> could not be scrolled into view
Build info: version: '3.7.1', revision: '8a0099a', time: '2017-11-06T21:07:36.161Z'
System info: host: 'Adams-MacBook-Right.local', ip: 'fe80:0:0:0:8d3:55b9:9b1a:9cc7%en0', os.name: 'Mac OS X', os.arch: 'x86_64', os.version: '10.14.1', java.version: '1.8.0_181'
Driver info: com.kms.katalon.core.webui.driver.firefox.CGeckoDriver
Capabilities {acceptInsecureCerts: true, browserName: firefox, browserVersion: 62.0.2, javascriptEnabled: true, moz:accessibilityChecks: false, moz:geckodriverVersion: 0.23.0, moz:headless: false, moz:processID: 99403, moz:profile: /var/folders/jr/7vywd_6j2l1..., moz:useNonSpecCompliantPointerOrigin: false, moz:webdriverClick: true, pageLoadStrategy: normal, platform: MAC, platformName: MAC, platformVersion: 18.2.0, proxy: Proxy(direct), rotatable: false, timeouts: {implicit: 0, pageLoad: 300000, script: 30000}}
Session ID: 97ea00e4-ee3b-ea4a-9a82-c5ffbf323ce5)

2018-11-19 13:23:29 - [MESSAGE][FAILED] - Unable to click on object 'Object Repository/Page_Overview/a_Clear Cache  Refresh' (Root cause: org.openqa.selenium.ElementNotInteractableException: Element <a> could not be scrolled into view
Build info: version: '3.7.1', revision: '8a0099a', time: '2017-11-06T21:07:36.161Z'
System info: host: 'Adams-MacBook-Right.local', ip: 'fe80:0:0:0:8d3:55b9:9b1a:9cc7%en0', os.name: 'Mac OS X', os.arch: 'x86_64', os.version: '10.14.1', java.version: '1.8.0_181'
Driver info: com.kms.katalon.core.webui.driver.firefox.CGeckoDriver
Capabilities {acceptInsecureCerts: true, browserName: firefox, browserVersion: 62.0.2, javascriptEnabled: true, moz:accessibilityChecks: false, moz:geckodriverVersion: 0.23.0, moz:headless: false, moz:processID: 99403, moz:profile: /var/folders/jr/7vywd_6j2l1..., moz:useNonSpecCompliantPointerOrigin: false, moz:webdriverClick: true, pageLoadStrategy: normal, platform: MAC, platformName: MAC, platformVersion: 18.2.0, proxy: Proxy(direct), rotatable: false, timeouts: {implicit: 0, pageLoad: 300000, script: 30000}}
Session ID: 97ea00e4-ee3b-ea4a-9a82-c5ffbf323ce5)
[[ATTACHMENT|/Users/alahley/Katalon Studio/Analytics/Reports/Prod 3 Sanity Check/20181119_131945/1542662609135.png]]

2018-11-19 13:23:29 - [TEST_STEP][PASSED] - waitForAngularLoad: Angular is ready.

2018-11-19 13:23:30 - [MESSAGE][PASSED] - Angular is ready.

2018-11-19 13:23:30 - [TEST_STEP][PASSED] - waitForPageLoad: Wait for page load successfully

2018-11-19 13:23:30 - [MESSAGE][WARNING] - Timeout '0' is invalid. Using default page load timeout: '30'

2018-11-19 13:23:30 - [MESSAGE][PASSED] - Wait for page load successfully

2018-11-19 13:23:30 - [TEST_STEP][PASSED] - verifyElementText: Actual text and expected text of test object 'Object Repository/Page_Overview/div_14' are matched.

2018-11-19 13:23:30 - [MESSAGE][PASSED] - Actual text and expected text of test object 'Object Repository/Page_Overview/div_14' are matched.

2018-11-19 13:23:30 - [TEST_STEP][PASSED] - verifyElementText: Actual text and expected text of test object 'Object Repository/Page_Overview/div_4' are matched.

2018-11-19 13:23:31 - [MESSAGE][PASSED] - Actual text and expected text of test object 'Object Repository/Page_Overview/div_4' are matched.

2018-11-19 13:23:31 - [TEST_STEP][PASSED] - verifyElementText: Actual text and expected text of test object 'Object Repository/Page_Overview/div_65282' are matched.

2018-11-19 13:23:31 - [MESSAGE][PASSED] - Actual text and expected text of test object 'Object Repository/Page_Overview/div_65282' are matched.

2018-11-19 13:23:31 - [TEST_STEP][PASSED] - verifyElementText: Actual text and expected text of test object 'Object Repository/Page_Overview/div_16748' are matched.

2018-11-19 13:23:31 - [MESSAGE][PASSED] - Actual text and expected text of test object 'Object Repository/Page_Overview/div_16748' are matched.

2018-11-19 13:23:31 - [TEST_STEP][PASSED] - verifyElementText: Actual text and expected text of test object 'Object Repository/Page_Overview/div_15' are matched.

2018-11-19 13:23:31 - [MESSAGE][PASSED] - Actual text and expected text of test object 'Object Repository/Page_Overview/div_15' are matched.

2018-11-19 13:23:31 - [TEST_STEP][PASSED] - verifyElementText: Actual text and expected text of test object 'Object Repository/Page_Overview/div_163134' are matched.

2018-11-19 13:23:31 - [MESSAGE][PASSED] - Actual text and expected text of test object 'Object Repository/Page_Overview/div_163134' are matched.

2018-11-19 13:23:31 - [TEST_STEP][PASSED] - verifyElementText: Actual text and expected text of test object 'Object Repository/Page_Overview/div_103654' are matched.

2018-11-19 13:23:31 - [MESSAGE][PASSED] - Actual text and expected text of test object 'Object Repository/Page_Overview/div_103654' are matched.

2018-11-19 13:23:31 - [TEST_STEP][PASSED] - verifyElementText: Actual text and expected text of test object 'Object Repository/Page_Overview/div_13578.7' are matched.

2018-11-19 13:23:31 - [MESSAGE][PASSED] - Actual text and expected text of test object 'Object Repository/Page_Overview/div_13578.7' are matched.

2018-11-19 13:23:31 - [TEST_STEP][PASSED] - verifyElementText: Actual text and expected text of test object 'Object Repository/Page_Overview/div_343541' are matched.

2018-11-19 13:23:31 - [MESSAGE][PASSED] - Actual text and expected text of test object 'Object Repository/Page_Overview/div_343541' are matched.

2018-11-19 13:23:31 - [TEST_STEP][PASSED] - verifyElementText: Actual text and expected text of test object 'Object Repository/Page_Overview/div_628085' are matched.

2018-11-19 13:23:31 - [MESSAGE][PASSED] - Actual text and expected text of test object 'Object Repository/Page_Overview/div_628085' are matched.

2018-11-19 13:23:31 - [TEST_STEP][PASSED] - verifyElementText: Actual text and expected text of test object 'Object Repository/Page_Overview/div_19290' are matched.

2018-11-19 13:23:31 - [MESSAGE][PASSED] - Actual text and expected text of test object 'Object Repository/Page_Overview/div_19290' are matched.

2018-11-19 13:23:31 - [TEST_STEP][PASSED] - verifyElementText: Actual text and expected text of test object 'Object Repository/Page_Overview/div_21243.22' are matched.

2018-11-19 13:23:31 - [MESSAGE][PASSED] - Actual text and expected text of test object 'Object Repository/Page_Overview/div_21243.22' are matched.

2018-11-19 13:23:31 - [TEST_STEP][PASSED] - verifyElementText: Actual text and expected text of test object 'Object Repository/Page_Overview/div_91' are matched.

2018-11-19 13:23:31 - [MESSAGE][PASSED] - Actual text and expected text of test object 'Object Repository/Page_Overview/div_91' are matched.

2018-11-19 13:23:31 - [TEST_STEP][PASSED] - closeBrowser: Browser is closed

2018-11-19 13:23:31 - [MESSAGE][PASSED] - Browser is closed]]></system-out>
         <system-err><![CDATA[2018-11-19 13:23:01 - [TEST_CASE][FAILED] - Test Cases/Prod 3/Prod 3 - Fixture Data Validation: Test Cases/Prod 3/Prod 3 - Fixture Data Validation FAILED because (of) (Stack trace: com.kms.katalon.core.exception.StepFailedException: Unable to click on object 'Object Repository/Page_Overview/i_Run_lk-icon-gear' (Root cause: org.openqa.selenium.ElementNotInteractableException: Element <i class="lk-icon-gear"> could not be scrolled into view
Build info: version: '3.7.1', revision: '8a0099a', time: '2017-11-06T21:07:36.161Z'
System info: host: 'Adams-MacBook-Right.local', ip: 'fe80:0:0:0:8d3:55b9:9b1a:9cc7%en0', os.name: 'Mac OS X', os.arch: 'x86_64', os.version: '10.14.1', java.version: '1.8.0_181'
Driver info: com.kms.katalon.core.webui.driver.firefox.CGeckoDriver
Capabilities {acceptInsecureCerts: true, browserName: firefox, browserVersion: 62.0.2, javascriptEnabled: true, moz:accessibilityChecks: false, moz:geckodriverVersion: 0.23.0, moz:headless: false, moz:processID: 99403, moz:profile: /var/folders/jr/7vywd_6j2l1..., moz:useNonSpecCompliantPointerOrigin: false, moz:webdriverClick: true, pageLoadStrategy: normal, platform: MAC, platformName: MAC, platformVersion: 18.2.0, proxy: Proxy(direct), rotatable: false, timeouts: {implicit: 0, pageLoad: 300000, script: 30000}}
Session ID: 97ea00e4-ee3b-ea4a-9a82-c5ffbf323ce5)
	at com.kms.katalon.core.keyword.internal.KeywordMain.stepFailed(KeywordMain.groovy:32)
	at com.kms.katalon.core.webui.keyword.internal.WebUIKeywordMain.stepFailed(WebUIKeywordMain.groovy:65)
	at com.kms.katalon.core.webui.keyword.internal.WebUIKeywordMain.runKeyword(WebUIKeywordMain.groovy:27)
	at com.kms.katalon.core.webui.keyword.builtin.ClickKeyword.click(ClickKeyword.groovy:86)
	at com.kms.katalon.core.webui.keyword.builtin.ClickKeyword.execute(ClickKeyword.groovy:67)
	at com.kms.katalon.core.keyword.internal.KeywordExecutor.executeKeywordForPlatform(KeywordExecutor.groovy:53)
	at com.kms.katalon.core.webui.keyword.WebUiBuiltInKeywords.click(WebUiBuiltInKeywords.groovy:616)
	at com.kms.katalon.core.webui.keyword.WebUiBuiltInKeywords$click$2.call(Unknown Source)
	at org.codehaus.groovy.runtime.callsite.CallSiteArray.defaultCall(CallSiteArray.java:48)
	at org.codehaus.groovy.runtime.callsite.AbstractCallSite.call(AbstractCallSite.java:113)
	at org.codehaus.groovy.runtime.callsite.AbstractCallSite.call(AbstractCallSite.java:125)
	at Script1542322808315.run(Script1542322808315.groovy:194)
	at com.kms.katalon.core.main.ScriptEngine.run(ScriptEngine.java:183)
	at com.kms.katalon.core.main.ScriptEngine.runScriptAsRawText(ScriptEngine.java:108)
	at com.kms.katalon.core.main.TestCaseExecutor.runScript(TestCaseExecutor.java:294)
	at com.kms.katalon.core.main.TestCaseExecutor.doExecute(TestCaseExecutor.java:285)
	at com.kms.katalon.core.main.TestCaseExecutor.processExecutionPhase(TestCaseExecutor.java:264)
	at com.kms.katalon.core.main.TestCaseExecutor.accessMainPhase(TestCaseExecutor.java:256)
	at com.kms.katalon.core.main.TestCaseExecutor.execute(TestCaseExecutor.java:200)
	at com.kms.katalon.core.main.TestSuiteExecutor.accessTestCaseMainPhase(TestSuiteExecutor.java:129)
	at com.kms.katalon.core.main.TestSuiteExecutor.accessTestSuiteMainPhase(TestSuiteExecutor.java:112)
	at com.kms.katalon.core.main.TestSuiteExecutor.execute(TestSuiteExecutor.java:81)
	at com.kms.katalon.core.main.TestCaseMain.startTestSuite(TestCaseMain.java:142)
	at com.kms.katalon.core.main.TestCaseMain$startTestSuite$0.call(Unknown Source)
	at org.codehaus.groovy.runtime.callsite.CallSiteArray.defaultCall(CallSiteArray.java:48)
	at org.codehaus.groovy.runtime.callsite.AbstractCallSite.call(AbstractCallSite.java:113)
	at org.codehaus.groovy.runtime.callsite.AbstractCallSite.call(AbstractCallSite.java:141)
	at TempTestSuite1542662385301.run(TempTestSuite1542662385301.groovy:36)
	at groovy.lang.GroovyShell.runScriptOrMainOrTestOrRunnable(GroovyShell.java:263)
	at groovy.lang.GroovyShell.run(GroovyShell.java:518)
	at groovy.lang.GroovyShell.run(GroovyShell.java:507)
	at groovy.ui.GroovyMain.processOnce(GroovyMain.java:653)
	at groovy.ui.GroovyMain.run(GroovyMain.java:384)
	at groovy.ui.GroovyMain.process(GroovyMain.java:370)
	at groovy.ui.GroovyMain.processArgs(GroovyMain.java:129)
	at groovy.ui.GroovyMain.main(GroovyMain.java:109)
	at sun.reflect.NativeMethodAccessorImpl.invoke0(Native Method)
	at sun.reflect.NativeMethodAccessorImpl.invoke(NativeMethodAccessorImpl.java:62)
	at sun.reflect.DelegatingMethodAccessorImpl.invoke(DelegatingMethodAccessorImpl.java:43)
	at java.lang.reflect.Method.invoke(Method.java:498)
	at org.codehaus.groovy.tools.GroovyStarter.rootLoader(GroovyStarter.java:109)
	at org.codehaus.groovy.tools.GroovyStarter.main(GroovyStarter.java:131)
)]]></system-err>
      </testcase>
      <testcase name="Test Cases/Prod 3/Prod 3 - Load" classname="Test Cases/Prod 3/Prod 3 - Load" status="FAILED">
         <failure type="FAILED" message="(Stack trace: com.kms.katalon.core.exception.StepFailedException: Unable to click on object 'Object Repository/Page_Live Event/i_Run_lk-icon-gear' (Root cause: org.openqa.selenium.ElementNotInteractableException: Element &lt;i class=&quot;lk-icon-gear&quot;> could not be scrolled into view
Build info: version: '3.7.1', revision: '8a0099a', time: '2017-11-06T21:07:36.161Z'
System info: host: 'Adams-MacBook-Right.local', ip: 'fe80:0:0:0:8d3:55b9:9b1a:9cc7%en0', os.name: 'Mac OS X', os.arch: 'x86_64', os.version: '10.14.1', java.version: '1.8.0_181'
Driver info: com.kms.katalon.core.webui.driver.firefox.CGeckoDriver
Capabilities {acceptInsecureCerts: true, browserName: firefox, browserVersion: 62.0.2, javascriptEnabled: true, moz:accessibilityChecks: false, moz:geckodriverVersion: 0.23.0, moz:headless: false, moz:processID: 99449, moz:profile: /var/folders/jr/7vywd_6j2l1..., moz:useNonSpecCompliantPointerOrigin: false, moz:webdriverClick: true, pageLoadStrategy: normal, platform: MAC, platformName: MAC, platformVersion: 18.2.0, proxy: Proxy(direct), rotatable: false, timeouts: {implicit: 0, pageLoad: 300000, script: 30000}}
Session ID: 66803d80-d7de-d24f-9897-0c01b40d604d)
	at com.kms.katalon.core.keyword.internal.KeywordMain.stepFailed(KeywordMain.groovy:32)
	at com.kms.katalon.core.webui.keyword.internal.WebUIKeywordMain.stepFailed(WebUIKeywordMain.groovy:65)
	at com.kms.katalon.core.webui.keyword.internal.WebUIKeywordMain.runKeyword(WebUIKeywordMain.groovy:27)
	at com.kms.katalon.core.webui.keyword.builtin.ClickKeyword.click(ClickKeyword.groovy:86)
	at com.kms.katalon.core.webui.keyword.builtin.ClickKeyword.execute(ClickKeyword.groovy:67)
	at com.kms.katalon.core.keyword.internal.KeywordExecutor.executeKeywordForPlatform(KeywordExecutor.groovy:53)
	at com.kms.katalon.core.webui.keyword.WebUiBuiltInKeywords.click(WebUiBuiltInKeywords.groovy:616)
	at com.kms.katalon.core.webui.keyword.WebUiBuiltInKeywords$click$2.call(Unknown Source)
	at org.codehaus.groovy.runtime.callsite.CallSiteArray.defaultCall(CallSiteArray.java:48)
	at org.codehaus.groovy.runtime.callsite.AbstractCallSite.call(AbstractCallSite.java:113)
	at org.codehaus.groovy.runtime.callsite.AbstractCallSite.call(AbstractCallSite.java:125)
	at Script1542397753691.run(Script1542397753691.groovy:148)
	at com.kms.katalon.core.main.ScriptEngine.run(ScriptEngine.java:183)
	at com.kms.katalon.core.main.ScriptEngine.runScriptAsRawText(ScriptEngine.java:108)
	at com.kms.katalon.core.main.TestCaseExecutor.runScript(TestCaseExecutor.java:294)
	at com.kms.katalon.core.main.TestCaseExecutor.doExecute(TestCaseExecutor.java:285)
	at com.kms.katalon.core.main.TestCaseExecutor.processExecutionPhase(TestCaseExecutor.java:264)
	at com.kms.katalon.core.main.TestCaseExecutor.accessMainPhase(TestCaseExecutor.java:256)
	at com.kms.katalon.core.main.TestCaseExecutor.execute(TestCaseExecutor.java:200)
	at com.kms.katalon.core.main.TestSuiteExecutor.accessTestCaseMainPhase(TestSuiteExecutor.java:129)
	at com.kms.katalon.core.main.TestSuiteExecutor.accessTestSuiteMainPhase(TestSuiteExecutor.java:112)
	at com.kms.katalon.core.main.TestSuiteExecutor.execute(TestSuiteExecutor.java:81)
	at com.kms.katalon.core.main.TestCaseMain.startTestSuite(TestCaseMain.java:142)
	at com.kms.katalon.core.main.TestCaseMain$startTestSuite$0.call(Unknown Source)
	at org.codehaus.groovy.runtime.callsite.CallSiteArray.defaultCall(CallSiteArray.java:48)
	at org.codehaus.groovy.runtime.callsite.AbstractCallSite.call(AbstractCallSite.java:113)
	at org.codehaus.groovy.runtime.callsite.AbstractCallSite.call(AbstractCallSite.java:141)
	at TempTestSuite1542662385301.run(TempTestSuite1542662385301.groovy:36)
	at groovy.lang.GroovyShell.runScriptOrMainOrTestOrRunnable(GroovyShell.java:263)
	at groovy.lang.GroovyShell.run(GroovyShell.java:518)
	at groovy.lang.GroovyShell.run(GroovyShell.java:507)
	at groovy.ui.GroovyMain.processOnce(GroovyMain.java:653)
	at groovy.ui.GroovyMain.run(GroovyMain.java:384)
	at groovy.ui.GroovyMain.process(GroovyMain.java:370)
	at groovy.ui.GroovyMain.processArgs(GroovyMain.java:129)
	at groovy.ui.GroovyMain.main(GroovyMain.java:109)
	at sun.reflect.NativeMethodAccessorImpl.invoke0(Native Method)
	at sun.reflect.NativeMethodAccessorImpl.invoke(NativeMethodAccessorImpl.java:62)
	at sun.reflect.DelegatingMethodAccessorImpl.invoke(DelegatingMethodAccessorImpl.java:43)
	at java.lang.reflect.Method.invoke(Method.java:498)
	at org.codehaus.groovy.tools.GroovyStarter.rootLoader(GroovyStarter.java:109)
	at org.codehaus.groovy.tools.GroovyStarter.main(GroovyStarter.java:131)
)"/>
         <system-out><![CDATA[2018-11-19 13:23:31 - [TEST_CASE][FAILED] - Test Cases/Prod 3/Prod 3 - Load: Test Cases/Prod 3/Prod 3 - Load FAILED because (of) (Stack trace: com.kms.katalon.core.exception.StepFailedException: Unable to click on object 'Object Repository/Page_Live Event/i_Run_lk-icon-gear' (Root cause: org.openqa.selenium.ElementNotInteractableException: Element <i class="lk-icon-gear"> could not be scrolled into view
Build info: version: '3.7.1', revision: '8a0099a', time: '2017-11-06T21:07:36.161Z'
System info: host: 'Adams-MacBook-Right.local', ip: 'fe80:0:0:0:8d3:55b9:9b1a:9cc7%en0', os.name: 'Mac OS X', os.arch: 'x86_64', os.version: '10.14.1', java.version: '1.8.0_181'
Driver info: com.kms.katalon.core.webui.driver.firefox.CGeckoDriver
Capabilities {acceptInsecureCerts: true, browserName: firefox, browserVersion: 62.0.2, javascriptEnabled: true, moz:accessibilityChecks: false, moz:geckodriverVersion: 0.23.0, moz:headless: false, moz:processID: 99449, moz:profile: /var/folders/jr/7vywd_6j2l1..., moz:useNonSpecCompliantPointerOrigin: false, moz:webdriverClick: true, pageLoadStrategy: normal, platform: MAC, platformName: MAC, platformVersion: 18.2.0, proxy: Proxy(direct), rotatable: false, timeouts: {implicit: 0, pageLoad: 300000, script: 30000}}
Session ID: 66803d80-d7de-d24f-9897-0c01b40d604d)
	at com.kms.katalon.core.keyword.internal.KeywordMain.stepFailed(KeywordMain.groovy:32)
	at com.kms.katalon.core.webui.keyword.internal.WebUIKeywordMain.stepFailed(WebUIKeywordMain.groovy:65)
	at com.kms.katalon.core.webui.keyword.internal.WebUIKeywordMain.runKeyword(WebUIKeywordMain.groovy:27)
	at com.kms.katalon.core.webui.keyword.builtin.ClickKeyword.click(ClickKeyword.groovy:86)
	at com.kms.katalon.core.webui.keyword.builtin.ClickKeyword.execute(ClickKeyword.groovy:67)
	at com.kms.katalon.core.keyword.internal.KeywordExecutor.executeKeywordForPlatform(KeywordExecutor.groovy:53)
	at com.kms.katalon.core.webui.keyword.WebUiBuiltInKeywords.click(WebUiBuiltInKeywords.groovy:616)
	at com.kms.katalon.core.webui.keyword.WebUiBuiltInKeywords$click$2.call(Unknown Source)
	at org.codehaus.groovy.runtime.callsite.CallSiteArray.defaultCall(CallSiteArray.java:48)
	at org.codehaus.groovy.runtime.callsite.AbstractCallSite.call(AbstractCallSite.java:113)
	at org.codehaus.groovy.runtime.callsite.AbstractCallSite.call(AbstractCallSite.java:125)
	at Script1542397753691.run(Script1542397753691.groovy:148)
	at com.kms.katalon.core.main.ScriptEngine.run(ScriptEngine.java:183)
	at com.kms.katalon.core.main.ScriptEngine.runScriptAsRawText(ScriptEngine.java:108)
	at com.kms.katalon.core.main.TestCaseExecutor.runScript(TestCaseExecutor.java:294)
	at com.kms.katalon.core.main.TestCaseExecutor.doExecute(TestCaseExecutor.java:285)
	at com.kms.katalon.core.main.TestCaseExecutor.processExecutionPhase(TestCaseExecutor.java:264)
	at com.kms.katalon.core.main.TestCaseExecutor.accessMainPhase(TestCaseExecutor.java:256)
	at com.kms.katalon.core.main.TestCaseExecutor.execute(TestCaseExecutor.java:200)
	at com.kms.katalon.core.main.TestSuiteExecutor.accessTestCaseMainPhase(TestSuiteExecutor.java:129)
	at com.kms.katalon.core.main.TestSuiteExecutor.accessTestSuiteMainPhase(TestSuiteExecutor.java:112)
	at com.kms.katalon.core.main.TestSuiteExecutor.execute(TestSuiteExecutor.java:81)
	at com.kms.katalon.core.main.TestCaseMain.startTestSuite(TestCaseMain.java:142)
	at com.kms.katalon.core.main.TestCaseMain$startTestSuite$0.call(Unknown Source)
	at org.codehaus.groovy.runtime.callsite.CallSiteArray.defaultCall(CallSiteArray.java:48)
	at org.codehaus.groovy.runtime.callsite.AbstractCallSite.call(AbstractCallSite.java:113)
	at org.codehaus.groovy.runtime.callsite.AbstractCallSite.call(AbstractCallSite.java:141)
	at TempTestSuite1542662385301.run(TempTestSuite1542662385301.groovy:36)
	at groovy.lang.GroovyShell.runScriptOrMainOrTestOrRunnable(GroovyShell.java:263)
	at groovy.lang.GroovyShell.run(GroovyShell.java:518)
	at groovy.lang.GroovyShell.run(GroovyShell.java:507)
	at groovy.ui.GroovyMain.processOnce(GroovyMain.java:653)
	at groovy.ui.GroovyMain.run(GroovyMain.java:384)
	at groovy.ui.GroovyMain.process(GroovyMain.java:370)
	at groovy.ui.GroovyMain.processArgs(GroovyMain.java:129)
	at groovy.ui.GroovyMain.main(GroovyMain.java:109)
	at sun.reflect.NativeMethodAccessorImpl.invoke0(Native Method)
	at sun.reflect.NativeMethodAccessorImpl.invoke(NativeMethodAccessorImpl.java:62)
	at sun.reflect.DelegatingMethodAccessorImpl.invoke(DelegatingMethodAccessorImpl.java:43)
	at java.lang.reflect.Method.invoke(Method.java:498)
	at org.codehaus.groovy.tools.GroovyStarter.rootLoader(GroovyStarter.java:109)
	at org.codehaus.groovy.tools.GroovyStarter.main(GroovyStarter.java:131)
)

2018-11-19 13:23:32 - [TEST_STEP][PASSED] - openBrowser: Browser is opened with url: 'https://stats.ac1.kontiki.com/login/email'

2018-11-19 13:23:36 - [MESSAGE][PASSED] - Browser is opened with url: 'https://stats.ac1.kontiki.com/login/email'

2018-11-19 13:23:36 - [TEST_STEP][PASSED] - setText: Text 'alahley@kollective.com' is set on object 'Object Repository/Page_Log in/input_email (2)'

2018-11-19 13:23:36 - [MESSAGE][PASSED] - Text 'alahley@kollective.com' is set on object 'Object Repository/Page_Log in/input_email (2)'

2018-11-19 13:23:36 - [TEST_STEP][PASSED] - setEncryptedText: Text ****** has been set on object 'Object Repository/Page_Log in/input_password (2)'

2018-11-19 13:23:36 - [MESSAGE][PASSED] - Text ****** has been set on object 'Object Repository/Page_Log in/input_password (2)'

2018-11-19 13:23:36 - [TEST_STEP][PASSED] - click: Object: 'Object Repository/Page_Log in/input_remember (2)' is clicked on

2018-11-19 13:23:36 - [MESSAGE][PASSED] - Object: 'Object Repository/Page_Log in/input_remember (2)' is clicked on

2018-11-19 13:23:36 - [TEST_STEP][PASSED] - click: Object: 'Object Repository/Page_Log in/input_login-submit (2)' is clicked on

2018-11-19 13:23:40 - [MESSAGE][PASSED] - Object: 'Object Repository/Page_Log in/input_login-submit (2)' is clicked on

2018-11-19 13:23:40 - [TEST_STEP][PASSED] - waitForAngularLoad: Angular is ready.

2018-11-19 13:23:42 - [MESSAGE][PASSED] - Angular is ready.

2018-11-19 13:23:42 - [TEST_STEP][PASSED] - verifyElementPresent: Object 'Object Repository/Page_Overview/a' is present

2018-11-19 13:23:42 - [MESSAGE][WARNING] - Timeout '0' is invalid. Using default page load timeout: '30'

2018-11-19 13:23:42 - [MESSAGE][PASSED] - Object 'Object Repository/Page_Overview/a' is present

2018-11-19 13:23:42 - [TEST_STEP][PASSED] - navigateToUrl: Navigate to 'https://stats.ac1.kontiki.com/dashboards/analytics_external::live_event_in_progress?content_moid_filter=24546790-ef8f-4234-82a8-a4e6f301124c&format_moid_filter=&time_filter=&filter_config=%7B%22content_moid_filter%22:%5B%7B%22type%22:%22%3D%22,%22values%22:%5B%7B%22constant%22:%2224546790-ef8f-4234-82a8-a4e6f301124c%22%7D,%7B%7D%5D,%22id%22:0%7D%5D,%22format_moid_filter%22:%5B%7B%22type%22:%22%3D%22,%22values%22:%5B%7B%22constant%22:%22%22%7D,%7B%7D%5D,%22id%22:1%7D%5D,%22time_filter%22:%5B%7B%22type%22:%22advanced%22,%22values%22:%5B%7B%22constant%22:null%7D,%7B%7D%5D,%22id%22:2%7D%5D%7D' successfully

2018-11-19 13:23:44 - [MESSAGE][PASSED] - Navigate to 'https://stats.ac1.kontiki.com/dashboards/analytics_external::live_event_in_progress?content_moid_filter=24546790-ef8f-4234-82a8-a4e6f301124c&format_moid_filter=&time_filter=&filter_config=%7B%22content_moid_filter%22:%5B%7B%22type%22:%22%3D%22,%22values%22:%5B%7B%22constant%22:%2224546790-ef8f-4234-82a8-a4e6f301124c%22%7D,%7B%7D%5D,%22id%22:0%7D%5D,%22format_moid_filter%22:%5B%7B%22type%22:%22%3D%22,%22values%22:%5B%7B%22constant%22:%22%22%7D,%7B%7D%5D,%22id%22:1%7D%5D,%22time_filter%22:%5B%7B%22type%22:%22advanced%22,%22values%22:%5B%7B%22constant%22:null%7D,%7B%7D%5D,%22id%22:2%7D%5D%7D' successfully

2018-11-19 13:23:44 - [TEST_STEP][PASSED] - waitForAngularLoad: Angular is ready.

2018-11-19 13:23:45 - [MESSAGE][WARNING] - Timeout '0' is invalid. Using default page load timeout: '30'

2018-11-19 13:23:46 - [MESSAGE][PASSED] - Angular is ready.

2018-11-19 13:23:46 - [TEST_STEP][PASSED] - waitForPageLoad: Wait for page load successfully

2018-11-19 13:23:46 - [MESSAGE][WARNING] - Timeout '0' is invalid. Using default page load timeout: '30'

2018-11-19 13:23:46 - [MESSAGE][PASSED] - Wait for page load successfully

2018-11-19 13:23:46 - [TEST_STEP][PASSED] - click: Object: 'Object Repository/Page_Live (In Progress) Event/div_Toggle Dropdown' is clicked on

2018-11-19 13:23:47 - [MESSAGE][PASSED] - Object: 'Object Repository/Page_Live (In Progress) Event/div_Toggle Dropdown' is clicked on

2018-11-19 13:23:47 - [TEST_STEP][PASSED] - click: Object: 'Object Repository/Page_Live (In Progress) Event/a_Clear Cache  Refresh' is clicked on

2018-11-19 13:23:48 - [MESSAGE][PASSED] - Object: 'Object Repository/Page_Live (In Progress) Event/a_Clear Cache  Refresh' is clicked on

2018-11-19 13:23:48 - [TEST_STEP][PASSED] - waitForAngularLoad: Angular is ready.

2018-11-19 13:23:48 - [MESSAGE][WARNING] - Timeout '0' is invalid. Using default page load timeout: '30'

2018-11-19 13:23:51 - [MESSAGE][PASSED] - Angular is ready.

2018-11-19 13:23:51 - [TEST_STEP][PASSED] - waitForPageLoad: Wait for page load successfully

2018-11-19 13:23:51 - [MESSAGE][WARNING] - Timeout '0' is invalid. Using default page load timeout: '30'

2018-11-19 13:23:51 - [MESSAGE][PASSED] - Wait for page load successfully

2018-11-19 13:23:51 - [TEST_STEP][PASSED] - navigateToUrl: Navigate to 'https://stats.ac1.kontiki.com/dashboards/analytics_external::live_event_in_progress?content_moid_filter=90767043-6efd-4b65-a11e-0b42967f6b3b&format_moid_filter=&time_filter=&filter_config=%7B%22content_moid_filter%22:%5B%7B%22type%22:%22%3D%22,%22values%22:%5B%7B%22constant%22:%2290767043-6efd-4b65-a11e-0b42967f6b3b%22%7D,%7B%7D%5D,%22id%22:0%7D%5D,%22format_moid_filter%22:%5B%7B%22type%22:%22%3D%22,%22values%22:%5B%7B%22constant%22:%22%22%7D,%7B%7D%5D,%22id%22:1%7D%5D,%22time_filter%22:%5B%7B%22type%22:%22advanced%22,%22values%22:%5B%7B%22constant%22:null%7D,%7B%7D%5D,%22id%22:2%7D%5D%7D' successfully

2018-11-19 13:23:54 - [MESSAGE][PASSED] - Navigate to 'https://stats.ac1.kontiki.com/dashboards/analytics_external::live_event_in_progress?content_moid_filter=90767043-6efd-4b65-a11e-0b42967f6b3b&format_moid_filter=&time_filter=&filter_config=%7B%22content_moid_filter%22:%5B%7B%22type%22:%22%3D%22,%22values%22:%5B%7B%22constant%22:%2290767043-6efd-4b65-a11e-0b42967f6b3b%22%7D,%7B%7D%5D,%22id%22:0%7D%5D,%22format_moid_filter%22:%5B%7B%22type%22:%22%3D%22,%22values%22:%5B%7B%22constant%22:%22%22%7D,%7B%7D%5D,%22id%22:1%7D%5D,%22time_filter%22:%5B%7B%22type%22:%22advanced%22,%22values%22:%5B%7B%22constant%22:null%7D,%7B%7D%5D,%22id%22:2%7D%5D%7D' successfully

2018-11-19 13:23:54 - [TEST_STEP][PASSED] - waitForPageLoad: Wait for page load successfully

2018-11-19 13:23:54 - [MESSAGE][WARNING] - Timeout '0' is invalid. Using default page load timeout: '30'

2018-11-19 13:23:54 - [MESSAGE][PASSED] - Wait for page load successfully

2018-11-19 13:23:54 - [TEST_STEP][PASSED] - waitForAngularLoad: Angular is ready.

2018-11-19 13:23:54 - [MESSAGE][WARNING] - Timeout '0' is invalid. Using default page load timeout: '30'

2018-11-19 13:23:57 - [MESSAGE][PASSED] - Angular is ready.

2018-11-19 13:23:57 - [TEST_STEP][PASSED] - click: Object: 'Object Repository/Page_Live (In Progress) Event/div_Toggle Dropdown' is clicked on

2018-11-19 13:23:58 - [MESSAGE][PASSED] - Object: 'Object Repository/Page_Live (In Progress) Event/div_Toggle Dropdown' is clicked on

2018-11-19 13:23:58 - [TEST_STEP][PASSED] - click: Object: 'Object Repository/Page_Live (In Progress) Event/a_Clear Cache  Refresh' is clicked on

2018-11-19 13:23:59 - [MESSAGE][PASSED] - Object: 'Object Repository/Page_Live (In Progress) Event/a_Clear Cache  Refresh' is clicked on

2018-11-19 13:23:59 - [TEST_STEP][PASSED] - waitForAngularLoad: Angular is ready.

2018-11-19 13:23:59 - [MESSAGE][WARNING] - Timeout '0' is invalid. Using default page load timeout: '30'

2018-11-19 13:24:07 - [MESSAGE][PASSED] - Angular is ready.

2018-11-19 13:24:07 - [TEST_STEP][PASSED] - waitForPageLoad: Wait for page load successfully

2018-11-19 13:24:07 - [MESSAGE][WARNING] - Timeout '0' is invalid. Using default page load timeout: '30'

2018-11-19 13:24:07 - [MESSAGE][PASSED] - Wait for page load successfully

2018-11-19 13:24:07 - [TEST_STEP][PASSED] - navigateToUrl: Navigate to 'https://stats.ac1.kontiki.com/dashboards/analytics_external::live_event_in_progress?content_moid_filter=b1dd01d4-d83e-4c7d-95cd-1bda21e3c0f4&format_moid_filter=&time_filter=&filter_config=%7B%22content_moid_filter%22:%5B%7B%22type%22:%22%3D%22,%22values%22:%5B%7B%22constant%22:%22b1dd01d4-d83e-4c7d-95cd-1bda21e3c0f4%22%7D,%7B%7D%5D,%22id%22:0%7D%5D,%22format_moid_filter%22:%5B%7B%22type%22:%22%3D%22,%22values%22:%5B%7B%22constant%22:%22%22%7D,%7B%7D%5D,%22id%22:1%7D%5D,%22time_filter%22:%5B%7B%22type%22:%22advanced%22,%22values%22:%5B%7B%22constant%22:null%7D,%7B%7D%5D,%22id%22:2%7D%5D%7D' successfully

2018-11-19 13:24:09 - [MESSAGE][PASSED] - Navigate to 'https://stats.ac1.kontiki.com/dashboards/analytics_external::live_event_in_progress?content_moid_filter=b1dd01d4-d83e-4c7d-95cd-1bda21e3c0f4&format_moid_filter=&time_filter=&filter_config=%7B%22content_moid_filter%22:%5B%7B%22type%22:%22%3D%22,%22values%22:%5B%7B%22constant%22:%22b1dd01d4-d83e-4c7d-95cd-1bda21e3c0f4%22%7D,%7B%7D%5D,%22id%22:0%7D%5D,%22format_moid_filter%22:%5B%7B%22type%22:%22%3D%22,%22values%22:%5B%7B%22constant%22:%22%22%7D,%7B%7D%5D,%22id%22:1%7D%5D,%22time_filter%22:%5B%7B%22type%22:%22advanced%22,%22values%22:%5B%7B%22constant%22:null%7D,%7B%7D%5D,%22id%22:2%7D%5D%7D' successfully

2018-11-19 13:24:09 - [TEST_STEP][PASSED] - waitForPageLoad: Wait for page load successfully

2018-11-19 13:24:09 - [MESSAGE][WARNING] - Timeout '0' is invalid. Using default page load timeout: '30'

2018-11-19 13:24:09 - [MESSAGE][PASSED] - Wait for page load successfully

2018-11-19 13:24:09 - [TEST_STEP][PASSED] - waitForAngularLoad: Angular is ready.

2018-11-19 13:24:09 - [MESSAGE][WARNING] - Timeout '0' is invalid. Using default page load timeout: '30'

2018-11-19 13:24:12 - [MESSAGE][PASSED] - Angular is ready.

2018-11-19 13:24:12 - [TEST_STEP][PASSED] - click: Object: 'Object Repository/Page_Live (In Progress) Event/div_Toggle Dropdown' is clicked on

2018-11-19 13:24:12 - [MESSAGE][PASSED] - Object: 'Object Repository/Page_Live (In Progress) Event/div_Toggle Dropdown' is clicked on

2018-11-19 13:24:12 - [TEST_STEP][PASSED] - click: Object: 'Object Repository/Page_Live Event/a_Clear Cache  Refresh' is clicked on

2018-11-19 13:24:12 - [MESSAGE][PASSED] - Object: 'Object Repository/Page_Live Event/a_Clear Cache  Refresh' is clicked on

2018-11-19 13:24:12 - [TEST_STEP][PASSED] - waitForAngularLoad: Angular is ready.

2018-11-19 13:24:12 - [MESSAGE][WARNING] - Timeout '0' is invalid. Using default page load timeout: '30'

2018-11-19 13:24:17 - [MESSAGE][PASSED] - Angular is ready.

2018-11-19 13:24:17 - [TEST_STEP][PASSED] - waitForPageLoad: Wait for page load successfully

2018-11-19 13:24:17 - [MESSAGE][WARNING] - Timeout '0' is invalid. Using default page load timeout: '30'

2018-11-19 13:24:17 - [MESSAGE][PASSED] - Wait for page load successfully

2018-11-19 13:24:17 - [TEST_STEP][PASSED] - navigateToUrl: Navigate to 'https://stats.ac1.kontiki.com/dashboards/analytics_external::live_event_in_progress?content_moid_filter=9136bfd0-eb87-441c-877c-7be0d13c12ee&format_moid_filter=&time_filter=&filter_config=%7B%22content_moid_filter%22:%5B%7B%22type%22:%22%3D%22,%22values%22:%5B%7B%22constant%22:%229136bfd0-eb87-441c-877c-7be0d13c12ee%22%7D,%7B%7D%5D,%22id%22:0%7D%5D,%22format_moid_filter%22:%5B%7B%22type%22:%22%3D%22,%22values%22:%5B%7B%22constant%22:%22%22%7D,%7B%7D%5D,%22id%22:1%7D%5D,%22time_filter%22:%5B%7B%22type%22:%22advanced%22,%22values%22:%5B%7B%22constant%22:null%7D,%7B%7D%5D,%22id%22:2%7D%5D%7D' successfully

2018-11-19 13:24:19 - [MESSAGE][PASSED] - Navigate to 'https://stats.ac1.kontiki.com/dashboards/analytics_external::live_event_in_progress?content_moid_filter=9136bfd0-eb87-441c-877c-7be0d13c12ee&format_moid_filter=&time_filter=&filter_config=%7B%22content_moid_filter%22:%5B%7B%22type%22:%22%3D%22,%22values%22:%5B%7B%22constant%22:%229136bfd0-eb87-441c-877c-7be0d13c12ee%22%7D,%7B%7D%5D,%22id%22:0%7D%5D,%22format_moid_filter%22:%5B%7B%22type%22:%22%3D%22,%22values%22:%5B%7B%22constant%22:%22%22%7D,%7B%7D%5D,%22id%22:1%7D%5D,%22time_filter%22:%5B%7B%22type%22:%22advanced%22,%22values%22:%5B%7B%22constant%22:null%7D,%7B%7D%5D,%22id%22:2%7D%5D%7D' successfully

2018-11-19 13:24:19 - [TEST_STEP][PASSED] - waitForAngularLoad: Angular is ready.

2018-11-19 13:24:19 - [MESSAGE][WARNING] - Timeout '0' is invalid. Using default page load timeout: '30'

2018-11-19 13:24:21 - [MESSAGE][PASSED] - Angular is ready.

2018-11-19 13:24:21 - [TEST_STEP][PASSED] - waitForPageLoad: Wait for page load successfully

2018-11-19 13:24:21 - [MESSAGE][WARNING] - Timeout '0' is invalid. Using default page load timeout: '30'

2018-11-19 13:24:22 - [MESSAGE][PASSED] - Wait for page load successfully

2018-11-19 13:24:22 - [TEST_STEP][PASSED] - click: Object: 'Object Repository/Page_Live (In Progress) Event/div_Toggle Dropdown' is clicked on

2018-11-19 13:24:23 - [MESSAGE][PASSED] - Object: 'Object Repository/Page_Live (In Progress) Event/div_Toggle Dropdown' is clicked on

2018-11-19 13:24:23 - [TEST_STEP][PASSED] - click: Object: 'Object Repository/Page_Live Event/a_Clear Cache  Refresh' is clicked on

2018-11-19 13:24:23 - [MESSAGE][PASSED] - Object: 'Object Repository/Page_Live Event/a_Clear Cache  Refresh' is clicked on

2018-11-19 13:24:23 - [TEST_STEP][PASSED] - waitForAngularLoad: Angular is ready.

2018-11-19 13:24:23 - [MESSAGE][WARNING] - Timeout '0' is invalid. Using default page load timeout: '30'

2018-11-19 13:24:28 - [MESSAGE][PASSED] - Angular is ready.

2018-11-19 13:24:28 - [TEST_STEP][PASSED] - waitForPageLoad: Wait for page load successfully

2018-11-19 13:24:28 - [MESSAGE][WARNING] - Timeout '0' is invalid. Using default page load timeout: '30'

2018-11-19 13:24:28 - [MESSAGE][PASSED] - Wait for page load successfully

2018-11-19 13:24:28 - [TEST_STEP][PASSED] - navigateToUrl: Navigate to 'https://stats.ac1.kontiki.com/dashboards/analytics_external::live_event_in_progress?content_moid_filter=&format_moid_filter=&time_filter=5%20minutes&filter_config=%7B%22content_moid_filter%22:%5B%7B%22type%22:%22%3D%22,%22values%22:%5B%7B%22constant%22:%22%22%7D,%7B%7D%5D,%22id%22:0%7D%5D,%22format_moid_filter%22:%5B%7B%22type%22:%22%3D%22,%22values%22:%5B%7B%22constant%22:%22%22%7D,%7B%7D%5D,%22id%22:1%7D%5D,%22time_filter%22:%5B%7B%22type%22:%22past%22,%22values%22:%5B%7B%22constant%22:%225%22,%22unit%22:%22min%22%7D%5D,%22id%22:2%7D%5D%7D' successfully

2018-11-19 13:24:30 - [MESSAGE][PASSED] - Navigate to 'https://stats.ac1.kontiki.com/dashboards/analytics_external::live_event_in_progress?content_moid_filter=&format_moid_filter=&time_filter=5%20minutes&filter_config=%7B%22content_moid_filter%22:%5B%7B%22type%22:%22%3D%22,%22values%22:%5B%7B%22constant%22:%22%22%7D,%7B%7D%5D,%22id%22:0%7D%5D,%22format_moid_filter%22:%5B%7B%22type%22:%22%3D%22,%22values%22:%5B%7B%22constant%22:%22%22%7D,%7B%7D%5D,%22id%22:1%7D%5D,%22time_filter%22:%5B%7B%22type%22:%22past%22,%22values%22:%5B%7B%22constant%22:%225%22,%22unit%22:%22min%22%7D%5D,%22id%22:2%7D%5D%7D' successfully

2018-11-19 13:24:30 - [TEST_STEP][PASSED] - waitForAngularLoad: Angular is ready.

2018-11-19 13:24:30 - [MESSAGE][WARNING] - Timeout '0' is invalid. Using default page load timeout: '30'

2018-11-19 13:24:33 - [MESSAGE][PASSED] - Angular is ready.

2018-11-19 13:24:33 - [TEST_STEP][PASSED] - waitForPageLoad: Wait for page load successfully

2018-11-19 13:24:33 - [MESSAGE][WARNING] - Timeout '0' is invalid. Using default page load timeout: '30'

2018-11-19 13:24:33 - [MESSAGE][PASSED] - Wait for page load successfully

2018-11-19 13:24:33 - [TEST_STEP][PASSED] - click: Object: 'Object Repository/Page_Live (In Progress) Event/div_Toggle Dropdown' is clicked on

2018-11-19 13:24:33 - [MESSAGE][PASSED] - Object: 'Object Repository/Page_Live (In Progress) Event/div_Toggle Dropdown' is clicked on

2018-11-19 13:24:33 - [TEST_STEP][PASSED] - click: Object: 'Object Repository/Page_Live (In Progress) Event/a_Clear Cache  Refresh' is clicked on

2018-11-19 13:24:34 - [MESSAGE][PASSED] - Object: 'Object Repository/Page_Live (In Progress) Event/a_Clear Cache  Refresh' is clicked on

2018-11-19 13:24:34 - [TEST_STEP][PASSED] - waitForAngularLoad: Angular is ready.

2018-11-19 13:24:34 - [MESSAGE][WARNING] - Timeout '0' is invalid. Using default page load timeout: '30'

2018-11-19 13:24:40 - [MESSAGE][PASSED] - Angular is ready.

2018-11-19 13:24:40 - [TEST_STEP][PASSED] - waitForPageLoad: Wait for page load successfully

2018-11-19 13:24:40 - [MESSAGE][WARNING] - Timeout '0' is invalid. Using default page load timeout: '30'

2018-11-19 13:24:40 - [MESSAGE][PASSED] - Wait for page load successfully

2018-11-19 13:24:40 - [TEST_STEP][PASSED] - navigateToUrl: Navigate to 'https://stats.ac1.kontiki.com/dashboards/analytics_external::live_event_in_progress?content_moid_filter=608f167c-2fc2-456c-b41d-13d13a25986b&format_moid_filter=&time_filter=&filter_config=%7B%22content_moid_filter%22:%5B%7B%22type%22:%22%3D%22,%22values%22:%5B%7B%22constant%22:%22608f167c-2fc2-456c-b41d-13d13a25986b%22%7D,%7B%7D%5D,%22id%22:0%7D%5D,%22format_moid_filter%22:%5B%7B%22type%22:%22%3D%22,%22values%22:%5B%7B%22constant%22:%22%22%7D,%7B%7D%5D,%22id%22:1%7D%5D,%22time_filter%22:%5B%7B%22type%22:%22advanced%22,%22values%22:%5B%7B%22constant%22:null%7D,%7B%7D%5D,%22id%22:2%7D%5D%7D' successfully

2018-11-19 13:24:42 - [MESSAGE][PASSED] - Navigate to 'https://stats.ac1.kontiki.com/dashboards/analytics_external::live_event_in_progress?content_moid_filter=608f167c-2fc2-456c-b41d-13d13a25986b&format_moid_filter=&time_filter=&filter_config=%7B%22content_moid_filter%22:%5B%7B%22type%22:%22%3D%22,%22values%22:%5B%7B%22constant%22:%22608f167c-2fc2-456c-b41d-13d13a25986b%22%7D,%7B%7D%5D,%22id%22:0%7D%5D,%22format_moid_filter%22:%5B%7B%22type%22:%22%3D%22,%22values%22:%5B%7B%22constant%22:%22%22%7D,%7B%7D%5D,%22id%22:1%7D%5D,%22time_filter%22:%5B%7B%22type%22:%22advanced%22,%22values%22:%5B%7B%22constant%22:null%7D,%7B%7D%5D,%22id%22:2%7D%5D%7D' successfully

2018-11-19 13:24:42 - [TEST_STEP][PASSED] - waitForAngularLoad: Angular is ready.

2018-11-19 13:24:42 - [MESSAGE][WARNING] - Timeout '0' is invalid. Using default page load timeout: '30'

2018-11-19 13:24:44 - [MESSAGE][PASSED] - Angular is ready.

2018-11-19 13:24:44 - [TEST_STEP][PASSED] - waitForPageLoad: Wait for page load successfully

2018-11-19 13:24:44 - [MESSAGE][WARNING] - Timeout '0' is invalid. Using default page load timeout: '30'

2018-11-19 13:24:44 - [MESSAGE][PASSED] - Wait for page load successfully

2018-11-19 13:24:44 - [TEST_STEP][PASSED] - click: Object: 'Object Repository/Page_Live (In Progress) Event/div_Toggle Dropdown' is clicked on

2018-11-19 13:24:45 - [MESSAGE][PASSED] - Object: 'Object Repository/Page_Live (In Progress) Event/div_Toggle Dropdown' is clicked on

2018-11-19 13:24:45 - [TEST_STEP][PASSED] - click: Object: 'Object Repository/Page_Live (In Progress) Event/a_Clear Cache  Refresh' is clicked on

2018-11-19 13:24:45 - [MESSAGE][PASSED] - Object: 'Object Repository/Page_Live (In Progress) Event/a_Clear Cache  Refresh' is clicked on

2018-11-19 13:24:45 - [TEST_STEP][PASSED] - waitForAngularLoad: Angular is ready.

2018-11-19 13:24:45 - [MESSAGE][WARNING] - Timeout '0' is invalid. Using default page load timeout: '30'

2018-11-19 13:24:50 - [MESSAGE][PASSED] - Angular is ready.

2018-11-19 13:24:50 - [TEST_STEP][PASSED] - waitForPageLoad: Wait for page load successfully

2018-11-19 13:24:50 - [MESSAGE][WARNING] - Timeout '0' is invalid. Using default page load timeout: '30'

2018-11-19 13:24:50 - [MESSAGE][PASSED] - Wait for page load successfully

2018-11-19 13:24:50 - [TEST_STEP][PASSED] - navigateToUrl: Navigate to 'https://stats.ac1.kontiki.com/dashboards/analytics_external::live_event?content_moid_filter=a6ccf98e-ab4e-40ad-9761-4227f31f6420&format_moid_filter=&time_filter=&filter_config=%7B%22content_moid_filter%22:%5B%7B%22type%22:%22%3D%22,%22values%22:%5B%7B%22constant%22:%22a6ccf98e-ab4e-40ad-9761-4227f31f6420%22%7D,%7B%7D%5D,%22id%22:0%7D%5D,%22format_moid_filter%22:%5B%7B%22type%22:%22%3D%22,%22values%22:%5B%7B%22constant%22:%22%22%7D,%7B%7D%5D,%22id%22:1%7D%5D,%22time_filter%22:%5B%7B%22type%22:%22advanced%22,%22values%22:%5B%7B%22constant%22:null%7D,%7B%7D%5D,%22id%22:2%7D%5D%7D' successfully

2018-11-19 13:24:52 - [MESSAGE][PASSED] - Navigate to 'https://stats.ac1.kontiki.com/dashboards/analytics_external::live_event?content_moid_filter=a6ccf98e-ab4e-40ad-9761-4227f31f6420&format_moid_filter=&time_filter=&filter_config=%7B%22content_moid_filter%22:%5B%7B%22type%22:%22%3D%22,%22values%22:%5B%7B%22constant%22:%22a6ccf98e-ab4e-40ad-9761-4227f31f6420%22%7D,%7B%7D%5D,%22id%22:0%7D%5D,%22format_moid_filter%22:%5B%7B%22type%22:%22%3D%22,%22values%22:%5B%7B%22constant%22:%22%22%7D,%7B%7D%5D,%22id%22:1%7D%5D,%22time_filter%22:%5B%7B%22type%22:%22advanced%22,%22values%22:%5B%7B%22constant%22:null%7D,%7B%7D%5D,%22id%22:2%7D%5D%7D' successfully

2018-11-19 13:24:52 - [TEST_STEP][PASSED] - waitForAngularLoad: Angular is ready.

2018-11-19 13:24:52 - [MESSAGE][WARNING] - Timeout '0' is invalid. Using default page load timeout: '30'

2018-11-19 13:24:54 - [MESSAGE][PASSED] - Angular is ready.

2018-11-19 13:24:54 - [TEST_STEP][PASSED] - waitForPageLoad: Wait for page load successfully

2018-11-19 13:24:54 - [MESSAGE][WARNING] - Timeout '0' is invalid. Using default page load timeout: '30'

2018-11-19 13:24:55 - [MESSAGE][PASSED] - Wait for page load successfully

2018-11-19 13:24:55 - [TEST_STEP][PASSED] - click: Object: 'Object Repository/Page_Live Event/i_Run_lk-icon-gear' is clicked on

2018-11-19 13:24:55 - [MESSAGE][PASSED] - Object: 'Object Repository/Page_Live Event/i_Run_lk-icon-gear' is clicked on

2018-11-19 13:24:55 - [TEST_STEP][PASSED] - click: Object: 'Object Repository/Page_Live Event/a_Clear Cache  Refresh' is clicked on

2018-11-19 13:24:56 - [MESSAGE][PASSED] - Object: 'Object Repository/Page_Live Event/a_Clear Cache  Refresh' is clicked on

2018-11-19 13:24:56 - [TEST_STEP][PASSED] - waitForAngularLoad: Angular is ready.

2018-11-19 13:24:56 - [MESSAGE][WARNING] - Timeout '0' is invalid. Using default page load timeout: '30'

2018-11-19 13:25:01 - [MESSAGE][PASSED] - Angular is ready.

2018-11-19 13:25:01 - [TEST_STEP][PASSED] - waitForPageLoad: Wait for page load successfully

2018-11-19 13:25:01 - [MESSAGE][WARNING] - Timeout '0' is invalid. Using default page load timeout: '30'

2018-11-19 13:25:01 - [MESSAGE][PASSED] - Wait for page load successfully

2018-11-19 13:25:01 - [TEST_STEP][PASSED] - navigateToUrl: Navigate to 'https://stats.ac1.kontiki.com/dashboards/analytics_external::live_event?content_moid_filter=33e2867b-f623-472f-b398-ba8317f00e50&format_moid_filter=&time_filter=&filter_config=%7B%22content_moid_filter%22:%5B%7B%22type%22:%22%3D%22,%22values%22:%5B%7B%22constant%22:%2233e2867b-f623-472f-b398-ba8317f00e50%22%7D,%7B%7D%5D,%22id%22:0%7D%5D,%22format_moid_filter%22:%5B%7B%22type%22:%22%3D%22,%22values%22:%5B%7B%22constant%22:%22%22%7D,%7B%7D%5D,%22id%22:1%7D%5D,%22time_filter%22:%5B%7B%22type%22:%22advanced%22,%22values%22:%5B%7B%22constant%22:null%7D,%7B%7D%5D,%22id%22:2%7D%5D%7D' successfully

2018-11-19 13:25:03 - [MESSAGE][PASSED] - Navigate to 'https://stats.ac1.kontiki.com/dashboards/analytics_external::live_event?content_moid_filter=33e2867b-f623-472f-b398-ba8317f00e50&format_moid_filter=&time_filter=&filter_config=%7B%22content_moid_filter%22:%5B%7B%22type%22:%22%3D%22,%22values%22:%5B%7B%22constant%22:%2233e2867b-f623-472f-b398-ba8317f00e50%22%7D,%7B%7D%5D,%22id%22:0%7D%5D,%22format_moid_filter%22:%5B%7B%22type%22:%22%3D%22,%22values%22:%5B%7B%22constant%22:%22%22%7D,%7B%7D%5D,%22id%22:1%7D%5D,%22time_filter%22:%5B%7B%22type%22:%22advanced%22,%22values%22:%5B%7B%22constant%22:null%7D,%7B%7D%5D,%22id%22:2%7D%5D%7D' successfully

2018-11-19 13:25:03 - [TEST_STEP][PASSED] - waitForAngularLoad: Angular is ready.

2018-11-19 13:25:03 - [MESSAGE][WARNING] - Timeout '0' is invalid. Using default page load timeout: '30'

2018-11-19 13:25:06 - [MESSAGE][PASSED] - Angular is ready.

2018-11-19 13:25:06 - [TEST_STEP][PASSED] - waitForPageLoad: Wait for page load successfully

2018-11-19 13:25:06 - [MESSAGE][WARNING] - Timeout '0' is invalid. Using default page load timeout: '30'

2018-11-19 13:25:06 - [MESSAGE][PASSED] - Wait for page load successfully

2018-11-19 13:25:06 - [TEST_STEP][FAILED] - click: Unable to click on object 'Object Repository/Page_Live Event/i_Run_lk-icon-gear' (Root cause: org.openqa.selenium.ElementNotInteractableException: Element <i class="lk-icon-gear"> could not be scrolled into view
Build info: version: '3.7.1', revision: '8a0099a', time: '2017-11-06T21:07:36.161Z'
System info: host: 'Adams-MacBook-Right.local', ip: 'fe80:0:0:0:8d3:55b9:9b1a:9cc7%en0', os.name: 'Mac OS X', os.arch: 'x86_64', os.version: '10.14.1', java.version: '1.8.0_181'
Driver info: com.kms.katalon.core.webui.driver.firefox.CGeckoDriver
Capabilities {acceptInsecureCerts: true, browserName: firefox, browserVersion: 62.0.2, javascriptEnabled: true, moz:accessibilityChecks: false, moz:geckodriverVersion: 0.23.0, moz:headless: false, moz:processID: 99449, moz:profile: /var/folders/jr/7vywd_6j2l1..., moz:useNonSpecCompliantPointerOrigin: false, moz:webdriverClick: true, pageLoadStrategy: normal, platform: MAC, platformName: MAC, platformVersion: 18.2.0, proxy: Proxy(direct), rotatable: false, timeouts: {implicit: 0, pageLoad: 300000, script: 30000}}
Session ID: 66803d80-d7de-d24f-9897-0c01b40d604d)

2018-11-19 13:25:07 - [MESSAGE][FAILED] - Unable to click on object 'Object Repository/Page_Live Event/i_Run_lk-icon-gear' (Root cause: org.openqa.selenium.ElementNotInteractableException: Element <i class="lk-icon-gear"> could not be scrolled into view
Build info: version: '3.7.1', revision: '8a0099a', time: '2017-11-06T21:07:36.161Z'
System info: host: 'Adams-MacBook-Right.local', ip: 'fe80:0:0:0:8d3:55b9:9b1a:9cc7%en0', os.name: 'Mac OS X', os.arch: 'x86_64', os.version: '10.14.1', java.version: '1.8.0_181'
Driver info: com.kms.katalon.core.webui.driver.firefox.CGeckoDriver
Capabilities {acceptInsecureCerts: true, browserName: firefox, browserVersion: 62.0.2, javascriptEnabled: true, moz:accessibilityChecks: false, moz:geckodriverVersion: 0.23.0, moz:headless: false, moz:processID: 99449, moz:profile: /var/folders/jr/7vywd_6j2l1..., moz:useNonSpecCompliantPointerOrigin: false, moz:webdriverClick: true, pageLoadStrategy: normal, platform: MAC, platformName: MAC, platformVersion: 18.2.0, proxy: Proxy(direct), rotatable: false, timeouts: {implicit: 0, pageLoad: 300000, script: 30000}}
Session ID: 66803d80-d7de-d24f-9897-0c01b40d604d)
[[ATTACHMENT|/Users/alahley/Katalon Studio/Analytics/Reports/Prod 3 Sanity Check/20181119_131945/1542662707067.png]]

2018-11-19 13:25:07 - [TEST_STEP][FAILED] - click: Unable to click on object 'Object Repository/Page_Live Event/a_Clear Cache  Refresh' (Root cause: org.openqa.selenium.ElementNotInteractableException: Element <a> could not be scrolled into view
Build info: version: '3.7.1', revision: '8a0099a', time: '2017-11-06T21:07:36.161Z'
System info: host: 'Adams-MacBook-Right.local', ip: 'fe80:0:0:0:8d3:55b9:9b1a:9cc7%en0', os.name: 'Mac OS X', os.arch: 'x86_64', os.version: '10.14.1', java.version: '1.8.0_181'
Driver info: com.kms.katalon.core.webui.driver.firefox.CGeckoDriver
Capabilities {acceptInsecureCerts: true, browserName: firefox, browserVersion: 62.0.2, javascriptEnabled: true, moz:accessibilityChecks: false, moz:geckodriverVersion: 0.23.0, moz:headless: false, moz:processID: 99449, moz:profile: /var/folders/jr/7vywd_6j2l1..., moz:useNonSpecCompliantPointerOrigin: false, moz:webdriverClick: true, pageLoadStrategy: normal, platform: MAC, platformName: MAC, platformVersion: 18.2.0, proxy: Proxy(direct), rotatable: false, timeouts: {implicit: 0, pageLoad: 300000, script: 30000}}
Session ID: 66803d80-d7de-d24f-9897-0c01b40d604d)

2018-11-19 13:25:07 - [MESSAGE][FAILED] - Unable to click on object 'Object Repository/Page_Live Event/a_Clear Cache  Refresh' (Root cause: org.openqa.selenium.ElementNotInteractableException: Element <a> could not be scrolled into view
Build info: version: '3.7.1', revision: '8a0099a', time: '2017-11-06T21:07:36.161Z'
System info: host: 'Adams-MacBook-Right.local', ip: 'fe80:0:0:0:8d3:55b9:9b1a:9cc7%en0', os.name: 'Mac OS X', os.arch: 'x86_64', os.version: '10.14.1', java.version: '1.8.0_181'
Driver info: com.kms.katalon.core.webui.driver.firefox.CGeckoDriver
Capabilities {acceptInsecureCerts: true, browserName: firefox, browserVersion: 62.0.2, javascriptEnabled: true, moz:accessibilityChecks: false, moz:geckodriverVersion: 0.23.0, moz:headless: false, moz:processID: 99449, moz:profile: /var/folders/jr/7vywd_6j2l1..., moz:useNonSpecCompliantPointerOrigin: false, moz:webdriverClick: true, pageLoadStrategy: normal, platform: MAC, platformName: MAC, platformVersion: 18.2.0, proxy: Proxy(direct), rotatable: false, timeouts: {implicit: 0, pageLoad: 300000, script: 30000}}
Session ID: 66803d80-d7de-d24f-9897-0c01b40d604d)
[[ATTACHMENT|/Users/alahley/Katalon Studio/Analytics/Reports/Prod 3 Sanity Check/20181119_131945/1542662707356.png]]

2018-11-19 13:25:07 - [TEST_STEP][PASSED] - waitForAngularLoad: Angular is ready.

2018-11-19 13:25:07 - [MESSAGE][WARNING] - Timeout '0' is invalid. Using default page load timeout: '30'

2018-11-19 13:25:09 - [MESSAGE][PASSED] - Angular is ready.

2018-11-19 13:25:09 - [TEST_STEP][PASSED] - waitForPageLoad: Wait for page load successfully

2018-11-19 13:25:09 - [MESSAGE][WARNING] - Timeout '0' is invalid. Using default page load timeout: '30'

2018-11-19 13:25:09 - [MESSAGE][PASSED] - Wait for page load successfully

2018-11-19 13:25:09 - [TEST_STEP][PASSED] - navigateToUrl: Navigate to 'https://stats.ac1.kontiki.com/dashboards/analytics_external::live_event?content_moid_filter=9136bfd0-eb87-441c-877c-7be0d13c12ee&format_moid_filter=&time_filter=&filter_config=%7B%22content_moid_filter%22:%5B%7B%22type%22:%22%3D%22,%22values%22:%5B%7B%22constant%22:%229136bfd0-eb87-441c-877c-7be0d13c12ee%22%7D,%7B%7D%5D,%22id%22:0%7D%5D,%22format_moid_filter%22:%5B%7B%22type%22:%22%3D%22,%22values%22:%5B%7B%22constant%22:%22%22%7D,%7B%7D%5D,%22id%22:1%7D%5D,%22time_filter%22:%5B%7B%22type%22:%22advanced%22,%22values%22:%5B%7B%22constant%22:null%7D,%7B%7D%5D,%22id%22:2%7D%5D%7D' successfully

2018-11-19 13:25:11 - [MESSAGE][PASSED] - Navigate to 'https://stats.ac1.kontiki.com/dashboards/analytics_external::live_event?content_moid_filter=9136bfd0-eb87-441c-877c-7be0d13c12ee&format_moid_filter=&time_filter=&filter_config=%7B%22content_moid_filter%22:%5B%7B%22type%22:%22%3D%22,%22values%22:%5B%7B%22constant%22:%229136bfd0-eb87-441c-877c-7be0d13c12ee%22%7D,%7B%7D%5D,%22id%22:0%7D%5D,%22format_moid_filter%22:%5B%7B%22type%22:%22%3D%22,%22values%22:%5B%7B%22constant%22:%22%22%7D,%7B%7D%5D,%22id%22:1%7D%5D,%22time_filter%22:%5B%7B%22type%22:%22advanced%22,%22values%22:%5B%7B%22constant%22:null%7D,%7B%7D%5D,%22id%22:2%7D%5D%7D' successfully

2018-11-19 13:25:11 - [TEST_STEP][PASSED] - waitForAngularLoad: Angular is ready.

2018-11-19 13:25:12 - [MESSAGE][WARNING] - Timeout '0' is invalid. Using default page load timeout: '30'

2018-11-19 13:25:14 - [MESSAGE][PASSED] - Angular is ready.

2018-11-19 13:25:14 - [TEST_STEP][PASSED] - waitForPageLoad: Wait for page load successfully

2018-11-19 13:25:14 - [MESSAGE][WARNING] - Timeout '0' is invalid. Using default page load timeout: '30'

2018-11-19 13:25:16 - [MESSAGE][PASSED] - Wait for page load successfully

2018-11-19 13:25:16 - [TEST_STEP][PASSED] - click: Object: 'Object Repository/Page_Live Event/i_Run_lk-icon-gear' is clicked on

2018-11-19 13:25:17 - [MESSAGE][PASSED] - Object: 'Object Repository/Page_Live Event/i_Run_lk-icon-gear' is clicked on

2018-11-19 13:25:17 - [TEST_STEP][PASSED] - click: Object: 'Object Repository/Page_Live Event/a_Clear Cache  Refresh' is clicked on

2018-11-19 13:25:17 - [MESSAGE][PASSED] - Object: 'Object Repository/Page_Live Event/a_Clear Cache  Refresh' is clicked on

2018-11-19 13:25:17 - [TEST_STEP][PASSED] - waitForAngularLoad: Angular is ready.

2018-11-19 13:25:17 - [MESSAGE][WARNING] - Timeout '0' is invalid. Using default page load timeout: '30'

2018-11-19 13:25:22 - [MESSAGE][PASSED] - Angular is ready.

2018-11-19 13:25:22 - [TEST_STEP][PASSED] - waitForPageLoad: Wait for page load successfully

2018-11-19 13:25:22 - [MESSAGE][WARNING] - Timeout '0' is invalid. Using default page load timeout: '30'

2018-11-19 13:25:22 - [MESSAGE][PASSED] - Wait for page load successfully

2018-11-19 13:25:22 - [TEST_STEP][PASSED] - navigateToUrl: Navigate to 'https://stats.ac1.kontiki.com/dashboards/analytics_external::live_event?content_moid_filter=&format_moid_filter=&time_filter=15%20minutes&filter_config=%7B%22content_moid_filter%22:%5B%7B%22type%22:%22%3D%22,%22values%22:%5B%7B%22constant%22:%22%22%7D,%7B%7D%5D,%22id%22:0%7D%5D,%22format_moid_filter%22:%5B%7B%22type%22:%22%3D%22,%22values%22:%5B%7B%22constant%22:%22%22%7D,%7B%7D%5D,%22id%22:1%7D%5D,%22time_filter%22:%5B%7B%22type%22:%22past%22,%22values%22:%5B%7B%22constant%22:%2215%22,%22unit%22:%22min%22%7D%5D,%22id%22:2%7D%5D%7D' successfully

2018-11-19 13:25:24 - [MESSAGE][PASSED] - Navigate to 'https://stats.ac1.kontiki.com/dashboards/analytics_external::live_event?content_moid_filter=&format_moid_filter=&time_filter=15%20minutes&filter_config=%7B%22content_moid_filter%22:%5B%7B%22type%22:%22%3D%22,%22values%22:%5B%7B%22constant%22:%22%22%7D,%7B%7D%5D,%22id%22:0%7D%5D,%22format_moid_filter%22:%5B%7B%22type%22:%22%3D%22,%22values%22:%5B%7B%22constant%22:%22%22%7D,%7B%7D%5D,%22id%22:1%7D%5D,%22time_filter%22:%5B%7B%22type%22:%22past%22,%22values%22:%5B%7B%22constant%22:%2215%22,%22unit%22:%22min%22%7D%5D,%22id%22:2%7D%5D%7D' successfully

2018-11-19 13:25:24 - [TEST_STEP][PASSED] - waitForAngularLoad: Angular is ready.

2018-11-19 13:25:24 - [MESSAGE][WARNING] - Timeout '0' is invalid. Using default page load timeout: '30'

2018-11-19 13:25:28 - [MESSAGE][PASSED] - Angular is ready.

2018-11-19 13:25:28 - [TEST_STEP][PASSED] - waitForPageLoad: Wait for page load successfully

2018-11-19 13:25:28 - [MESSAGE][WARNING] - Timeout '0' is invalid. Using default page load timeout: '30'

2018-11-19 13:25:28 - [MESSAGE][PASSED] - Wait for page load successfully

2018-11-19 13:25:28 - [TEST_STEP][PASSED] - click: Object: 'Object Repository/Page_Live (In Progress) Event/i_Run_lk-icon-gear' is clicked on

2018-11-19 13:25:28 - [MESSAGE][PASSED] - Object: 'Object Repository/Page_Live (In Progress) Event/i_Run_lk-icon-gear' is clicked on

2018-11-19 13:25:28 - [TEST_STEP][PASSED] - click: Object: 'Object Repository/Page_Live (In Progress) Event/a_Clear Cache  Refresh' is clicked on

2018-11-19 13:25:29 - [MESSAGE][PASSED] - Object: 'Object Repository/Page_Live (In Progress) Event/a_Clear Cache  Refresh' is clicked on

2018-11-19 13:25:29 - [TEST_STEP][PASSED] - waitForAngularLoad: Angular is ready.

2018-11-19 13:25:29 - [MESSAGE][WARNING] - Timeout '0' is invalid. Using default page load timeout: '30'

2018-11-19 13:25:35 - [MESSAGE][PASSED] - Angular is ready.

2018-11-19 13:25:35 - [TEST_STEP][PASSED] - waitForPageLoad: Wait for page load successfully

2018-11-19 13:25:35 - [MESSAGE][WARNING] - Timeout '0' is invalid. Using default page load timeout: '30'

2018-11-19 13:25:35 - [MESSAGE][PASSED] - Wait for page load successfully

2018-11-19 13:25:35 - [TEST_STEP][PASSED] - navigateToUrl: Navigate to 'https://stats.ac1.kontiki.com/dashboards/analytics_external::live_event_in_progress?content_moid_filter=608f167c-2fc2-456c-b41d-13d13a25986b&format_moid_filter=&time_filter=&filter_config=%7B%22content_moid_filter%22:%5B%7B%22type%22:%22%3D%22,%22values%22:%5B%7B%22constant%22:%22608f167c-2fc2-456c-b41d-13d13a25986b%22%7D,%7B%7D%5D,%22id%22:0%7D%5D,%22format_moid_filter%22:%5B%7B%22type%22:%22%3D%22,%22values%22:%5B%7B%22constant%22:%22%22%7D,%7B%7D%5D,%22id%22:1%7D%5D,%22time_filter%22:%5B%7B%22type%22:%22advanced%22,%22values%22:%5B%7B%22constant%22:null%7D,%7B%7D%5D,%22id%22:2%7D%5D%7D' successfully

2018-11-19 13:25:37 - [MESSAGE][PASSED] - Navigate to 'https://stats.ac1.kontiki.com/dashboards/analytics_external::live_event_in_progress?content_moid_filter=608f167c-2fc2-456c-b41d-13d13a25986b&format_moid_filter=&time_filter=&filter_config=%7B%22content_moid_filter%22:%5B%7B%22type%22:%22%3D%22,%22values%22:%5B%7B%22constant%22:%22608f167c-2fc2-456c-b41d-13d13a25986b%22%7D,%7B%7D%5D,%22id%22:0%7D%5D,%22format_moid_filter%22:%5B%7B%22type%22:%22%3D%22,%22values%22:%5B%7B%22constant%22:%22%22%7D,%7B%7D%5D,%22id%22:1%7D%5D,%22time_filter%22:%5B%7B%22type%22:%22advanced%22,%22values%22:%5B%7B%22constant%22:null%7D,%7B%7D%5D,%22id%22:2%7D%5D%7D' successfully

2018-11-19 13:25:37 - [TEST_STEP][PASSED] - waitForAngularLoad: Angular is ready.

2018-11-19 13:25:37 - [MESSAGE][WARNING] - Timeout '0' is invalid. Using default page load timeout: '30'

2018-11-19 13:25:39 - [MESSAGE][PASSED] - Angular is ready.

2018-11-19 13:25:39 - [TEST_STEP][PASSED] - waitForPageLoad: Wait for page load successfully

2018-11-19 13:25:39 - [MESSAGE][WARNING] - Timeout '0' is invalid. Using default page load timeout: '30'

2018-11-19 13:25:39 - [MESSAGE][PASSED] - Wait for page load successfully

2018-11-19 13:25:39 - [TEST_STEP][PASSED] - click: Object: 'Object Repository/Page_Live (In Progress) Event/i_Run_lk-icon-gear' is clicked on

2018-11-19 13:25:39 - [MESSAGE][PASSED] - Object: 'Object Repository/Page_Live (In Progress) Event/i_Run_lk-icon-gear' is clicked on

2018-11-19 13:25:39 - [TEST_STEP][PASSED] - click: Object: 'Object Repository/Page_Live (In Progress) Event/a_Clear Cache  Refresh' is clicked on

2018-11-19 13:25:40 - [MESSAGE][PASSED] - Object: 'Object Repository/Page_Live (In Progress) Event/a_Clear Cache  Refresh' is clicked on

2018-11-19 13:25:40 - [TEST_STEP][PASSED] - waitForAngularLoad: Angular is ready.

2018-11-19 13:25:40 - [MESSAGE][WARNING] - Timeout '0' is invalid. Using default page load timeout: '30'

2018-11-19 13:25:43 - [MESSAGE][PASSED] - Angular is ready.

2018-11-19 13:25:43 - [TEST_STEP][PASSED] - waitForPageLoad: Wait for page load successfully

2018-11-19 13:25:43 - [MESSAGE][WARNING] - Timeout '0' is invalid. Using default page load timeout: '30'

2018-11-19 13:25:43 - [MESSAGE][PASSED] - Wait for page load successfully

2018-11-19 13:25:43 - [TEST_STEP][PASSED] - navigateToUrl: Navigate to 'https://stats.ac1.kontiki.com/dashboards/analytics_external::live_event?content_moid_filter=62e0c489-d575-4aca-ac54-ace9bc1dce04&format_moid_filter=&time_filter=&filter_config=%7B%22content_moid_filter%22:%5B%7B%22type%22:%22%3D%22,%22values%22:%5B%7B%22constant%22:%2262e0c489-d575-4aca-ac54-ace9bc1dce04%22%7D,%7B%7D%5D,%22id%22:0%7D%5D,%22format_moid_filter%22:%5B%7B%22type%22:%22%3D%22,%22values%22:%5B%7B%22constant%22:%22%22%7D,%7B%7D%5D,%22id%22:1%7D%5D,%22time_filter%22:%5B%7B%22type%22:%22advanced%22,%22values%22:%5B%7B%22constant%22:null%7D,%7B%7D%5D,%22id%22:2%7D%5D%7D' successfully

2018-11-19 13:25:46 - [MESSAGE][PASSED] - Navigate to 'https://stats.ac1.kontiki.com/dashboards/analytics_external::live_event?content_moid_filter=62e0c489-d575-4aca-ac54-ace9bc1dce04&format_moid_filter=&time_filter=&filter_config=%7B%22content_moid_filter%22:%5B%7B%22type%22:%22%3D%22,%22values%22:%5B%7B%22constant%22:%2262e0c489-d575-4aca-ac54-ace9bc1dce04%22%7D,%7B%7D%5D,%22id%22:0%7D%5D,%22format_moid_filter%22:%5B%7B%22type%22:%22%3D%22,%22values%22:%5B%7B%22constant%22:%22%22%7D,%7B%7D%5D,%22id%22:1%7D%5D,%22time_filter%22:%5B%7B%22type%22:%22advanced%22,%22values%22:%5B%7B%22constant%22:null%7D,%7B%7D%5D,%22id%22:2%7D%5D%7D' successfully

2018-11-19 13:25:46 - [TEST_STEP][PASSED] - waitForAngularLoad: Angular is ready.

2018-11-19 13:25:46 - [MESSAGE][WARNING] - Timeout '0' is invalid. Using default page load timeout: '30'

2018-11-19 13:25:48 - [MESSAGE][PASSED] - Angular is ready.

2018-11-19 13:25:48 - [TEST_STEP][PASSED] - waitForPageLoad: Wait for page load successfully

2018-11-19 13:25:48 - [MESSAGE][WARNING] - Timeout '0' is invalid. Using default page load timeout: '30'

2018-11-19 13:25:48 - [MESSAGE][PASSED] - Wait for page load successfully

2018-11-19 13:25:48 - [TEST_STEP][PASSED] - click: Object: 'Object Repository/Page_Live Event/i_Run_lk-icon-gear' is clicked on

2018-11-19 13:25:49 - [MESSAGE][PASSED] - Object: 'Object Repository/Page_Live Event/i_Run_lk-icon-gear' is clicked on

2018-11-19 13:25:49 - [TEST_STEP][PASSED] - click: Object: 'Object Repository/Page_Live Event/a_Clear Cache  Refresh' is clicked on

2018-11-19 13:25:50 - [MESSAGE][PASSED] - Object: 'Object Repository/Page_Live Event/a_Clear Cache  Refresh' is clicked on

2018-11-19 13:25:50 - [TEST_STEP][PASSED] - waitForAngularLoad: Angular is ready.

2018-11-19 13:25:50 - [MESSAGE][WARNING] - Timeout '0' is invalid. Using default page load timeout: '30'

2018-11-19 13:25:53 - [MESSAGE][PASSED] - Angular is ready.

2018-11-19 13:25:53 - [TEST_STEP][PASSED] - waitForPageLoad: Wait for page load successfully

2018-11-19 13:25:53 - [MESSAGE][WARNING] - Timeout '0' is invalid. Using default page load timeout: '30'

2018-11-19 13:25:53 - [MESSAGE][PASSED] - Wait for page load successfully

2018-11-19 13:25:53 - [TEST_STEP][PASSED] - navigateToUrl: Navigate to 'https://stats.ac1.kontiki.com/dashboards/analytics_external::live_event?content_moid_filter=67818c67-45f5-4409-9bb8-b40622522e49&format_moid_filter=&time_filter=&filter_config=%7B%22content_moid_filter%22:%5B%7B%22type%22:%22%3D%22,%22values%22:%5B%7B%22constant%22:%2267818c67-45f5-4409-9bb8-b40622522e49%22%7D,%7B%7D%5D,%22id%22:0%7D%5D,%22format_moid_filter%22:%5B%7B%22type%22:%22%3D%22,%22values%22:%5B%7B%22constant%22:%22%22%7D,%7B%7D%5D,%22id%22:1%7D%5D,%22time_filter%22:%5B%7B%22type%22:%22advanced%22,%22values%22:%5B%7B%22constant%22:null%7D,%7B%7D%5D,%22id%22:2%7D%5D%7D' successfully

2018-11-19 13:25:55 - [MESSAGE][PASSED] - Navigate to 'https://stats.ac1.kontiki.com/dashboards/analytics_external::live_event?content_moid_filter=67818c67-45f5-4409-9bb8-b40622522e49&format_moid_filter=&time_filter=&filter_config=%7B%22content_moid_filter%22:%5B%7B%22type%22:%22%3D%22,%22values%22:%5B%7B%22constant%22:%2267818c67-45f5-4409-9bb8-b40622522e49%22%7D,%7B%7D%5D,%22id%22:0%7D%5D,%22format_moid_filter%22:%5B%7B%22type%22:%22%3D%22,%22values%22:%5B%7B%22constant%22:%22%22%7D,%7B%7D%5D,%22id%22:1%7D%5D,%22time_filter%22:%5B%7B%22type%22:%22advanced%22,%22values%22:%5B%7B%22constant%22:null%7D,%7B%7D%5D,%22id%22:2%7D%5D%7D' successfully

2018-11-19 13:25:55 - [TEST_STEP][PASSED] - waitForAngularLoad: Angular is ready.

2018-11-19 13:25:55 - [MESSAGE][WARNING] - Timeout '0' is invalid. Using default page load timeout: '30'

2018-11-19 13:25:58 - [MESSAGE][PASSED] - Angular is ready.

2018-11-19 13:25:58 - [TEST_STEP][PASSED] - waitForPageLoad: Wait for page load successfully

2018-11-19 13:25:58 - [MESSAGE][WARNING] - Timeout '0' is invalid. Using default page load timeout: '30'

2018-11-19 13:25:58 - [MESSAGE][PASSED] - Wait for page load successfully

2018-11-19 13:25:58 - [TEST_STEP][PASSED] - click: Object: 'Object Repository/Page_Live Event/i_Run_lk-icon-gear' is clicked on

2018-11-19 13:25:59 - [MESSAGE][PASSED] - Object: 'Object Repository/Page_Live Event/i_Run_lk-icon-gear' is clicked on

2018-11-19 13:25:59 - [TEST_STEP][PASSED] - click: Object: 'Object Repository/Page_Live Event/a_Clear Cache  Refresh' is clicked on

2018-11-19 13:26:00 - [MESSAGE][PASSED] - Object: 'Object Repository/Page_Live Event/a_Clear Cache  Refresh' is clicked on

2018-11-19 13:26:00 - [TEST_STEP][PASSED] - waitForAngularLoad: Angular is ready.

2018-11-19 13:26:00 - [MESSAGE][WARNING] - Timeout '0' is invalid. Using default page load timeout: '30'

2018-11-19 13:26:03 - [MESSAGE][PASSED] - Angular is ready.

2018-11-19 13:26:03 - [TEST_STEP][PASSED] - waitForPageLoad: Wait for page load successfully

2018-11-19 13:26:03 - [MESSAGE][WARNING] - Timeout '0' is invalid. Using default page load timeout: '30'

2018-11-19 13:26:03 - [MESSAGE][PASSED] - Wait for page load successfully

2018-11-19 13:26:03 - [TEST_STEP][PASSED] - navigateToUrl: Navigate to 'https://stats.ac1.kontiki.com/dashboards/analytics_external::live_event?content_moid_filter=d60f6002-85e5-0ed2-1112-dc07f9ec63fb&format_moid_filter=&time_filter=&filter_config=%7B%22content_moid_filter%22:%5B%7B%22type%22:%22%3D%22,%22values%22:%5B%7B%22constant%22:%22d60f6002-85e5-0ed2-1112-dc07f9ec63fb%22%7D,%7B%7D%5D,%22id%22:0%7D%5D,%22format_moid_filter%22:%5B%7B%22type%22:%22%3D%22,%22values%22:%5B%7B%22constant%22:%22%22%7D,%7B%7D%5D,%22id%22:1%7D%5D,%22time_filter%22:%5B%7B%22type%22:%22advanced%22,%22values%22:%5B%7B%22constant%22:null%7D,%7B%7D%5D,%22id%22:2%7D%5D%7D' successfully

2018-11-19 13:26:06 - [MESSAGE][PASSED] - Navigate to 'https://stats.ac1.kontiki.com/dashboards/analytics_external::live_event?content_moid_filter=d60f6002-85e5-0ed2-1112-dc07f9ec63fb&format_moid_filter=&time_filter=&filter_config=%7B%22content_moid_filter%22:%5B%7B%22type%22:%22%3D%22,%22values%22:%5B%7B%22constant%22:%22d60f6002-85e5-0ed2-1112-dc07f9ec63fb%22%7D,%7B%7D%5D,%22id%22:0%7D%5D,%22format_moid_filter%22:%5B%7B%22type%22:%22%3D%22,%22values%22:%5B%7B%22constant%22:%22%22%7D,%7B%7D%5D,%22id%22:1%7D%5D,%22time_filter%22:%5B%7B%22type%22:%22advanced%22,%22values%22:%5B%7B%22constant%22:null%7D,%7B%7D%5D,%22id%22:2%7D%5D%7D' successfully

2018-11-19 13:26:06 - [TEST_STEP][PASSED] - waitForAngularLoad: Angular is ready.

2018-11-19 13:26:06 - [MESSAGE][WARNING] - Timeout '0' is invalid. Using default page load timeout: '30'

2018-11-19 13:26:18 - [MESSAGE][PASSED] - Angular is ready.

2018-11-19 13:26:18 - [TEST_STEP][PASSED] - waitForPageLoad: Wait for page load successfully

2018-11-19 13:26:18 - [MESSAGE][WARNING] - Timeout '0' is invalid. Using default page load timeout: '30'

2018-11-19 13:26:18 - [MESSAGE][PASSED] - Wait for page load successfully

2018-11-19 13:26:18 - [TEST_STEP][PASSED] - click: Object: 'Object Repository/Page_Live Event/i_Run_lk-icon-gear' is clicked on

2018-11-19 13:26:20 - [MESSAGE][PASSED] - Object: 'Object Repository/Page_Live Event/i_Run_lk-icon-gear' is clicked on

2018-11-19 13:26:20 - [TEST_STEP][PASSED] - click: Object: 'Object Repository/Page_Live Event/a_Clear Cache  Refresh' is clicked on

2018-11-19 13:26:21 - [MESSAGE][PASSED] - Object: 'Object Repository/Page_Live Event/a_Clear Cache  Refresh' is clicked on

2018-11-19 13:26:21 - [TEST_STEP][PASSED] - waitForAngularLoad: Angular is ready.

2018-11-19 13:26:21 - [MESSAGE][WARNING] - Timeout '0' is invalid. Using default page load timeout: '30'

2018-11-19 13:26:24 - [MESSAGE][PASSED] - Angular is ready.

2018-11-19 13:26:24 - [TEST_STEP][PASSED] - waitForPageLoad: Wait for page load successfully

2018-11-19 13:26:24 - [MESSAGE][WARNING] - Timeout '0' is invalid. Using default page load timeout: '30'

2018-11-19 13:26:25 - [MESSAGE][PASSED] - Wait for page load successfully

2018-11-19 13:26:25 - [TEST_STEP][PASSED] - navigateToUrl: Navigate to 'https://stats.ac1.kontiki.com/dashboards/analytics_external::live_event?content_moid_filter=20ad83d7-7990-df07-957e-f7230f56d82a&format_moid_filter=&time_filter=&filter_config=%7B%22content_moid_filter%22:%5B%7B%22type%22:%22%3D%22,%22values%22:%5B%7B%22constant%22:%2220ad83d7-7990-df07-957e-f7230f56d82a%22%7D,%7B%7D%5D,%22id%22:0%7D%5D,%22format_moid_filter%22:%5B%7B%22type%22:%22%3D%22,%22values%22:%5B%7B%22constant%22:%22%22%7D,%7B%7D%5D,%22id%22:1%7D%5D,%22time_filter%22:%5B%7B%22type%22:%22advanced%22,%22values%22:%5B%7B%22constant%22:null%7D,%7B%7D%5D,%22id%22:2%7D%5D%7D' successfully

2018-11-19 13:26:30 - [MESSAGE][PASSED] - Navigate to 'https://stats.ac1.kontiki.com/dashboards/analytics_external::live_event?content_moid_filter=20ad83d7-7990-df07-957e-f7230f56d82a&format_moid_filter=&time_filter=&filter_config=%7B%22content_moid_filter%22:%5B%7B%22type%22:%22%3D%22,%22values%22:%5B%7B%22constant%22:%2220ad83d7-7990-df07-957e-f7230f56d82a%22%7D,%7B%7D%5D,%22id%22:0%7D%5D,%22format_moid_filter%22:%5B%7B%22type%22:%22%3D%22,%22values%22:%5B%7B%22constant%22:%22%22%7D,%7B%7D%5D,%22id%22:1%7D%5D,%22time_filter%22:%5B%7B%22type%22:%22advanced%22,%22values%22:%5B%7B%22constant%22:null%7D,%7B%7D%5D,%22id%22:2%7D%5D%7D' successfully

2018-11-19 13:26:30 - [TEST_STEP][PASSED] - waitForAngularLoad: Angular is ready.

2018-11-19 13:26:30 - [MESSAGE][WARNING] - Timeout '0' is invalid. Using default page load timeout: '30'

2018-11-19 13:26:32 - [MESSAGE][PASSED] - Angular is ready.

2018-11-19 13:26:32 - [TEST_STEP][PASSED] - waitForPageLoad: Wait for page load successfully

2018-11-19 13:26:32 - [MESSAGE][WARNING] - Timeout '0' is invalid. Using default page load timeout: '30'

2018-11-19 13:26:32 - [MESSAGE][PASSED] - Wait for page load successfully

2018-11-19 13:26:32 - [TEST_STEP][PASSED] - click: Object: 'Object Repository/Page_Live (In Progress) Event/i_Run_lk-icon-gear' is clicked on

2018-11-19 13:26:35 - [MESSAGE][PASSED] - Object: 'Object Repository/Page_Live (In Progress) Event/i_Run_lk-icon-gear' is clicked on

2018-11-19 13:26:35 - [TEST_STEP][PASSED] - click: Object: 'Object Repository/Page_Live (In Progress) Event/a_Clear Cache  Refresh' is clicked on

2018-11-19 13:26:35 - [MESSAGE][PASSED] - Object: 'Object Repository/Page_Live (In Progress) Event/a_Clear Cache  Refresh' is clicked on

2018-11-19 13:26:35 - [TEST_STEP][PASSED] - waitForAngularLoad: Angular is ready.

2018-11-19 13:26:35 - [MESSAGE][WARNING] - Timeout '0' is invalid. Using default page load timeout: '30'

2018-11-19 13:26:41 - [MESSAGE][PASSED] - Angular is ready.

2018-11-19 13:26:41 - [TEST_STEP][PASSED] - waitForPageLoad: Wait for page load successfully

2018-11-19 13:26:41 - [MESSAGE][WARNING] - Timeout '0' is invalid. Using default page load timeout: '30'

2018-11-19 13:26:41 - [MESSAGE][PASSED] - Wait for page load successfully

2018-11-19 13:26:41 - [TEST_STEP][PASSED] - navigateToUrl: Navigate to 'https://stats.ac1.kontiki.com/dashboards/analytics_external::live_event?content_moid_filter=eb6edb63-264e-4bea-8883-50110b74c51e&format_moid_filter=&time_filter=&filter_config=%7B%22content_moid_filter%22:%5B%7B%22type%22:%22%3D%22,%22values%22:%5B%7B%22constant%22:%22eb6edb63-264e-4bea-8883-50110b74c51e%22%7D,%7B%7D%5D,%22id%22:0%7D%5D,%22format_moid_filter%22:%5B%7B%22type%22:%22%3D%22,%22values%22:%5B%7B%22constant%22:%22%22%7D,%7B%7D%5D,%22id%22:1%7D%5D,%22time_filter%22:%5B%7B%22type%22:%22advanced%22,%22values%22:%5B%7B%22constant%22:null%7D,%7B%7D%5D,%22id%22:2%7D%5D%7D' successfully

2018-11-19 13:26:44 - [MESSAGE][PASSED] - Navigate to 'https://stats.ac1.kontiki.com/dashboards/analytics_external::live_event?content_moid_filter=eb6edb63-264e-4bea-8883-50110b74c51e&format_moid_filter=&time_filter=&filter_config=%7B%22content_moid_filter%22:%5B%7B%22type%22:%22%3D%22,%22values%22:%5B%7B%22constant%22:%22eb6edb63-264e-4bea-8883-50110b74c51e%22%7D,%7B%7D%5D,%22id%22:0%7D%5D,%22format_moid_filter%22:%5B%7B%22type%22:%22%3D%22,%22values%22:%5B%7B%22constant%22:%22%22%7D,%7B%7D%5D,%22id%22:1%7D%5D,%22time_filter%22:%5B%7B%22type%22:%22advanced%22,%22values%22:%5B%7B%22constant%22:null%7D,%7B%7D%5D,%22id%22:2%7D%5D%7D' successfully

2018-11-19 13:26:44 - [TEST_STEP][PASSED] - waitForAngularLoad: Angular is ready.

2018-11-19 13:26:44 - [MESSAGE][WARNING] - Timeout '0' is invalid. Using default page load timeout: '30'

2018-11-19 13:26:46 - [MESSAGE][PASSED] - Angular is ready.

2018-11-19 13:26:46 - [TEST_STEP][PASSED] - waitForPageLoad: Wait for page load successfully

2018-11-19 13:26:46 - [MESSAGE][WARNING] - Timeout '0' is invalid. Using default page load timeout: '30'

2018-11-19 13:26:46 - [MESSAGE][PASSED] - Wait for page load successfully

2018-11-19 13:26:46 - [TEST_STEP][PASSED] - click: Object: 'Object Repository/Page_Live (In Progress) Event/i_Run_lk-icon-gear' is clicked on

2018-11-19 13:26:47 - [MESSAGE][PASSED] - Object: 'Object Repository/Page_Live (In Progress) Event/i_Run_lk-icon-gear' is clicked on

2018-11-19 13:26:47 - [TEST_STEP][PASSED] - click: Object: 'Object Repository/Page_Live (In Progress) Event/a_Clear Cache  Refresh' is clicked on

2018-11-19 13:26:48 - [MESSAGE][PASSED] - Object: 'Object Repository/Page_Live (In Progress) Event/a_Clear Cache  Refresh' is clicked on

2018-11-19 13:26:48 - [TEST_STEP][PASSED] - waitForAngularLoad: Angular is ready.

2018-11-19 13:26:48 - [MESSAGE][WARNING] - Timeout '0' is invalid. Using default page load timeout: '30'

2018-11-19 13:26:51 - [MESSAGE][PASSED] - Angular is ready.

2018-11-19 13:26:51 - [TEST_STEP][PASSED] - waitForPageLoad: Wait for page load successfully

2018-11-19 13:26:51 - [MESSAGE][WARNING] - Timeout '0' is invalid. Using default page load timeout: '30'

2018-11-19 13:26:51 - [MESSAGE][PASSED] - Wait for page load successfully

2018-11-19 13:26:51 - [TEST_STEP][PASSED] - navigateToUrl: Navigate to 'https://stats.ac1.kontiki.com/dashboards/analytics_external::live_event?content_moid_filter=1c2dce91-2a67-b5fd-2f4a-f75b969bcb9a&format_moid_filter=&time_filter=&filter_config=%7B%22content_moid_filter%22:%5B%7B%22type%22:%22%3D%22,%22values%22:%5B%7B%22constant%22:%221c2dce91-2a67-b5fd-2f4a-f75b969bcb9a%22%7D,%7B%7D%5D,%22id%22:0%7D%5D,%22format_moid_filter%22:%5B%7B%22type%22:%22%3D%22,%22values%22:%5B%7B%22constant%22:%22%22%7D,%7B%7D%5D,%22id%22:1%7D%5D,%22time_filter%22:%5B%7B%22type%22:%22advanced%22,%22values%22:%5B%7B%22constant%22:null%7D,%7B%7D%5D,%22id%22:2%7D%5D%7D' successfully

2018-11-19 13:26:53 - [MESSAGE][PASSED] - Navigate to 'https://stats.ac1.kontiki.com/dashboards/analytics_external::live_event?content_moid_filter=1c2dce91-2a67-b5fd-2f4a-f75b969bcb9a&format_moid_filter=&time_filter=&filter_config=%7B%22content_moid_filter%22:%5B%7B%22type%22:%22%3D%22,%22values%22:%5B%7B%22constant%22:%221c2dce91-2a67-b5fd-2f4a-f75b969bcb9a%22%7D,%7B%7D%5D,%22id%22:0%7D%5D,%22format_moid_filter%22:%5B%7B%22type%22:%22%3D%22,%22values%22:%5B%7B%22constant%22:%22%22%7D,%7B%7D%5D,%22id%22:1%7D%5D,%22time_filter%22:%5B%7B%22type%22:%22advanced%22,%22values%22:%5B%7B%22constant%22:null%7D,%7B%7D%5D,%22id%22:2%7D%5D%7D' successfully

2018-11-19 13:26:53 - [TEST_STEP][PASSED] - waitForAngularLoad: Angular is ready.

2018-11-19 13:26:54 - [MESSAGE][WARNING] - Timeout '0' is invalid. Using default page load timeout: '30'

2018-11-19 13:26:56 - [MESSAGE][PASSED] - Angular is ready.

2018-11-19 13:26:56 - [TEST_STEP][PASSED] - waitForPageLoad: Wait for page load successfully

2018-11-19 13:26:56 - [MESSAGE][WARNING] - Timeout '0' is invalid. Using default page load timeout: '30'

2018-11-19 13:26:56 - [MESSAGE][PASSED] - Wait for page load successfully

2018-11-19 13:26:56 - [TEST_STEP][PASSED] - click: Object: 'Object Repository/Page_Network Content/i_Run_lk-icon-gear' is clicked on

2018-11-19 13:26:57 - [MESSAGE][PASSED] - Object: 'Object Repository/Page_Network Content/i_Run_lk-icon-gear' is clicked on

2018-11-19 13:26:57 - [TEST_STEP][PASSED] - click: Object: 'Object Repository/Page_Network Content/a_Clear Cache  Refresh' is clicked on

2018-11-19 13:26:58 - [MESSAGE][PASSED] - Object: 'Object Repository/Page_Network Content/a_Clear Cache  Refresh' is clicked on

2018-11-19 13:26:58 - [TEST_STEP][PASSED] - waitForAngularLoad: Angular is ready.

2018-11-19 13:26:58 - [MESSAGE][WARNING] - Timeout '0' is invalid. Using default page load timeout: '30'

2018-11-19 13:27:01 - [MESSAGE][PASSED] - Angular is ready.

2018-11-19 13:27:01 - [TEST_STEP][PASSED] - waitForPageLoad: Wait for page load successfully

2018-11-19 13:27:01 - [MESSAGE][WARNING] - Timeout '0' is invalid. Using default page load timeout: '30'

2018-11-19 13:27:01 - [MESSAGE][PASSED] - Wait for page load successfully

2018-11-19 13:27:01 - [TEST_STEP][PASSED] - navigateToUrl: Navigate to 'https://stats.ac1.kontiki.com/dashboards/analytics_external::live_event?content_moid_filter=f88a64ee-e75e-47c9-bb0f-5e2a2c38770a&format_moid_filter=&time_filter=&filter_config=%7B%22content_moid_filter%22:%5B%7B%22type%22:%22%3D%22,%22values%22:%5B%7B%22constant%22:%22f88a64ee-e75e-47c9-bb0f-5e2a2c38770a%22%7D,%7B%7D%5D,%22id%22:0%7D%5D,%22format_moid_filter%22:%5B%7B%22type%22:%22%3D%22,%22values%22:%5B%7B%22constant%22:%22%22%7D,%7B%7D%5D,%22id%22:1%7D%5D,%22time_filter%22:%5B%7B%22type%22:%22advanced%22,%22values%22:%5B%7B%22constant%22:null%7D,%7B%7D%5D,%22id%22:2%7D%5D%7D' successfully

2018-11-19 13:27:03 - [MESSAGE][PASSED] - Navigate to 'https://stats.ac1.kontiki.com/dashboards/analytics_external::live_event?content_moid_filter=f88a64ee-e75e-47c9-bb0f-5e2a2c38770a&format_moid_filter=&time_filter=&filter_config=%7B%22content_moid_filter%22:%5B%7B%22type%22:%22%3D%22,%22values%22:%5B%7B%22constant%22:%22f88a64ee-e75e-47c9-bb0f-5e2a2c38770a%22%7D,%7B%7D%5D,%22id%22:0%7D%5D,%22format_moid_filter%22:%5B%7B%22type%22:%22%3D%22,%22values%22:%5B%7B%22constant%22:%22%22%7D,%7B%7D%5D,%22id%22:1%7D%5D,%22time_filter%22:%5B%7B%22type%22:%22advanced%22,%22values%22:%5B%7B%22constant%22:null%7D,%7B%7D%5D,%22id%22:2%7D%5D%7D' successfully

2018-11-19 13:27:03 - [TEST_STEP][PASSED] - waitForAngularLoad: Angular is ready.

2018-11-19 13:27:03 - [MESSAGE][WARNING] - Timeout '0' is invalid. Using default page load timeout: '30'

2018-11-19 13:27:07 - [MESSAGE][PASSED] - Angular is ready.

2018-11-19 13:27:07 - [TEST_STEP][PASSED] - waitForPageLoad: Wait for page load successfully

2018-11-19 13:27:07 - [MESSAGE][WARNING] - Timeout '0' is invalid. Using default page load timeout: '30'

2018-11-19 13:27:07 - [MESSAGE][PASSED] - Wait for page load successfully

2018-11-19 13:27:07 - [TEST_STEP][PASSED] - click: Object: 'Object Repository/Page_Live Event/i_Run_lk-icon-gear' is clicked on

2018-11-19 13:27:09 - [MESSAGE][PASSED] - Object: 'Object Repository/Page_Live Event/i_Run_lk-icon-gear' is clicked on

2018-11-19 13:27:09 - [TEST_STEP][PASSED] - click: Object: 'Object Repository/Page_Live Event/a_Clear Cache  Refresh' is clicked on

2018-11-19 13:27:10 - [MESSAGE][PASSED] - Object: 'Object Repository/Page_Live Event/a_Clear Cache  Refresh' is clicked on

2018-11-19 13:27:10 - [TEST_STEP][PASSED] - waitForAngularLoad: Angular is ready.

2018-11-19 13:27:10 - [MESSAGE][WARNING] - Timeout '0' is invalid. Using default page load timeout: '30'

2018-11-19 13:27:19 - [MESSAGE][PASSED] - Angular is ready.

2018-11-19 13:27:19 - [TEST_STEP][PASSED] - waitForPageLoad: Wait for page load successfully

2018-11-19 13:27:19 - [MESSAGE][WARNING] - Timeout '0' is invalid. Using default page load timeout: '30'

2018-11-19 13:27:19 - [MESSAGE][PASSED] - Wait for page load successfully

2018-11-19 13:27:19 - [TEST_STEP][PASSED] - navigateToUrl: Navigate to 'https://stats.ac1.kontiki.com/dashboards/analytics_external::live_event?content_moid_filter=1c2dce91-2a67-b5fd-2f4a-f75b969bcb9a&format_moid_filter=&time_filter=&filter_config=%7B%22content_moid_filter%22:%5B%7B%22type%22:%22%3D%22,%22values%22:%5B%7B%22constant%22:%221c2dce91-2a67-b5fd-2f4a-f75b969bcb9a%22%7D,%7B%7D%5D,%22id%22:0%7D%5D,%22format_moid_filter%22:%5B%7B%22type%22:%22%3D%22,%22values%22:%5B%7B%22constant%22:%22%22%7D,%7B%7D%5D,%22id%22:1%7D%5D,%22time_filter%22:%5B%7B%22type%22:%22advanced%22,%22values%22:%5B%7B%22constant%22:null%7D,%7B%7D%5D,%22id%22:2%7D%5D%7D' successfully

2018-11-19 13:27:21 - [MESSAGE][PASSED] - Navigate to 'https://stats.ac1.kontiki.com/dashboards/analytics_external::live_event?content_moid_filter=1c2dce91-2a67-b5fd-2f4a-f75b969bcb9a&format_moid_filter=&time_filter=&filter_config=%7B%22content_moid_filter%22:%5B%7B%22type%22:%22%3D%22,%22values%22:%5B%7B%22constant%22:%221c2dce91-2a67-b5fd-2f4a-f75b969bcb9a%22%7D,%7B%7D%5D,%22id%22:0%7D%5D,%22format_moid_filter%22:%5B%7B%22type%22:%22%3D%22,%22values%22:%5B%7B%22constant%22:%22%22%7D,%7B%7D%5D,%22id%22:1%7D%5D,%22time_filter%22:%5B%7B%22type%22:%22advanced%22,%22values%22:%5B%7B%22constant%22:null%7D,%7B%7D%5D,%22id%22:2%7D%5D%7D' successfully

2018-11-19 13:27:21 - [TEST_STEP][PASSED] - waitForAngularLoad: Angular is ready.

2018-11-19 13:27:21 - [MESSAGE][WARNING] - Timeout '0' is invalid. Using default page load timeout: '30'

2018-11-19 13:27:24 - [MESSAGE][PASSED] - Angular is ready.

2018-11-19 13:27:24 - [TEST_STEP][PASSED] - waitForPageLoad: Wait for page load successfully

2018-11-19 13:27:24 - [MESSAGE][WARNING] - Timeout '0' is invalid. Using default page load timeout: '30'

2018-11-19 13:27:24 - [MESSAGE][PASSED] - Wait for page load successfully

2018-11-19 13:27:24 - [TEST_STEP][PASSED] - click: Object: 'Object Repository/Page_Explore Views/div_Toggle Dropdown' is clicked on

2018-11-19 13:27:25 - [MESSAGE][PASSED] - Object: 'Object Repository/Page_Explore Views/div_Toggle Dropdown' is clicked on

2018-11-19 13:27:25 - [TEST_STEP][PASSED] - click: Object: 'Object Repository/Page_Explore Views/a_Clear Cache  Refresh' is clicked on

2018-11-19 13:27:25 - [MESSAGE][PASSED] - Object: 'Object Repository/Page_Explore Views/a_Clear Cache  Refresh' is clicked on

2018-11-19 13:27:25 - [TEST_STEP][PASSED] - waitForAngularLoad: Angular is ready.

2018-11-19 13:27:25 - [MESSAGE][WARNING] - Timeout '0' is invalid. Using default page load timeout: '30'

2018-11-19 13:27:31 - [MESSAGE][PASSED] - Angular is ready.

2018-11-19 13:27:31 - [TEST_STEP][PASSED] - waitForPageLoad: Wait for page load successfully

2018-11-19 13:27:31 - [MESSAGE][WARNING] - Timeout '0' is invalid. Using default page load timeout: '30'

2018-11-19 13:27:31 - [MESSAGE][PASSED] - Wait for page load successfully

2018-11-19 13:27:31 - [TEST_STEP][PASSED] - navigateToUrl: Navigate to 'https://stats.ac1.kontiki.com/dashboards/analytics_external::live_event?content_moid_filter=&format_moid_filter=&time_filter=1%20weeks&filter_config=%7B%22content_moid_filter%22:%5B%7B%22type%22:%22%3D%22,%22values%22:%5B%7B%22constant%22:%22%22%7D,%7B%7D%5D,%22id%22:0%7D%5D,%22format_moid_filter%22:%5B%7B%22type%22:%22%3D%22,%22values%22:%5B%7B%22constant%22:%22%22%7D,%7B%7D%5D,%22id%22:1%7D%5D,%22time_filter%22:%5B%7B%22type%22:%22past%22,%22values%22:%5B%7B%22constant%22:%221%22,%22unit%22:%22wk%22%7D%5D,%22id%22:2%7D%5D%7D' successfully

2018-11-19 13:27:33 - [MESSAGE][PASSED] - Navigate to 'https://stats.ac1.kontiki.com/dashboards/analytics_external::live_event?content_moid_filter=&format_moid_filter=&time_filter=1%20weeks&filter_config=%7B%22content_moid_filter%22:%5B%7B%22type%22:%22%3D%22,%22values%22:%5B%7B%22constant%22:%22%22%7D,%7B%7D%5D,%22id%22:0%7D%5D,%22format_moid_filter%22:%5B%7B%22type%22:%22%3D%22,%22values%22:%5B%7B%22constant%22:%22%22%7D,%7B%7D%5D,%22id%22:1%7D%5D,%22time_filter%22:%5B%7B%22type%22:%22past%22,%22values%22:%5B%7B%22constant%22:%221%22,%22unit%22:%22wk%22%7D%5D,%22id%22:2%7D%5D%7D' successfully

2018-11-19 13:27:33 - [TEST_STEP][PASSED] - waitForAngularLoad: Angular is ready.

2018-11-19 13:27:33 - [MESSAGE][WARNING] - Timeout '0' is invalid. Using default page load timeout: '30'

2018-11-19 13:27:36 - [MESSAGE][PASSED] - Angular is ready.

2018-11-19 13:27:36 - [TEST_STEP][PASSED] - waitForPageLoad: Wait for page load successfully

2018-11-19 13:27:36 - [MESSAGE][WARNING] - Timeout '0' is invalid. Using default page load timeout: '30'

2018-11-19 13:27:36 - [MESSAGE][PASSED] - Wait for page load successfully

2018-11-19 13:27:36 - [TEST_STEP][PASSED] - click: Object: 'Object Repository/Page_Live (In Progress) Event/div_Toggle Dropdown' is clicked on

2018-11-19 13:27:39 - [MESSAGE][PASSED] - Object: 'Object Repository/Page_Live (In Progress) Event/div_Toggle Dropdown' is clicked on

2018-11-19 13:27:39 - [TEST_STEP][PASSED] - click: Object: 'Object Repository/Page_Live (In Progress) Event/a_Clear Cache  Refresh' is clicked on

2018-11-19 13:27:39 - [MESSAGE][PASSED] - Object: 'Object Repository/Page_Live (In Progress) Event/a_Clear Cache  Refresh' is clicked on

2018-11-19 13:27:39 - [TEST_STEP][PASSED] - waitForAngularLoad: Angular is ready.

2018-11-19 13:27:39 - [MESSAGE][WARNING] - Timeout '0' is invalid. Using default page load timeout: '30'

2018-11-19 13:27:47 - [MESSAGE][PASSED] - Angular is ready.

2018-11-19 13:27:47 - [TEST_STEP][PASSED] - waitForPageLoad: Wait for page load successfully

2018-11-19 13:27:47 - [MESSAGE][WARNING] - Timeout '0' is invalid. Using default page load timeout: '30'

2018-11-19 13:27:47 - [MESSAGE][PASSED] - Wait for page load successfully

2018-11-19 13:27:47 - [TEST_STEP][PASSED] - navigateToUrl: Navigate to 'https://stats.ac1.kontiki.com/dashboards/analytics_external::network_content?content_moid_filter=1c2dce91-2a67-b5fd-2f4a-f75b969bcb9a&format_moid_filter=&time_filter=&filter_config=%7B%22content_moid_filter%22:%5B%7B%22type%22:%22%3D%22,%22values%22:%5B%7B%22constant%22:%221c2dce91-2a67-b5fd-2f4a-f75b969bcb9a%22%7D,%7B%7D%5D,%22id%22:0%7D%5D,%22format_moid_filter%22:%5B%7B%22type%22:%22%3D%22,%22values%22:%5B%7B%22constant%22:%22%22%7D,%7B%7D%5D,%22id%22:1%7D%5D,%22time_filter%22:%5B%7B%22type%22:%22advanced%22,%22values%22:%5B%7B%22constant%22:null%7D,%7B%7D%5D,%22id%22:2%7D%5D%7D' successfully

2018-11-19 13:27:49 - [MESSAGE][PASSED] - Navigate to 'https://stats.ac1.kontiki.com/dashboards/analytics_external::network_content?content_moid_filter=1c2dce91-2a67-b5fd-2f4a-f75b969bcb9a&format_moid_filter=&time_filter=&filter_config=%7B%22content_moid_filter%22:%5B%7B%22type%22:%22%3D%22,%22values%22:%5B%7B%22constant%22:%221c2dce91-2a67-b5fd-2f4a-f75b969bcb9a%22%7D,%7B%7D%5D,%22id%22:0%7D%5D,%22format_moid_filter%22:%5B%7B%22type%22:%22%3D%22,%22values%22:%5B%7B%22constant%22:%22%22%7D,%7B%7D%5D,%22id%22:1%7D%5D,%22time_filter%22:%5B%7B%22type%22:%22advanced%22,%22values%22:%5B%7B%22constant%22:null%7D,%7B%7D%5D,%22id%22:2%7D%5D%7D' successfully

2018-11-19 13:27:49 - [TEST_STEP][PASSED] - waitForAngularLoad: Angular is ready.

2018-11-19 13:27:49 - [MESSAGE][WARNING] - Timeout '0' is invalid. Using default page load timeout: '30'

2018-11-19 13:27:54 - [MESSAGE][PASSED] - Angular is ready.

2018-11-19 13:27:54 - [TEST_STEP][PASSED] - waitForPageLoad: Wait for page load successfully

2018-11-19 13:27:54 - [MESSAGE][WARNING] - Timeout '0' is invalid. Using default page load timeout: '30'

2018-11-19 13:27:54 - [MESSAGE][PASSED] - Wait for page load successfully

2018-11-19 13:27:54 - [TEST_STEP][PASSED] - click: Object: 'Object Repository/Page_Network Content/i_Run_lk-icon-gear' is clicked on

2018-11-19 13:27:55 - [MESSAGE][PASSED] - Object: 'Object Repository/Page_Network Content/i_Run_lk-icon-gear' is clicked on

2018-11-19 13:27:55 - [TEST_STEP][PASSED] - click: Object: 'Object Repository/Page_Network Content/a_Clear Cache  Refresh' is clicked on

2018-11-19 13:27:56 - [MESSAGE][PASSED] - Object: 'Object Repository/Page_Network Content/a_Clear Cache  Refresh' is clicked on

2018-11-19 13:27:56 - [TEST_STEP][PASSED] - waitForAngularLoad: Angular is ready.

2018-11-19 13:27:56 - [MESSAGE][WARNING] - Timeout '0' is invalid. Using default page load timeout: '30'

2018-11-19 13:28:02 - [MESSAGE][PASSED] - Angular is ready.

2018-11-19 13:28:02 - [TEST_STEP][PASSED] - waitForPageLoad: Wait for page load successfully

2018-11-19 13:28:02 - [MESSAGE][WARNING] - Timeout '0' is invalid. Using default page load timeout: '30'

2018-11-19 13:28:02 - [MESSAGE][PASSED] - Wait for page load successfully

2018-11-19 13:28:02 - [TEST_STEP][PASSED] - navigateToUrl: Navigate to 'https://stats.ac1.kontiki.com/dashboards/analytics_external::network_content?content_moid_filter=b6d7cf23-0352-4211-9b4c-30e1ee20e228&format_moid_filter=&time_filter=&filter_config=%7B%22content_moid_filter%22:%5B%7B%22type%22:%22%3D%22,%22values%22:%5B%7B%22constant%22:%22b6d7cf23-0352-4211-9b4c-30e1ee20e228%22%7D,%7B%7D%5D,%22id%22:0%7D%5D,%22format_moid_filter%22:%5B%7B%22type%22:%22%3D%22,%22values%22:%5B%7B%22constant%22:%22%22%7D,%7B%7D%5D,%22id%22:1%7D%5D,%22time_filter%22:%5B%7B%22type%22:%22advanced%22,%22values%22:%5B%7B%22constant%22:null%7D,%7B%7D%5D,%22id%22:2%7D%5D%7D' successfully

2018-11-19 13:28:04 - [MESSAGE][PASSED] - Navigate to 'https://stats.ac1.kontiki.com/dashboards/analytics_external::network_content?content_moid_filter=b6d7cf23-0352-4211-9b4c-30e1ee20e228&format_moid_filter=&time_filter=&filter_config=%7B%22content_moid_filter%22:%5B%7B%22type%22:%22%3D%22,%22values%22:%5B%7B%22constant%22:%22b6d7cf23-0352-4211-9b4c-30e1ee20e228%22%7D,%7B%7D%5D,%22id%22:0%7D%5D,%22format_moid_filter%22:%5B%7B%22type%22:%22%3D%22,%22values%22:%5B%7B%22constant%22:%22%22%7D,%7B%7D%5D,%22id%22:1%7D%5D,%22time_filter%22:%5B%7B%22type%22:%22advanced%22,%22values%22:%5B%7B%22constant%22:null%7D,%7B%7D%5D,%22id%22:2%7D%5D%7D' successfully

2018-11-19 13:28:04 - [TEST_STEP][PASSED] - waitForAngularLoad: Angular is ready.

2018-11-19 13:28:04 - [MESSAGE][WARNING] - Timeout '0' is invalid. Using default page load timeout: '30'

2018-11-19 13:28:09 - [MESSAGE][PASSED] - Angular is ready.

2018-11-19 13:28:09 - [TEST_STEP][PASSED] - waitForPageLoad: Wait for page load successfully

2018-11-19 13:28:09 - [MESSAGE][WARNING] - Timeout '0' is invalid. Using default page load timeout: '30'

2018-11-19 13:28:09 - [MESSAGE][PASSED] - Wait for page load successfully

2018-11-19 13:28:09 - [TEST_STEP][PASSED] - click: Object: 'Object Repository/Page_Network Content/i_Run_lk-icon-gear' is clicked on

2018-11-19 13:28:10 - [MESSAGE][PASSED] - Object: 'Object Repository/Page_Network Content/i_Run_lk-icon-gear' is clicked on

2018-11-19 13:28:10 - [TEST_STEP][PASSED] - click: Object: 'Object Repository/Page_Network Content/a_Clear Cache  Refresh' is clicked on

2018-11-19 13:28:11 - [MESSAGE][PASSED] - Object: 'Object Repository/Page_Network Content/a_Clear Cache  Refresh' is clicked on

2018-11-19 13:28:11 - [TEST_STEP][PASSED] - waitForAngularLoad: Angular is ready.

2018-11-19 13:28:11 - [MESSAGE][WARNING] - Timeout '0' is invalid. Using default page load timeout: '30'

2018-11-19 13:28:20 - [MESSAGE][PASSED] - Angular is ready.

2018-11-19 13:28:20 - [TEST_STEP][PASSED] - waitForPageLoad: Wait for page load successfully

2018-11-19 13:28:20 - [MESSAGE][WARNING] - Timeout '0' is invalid. Using default page load timeout: '30'

2018-11-19 13:28:21 - [MESSAGE][PASSED] - Wait for page load successfully

2018-11-19 13:28:21 - [TEST_STEP][PASSED] - navigateToUrl: Navigate to 'https://stats.ac1.kontiki.com/dashboards/analytics_external::network_content?content_moid_filter=20ad83d7-7990-df07-957e-f7230f56d82a&format_moid_filter=&time_filter=&filter_config=%7B%22content_moid_filter%22:%5B%7B%22type%22:%22%3D%22,%22values%22:%5B%7B%22constant%22:%2220ad83d7-7990-df07-957e-f7230f56d82a%22%7D,%7B%7D%5D,%22id%22:0%7D%5D,%22format_moid_filter%22:%5B%7B%22type%22:%22%3D%22,%22values%22:%5B%7B%22constant%22:%22%22%7D,%7B%7D%5D,%22id%22:1%7D%5D,%22time_filter%22:%5B%7B%22type%22:%22advanced%22,%22values%22:%5B%7B%22constant%22:null%7D,%7B%7D%5D,%22id%22:2%7D%5D%7D' successfully

2018-11-19 13:28:23 - [MESSAGE][PASSED] - Navigate to 'https://stats.ac1.kontiki.com/dashboards/analytics_external::network_content?content_moid_filter=20ad83d7-7990-df07-957e-f7230f56d82a&format_moid_filter=&time_filter=&filter_config=%7B%22content_moid_filter%22:%5B%7B%22type%22:%22%3D%22,%22values%22:%5B%7B%22constant%22:%2220ad83d7-7990-df07-957e-f7230f56d82a%22%7D,%7B%7D%5D,%22id%22:0%7D%5D,%22format_moid_filter%22:%5B%7B%22type%22:%22%3D%22,%22values%22:%5B%7B%22constant%22:%22%22%7D,%7B%7D%5D,%22id%22:1%7D%5D,%22time_filter%22:%5B%7B%22type%22:%22advanced%22,%22values%22:%5B%7B%22constant%22:null%7D,%7B%7D%5D,%22id%22:2%7D%5D%7D' successfully

2018-11-19 13:28:23 - [TEST_STEP][PASSED] - waitForAngularLoad: Angular is ready.

2018-11-19 13:28:23 - [MESSAGE][WARNING] - Timeout '0' is invalid. Using default page load timeout: '30'

2018-11-19 13:28:30 - [MESSAGE][PASSED] - Angular is ready.

2018-11-19 13:28:30 - [TEST_STEP][PASSED] - waitForPageLoad: Wait for page load successfully

2018-11-19 13:28:30 - [MESSAGE][WARNING] - Timeout '0' is invalid. Using default page load timeout: '30'

2018-11-19 13:28:31 - [MESSAGE][PASSED] - Wait for page load successfully

2018-11-19 13:28:31 - [TEST_STEP][PASSED] - click: Object: 'Object Repository/Page_Network Content/i_Run_lk-icon-gear' is clicked on

2018-11-19 13:28:33 - [MESSAGE][PASSED] - Object: 'Object Repository/Page_Network Content/i_Run_lk-icon-gear' is clicked on

2018-11-19 13:28:33 - [TEST_STEP][PASSED] - click: Object: 'Object Repository/Page_Network Content/a_Clear Cache  Refresh' is clicked on

2018-11-19 13:28:33 - [MESSAGE][PASSED] - Object: 'Object Repository/Page_Network Content/a_Clear Cache  Refresh' is clicked on

2018-11-19 13:28:33 - [TEST_STEP][PASSED] - waitForAngularLoad: Angular is ready.

2018-11-19 13:28:33 - [MESSAGE][WARNING] - Timeout '0' is invalid. Using default page load timeout: '30'

2018-11-19 13:28:39 - [MESSAGE][PASSED] - Angular is ready.

2018-11-19 13:28:39 - [TEST_STEP][PASSED] - waitForPageLoad: Wait for page load successfully

2018-11-19 13:28:39 - [MESSAGE][WARNING] - Timeout '0' is invalid. Using default page load timeout: '30'

2018-11-19 13:28:39 - [MESSAGE][PASSED] - Wait for page load successfully

2018-11-19 13:28:39 - [TEST_STEP][PASSED] - navigateToUrl: Navigate to 'https://stats.ac1.kontiki.com/dashboards/analytics_external::network_content?content_moid_filter=90bb66f7-8ccb-40c0-8cc5-f3f4cc74cdb5&format_moid_filter=&time_filter=&filter_config=%7B%22content_moid_filter%22:%5B%7B%22type%22:%22%3D%22,%22values%22:%5B%7B%22constant%22:%2290bb66f7-8ccb-40c0-8cc5-f3f4cc74cdb5%22%7D,%7B%7D%5D,%22id%22:0%7D%5D,%22format_moid_filter%22:%5B%7B%22type%22:%22%3D%22,%22values%22:%5B%7B%22constant%22:%22%22%7D,%7B%7D%5D,%22id%22:1%7D%5D,%22time_filter%22:%5B%7B%22type%22:%22advanced%22,%22values%22:%5B%7B%22constant%22:null%7D,%7B%7D%5D,%22id%22:2%7D%5D%7D' successfully

2018-11-19 13:28:42 - [MESSAGE][PASSED] - Navigate to 'https://stats.ac1.kontiki.com/dashboards/analytics_external::network_content?content_moid_filter=90bb66f7-8ccb-40c0-8cc5-f3f4cc74cdb5&format_moid_filter=&time_filter=&filter_config=%7B%22content_moid_filter%22:%5B%7B%22type%22:%22%3D%22,%22values%22:%5B%7B%22constant%22:%2290bb66f7-8ccb-40c0-8cc5-f3f4cc74cdb5%22%7D,%7B%7D%5D,%22id%22:0%7D%5D,%22format_moid_filter%22:%5B%7B%22type%22:%22%3D%22,%22values%22:%5B%7B%22constant%22:%22%22%7D,%7B%7D%5D,%22id%22:1%7D%5D,%22time_filter%22:%5B%7B%22type%22:%22advanced%22,%22values%22:%5B%7B%22constant%22:null%7D,%7B%7D%5D,%22id%22:2%7D%5D%7D' successfully

2018-11-19 13:28:42 - [TEST_STEP][PASSED] - waitForAngularLoad: Angular is ready.

2018-11-19 13:28:42 - [MESSAGE][WARNING] - Timeout '0' is invalid. Using default page load timeout: '30'

2018-11-19 13:28:45 - [MESSAGE][PASSED] - Angular is ready.

2018-11-19 13:28:45 - [TEST_STEP][PASSED] - waitForPageLoad: Wait for page load successfully

2018-11-19 13:28:45 - [MESSAGE][WARNING] - Timeout '0' is invalid. Using default page load timeout: '30'

2018-11-19 13:28:45 - [MESSAGE][PASSED] - Wait for page load successfully

2018-11-19 13:28:45 - [TEST_STEP][PASSED] - click: Object: 'Object Repository/Page_Network Content/i_Run_lk-icon-gear' is clicked on

2018-11-19 13:28:45 - [MESSAGE][PASSED] - Object: 'Object Repository/Page_Network Content/i_Run_lk-icon-gear' is clicked on

2018-11-19 13:28:45 - [TEST_STEP][PASSED] - click: Object: 'Object Repository/Page_Network Content/a_Clear Cache  Refresh' is clicked on

2018-11-19 13:28:46 - [MESSAGE][PASSED] - Object: 'Object Repository/Page_Network Content/a_Clear Cache  Refresh' is clicked on

2018-11-19 13:28:46 - [TEST_STEP][PASSED] - waitForAngularLoad: Angular is ready.

2018-11-19 13:28:46 - [MESSAGE][WARNING] - Timeout '0' is invalid. Using default page load timeout: '30'

2018-11-19 13:28:50 - [MESSAGE][PASSED] - Angular is ready.

2018-11-19 13:28:50 - [TEST_STEP][PASSED] - waitForPageLoad: Wait for page load successfully

2018-11-19 13:28:50 - [MESSAGE][WARNING] - Timeout '0' is invalid. Using default page load timeout: '30'

2018-11-19 13:28:50 - [MESSAGE][PASSED] - Wait for page load successfully

2018-11-19 13:28:50 - [TEST_STEP][PASSED] - navigateToUrl: Navigate to 'https://stats.ac1.kontiki.com/dashboards/analytics_external::network_content?content_moid_filter=26c3c7d0-36e3-4738-a1c0-4dd33e961df2&format_moid_filter=&time_filter=&filter_config=%7B%22content_moid_filter%22:%5B%7B%22type%22:%22%3D%22,%22values%22:%5B%7B%22constant%22:%2226c3c7d0-36e3-4738-a1c0-4dd33e961df2%22%7D,%7B%7D%5D,%22id%22:0%7D%5D,%22format_moid_filter%22:%5B%7B%22type%22:%22%3D%22,%22values%22:%5B%7B%22constant%22:%22%22%7D,%7B%7D%5D,%22id%22:1%7D%5D,%22time_filter%22:%5B%7B%22type%22:%22advanced%22,%22values%22:%5B%7B%22constant%22:null%7D,%7B%7D%5D,%22id%22:2%7D%5D%7D' successfully

2018-11-19 13:28:53 - [MESSAGE][PASSED] - Navigate to 'https://stats.ac1.kontiki.com/dashboards/analytics_external::network_content?content_moid_filter=26c3c7d0-36e3-4738-a1c0-4dd33e961df2&format_moid_filter=&time_filter=&filter_config=%7B%22content_moid_filter%22:%5B%7B%22type%22:%22%3D%22,%22values%22:%5B%7B%22constant%22:%2226c3c7d0-36e3-4738-a1c0-4dd33e961df2%22%7D,%7B%7D%5D,%22id%22:0%7D%5D,%22format_moid_filter%22:%5B%7B%22type%22:%22%3D%22,%22values%22:%5B%7B%22constant%22:%22%22%7D,%7B%7D%5D,%22id%22:1%7D%5D,%22time_filter%22:%5B%7B%22type%22:%22advanced%22,%22values%22:%5B%7B%22constant%22:null%7D,%7B%7D%5D,%22id%22:2%7D%5D%7D' successfully

2018-11-19 13:28:53 - [TEST_STEP][PASSED] - waitForAngularLoad: Angular is ready.

2018-11-19 13:28:53 - [MESSAGE][WARNING] - Timeout '0' is invalid. Using default page load timeout: '30'

2018-11-19 13:28:59 - [MESSAGE][PASSED] - Angular is ready.

2018-11-19 13:28:59 - [TEST_STEP][PASSED] - waitForPageLoad: Wait for page load successfully

2018-11-19 13:28:59 - [MESSAGE][WARNING] - Timeout '0' is invalid. Using default page load timeout: '30'

2018-11-19 13:28:59 - [MESSAGE][PASSED] - Wait for page load successfully

2018-11-19 13:28:59 - [TEST_STEP][PASSED] - click: Object: 'Object Repository/Page_Network Content/i_Run_lk-icon-gear' is clicked on

2018-11-19 13:28:59 - [MESSAGE][PASSED] - Object: 'Object Repository/Page_Network Content/i_Run_lk-icon-gear' is clicked on

2018-11-19 13:28:59 - [TEST_STEP][PASSED] - click: Object: 'Object Repository/Page_Network Content/a_Clear Cache  Refresh' is clicked on

2018-11-19 13:29:00 - [MESSAGE][PASSED] - Object: 'Object Repository/Page_Network Content/a_Clear Cache  Refresh' is clicked on

2018-11-19 13:29:00 - [TEST_STEP][PASSED] - waitForAngularLoad: Angular is ready.

2018-11-19 13:29:00 - [MESSAGE][WARNING] - Timeout '0' is invalid. Using default page load timeout: '30'

2018-11-19 13:29:07 - [MESSAGE][PASSED] - Angular is ready.

2018-11-19 13:29:07 - [TEST_STEP][PASSED] - waitForPageLoad: Wait for page load successfully

2018-11-19 13:29:07 - [MESSAGE][WARNING] - Timeout '0' is invalid. Using default page load timeout: '30'

2018-11-19 13:29:07 - [MESSAGE][PASSED] - Wait for page load successfully

2018-11-19 13:29:07 - [TEST_STEP][PASSED] - navigateToUrl: Navigate to 'https://stats.ac1.kontiki.com/dashboards/analytics_external::network_content?content_moid_filter=7800d9e1-5b21-4eaf-971d-08a37ffd3eba&format_moid_filter=&time_filter=&filter_config=%7B%22content_moid_filter%22:%5B%7B%22type%22:%22%3D%22,%22values%22:%5B%7B%22constant%22:%227800d9e1-5b21-4eaf-971d-08a37ffd3eba%22%7D,%7B%7D%5D,%22id%22:0%7D%5D,%22format_moid_filter%22:%5B%7B%22type%22:%22%3D%22,%22values%22:%5B%7B%22constant%22:%22%22%7D,%7B%7D%5D,%22id%22:1%7D%5D,%22time_filter%22:%5B%7B%22type%22:%22advanced%22,%22values%22:%5B%7B%22constant%22:null%7D,%7B%7D%5D,%22id%22:2%7D%5D%7D' successfully

2018-11-19 13:29:09 - [MESSAGE][PASSED] - Navigate to 'https://stats.ac1.kontiki.com/dashboards/analytics_external::network_content?content_moid_filter=7800d9e1-5b21-4eaf-971d-08a37ffd3eba&format_moid_filter=&time_filter=&filter_config=%7B%22content_moid_filter%22:%5B%7B%22type%22:%22%3D%22,%22values%22:%5B%7B%22constant%22:%227800d9e1-5b21-4eaf-971d-08a37ffd3eba%22%7D,%7B%7D%5D,%22id%22:0%7D%5D,%22format_moid_filter%22:%5B%7B%22type%22:%22%3D%22,%22values%22:%5B%7B%22constant%22:%22%22%7D,%7B%7D%5D,%22id%22:1%7D%5D,%22time_filter%22:%5B%7B%22type%22:%22advanced%22,%22values%22:%5B%7B%22constant%22:null%7D,%7B%7D%5D,%22id%22:2%7D%5D%7D' successfully

2018-11-19 13:29:09 - [TEST_STEP][PASSED] - waitForAngularLoad: Angular is ready.

2018-11-19 13:29:10 - [MESSAGE][WARNING] - Timeout '0' is invalid. Using default page load timeout: '30'

2018-11-19 13:29:14 - [MESSAGE][PASSED] - Angular is ready.

2018-11-19 13:29:14 - [TEST_STEP][PASSED] - waitForPageLoad: Wait for page load successfully

2018-11-19 13:29:14 - [MESSAGE][WARNING] - Timeout '0' is invalid. Using default page load timeout: '30'

2018-11-19 13:29:15 - [MESSAGE][PASSED] - Wait for page load successfully

2018-11-19 13:29:15 - [TEST_STEP][PASSED] - click: Object: 'Object Repository/Page_Network Content/div_Toggle Dropdown' is clicked on

2018-11-19 13:29:17 - [MESSAGE][PASSED] - Object: 'Object Repository/Page_Network Content/div_Toggle Dropdown' is clicked on

2018-11-19 13:29:17 - [TEST_STEP][PASSED] - click: Object: 'Object Repository/Page_Network Content/a_Clear Cache  Refresh' is clicked on

2018-11-19 13:29:17 - [MESSAGE][PASSED] - Object: 'Object Repository/Page_Network Content/a_Clear Cache  Refresh' is clicked on

2018-11-19 13:29:17 - [TEST_STEP][PASSED] - waitForAngularLoad: Angular is ready.

2018-11-19 13:29:17 - [MESSAGE][WARNING] - Timeout '0' is invalid. Using default page load timeout: '30'

2018-11-19 13:29:25 - [MESSAGE][PASSED] - Angular is ready.

2018-11-19 13:29:25 - [TEST_STEP][PASSED] - waitForPageLoad: Wait for page load successfully

2018-11-19 13:29:25 - [MESSAGE][WARNING] - Timeout '0' is invalid. Using default page load timeout: '30'

2018-11-19 13:29:25 - [MESSAGE][PASSED] - Wait for page load successfully

2018-11-19 13:29:25 - [TEST_STEP][PASSED] - navigateToUrl: Navigate to 'https://stats.ac1.kontiki.com/dashboards/analytics_external::network_summary?time_filter=6%20months&filter_config=%7B%22time_filter%22:%5B%7B%22type%22:%22past%22,%22values%22:%5B%7B%22constant%22:%226%22,%22unit%22:%22mo%22%7D,%7B%7D%5D,%22id%22:2%7D%5D%7D' successfully

2018-11-19 13:29:27 - [MESSAGE][PASSED] - Navigate to 'https://stats.ac1.kontiki.com/dashboards/analytics_external::network_summary?time_filter=6%20months&filter_config=%7B%22time_filter%22:%5B%7B%22type%22:%22past%22,%22values%22:%5B%7B%22constant%22:%226%22,%22unit%22:%22mo%22%7D,%7B%7D%5D,%22id%22:2%7D%5D%7D' successfully

2018-11-19 13:29:27 - [TEST_STEP][PASSED] - waitForAngularLoad: Angular is ready.

2018-11-19 13:29:27 - [MESSAGE][WARNING] - Timeout '0' is invalid. Using default page load timeout: '30'

2018-11-19 13:29:35 - [MESSAGE][PASSED] - Angular is ready.

2018-11-19 13:29:35 - [TEST_STEP][PASSED] - waitForPageLoad: Wait for page load successfully

2018-11-19 13:29:35 - [MESSAGE][WARNING] - Timeout '0' is invalid. Using default page load timeout: '30'

2018-11-19 13:29:35 - [MESSAGE][PASSED] - Wait for page load successfully

2018-11-19 13:29:35 - [TEST_STEP][PASSED] - click: Object: 'Object Repository/Page_Network Content/div_Toggle Dropdown' is clicked on

2018-11-19 13:29:37 - [MESSAGE][PASSED] - Object: 'Object Repository/Page_Network Content/div_Toggle Dropdown' is clicked on

2018-11-19 13:29:37 - [TEST_STEP][PASSED] - click: Object: 'Object Repository/Page_Network Content/a_Clear Cache  Refresh' is clicked on

2018-11-19 13:29:38 - [MESSAGE][PASSED] - Object: 'Object Repository/Page_Network Content/a_Clear Cache  Refresh' is clicked on

2018-11-19 13:29:38 - [TEST_STEP][PASSED] - waitForAngularLoad: Angular is ready.

2018-11-19 13:29:38 - [MESSAGE][WARNING] - Timeout '0' is invalid. Using default page load timeout: '30'

2018-11-19 13:29:46 - [MESSAGE][PASSED] - Angular is ready.

2018-11-19 13:29:46 - [TEST_STEP][PASSED] - waitForPageLoad: Wait for page load successfully

2018-11-19 13:29:46 - [MESSAGE][WARNING] - Timeout '0' is invalid. Using default page load timeout: '30'

2018-11-19 13:29:46 - [MESSAGE][PASSED] - Wait for page load successfully

2018-11-19 13:29:46 - [TEST_STEP][PASSED] - navigateToUrl: Navigate to 'https://stats.ac1.kontiki.com/dashboards/analytics_external::Overview?time_filter=6%20months&filter_config=%7B%22time_filter%22:%5B%7B%22type%22:%22past%22,%22values%22:%5B%7B%22constant%22:%226%22,%22unit%22:%22mo%22%7D,%7B%7D%5D,%22id%22:2%7D%5D%7D' successfully

2018-11-19 13:29:49 - [MESSAGE][PASSED] - Navigate to 'https://stats.ac1.kontiki.com/dashboards/analytics_external::Overview?time_filter=6%20months&filter_config=%7B%22time_filter%22:%5B%7B%22type%22:%22past%22,%22values%22:%5B%7B%22constant%22:%226%22,%22unit%22:%22mo%22%7D,%7B%7D%5D,%22id%22:2%7D%5D%7D' successfully

2018-11-19 13:29:49 - [TEST_STEP][PASSED] - waitForAngularLoad: Angular is ready.

2018-11-19 13:29:49 - [MESSAGE][WARNING] - Timeout '0' is invalid. Using default page load timeout: '30'

2018-11-19 13:29:52 - [MESSAGE][PASSED] - Angular is ready.

2018-11-19 13:29:52 - [TEST_STEP][PASSED] - waitForPageLoad: Wait for page load successfully

2018-11-19 13:29:52 - [MESSAGE][WARNING] - Timeout '0' is invalid. Using default page load timeout: '30'

2018-11-19 13:29:52 - [MESSAGE][PASSED] - Wait for page load successfully

2018-11-19 13:29:52 - [TEST_STEP][PASSED] - click: Object: 'Object Repository/Page_Overview/a' is clicked on

2018-11-19 13:29:53 - [MESSAGE][PASSED] - Object: 'Object Repository/Page_Overview/a' is clicked on

2018-11-19 13:29:53 - [TEST_STEP][PASSED] - click: Object: 'Object Repository/Page_Overview/a_Log Out' is clicked on

2018-11-19 13:29:54 - [MESSAGE][PASSED] - Object: 'Object Repository/Page_Overview/a_Log Out' is clicked on

2018-11-19 13:29:54 - [TEST_STEP][PASSED] - waitForAngularLoad: Angular is ready.

2018-11-19 13:29:54 - [MESSAGE][WARNING] - Timeout '0' is invalid. Using default page load timeout: '30'

2018-11-19 13:29:54 - [MESSAGE][PASSED] - Angular is ready.

2018-11-19 13:29:54 - [TEST_STEP][PASSED] - waitForPageLoad: Wait for page load successfully

2018-11-19 13:29:54 - [MESSAGE][WARNING] - Timeout '0' is invalid. Using default page load timeout: '30'

2018-11-19 13:29:54 - [MESSAGE][PASSED] - Wait for page load successfully

2018-11-19 13:29:54 - [TEST_STEP][PASSED] - verifyElementPresent: Object 'Object Repository/Page_Log in/div_Logout Successful.' is present

2018-11-19 13:29:54 - [MESSAGE][WARNING] - Timeout '0' is invalid. Using default page load timeout: '30'

2018-11-19 13:29:54 - [MESSAGE][PASSED] - Object 'Object Repository/Page_Log in/div_Logout Successful.' is present

2018-11-19 13:29:54 - [TEST_STEP][PASSED] - verifyTextPresent: Text 'Logout Successful.' is present on page 

2018-11-19 13:29:54 - [MESSAGE][PASSED] - Text 'Logout Successful.' is present on page 

2018-11-19 13:29:54 - [TEST_STEP][PASSED] - closeBrowser: Browser is closed

2018-11-19 13:29:55 - [MESSAGE][PASSED] - Browser is closed]]></system-out>
         <system-err><![CDATA[2018-11-19 13:23:31 - [TEST_CASE][FAILED] - Test Cases/Prod 3/Prod 3 - Load: Test Cases/Prod 3/Prod 3 - Load FAILED because (of) (Stack trace: com.kms.katalon.core.exception.StepFailedException: Unable to click on object 'Object Repository/Page_Live Event/i_Run_lk-icon-gear' (Root cause: org.openqa.selenium.ElementNotInteractableException: Element <i class="lk-icon-gear"> could not be scrolled into view
Build info: version: '3.7.1', revision: '8a0099a', time: '2017-11-06T21:07:36.161Z'
System info: host: 'Adams-MacBook-Right.local', ip: 'fe80:0:0:0:8d3:55b9:9b1a:9cc7%en0', os.name: 'Mac OS X', os.arch: 'x86_64', os.version: '10.14.1', java.version: '1.8.0_181'
Driver info: com.kms.katalon.core.webui.driver.firefox.CGeckoDriver
Capabilities {acceptInsecureCerts: true, browserName: firefox, browserVersion: 62.0.2, javascriptEnabled: true, moz:accessibilityChecks: false, moz:geckodriverVersion: 0.23.0, moz:headless: false, moz:processID: 99449, moz:profile: /var/folders/jr/7vywd_6j2l1..., moz:useNonSpecCompliantPointerOrigin: false, moz:webdriverClick: true, pageLoadStrategy: normal, platform: MAC, platformName: MAC, platformVersion: 18.2.0, proxy: Proxy(direct), rotatable: false, timeouts: {implicit: 0, pageLoad: 300000, script: 30000}}
Session ID: 66803d80-d7de-d24f-9897-0c01b40d604d)
	at com.kms.katalon.core.keyword.internal.KeywordMain.stepFailed(KeywordMain.groovy:32)
	at com.kms.katalon.core.webui.keyword.internal.WebUIKeywordMain.stepFailed(WebUIKeywordMain.groovy:65)
	at com.kms.katalon.core.webui.keyword.internal.WebUIKeywordMain.runKeyword(WebUIKeywordMain.groovy:27)
	at com.kms.katalon.core.webui.keyword.builtin.ClickKeyword.click(ClickKeyword.groovy:86)
	at com.kms.katalon.core.webui.keyword.builtin.ClickKeyword.execute(ClickKeyword.groovy:67)
	at com.kms.katalon.core.keyword.internal.KeywordExecutor.executeKeywordForPlatform(KeywordExecutor.groovy:53)
	at com.kms.katalon.core.webui.keyword.WebUiBuiltInKeywords.click(WebUiBuiltInKeywords.groovy:616)
	at com.kms.katalon.core.webui.keyword.WebUiBuiltInKeywords$click$2.call(Unknown Source)
	at org.codehaus.groovy.runtime.callsite.CallSiteArray.defaultCall(CallSiteArray.java:48)
	at org.codehaus.groovy.runtime.callsite.AbstractCallSite.call(AbstractCallSite.java:113)
	at org.codehaus.groovy.runtime.callsite.AbstractCallSite.call(AbstractCallSite.java:125)
	at Script1542397753691.run(Script1542397753691.groovy:148)
	at com.kms.katalon.core.main.ScriptEngine.run(ScriptEngine.java:183)
	at com.kms.katalon.core.main.ScriptEngine.runScriptAsRawText(ScriptEngine.java:108)
	at com.kms.katalon.core.main.TestCaseExecutor.runScript(TestCaseExecutor.java:294)
	at com.kms.katalon.core.main.TestCaseExecutor.doExecute(TestCaseExecutor.java:285)
	at com.kms.katalon.core.main.TestCaseExecutor.processExecutionPhase(TestCaseExecutor.java:264)
	at com.kms.katalon.core.main.TestCaseExecutor.accessMainPhase(TestCaseExecutor.java:256)
	at com.kms.katalon.core.main.TestCaseExecutor.execute(TestCaseExecutor.java:200)
	at com.kms.katalon.core.main.TestSuiteExecutor.accessTestCaseMainPhase(TestSuiteExecutor.java:129)
	at com.kms.katalon.core.main.TestSuiteExecutor.accessTestSuiteMainPhase(TestSuiteExecutor.java:112)
	at com.kms.katalon.core.main.TestSuiteExecutor.execute(TestSuiteExecutor.java:81)
	at com.kms.katalon.core.main.TestCaseMain.startTestSuite(TestCaseMain.java:142)
	at com.kms.katalon.core.main.TestCaseMain$startTestSuite$0.call(Unknown Source)
	at org.codehaus.groovy.runtime.callsite.CallSiteArray.defaultCall(CallSiteArray.java:48)
	at org.codehaus.groovy.runtime.callsite.AbstractCallSite.call(AbstractCallSite.java:113)
	at org.codehaus.groovy.runtime.callsite.AbstractCallSite.call(AbstractCallSite.java:141)
	at TempTestSuite1542662385301.run(TempTestSuite1542662385301.groovy:36)
	at groovy.lang.GroovyShell.runScriptOrMainOrTestOrRunnable(GroovyShell.java:263)
	at groovy.lang.GroovyShell.run(GroovyShell.java:518)
	at groovy.lang.GroovyShell.run(GroovyShell.java:507)
	at groovy.ui.GroovyMain.processOnce(GroovyMain.java:653)
	at groovy.ui.GroovyMain.run(GroovyMain.java:384)
	at groovy.ui.GroovyMain.process(GroovyMain.java:370)
	at groovy.ui.GroovyMain.processArgs(GroovyMain.java:129)
	at groovy.ui.GroovyMain.main(GroovyMain.java:109)
	at sun.reflect.NativeMethodAccessorImpl.invoke0(Native Method)
	at sun.reflect.NativeMethodAccessorImpl.invoke(NativeMethodAccessorImpl.java:62)
	at sun.reflect.DelegatingMethodAccessorImpl.invoke(DelegatingMethodAccessorImpl.java:43)
	at java.lang.reflect.Method.invoke(Method.java:498)
	at org.codehaus.groovy.tools.GroovyStarter.rootLoader(GroovyStarter.java:109)
	at org.codehaus.groovy.tools.GroovyStarter.main(GroovyStarter.java:131)
)]]></system-err>
      </testcase>
      <system-out><![CDATA[2018-11-19 13:19:46 - [TEST_SUITE][FAILED] - Prod 3 Sanity Check: Test Cases/Prod 3/Prod 3 - Overview, or Landing Page FAILED because (of) (Stack trace: com.kms.katalon.core.exception.StepFailedException: Actual text '56,496' and expected text '56,499' of test object 'Object Repository/Page_Overview/div_56499' are NOT matched.
	at com.kms.katalon.core.keyword.internal.KeywordMain.stepFailed(KeywordMain.groovy:32)
	at com.kms.katalon.core.webui.keyword.internal.WebUIKeywordMain.stepFailed(WebUIKeywordMain.groovy:65)
	at com.kms.katalon.core.webui.keyword.builtin.VerifyElementTextKeyword$_verifyElementText_closure1.doCall(VerifyElementTextKeyword.groovy:57)
	at com.kms.katalon.core.webui.keyword.builtin.VerifyElementTextKeyword$_verifyElementText_closure1.call(VerifyElementTextKeyword.groovy)
	at com.kms.katalon.core.webui.keyword.internal.WebUIKeywordMain.runKeyword(WebUIKeywordMain.groovy:21)
	at com.kms.katalon.core.webui.keyword.builtin.VerifyElementTextKeyword.verifyElementText(VerifyElementTextKeyword.groovy:72)
	at com.kms.katalon.core.webui.keyword.builtin.VerifyElementTextKeyword.execute(VerifyElementTextKeyword.groovy:40)
	at com.kms.katalon.core.keyword.internal.KeywordExecutor.executeKeywordForPlatform(KeywordExecutor.groovy:53)
	at com.kms.katalon.core.webui.keyword.WebUiBuiltInKeywords.verifyElementText(WebUiBuiltInKeywords.groovy:3663)
	at com.kms.katalon.core.webui.keyword.WebUiBuiltInKeywords$verifyElementText$10.call(Unknown Source)
	at org.codehaus.groovy.runtime.callsite.CallSiteArray.defaultCall(CallSiteArray.java:48)
	at org.codehaus.groovy.runtime.callsite.AbstractCallSite.call(AbstractCallSite.java:113)
	at org.codehaus.groovy.runtime.callsite.AbstractCallSite.call(AbstractCallSite.java:133)
	at Script1542236160245.run(Script1542236160245.groovy:115)
	at com.kms.katalon.core.main.ScriptEngine.run(ScriptEngine.java:183)
	at com.kms.katalon.core.main.ScriptEngine.runScriptAsRawText(ScriptEngine.java:108)
	at com.kms.katalon.core.main.TestCaseExecutor.runScript(TestCaseExecutor.java:294)
	at com.kms.katalon.core.main.TestCaseExecutor.doExecute(TestCaseExecutor.java:285)
	at com.kms.katalon.core.main.TestCaseExecutor.processExecutionPhase(TestCaseExecutor.java:264)
	at com.kms.katalon.core.main.TestCaseExecutor.accessMainPhase(TestCaseExecutor.java:256)
	at com.kms.katalon.core.main.TestCaseExecutor.execute(TestCaseExecutor.java:200)
	at com.kms.katalon.core.main.TestSuiteExecutor.accessTestCaseMainPhase(TestSuiteExecutor.java:129)
	at com.kms.katalon.core.main.TestSuiteExecutor.accessTestSuiteMainPhase(TestSuiteExecutor.java:112)
	at com.kms.katalon.core.main.TestSuiteExecutor.execute(TestSuiteExecutor.java:81)
	at com.kms.katalon.core.main.TestCaseMain.startTestSuite(TestCaseMain.java:142)
	at com.kms.katalon.core.main.TestCaseMain$startTestSuite$0.call(Unknown Source)
	at org.codehaus.groovy.runtime.callsite.CallSiteArray.defaultCall(CallSiteArray.java:48)
	at org.codehaus.groovy.runtime.callsite.AbstractCallSite.call(AbstractCallSite.java:113)
	at org.codehaus.groovy.runtime.callsite.AbstractCallSite.call(AbstractCallSite.java:141)
	at TempTestSuite1542662385301.run(TempTestSuite1542662385301.groovy:36)
	at groovy.lang.GroovyShell.runScriptOrMainOrTestOrRunnable(GroovyShell.java:263)
	at groovy.lang.GroovyShell.run(GroovyShell.java:518)
	at groovy.lang.GroovyShell.run(GroovyShell.java:507)
	at groovy.ui.GroovyMain.processOnce(GroovyMain.java:653)
	at groovy.ui.GroovyMain.run(GroovyMain.java:384)
	at groovy.ui.GroovyMain.process(GroovyMain.java:370)
	at groovy.ui.GroovyMain.processArgs(GroovyMain.java:129)
	at groovy.ui.GroovyMain.main(GroovyMain.java:109)
	at sun.reflect.NativeMethodAccessorImpl.invoke0(Native Method)
	at sun.reflect.NativeMethodAccessorImpl.invoke(NativeMethodAccessorImpl.java:62)
	at sun.reflect.DelegatingMethodAccessorImpl.invoke(DelegatingMethodAccessorImpl.java:43)
	at java.lang.reflect.Method.invoke(Method.java:498)
	at org.codehaus.groovy.tools.GroovyStarter.rootLoader(GroovyStarter.java:109)
	at org.codehaus.groovy.tools.GroovyStarter.main(GroovyStarter.java:131)
)]]></system-out>
      <system-err><![CDATA[2018-11-19 13:19:46 - [TEST_SUITE][FAILED] - Prod 3 Sanity Check: Test Cases/Prod 3/Prod 3 - Overview, or Landing Page FAILED because (of) (Stack trace: com.kms.katalon.core.exception.StepFailedException: Actual text '56,496' and expected text '56,499' of test object 'Object Repository/Page_Overview/div_56499' are NOT matched.
	at com.kms.katalon.core.keyword.internal.KeywordMain.stepFailed(KeywordMain.groovy:32)
	at com.kms.katalon.core.webui.keyword.internal.WebUIKeywordMain.stepFailed(WebUIKeywordMain.groovy:65)
	at com.kms.katalon.core.webui.keyword.builtin.VerifyElementTextKeyword$_verifyElementText_closure1.doCall(VerifyElementTextKeyword.groovy:57)
	at com.kms.katalon.core.webui.keyword.builtin.VerifyElementTextKeyword$_verifyElementText_closure1.call(VerifyElementTextKeyword.groovy)
	at com.kms.katalon.core.webui.keyword.internal.WebUIKeywordMain.runKeyword(WebUIKeywordMain.groovy:21)
	at com.kms.katalon.core.webui.keyword.builtin.VerifyElementTextKeyword.verifyElementText(VerifyElementTextKeyword.groovy:72)
	at com.kms.katalon.core.webui.keyword.builtin.VerifyElementTextKeyword.execute(VerifyElementTextKeyword.groovy:40)
	at com.kms.katalon.core.keyword.internal.KeywordExecutor.executeKeywordForPlatform(KeywordExecutor.groovy:53)
	at com.kms.katalon.core.webui.keyword.WebUiBuiltInKeywords.verifyElementText(WebUiBuiltInKeywords.groovy:3663)
	at com.kms.katalon.core.webui.keyword.WebUiBuiltInKeywords$verifyElementText$10.call(Unknown Source)
	at org.codehaus.groovy.runtime.callsite.CallSiteArray.defaultCall(CallSiteArray.java:48)
	at org.codehaus.groovy.runtime.callsite.AbstractCallSite.call(AbstractCallSite.java:113)
	at org.codehaus.groovy.runtime.callsite.AbstractCallSite.call(AbstractCallSite.java:133)
	at Script1542236160245.run(Script1542236160245.groovy:115)
	at com.kms.katalon.core.main.ScriptEngine.run(ScriptEngine.java:183)
	at com.kms.katalon.core.main.ScriptEngine.runScriptAsRawText(ScriptEngine.java:108)
	at com.kms.katalon.core.main.TestCaseExecutor.runScript(TestCaseExecutor.java:294)
	at com.kms.katalon.core.main.TestCaseExecutor.doExecute(TestCaseExecutor.java:285)
	at com.kms.katalon.core.main.TestCaseExecutor.processExecutionPhase(TestCaseExecutor.java:264)
	at com.kms.katalon.core.main.TestCaseExecutor.accessMainPhase(TestCaseExecutor.java:256)
	at com.kms.katalon.core.main.TestCaseExecutor.execute(TestCaseExecutor.java:200)
	at com.kms.katalon.core.main.TestSuiteExecutor.accessTestCaseMainPhase(TestSuiteExecutor.java:129)
	at com.kms.katalon.core.main.TestSuiteExecutor.accessTestSuiteMainPhase(TestSuiteExecutor.java:112)
	at com.kms.katalon.core.main.TestSuiteExecutor.execute(TestSuiteExecutor.java:81)
	at com.kms.katalon.core.main.TestCaseMain.startTestSuite(TestCaseMain.java:142)
	at com.kms.katalon.core.main.TestCaseMain$startTestSuite$0.call(Unknown Source)
	at org.codehaus.groovy.runtime.callsite.CallSiteArray.defaultCall(CallSiteArray.java:48)
	at org.codehaus.groovy.runtime.callsite.AbstractCallSite.call(AbstractCallSite.java:113)
	at org.codehaus.groovy.runtime.callsite.AbstractCallSite.call(AbstractCallSite.java:141)
	at TempTestSuite1542662385301.run(TempTestSuite1542662385301.groovy:36)
	at groovy.lang.GroovyShell.runScriptOrMainOrTestOrRunnable(GroovyShell.java:263)
	at groovy.lang.GroovyShell.run(GroovyShell.java:518)
	at groovy.lang.GroovyShell.run(GroovyShell.java:507)
	at groovy.ui.GroovyMain.processOnce(GroovyMain.java:653)
	at groovy.ui.GroovyMain.run(GroovyMain.java:384)
	at groovy.ui.GroovyMain.process(GroovyMain.java:370)
	at groovy.ui.GroovyMain.processArgs(GroovyMain.java:129)
	at groovy.ui.GroovyMain.main(GroovyMain.java:109)
	at sun.reflect.NativeMethodAccessorImpl.invoke0(Native Method)
	at sun.reflect.NativeMethodAccessorImpl.invoke(NativeMethodAccessorImpl.java:62)
	at sun.reflect.DelegatingMethodAccessorImpl.invoke(DelegatingMethodAccessorImpl.java:43)
	at java.lang.reflect.Method.invoke(Method.java:498)
	at org.codehaus.groovy.tools.GroovyStarter.rootLoader(GroovyStarter.java:109)
	at org.codehaus.groovy.tools.GroovyStarter.main(GroovyStarter.java:131)
)]]></system-err>
   </testsuite>
</testsuites>
